#
# There is insufficient memory for the Java Runtime Environment to continue.
# Native memory allocation (mmap) failed to map 47185920 bytes for Failed to commit area from 0x000000008de00000 to 0x0000000090b00000 of length 47185920.
# Possible reasons:
#   The system is out of physical RAM or swap space
#   The process is running with CompressedOops enabled, and the Java Heap may be blocking the growth of the native heap
# Possible solutions:
#   Reduce memory load on the system
#   Increase physical memory or swap space
#   Check if swap backing store is full
#   Decrease Java heap size (-Xmx/-Xms)
#   Decrease number of Java threads
#   Decrease Java thread stack sizes (-Xss)
#   Set larger code cache with -XX:ReservedCodeCacheSize=
#   JVM is running with Unscaled Compressed Oops mode in which the Java heap is
#     placed in the first 4GB address space. The Java Heap base address is the
#     maximum limit for the native heap growth. Please use -XX:HeapBaseMinAddress
#     to set the Java Heap base and to place the Java Heap above 4GB virtual address.
# This output file may be truncated or incomplete.
#
#  Out of Memory Error (./src/hotspot/os/windows/os_windows.cpp:3619), pid=2084, tid=11448
#
# JRE version: OpenJDK Runtime Environment (11.0.13) (build 11.0.13+0-b1751.21-8125866)
# Java VM: OpenJDK 64-Bit Server VM (11.0.13+0-b1751.21-8125866, mixed mode, tiered, compressed oops, g1 gc, windows-amd64)
# No core dump will be written. Minidumps are not enabled by default on client versions of Windows
#

---------------  S U M M A R Y ------------

Command Line: --add-opens=java.base/java.util=ALL-UNNAMED --add-opens=java.base/java.lang=ALL-UNNAMED --add-opens=java.base/java.lang.invoke=ALL-UNNAMED --add-opens=java.base/java.util=ALL-UNNAMED --add-opens=java.prefs/java.util.prefs=ALL-UNNAMED --add-opens=java.prefs/java.util.prefs=ALL-UNNAMED --add-opens=java.base/java.nio.charset=ALL-UNNAMED --add-opens=java.base/java.net=ALL-UNNAMED --add-opens=java.base/java.util.concurrent.atomic=ALL-UNNAMED -Xmx2048m -Dfile.encoding=UTF-8 -Duser.country=RU -Duser.language=ru -Duser.variant org.gradle.launcher.daemon.bootstrap.GradleDaemon 7.4

Host: Intel(R) Core(TM) i3-9100F CPU @ 3.60GHz, 4 cores, 7G,  Windows 10 , 64 bit Build 18362 (10.0.18362.329)
Time: Tue Oct 11 21:41:32 2022 RTZ 2 (ceia) elapsed time: 40.590120 seconds (0d 0h 0m 40s)

---------------  T H R E A D  ---------------

Current thread (0x000001a3d4399000):  VMThread "VM Thread" [stack: 0x000000218b000000,0x000000218b100000] [id=11448]

Stack: [0x000000218b000000,0x000000218b100000]
[error occurred during error reporting (printing stack bounds), id 0xc0000005, EXCEPTION_ACCESS_VIOLATION (0xc0000005) at pc=0x000001a3be2b112d]

Native frames: (J=compiled Java code, j=interpreted, Vv=VM code, C=native code)
V  [jvm.dll+0x6100fa]
V  [jvm.dll+0x747090]
V  [jvm.dll+0x7486ad]
V  [jvm.dll+0x748ce5]
V  [jvm.dll+0x748c9b]
V  [jvm.dll+0x60f224]
V  [jvm.dll+0x60f9b8]
C  [ntdll.dll+0xa11ff]
C  [ntdll.dll+0x6a289]
C  [ntdll.dll+0x9fe6e]
C  0x000001a3be2b112d

VM_Operation (0x0000002190df6030): G1CollectForAllocation, mode: safepoint, requested by thread 0x000001a3e2766000


---------------  P R O C E S S  ---------------

Threads class SMR info:
_java_thread_list=0x000001a3db9da210, length=90, elements={
0x000001a3ba79c800, 0x000001a3d439f000, 0x000001a3d43a3000, 0x000001a3d43bc000,
0x000001a3d43bd000, 0x000001a3d43be800, 0x000001a3d43c1800, 0x000001a3d43c6800,
0x000001a3d4d84000, 0x000001a3d4e95800, 0x000001a3daee1800, 0x000001a3d4f08800,
0x000001a3d9cc3800, 0x000001a3d9dbb000, 0x000001a3db1e8800, 0x000001a3dbdbf000,
0x000001a3dbdc0800, 0x000001a3dbdc2800, 0x000001a3dbdc3000, 0x000001a3dbdbe800,
0x000001a3dc033800, 0x000001a3dc034800, 0x000001a3dc035800, 0x000001a3dc031800,
0x000001a3dc03c000, 0x000001a3ddbd3800, 0x000001a3ddbd2000, 0x000001a3ddbd0000,
0x000001a3dbd83000, 0x000001a3e2a5a000, 0x000001a3e2a59800, 0x000001a3e2a60800,
0x000001a3e2a5b000, 0x000001a3e2a60000, 0x000001a3dac1f000, 0x000001a3e2a61800,
0x000001a3e2a5c000, 0x000001a3e2a62800, 0x000001a3e2a5d800, 0x000001a3e2a5c800,
0x000001a3e2a64000, 0x000001a3e2a63000, 0x000001a3e2a5e000, 0x000001a3e2a68000,
0x000001a3e2a64800, 0x000001a3e2a65800, 0x000001a3e2a66800, 0x000001a3e2a67000,
0x000001a3ddbc8000, 0x000001a3ddbc7000, 0x000001a3ddbc5800, 0x000001a3ddbc6800,
0x000001a3ddbc9000, 0x000001a3ddbcf800, 0x000001a3ddbcb000, 0x000001a3ddbcd800,
0x000001a3ddbca800, 0x000001a3ddbc9800, 0x000001a3ddbd1000, 0x000001a3ddbcc000,
0x000001a3ddbd2800, 0x000001a3ddbcd000, 0x000001a3dc033000, 0x000001a3dc03c800,
0x000001a3dc03d800, 0x000001a3dc038800, 0x000001a3dc038000, 0x000001a3dc03e800,
0x000001a3dc03a800, 0x000001a3dc03f000, 0x000001a3dc039800, 0x000001a3dc040000,
0x000001a3dc03b000, 0x000001a3dbd7e800, 0x000001a3dbd7f000, 0x000001a3dbd81000,
0x000001a3dbd81800, 0x000001a3dbd82800, 0x000001a3dbd80000, 0x000001a3dbd84000,
0x000001a3dbd85000, 0x000001a3dbdc4000, 0x000001a3dbdc0000, 0x000001a3dbdc1800,
0x000001a3e2763800, 0x000001a3e2769000, 0x000001a3e276a000, 0x000001a3e2766000,
0x000001a3e2764000, 0x000001a3e276b000
}

Java Threads: ( => current thread )
  0x000001a3ba79c800 JavaThread "main" [_thread_blocked, id=4180, stack(0x000000218aa00000,0x000000218ab00000)]
  0x000001a3d439f000 JavaThread "Reference Handler" daemon [_thread_blocked, id=1988, stack(0x000000218b100000,0x000000218b200000)]
  0x000001a3d43a3000 JavaThread "Finalizer" daemon [_thread_blocked, id=7360, stack(0x000000218b200000,0x000000218b300000)]
  0x000001a3d43bc000 JavaThread "Signal Dispatcher" daemon [_thread_blocked, id=4184, stack(0x000000218b300000,0x000000218b400000)]
  0x000001a3d43bd000 JavaThread "Attach Listener" daemon [_thread_blocked, id=7492, stack(0x000000218b400000,0x000000218b500000)]
  0x000001a3d43be800 JavaThread "Service Thread" daemon [_thread_blocked, id=4196, stack(0x000000218b500000,0x000000218b600000)]
  0x000001a3d43c1800 JavaThread "C2 CompilerThread0" daemon [_thread_blocked, id=1032, stack(0x000000218b600000,0x000000218b700000)]
  0x000001a3d43c6800 JavaThread "C1 CompilerThread0" daemon [_thread_blocked, id=4684, stack(0x000000218b700000,0x000000218b800000)]
  0x000001a3d4d84000 JavaThread "Sweeper thread" daemon [_thread_blocked, id=9896, stack(0x000000218b800000,0x000000218b900000)]
  0x000001a3d4e95800 JavaThread "Common-Cleaner" daemon [_thread_blocked, id=900, stack(0x000000218b900000,0x000000218ba00000)]
  0x000001a3daee1800 JavaThread "Daemon health stats" [_thread_blocked, id=13140, stack(0x000000218be00000,0x000000218bf00000)]
  0x000001a3d4f08800 JavaThread "Incoming local TCP Connector on port 50518" [_thread_in_native, id=3852, stack(0x000000218bb00000,0x000000218bc00000)]
  0x000001a3d9cc3800 JavaThread "Daemon periodic checks" [_thread_blocked, id=7520, stack(0x000000218c000000,0x000000218c100000)]
  0x000001a3d9dbb000 JavaThread "Daemon" [_thread_blocked, id=4468, stack(0x000000218c100000,0x000000218c200000)]
  0x000001a3db1e8800 JavaThread "Daemon worker" [_thread_blocked, id=8076, stack(0x000000218c400000,0x000000218c500000)]
  0x000001a3dbdbf000 JavaThread "Cache worker for journal cache (C:\Users\нубмастер69\.gradle\caches\journal-1)" [_thread_blocked, id=13684, stack(0x000000218c900000,0x000000218ca00000)]
  0x000001a3dbdc0800 JavaThread "File lock request listener" [_thread_in_native, id=11536, stack(0x000000218ca00000,0x000000218cb00000)]
  0x000001a3dbdc2800 JavaThread "Cache worker for file hash cache (C:\Users\нубмастер69\.gradle\caches\7.4\fileHashes)" [_thread_blocked, id=11284, stack(0x000000218cb00000,0x000000218cc00000)]
  0x000001a3dbdc3000 JavaThread "File watcher server" daemon [_thread_blocked, id=15216, stack(0x000000218cc00000,0x000000218cd00000)]
  0x000001a3dbdbe800 JavaThread "File watcher consumer" daemon [_thread_blocked, id=1268, stack(0x000000218cd00000,0x000000218ce00000)]
  0x000001a3dc033800 JavaThread "Cache worker for execution history cache (C:\Users\нубмастер69\.gradle\caches\7.4\executionHistory)" [_thread_blocked, id=11396, stack(0x000000218d200000,0x000000218d300000)]
  0x000001a3dc034800 JavaThread "jar transforms" [_thread_blocked, id=9152, stack(0x000000218d300000,0x000000218d400000)]
  0x000001a3dc035800 JavaThread "Cache worker for file content cache (C:\Users\нубмастер69\.gradle\caches\7.4\fileContent)" [_thread_blocked, id=6576, stack(0x000000218d400000,0x000000218d500000)]
  0x000001a3dc031800 JavaThread "jar transforms Thread 2" [_thread_blocked, id=4280, stack(0x000000218d500000,0x000000218d600000)]
  0x000001a3dc03c000 JavaThread "jar transforms Thread 3" [_thread_blocked, id=13188, stack(0x000000218d700000,0x000000218d800000)]
  0x000001a3ddbd3800 JavaThread "jar transforms Thread 4" [_thread_blocked, id=1420, stack(0x0000002190100000,0x0000002190200000)]
  0x000001a3ddbd2000 JavaThread "Memory manager" [_thread_blocked, id=4480, stack(0x0000002190200000,0x0000002190300000)]
  0x000001a3ddbd0000 JavaThread "pool-3-thread-1" [_thread_blocked, id=10496, stack(0x0000002190400000,0x0000002190500000)]
  0x000001a3dbd83000 JavaThread "included builds" [_thread_blocked, id=11620, stack(0x0000002190600000,0x0000002190700000)]
  0x000001a3e2a5a000 JavaThread "Handler for socket connection from /127.0.0.1:50518 to /127.0.0.1:50543" [_thread_in_native, id=12568, stack(0x000000218c500000,0x000000218c600000)]
  0x000001a3e2a59800 JavaThread "Cancel handler" [_thread_blocked, id=9376, stack(0x000000218c600000,0x000000218c700000)]
  0x000001a3e2a60800 JavaThread "Asynchronous log dispatcher for DefaultDaemonConnection: socket connection from /127.0.0.1:50518 to /127.0.0.1:50543" [_thread_blocked, id=11000, stack(0x000000218c700000,0x000000218c800000)]
  0x000001a3e2a5b000 JavaThread "Stdin handler" [_thread_blocked, id=9556, stack(0x000000218c800000,0x000000218c900000)]
  0x000001a3e2a60000 JavaThread "Daemon client event forwarder" [_thread_blocked, id=1760, stack(0x000000218ce00000,0x000000218cf00000)]
  0x000001a3dac1f000 JavaThread "C2 CompilerThread1" daemon [_thread_blocked, id=7736, stack(0x000000218cf00000,0x000000218d000000)]
  0x000001a3e2a61800 JavaThread "Cache worker for checksums cache (F:\PROJ\.gradle\7.4\checksums)" [_thread_blocked, id=4440, stack(0x000000218d000000,0x000000218d100000)]
  0x000001a3e2a5c000 JavaThread "Cache worker for cache directory md-rule (C:\Users\нубмастер69\.gradle\caches\7.4\md-rule)" [_thread_blocked, id=10628, stack(0x000000218d100000,0x000000218d200000)]
  0x000001a3e2a62800 JavaThread "Cache worker for file hash cache (F:\PROJ\.gradle\7.4\fileHashes)" [_thread_blocked, id=11416, stack(0x000000218d600000,0x000000218d700000)]
  0x000001a3e2a5d800 JavaThread "Cache worker for cache directory md-supplier (C:\Users\нубмастер69\.gradle\caches\7.4\md-supplier)" [_thread_blocked, id=14208, stack(0x000000218d800000,0x000000218d900000)]
  0x000001a3e2a5c800 JavaThread "Cache worker for dependencies-accessors (F:\PROJ\.gradle\7.4\dependencies-accessors)" [_thread_blocked, id=3124, stack(0x000000218d900000,0x000000218da00000)]
  0x000001a3e2a64000 JavaThread "Cache worker for Build Output Cleanup Cache (F:\PROJ\.gradle\buildOutputCleanup)" [_thread_blocked, id=2476, stack(0x000000218da00000,0x000000218db00000)]
  0x000001a3e2a63000 JavaThread "Unconstrained build operations" [_thread_blocked, id=11560, stack(0x000000218db00000,0x000000218dc00000)]
  0x000001a3e2a5e000 JavaThread "Unconstrained build operations Thread 2" [_thread_blocked, id=5108, stack(0x000000218dc00000,0x000000218dd00000)]
  0x000001a3e2a68000 JavaThread "Unconstrained build operations Thread 3" [_thread_blocked, id=7036, stack(0x000000218dd00000,0x000000218de00000)]
  0x000001a3e2a64800 JavaThread "Unconstrained build operations Thread 4" [_thread_blocked, id=5364, stack(0x000000218de00000,0x000000218df00000)]
  0x000001a3e2a65800 JavaThread "Unconstrained build operations Thread 5" [_thread_blocked, id=12840, stack(0x000000218df00000,0x000000218e000000)]
  0x000001a3e2a66800 JavaThread "Unconstrained build operations Thread 6" [_thread_blocked, id=15000, stack(0x000000218e000000,0x000000218e100000)]
  0x000001a3e2a67000 JavaThread "Unconstrained build operations Thread 7" [_thread_blocked, id=11268, stack(0x000000218e100000,0x000000218e200000)]
  0x000001a3ddbc8000 JavaThread "Unconstrained build operations Thread 8" [_thread_blocked, id=10108, stack(0x000000218e200000,0x000000218e300000)]
  0x000001a3ddbc7000 JavaThread "Unconstrained build operations Thread 9" [_thread_blocked, id=6444, stack(0x000000218e300000,0x000000218e400000)]
  0x000001a3ddbc5800 JavaThread "Unconstrained build operations Thread 10" [_thread_blocked, id=7228, stack(0x000000218e400000,0x000000218e500000)]
  0x000001a3ddbc6800 JavaThread "Unconstrained build operations Thread 11" [_thread_blocked, id=10052, stack(0x000000218e500000,0x000000218e600000)]
  0x000001a3ddbc9000 JavaThread "Unconstrained build operations Thread 12" [_thread_blocked, id=8496, stack(0x000000218e600000,0x000000218e700000)]
  0x000001a3ddbcf800 JavaThread "Unconstrained build operations Thread 13" [_thread_blocked, id=11152, stack(0x000000218e700000,0x000000218e800000)]
  0x000001a3ddbcb000 JavaThread "Unconstrained build operations Thread 14" [_thread_blocked, id=5900, stack(0x000000218e800000,0x000000218e900000)]
  0x000001a3ddbcd800 JavaThread "Unconstrained build operations Thread 15" [_thread_blocked, id=5336, stack(0x000000218e900000,0x000000218ea00000)]
  0x000001a3ddbca800 JavaThread "Unconstrained build operations Thread 16" [_thread_blocked, id=7016, stack(0x000000218ea00000,0x000000218eb00000)]
  0x000001a3ddbc9800 JavaThread "Unconstrained build operations Thread 17" [_thread_blocked, id=14760, stack(0x000000218eb00000,0x000000218ec00000)]
  0x000001a3ddbd1000 JavaThread "Unconstrained build operations Thread 18" [_thread_blocked, id=10012, stack(0x000000218ec00000,0x000000218ed00000)]
  0x000001a3ddbcc000 JavaThread "Unconstrained build operations Thread 19" [_thread_blocked, id=12540, stack(0x000000218ed00000,0x000000218ee00000)]
  0x000001a3ddbd2800 JavaThread "Unconstrained build operations Thread 20" [_thread_blocked, id=2540, stack(0x000000218ee00000,0x000000218ef00000)]
  0x000001a3ddbcd000 JavaThread "Unconstrained build operations Thread 21" [_thread_blocked, id=6004, stack(0x000000218ef00000,0x000000218f000000)]
  0x000001a3dc033000 JavaThread "Unconstrained build operations Thread 22" [_thread_blocked, id=6236, stack(0x000000218f000000,0x000000218f100000)]
  0x000001a3dc03c800 JavaThread "Unconstrained build operations Thread 23" [_thread_blocked, id=14664, stack(0x000000218f100000,0x000000218f200000)]
  0x000001a3dc03d800 JavaThread "Unconstrained build operations Thread 24" [_thread_blocked, id=2668, stack(0x000000218f200000,0x000000218f300000)]
  0x000001a3dc038800 JavaThread "Unconstrained build operations Thread 25" [_thread_blocked, id=14340, stack(0x000000218f300000,0x000000218f400000)]
  0x000001a3dc038000 JavaThread "Unconstrained build operations Thread 26" [_thread_blocked, id=14692, stack(0x000000218f400000,0x000000218f500000)]
  0x000001a3dc03e800 JavaThread "Unconstrained build operations Thread 27" [_thread_blocked, id=8900, stack(0x000000218f500000,0x000000218f600000)]
  0x000001a3dc03a800 JavaThread "Unconstrained build operations Thread 28" [_thread_blocked, id=7504, stack(0x000000218f600000,0x000000218f700000)]
  0x000001a3dc03f000 JavaThread "Unconstrained build operations Thread 29" [_thread_blocked, id=576, stack(0x000000218f700000,0x000000218f800000)]
  0x000001a3dc039800 JavaThread "Unconstrained build operations Thread 30" [_thread_blocked, id=920, stack(0x000000218f800000,0x000000218f900000)]
  0x000001a3dc040000 JavaThread "Unconstrained build operations Thread 31" [_thread_blocked, id=14704, stack(0x000000218f900000,0x000000218fa00000)]
  0x000001a3dc03b000 JavaThread "Unconstrained build operations Thread 32" [_thread_blocked, id=13036, stack(0x000000218fa00000,0x000000218fb00000)]
  0x000001a3dbd7e800 JavaThread "Unconstrained build operations Thread 33" [_thread_blocked, id=4760, stack(0x000000218fb00000,0x000000218fc00000)]
  0x000001a3dbd7f000 JavaThread "Unconstrained build operations Thread 34" [_thread_blocked, id=5428, stack(0x000000218fc00000,0x000000218fd00000)]
  0x000001a3dbd81000 JavaThread "Unconstrained build operations Thread 35" [_thread_blocked, id=13228, stack(0x000000218fd00000,0x000000218fe00000)]
  0x000001a3dbd81800 JavaThread "Unconstrained build operations Thread 36" [_thread_blocked, id=10684, stack(0x000000218fe00000,0x000000218ff00000)]
  0x000001a3dbd82800 JavaThread "Unconstrained build operations Thread 37" [_thread_blocked, id=8540, stack(0x000000218ff00000,0x0000002190000000)]
  0x000001a3dbd80000 JavaThread "Unconstrained build operations Thread 38" [_thread_blocked, id=4132, stack(0x0000002190000000,0x0000002190100000)]
  0x000001a3dbd84000 JavaThread "Unconstrained build operations Thread 39" [_thread_blocked, id=10104, stack(0x0000002190300000,0x0000002190400000)]
  0x000001a3dbd85000 JavaThread "Unconstrained build operations Thread 40" [_thread_blocked, id=11040, stack(0x0000002190500000,0x0000002190600000)]
  0x000001a3dbdc4000 JavaThread "build event listener" [_thread_blocked, id=12072, stack(0x0000002190700000,0x0000002190800000)]
  0x000001a3dbdc0000 JavaThread "pool-7-thread-1" [_thread_blocked, id=6472, stack(0x0000002190800000,0x0000002190900000)]
  0x000001a3dbdc1800 JavaThread "build event listener" [_thread_blocked, id=9560, stack(0x0000002190900000,0x0000002190a00000)]
  0x000001a3e2763800 JavaThread "included builds" [_thread_blocked, id=3936, stack(0x0000002190a00000,0x0000002190b00000)]
  0x000001a3e2769000 JavaThread "Execution worker for ':'" [_thread_blocked, id=9848, stack(0x0000002190b00000,0x0000002190c00000)]
  0x000001a3e276a000 JavaThread "Execution worker for ':' Thread 2" [_thread_blocked, id=4516, stack(0x0000002190c00000,0x0000002190d00000)]
  0x000001a3e2766000 JavaThread "Execution worker for ':' Thread 3" [_thread_blocked, id=14020, stack(0x0000002190d00000,0x0000002190e00000)]
  0x000001a3e2764000 JavaThread "Cache worker for execution history cache (F:\PROJ\.gradle\7.4\executionHistory)" [_thread_blocked, id=3080, stack(0x0000002190e00000,0x0000002190f00000)]
  0x000001a3e276b000 JavaThread "WorkerExecutor Queue" [_thread_blocked, id=10176, stack(0x0000002190f00000,0x0000002191000000)]

Other Threads:
=>0x000001a3d4399000 VMThread "VM Thread" [stack: 0x000000218b000000,0x000000218b100000] [id=11448]
  0x000001a3d4e9d000 WatcherThread [stack: 0x000000218ba00000,0x000000218bb00000] [id=10580]
  0x000001a3ba7b5000 GCTaskThread "GC Thread#0" [stack: 0x000000218ab00000,0x000000218ac00000] [id=11756]
  0x000001a3d4f96800 GCTaskThread "GC Thread#1" [stack: 0x000000218bc00000,0x000000218bd00000] [id=11100]
  0x000001a3d5064000 GCTaskThread "GC Thread#2" [stack: 0x000000218bd00000,0x000000218be00000] [id=13348]
  0x000001a3da2ee800 GCTaskThread "GC Thread#3" [stack: 0x000000218bf00000,0x000000218c000000] [id=6664]
  0x000001a3ba7e5800 ConcurrentGCThread "G1 Main Marker" [stack: 0x000000218ac00000,0x000000218ad00000] [id=5924]
  0x000001a3ba7e8000 ConcurrentGCThread "G1 Conc#0" [stack: 0x000000218ad00000,0x000000218ae00000] [id=2872]
  0x000001a3d41f0800 ConcurrentGCThread "G1 Refine#0" [stack: 0x000000218ae00000,0x000000218af00000] [id=7940]
  0x000001a3d41f1000 ConcurrentGCThread "G1 Young RemSet Sampling" [stack: 0x000000218af00000,0x000000218b000000] [id=14568]

Threads with active compile tasks:
C2 CompilerThread0  40603 19550       4       com.android.tools.r8.graph.s0::b (19 bytes)
C2 CompilerThread1  40603 19505       4       com.android.tools.r8.internal.EM::a (447 bytes)

VM state:at safepoint (normal execution)

VM Mutex/Monitor currently owned by a thread:  ([mutex/lock_event])
[0x000001a3ba799880] Threads_lock - owner thread: 0x000001a3d4399000
[0x000001a3ba798ef0] Heap_lock - owner thread: 0x000001a3e2766000

Heap address: 0x0000000080000000, size: 2048 MB, Compressed Oops mode: 32-bit
Narrow klass base: 0x0000000000000000, Narrow klass shift: 3
Compressed class space size: 1073741824 Address: 0x0000000100000000

Heap:
 garbage-first heap   total 273408K, used 144146K [0x0000000080000000, 0x0000000100000000)
  region size 1024K, 3 young (3072K), 3 survivors (3072K)
 Metaspace       used 127121K, capacity 130223K, committed 130492K, reserved 1163264K
  class space    used 15622K, capacity 16817K, committed 16844K, reserved 1048576K
Heap Regions: E=young(eden), S=young(survivor), O=old, HS=humongous(starts), HC=humongous(continues), CS=collection set, F=free, A=archive, TAMS=top-at-mark-start (previous, next)
|   0|0x0000000080000000, 0x0000000080100000, 0x0000000080100000|100%|HS|  |TAMS 0x0000000080100000, 0x0000000080000000| Complete 
|   1|0x0000000080100000, 0x0000000080200000, 0x0000000080200000|100%|HC|  |TAMS 0x0000000080200000, 0x0000000080100000| Complete 
|   2|0x0000000080200000, 0x0000000080300000, 0x0000000080300000|100%|HC|  |TAMS 0x0000000080300000, 0x0000000080200000| Complete 
|   3|0x0000000080300000, 0x0000000080400000, 0x0000000080400000|100%| O|  |TAMS 0x0000000080400000, 0x0000000080300000| Untracked 
|   4|0x0000000080400000, 0x0000000080500000, 0x0000000080500000|100%| O|  |TAMS 0x0000000080500000, 0x0000000080400000| Untracked 
|   5|0x0000000080500000, 0x0000000080600000, 0x0000000080600000|100%| O|  |TAMS 0x0000000080600000, 0x0000000080500000| Untracked 
|   6|0x0000000080600000, 0x0000000080700000, 0x0000000080700000|100%| O|  |TAMS 0x0000000080700000, 0x0000000080600000| Untracked 
|   7|0x0000000080700000, 0x0000000080800000, 0x0000000080800000|100%| O|  |TAMS 0x0000000080800000, 0x0000000080700000| Untracked 
|   8|0x0000000080800000, 0x0000000080900000, 0x0000000080900000|100%| O|  |TAMS 0x0000000080900000, 0x0000000080800000| Untracked 
|   9|0x0000000080900000, 0x0000000080a00000, 0x0000000080a00000|100%| O|  |TAMS 0x0000000080a00000, 0x0000000080900000| Untracked 
|  10|0x0000000080a00000, 0x0000000080b00000, 0x0000000080b00000|100%| O|  |TAMS 0x0000000080b00000, 0x0000000080a00000| Untracked 
|  11|0x0000000080b00000, 0x0000000080c00000, 0x0000000080c00000|100%| O|  |TAMS 0x0000000080c00000, 0x0000000080b00000| Untracked 
|  12|0x0000000080c00000, 0x0000000080d00000, 0x0000000080d00000|100%| O|  |TAMS 0x0000000080d00000, 0x0000000080c00000| Untracked 
|  13|0x0000000080d00000, 0x0000000080e00000, 0x0000000080e00000|100%| O|  |TAMS 0x0000000080e00000, 0x0000000080d00000| Untracked 
|  14|0x0000000080e00000, 0x0000000080f00000, 0x0000000080f00000|100%| O|  |TAMS 0x0000000080f00000, 0x0000000080e00000| Untracked 
|  15|0x0000000080f00000, 0x0000000081000000, 0x0000000081000000|100%| O|  |TAMS 0x0000000081000000, 0x0000000080f00000| Untracked 
|  16|0x0000000081000000, 0x0000000081100000, 0x0000000081100000|100%|HS|  |TAMS 0x0000000081100000, 0x0000000081000000| Complete 
|  17|0x0000000081100000, 0x0000000081200000, 0x0000000081200000|100%| O|  |TAMS 0x0000000081200000, 0x0000000081100000| Untracked 
|  18|0x0000000081200000, 0x0000000081300000, 0x0000000081300000|100%| O|  |TAMS 0x0000000081300000, 0x0000000081200000| Untracked 
|  19|0x0000000081300000, 0x0000000081400000, 0x0000000081400000|100%| O|  |TAMS 0x0000000081400000, 0x0000000081300000| Untracked 
|  20|0x0000000081400000, 0x0000000081500000, 0x0000000081500000|100%| O|  |TAMS 0x0000000081500000, 0x0000000081400000| Untracked 
|  21|0x0000000081500000, 0x0000000081500000, 0x0000000081600000|  0%| F|  |TAMS 0x0000000081500000, 0x0000000081500000| Untracked 
|  22|0x0000000081600000, 0x0000000081700000, 0x0000000081700000|100%| O|  |TAMS 0x0000000081700000, 0x0000000081600000| Untracked 
|  23|0x0000000081700000, 0x0000000081800000, 0x0000000081800000|100%| O|  |TAMS 0x0000000081800000, 0x0000000081700000| Untracked 
|  24|0x0000000081800000, 0x0000000081900000, 0x0000000081900000|100%| O|  |TAMS 0x0000000081900000, 0x0000000081800000| Untracked 
|  25|0x0000000081900000, 0x0000000081a00000, 0x0000000081a00000|100%|HS|  |TAMS 0x0000000081a00000, 0x0000000081900000| Complete 
|  26|0x0000000081a00000, 0x0000000081b00000, 0x0000000081b00000|100%|HS|  |TAMS 0x0000000081b00000, 0x0000000081a00000| Complete 
|  27|0x0000000081b00000, 0x0000000081c00000, 0x0000000081c00000|100%|HS|  |TAMS 0x0000000081c00000, 0x0000000081b00000| Complete 
|  28|0x0000000081c00000, 0x0000000081d00000, 0x0000000081d00000|100%|HC|  |TAMS 0x0000000081d00000, 0x0000000081c00000| Complete 
|  29|0x0000000081d00000, 0x0000000081e00000, 0x0000000081e00000|100%|HC|  |TAMS 0x0000000081e00000, 0x0000000081d00000| Complete 
|  30|0x0000000081e00000, 0x0000000081f00000, 0x0000000081f00000|100%| O|  |TAMS 0x0000000081f00000, 0x0000000081e00000| Untracked 
|  31|0x0000000081f00000, 0x0000000082000000, 0x0000000082000000|100%| O|  |TAMS 0x0000000082000000, 0x0000000081f00000| Untracked 
|  32|0x0000000082000000, 0x0000000082100000, 0x0000000082100000|100%| O|  |TAMS 0x0000000082100000, 0x0000000082000000| Untracked 
|  33|0x0000000082100000, 0x0000000082200000, 0x0000000082200000|100%| O|  |TAMS 0x0000000082200000, 0x0000000082100000| Untracked 
|  34|0x0000000082200000, 0x0000000082300000, 0x0000000082300000|100%| O|  |TAMS 0x0000000082300000, 0x0000000082200000| Untracked 
|  35|0x0000000082300000, 0x0000000082400000, 0x0000000082400000|100%|HS|  |TAMS 0x0000000082400000, 0x0000000082300000| Complete 
|  36|0x0000000082400000, 0x0000000082500000, 0x0000000082500000|100%|HC|  |TAMS 0x0000000082500000, 0x0000000082400000| Complete 
|  37|0x0000000082500000, 0x0000000082600000, 0x0000000082600000|100%| O|  |TAMS 0x0000000082600000, 0x0000000082500000| Untracked 
|  38|0x0000000082600000, 0x0000000082700000, 0x0000000082700000|100%| O|  |TAMS 0x0000000082700000, 0x0000000082600000| Untracked 
|  39|0x0000000082700000, 0x0000000082800000, 0x0000000082800000|100%| O|  |TAMS 0x0000000082800000, 0x0000000082700000| Untracked 
|  40|0x0000000082800000, 0x0000000082900000, 0x0000000082900000|100%| O|  |TAMS 0x0000000082900000, 0x0000000082800000| Untracked 
|  41|0x0000000082900000, 0x0000000082a00000, 0x0000000082a00000|100%| O|  |TAMS 0x0000000082a00000, 0x0000000082900000| Untracked 
|  42|0x0000000082a00000, 0x0000000082b00000, 0x0000000082b00000|100%| O|  |TAMS 0x0000000082b00000, 0x0000000082a00000| Untracked 
|  43|0x0000000082b00000, 0x0000000082c00000, 0x0000000082c00000|100%| O|  |TAMS 0x0000000082c00000, 0x0000000082b00000| Untracked 
|  44|0x0000000082c00000, 0x0000000082d00000, 0x0000000082d00000|100%| O|  |TAMS 0x0000000082d00000, 0x0000000082c00000| Untracked 
|  45|0x0000000082d00000, 0x0000000082e00000, 0x0000000082e00000|100%| O|  |TAMS 0x0000000082e00000, 0x0000000082d00000| Untracked 
|  46|0x0000000082e00000, 0x0000000082f00000, 0x0000000082f00000|100%| O|  |TAMS 0x0000000082f00000, 0x0000000082e00000| Untracked 
|  47|0x0000000082f00000, 0x0000000083000000, 0x0000000083000000|100%| O|  |TAMS 0x0000000083000000, 0x0000000082f00000| Untracked 
|  48|0x0000000083000000, 0x0000000083100000, 0x0000000083100000|100%| O|  |TAMS 0x0000000083100000, 0x0000000083000000| Untracked 
|  49|0x0000000083100000, 0x0000000083200000, 0x0000000083200000|100%| O|  |TAMS 0x0000000083200000, 0x0000000083100000| Untracked 
|  50|0x0000000083200000, 0x0000000083300000, 0x0000000083300000|100%| O|  |TAMS 0x0000000083300000, 0x0000000083200000| Untracked 
|  51|0x0000000083300000, 0x0000000083400000, 0x0000000083400000|100%| O|  |TAMS 0x0000000083400000, 0x0000000083300000| Untracked 
|  52|0x0000000083400000, 0x0000000083500000, 0x0000000083500000|100%| O|  |TAMS 0x0000000083500000, 0x0000000083400000| Untracked 
|  53|0x0000000083500000, 0x0000000083600000, 0x0000000083600000|100%| O|  |TAMS 0x0000000083600000, 0x0000000083500000| Untracked 
|  54|0x0000000083600000, 0x0000000083700000, 0x0000000083700000|100%| O|  |TAMS 0x0000000083700000, 0x0000000083600000| Untracked 
|  55|0x0000000083700000, 0x0000000083800000, 0x0000000083800000|100%| O|  |TAMS 0x0000000083800000, 0x0000000083700000| Untracked 
|  56|0x0000000083800000, 0x0000000083900000, 0x0000000083900000|100%| O|  |TAMS 0x0000000083900000, 0x0000000083800000| Untracked 
|  57|0x0000000083900000, 0x0000000083a00000, 0x0000000083a00000|100%| O|  |TAMS 0x0000000083a00000, 0x0000000083900000| Untracked 
|  58|0x0000000083a00000, 0x0000000083b00000, 0x0000000083b00000|100%| O|  |TAMS 0x0000000083b00000, 0x0000000083a00000| Untracked 
|  59|0x0000000083b00000, 0x0000000083c00000, 0x0000000083c00000|100%| O|  |TAMS 0x0000000083c00000, 0x0000000083b00000| Untracked 
|  60|0x0000000083c00000, 0x0000000083d00000, 0x0000000083d00000|100%| O|  |TAMS 0x0000000083d00000, 0x0000000083c00000| Untracked 
|  61|0x0000000083d00000, 0x0000000083d00000, 0x0000000083e00000|  0%| F|  |TAMS 0x0000000083d00000, 0x0000000083d00000| Untracked 
|  62|0x0000000083e00000, 0x0000000083e00000, 0x0000000083f00000|  0%| F|  |TAMS 0x0000000083e00000, 0x0000000083e00000| Untracked 
|  63|0x0000000083f00000, 0x0000000084000000, 0x0000000084000000|100%| O|  |TAMS 0x0000000084000000, 0x0000000083f00000| Untracked 
|  64|0x0000000084000000, 0x0000000084100000, 0x0000000084100000|100%| O|  |TAMS 0x0000000084100000, 0x0000000084000000| Untracked 
|  65|0x0000000084100000, 0x0000000084200000, 0x0000000084200000|100%| O|  |TAMS 0x0000000084200000, 0x0000000084100000| Untracked 
|  66|0x0000000084200000, 0x0000000084300000, 0x0000000084300000|100%| O|  |TAMS 0x0000000084300000, 0x0000000084200000| Untracked 
|  67|0x0000000084300000, 0x0000000084400000, 0x0000000084400000|100%| O|  |TAMS 0x0000000084400000, 0x0000000084300000| Untracked 
|  68|0x0000000084400000, 0x0000000084500000, 0x0000000084500000|100%| O|  |TAMS 0x0000000084500000, 0x0000000084400000| Untracked 
|  69|0x0000000084500000, 0x0000000084600000, 0x0000000084600000|100%| O|  |TAMS 0x0000000084600000, 0x0000000084500000| Untracked 
|  70|0x0000000084600000, 0x0000000084700000, 0x0000000084700000|100%| O|  |TAMS 0x0000000084700000, 0x0000000084600000| Untracked 
|  71|0x0000000084700000, 0x0000000084800000, 0x0000000084800000|100%| O|  |TAMS 0x0000000084800000, 0x0000000084700000| Untracked 
|  72|0x0000000084800000, 0x0000000084900000, 0x0000000084900000|100%| O|  |TAMS 0x0000000084900000, 0x0000000084800000| Untracked 
|  73|0x0000000084900000, 0x0000000084a00000, 0x0000000084a00000|100%| O|  |TAMS 0x0000000084a00000, 0x0000000084900000| Untracked 
|  74|0x0000000084a00000, 0x0000000084b00000, 0x0000000084b00000|100%| O|  |TAMS 0x0000000084b00000, 0x0000000084a00000| Untracked 
|  75|0x0000000084b00000, 0x0000000084c00000, 0x0000000084c00000|100%| O|  |TAMS 0x0000000084c00000, 0x0000000084b00000| Untracked 
|  76|0x0000000084c00000, 0x0000000084d00000, 0x0000000084d00000|100%| O|  |TAMS 0x0000000084c00000, 0x0000000084c00000| Untracked 
|  77|0x0000000084d00000, 0x0000000084e00000, 0x0000000084e00000|100%| O|  |TAMS 0x0000000084e00000, 0x0000000084d00000| Untracked 
|  78|0x0000000084e00000, 0x0000000084f00000, 0x0000000084f00000|100%| O|  |TAMS 0x0000000084f00000, 0x0000000084e00000| Untracked 
|  79|0x0000000084f00000, 0x0000000085000000, 0x0000000085000000|100%| O|  |TAMS 0x0000000085000000, 0x0000000084f00000| Untracked 
|  80|0x0000000085000000, 0x0000000085000000, 0x0000000085100000|  0%| F|  |TAMS 0x0000000085000000, 0x0000000085000000| Untracked 
|  81|0x0000000085100000, 0x0000000085200000, 0x0000000085200000|100%| O|  |TAMS 0x0000000085200000, 0x0000000085100000| Untracked 
|  82|0x0000000085200000, 0x0000000085300000, 0x0000000085300000|100%| O|  |TAMS 0x0000000085300000, 0x0000000085200000| Untracked 
|  83|0x0000000085300000, 0x0000000085400000, 0x0000000085400000|100%| O|  |TAMS 0x0000000085400000, 0x0000000085300000| Untracked 
|  84|0x0000000085400000, 0x0000000085500000, 0x0000000085500000|100%| O|  |TAMS 0x0000000085500000, 0x0000000085400000| Untracked 
|  85|0x0000000085500000, 0x0000000085600000, 0x0000000085600000|100%| O|  |TAMS 0x0000000085600000, 0x0000000085500000| Untracked 
|  86|0x0000000085600000, 0x0000000085700000, 0x0000000085700000|100%| O|  |TAMS 0x0000000085700000, 0x0000000085600000| Untracked 
|  87|0x0000000085700000, 0x0000000085800000, 0x0000000085800000|100%| O|  |TAMS 0x0000000085800000, 0x0000000085700000| Untracked 
|  88|0x0000000085800000, 0x0000000085900000, 0x0000000085900000|100%| O|  |TAMS 0x0000000085900000, 0x0000000085800000| Untracked 
|  89|0x0000000085900000, 0x0000000085a00000, 0x0000000085a00000|100%| O|  |TAMS 0x0000000085a00000, 0x0000000085900000| Untracked 
|  90|0x0000000085a00000, 0x0000000085b00000, 0x0000000085b00000|100%| O|  |TAMS 0x0000000085b00000, 0x0000000085a00000| Untracked 
|  91|0x0000000085b00000, 0x0000000085b00000, 0x0000000085c00000|  0%| F|  |TAMS 0x0000000085b00000, 0x0000000085b00000| Untracked 
|  92|0x0000000085c00000, 0x0000000085d00000, 0x0000000085d00000|100%| O|  |TAMS 0x0000000085d00000, 0x0000000085c00000| Untracked 
|  93|0x0000000085d00000, 0x0000000085e00000, 0x0000000085e00000|100%| O|  |TAMS 0x0000000085e00000, 0x0000000085d00000| Untracked 
|  94|0x0000000085e00000, 0x0000000085e00000, 0x0000000085f00000|  0%| F|  |TAMS 0x0000000085e00000, 0x0000000085e00000| Untracked 
|  95|0x0000000085f00000, 0x0000000086000000, 0x0000000086000000|100%| O|  |TAMS 0x0000000086000000, 0x0000000085f00000| Untracked 
|  96|0x0000000086000000, 0x0000000086100000, 0x0000000086100000|100%| O|  |TAMS 0x0000000086100000, 0x0000000086000000| Untracked 
|  97|0x0000000086100000, 0x0000000086200000, 0x0000000086200000|100%| O|  |TAMS 0x0000000086200000, 0x0000000086100000| Untracked 
|  98|0x0000000086200000, 0x0000000086300000, 0x0000000086300000|100%| O|  |TAMS 0x0000000086300000, 0x0000000086200000| Untracked 
|  99|0x0000000086300000, 0x0000000086400000, 0x0000000086400000|100%| O|  |TAMS 0x0000000086400000, 0x0000000086300000| Untracked 
| 100|0x0000000086400000, 0x0000000086500000, 0x0000000086500000|100%| O|  |TAMS 0x0000000086500000, 0x0000000086400000| Untracked 
| 101|0x0000000086500000, 0x0000000086600000, 0x0000000086600000|100%| O|  |TAMS 0x0000000086600000, 0x0000000086500000| Untracked 
| 102|0x0000000086600000, 0x0000000086600000, 0x0000000086700000|  0%| F|  |TAMS 0x0000000086600000, 0x0000000086600000| Untracked 
| 103|0x0000000086700000, 0x0000000086800000, 0x0000000086800000|100%| O|  |TAMS 0x0000000086800000, 0x0000000086700000| Untracked 
| 104|0x0000000086800000, 0x0000000086900000, 0x0000000086900000|100%| O|  |TAMS 0x0000000086900000, 0x0000000086800000| Untracked 
| 105|0x0000000086900000, 0x0000000086a00000, 0x0000000086a00000|100%| O|  |TAMS 0x0000000086a00000, 0x0000000086900000| Untracked 
| 106|0x0000000086a00000, 0x0000000086b00000, 0x0000000086b00000|100%| O|  |TAMS 0x0000000086b00000, 0x0000000086a00000| Untracked 
| 107|0x0000000086b00000, 0x0000000086c00000, 0x0000000086c00000|100%| O|  |TAMS 0x0000000086c00000, 0x0000000086b00000| Untracked 
| 108|0x0000000086c00000, 0x0000000086d00000, 0x0000000086d00000|100%| O|  |TAMS 0x0000000086d00000, 0x0000000086c00000| Untracked 
| 109|0x0000000086d00000, 0x0000000086e00000, 0x0000000086e00000|100%| O|  |TAMS 0x0000000086e00000, 0x0000000086d00000| Untracked 
| 110|0x0000000086e00000, 0x0000000086f00000, 0x0000000086f00000|100%| O|  |TAMS 0x0000000086f00000, 0x0000000086e00000| Untracked 
| 111|0x0000000086f00000, 0x0000000087000000, 0x0000000087000000|100%| O|  |TAMS 0x0000000087000000, 0x0000000086f00000| Untracked 
| 112|0x0000000087000000, 0x0000000087100000, 0x0000000087100000|100%| O|  |TAMS 0x0000000087100000, 0x0000000087000000| Untracked 
| 113|0x0000000087100000, 0x0000000087200000, 0x0000000087200000|100%| O|  |TAMS 0x0000000087100000, 0x0000000087100000| Untracked 
| 114|0x0000000087200000, 0x00000000872a4600, 0x0000000087300000| 64%| O|  |TAMS 0x0000000087200000, 0x0000000087200000| Untracked 
| 115|0x0000000087300000, 0x0000000087400000, 0x0000000087400000|100%| O|  |TAMS 0x0000000087400000, 0x0000000087300000| Untracked 
| 116|0x0000000087400000, 0x0000000087500000, 0x0000000087500000|100%| O|  |TAMS 0x0000000087500000, 0x0000000087400000| Untracked 
| 117|0x0000000087500000, 0x0000000087600000, 0x0000000087600000|100%| O|  |TAMS 0x0000000087600000, 0x0000000087500000| Untracked 
| 118|0x0000000087600000, 0x0000000087700000, 0x0000000087700000|100%| O|  |TAMS 0x0000000087700000, 0x0000000087600000| Untracked 
| 119|0x0000000087700000, 0x0000000087800000, 0x0000000087800000|100%| O|  |TAMS 0x0000000087800000, 0x0000000087700000| Untracked 
| 120|0x0000000087800000, 0x0000000087900000, 0x0000000087900000|100%| O|  |TAMS 0x0000000087900000, 0x0000000087800000| Untracked 
| 121|0x0000000087900000, 0x0000000087a00000, 0x0000000087a00000|100%| O|  |TAMS 0x0000000087a00000, 0x0000000087900000| Untracked 
| 122|0x0000000087a00000, 0x0000000087b00000, 0x0000000087b00000|100%| O|  |TAMS 0x0000000087b00000, 0x0000000087a00000| Untracked 
| 123|0x0000000087b00000, 0x0000000087c00000, 0x0000000087c00000|100%| O|  |TAMS 0x0000000087c00000, 0x0000000087b00000| Untracked 
| 124|0x0000000087c00000, 0x0000000087d00000, 0x0000000087d00000|100%| O|  |TAMS 0x0000000087d00000, 0x0000000087c00000| Untracked 
| 125|0x0000000087d00000, 0x0000000087d00000, 0x0000000087e00000|  0%| F|  |TAMS 0x0000000087d00000, 0x0000000087d00000| Untracked 
| 126|0x0000000087e00000, 0x0000000087e00000, 0x0000000087f00000|  0%| F|  |TAMS 0x0000000087e00000, 0x0000000087e00000| Untracked 
| 127|0x0000000087f00000, 0x0000000088000000, 0x0000000088000000|100%| O|  |TAMS 0x0000000088000000, 0x0000000087f00000| Untracked 
| 128|0x0000000088000000, 0x0000000088100000, 0x0000000088100000|100%| O|  |TAMS 0x0000000088100000, 0x0000000088000000| Untracked 
| 129|0x0000000088100000, 0x0000000088200000, 0x0000000088200000|100%| O|  |TAMS 0x0000000088200000, 0x0000000088100000| Untracked 
| 130|0x0000000088200000, 0x0000000088300000, 0x0000000088300000|100%| O|  |TAMS 0x0000000088300000, 0x0000000088200000| Untracked 
| 131|0x0000000088300000, 0x0000000088400000, 0x0000000088400000|100%| O|  |TAMS 0x0000000088400000, 0x0000000088300000| Untracked 
| 132|0x0000000088400000, 0x0000000088500000, 0x0000000088500000|100%| O|  |TAMS 0x0000000088500000, 0x0000000088400000| Untracked 
| 133|0x0000000088500000, 0x0000000088600000, 0x0000000088600000|100%| O|  |TAMS 0x0000000088600000, 0x0000000088500000| Untracked 
| 134|0x0000000088600000, 0x0000000088700000, 0x0000000088700000|100%| O|  |TAMS 0x0000000088700000, 0x0000000088600000| Untracked 
| 135|0x0000000088700000, 0x0000000088800000, 0x0000000088800000|100%| O|  |TAMS 0x0000000088800000, 0x0000000088700000| Untracked 
| 136|0x0000000088800000, 0x0000000088900000, 0x0000000088900000|100%| O|  |TAMS 0x0000000088900000, 0x0000000088800000| Untracked 
| 137|0x0000000088900000, 0x0000000088900000, 0x0000000088a00000|  0%| F|  |TAMS 0x0000000088900000, 0x0000000088900000| Untracked 
| 138|0x0000000088a00000, 0x0000000088b00000, 0x0000000088b00000|100%| O|  |TAMS 0x0000000088b00000, 0x0000000088a00000| Untracked 
| 139|0x0000000088b00000, 0x0000000088c00000, 0x0000000088c00000|100%| O|  |TAMS 0x0000000088c00000, 0x0000000088b00000| Untracked 
| 140|0x0000000088c00000, 0x0000000088d00000, 0x0000000088d00000|100%| O|  |TAMS 0x0000000088d00000, 0x0000000088c00000| Untracked 
| 141|0x0000000088d00000, 0x0000000088e00000, 0x0000000088e00000|100%| O|  |TAMS 0x0000000088e00000, 0x0000000088d00000| Untracked 
| 142|0x0000000088e00000, 0x0000000088f00000, 0x0000000088f00000|100%| O|  |TAMS 0x0000000088f00000, 0x0000000088e00000| Untracked 
| 143|0x0000000088f00000, 0x0000000089000000, 0x0000000089000000|100%| O|  |TAMS 0x0000000089000000, 0x0000000088f00000| Untracked 
| 144|0x0000000089000000, 0x0000000089100000, 0x0000000089100000|100%| O|  |TAMS 0x0000000089100000, 0x0000000089000000| Untracked 
| 145|0x0000000089100000, 0x0000000089100000, 0x0000000089200000|  0%| F|  |TAMS 0x0000000089100000, 0x0000000089100000| Untracked 
| 146|0x0000000089200000, 0x0000000089300000, 0x0000000089300000|100%| O|  |TAMS 0x0000000089300000, 0x0000000089200000| Untracked 
| 147|0x0000000089300000, 0x0000000089400000, 0x0000000089400000|100%| O|  |TAMS 0x0000000089400000, 0x0000000089300000| Untracked 
| 148|0x0000000089400000, 0x0000000089500000, 0x0000000089500000|100%| O|  |TAMS 0x0000000089500000, 0x0000000089400000| Untracked 
| 149|0x0000000089500000, 0x0000000089600000, 0x0000000089600000|100%| O|  |TAMS 0x0000000089600000, 0x0000000089500000| Untracked 
| 150|0x0000000089600000, 0x0000000089600000, 0x0000000089700000|  0%| F|  |TAMS 0x0000000089600000, 0x0000000089600000| Untracked 
| 151|0x0000000089700000, 0x0000000089700000, 0x0000000089800000|  0%| F|  |TAMS 0x0000000089700000, 0x0000000089700000| Untracked 
| 152|0x0000000089800000, 0x0000000089800000, 0x0000000089900000|  0%| F|  |TAMS 0x0000000089800000, 0x0000000089800000| Untracked 
| 153|0x0000000089900000, 0x0000000089900000, 0x0000000089a00000|  0%| F|  |TAMS 0x0000000089900000, 0x0000000089900000| Untracked 
| 154|0x0000000089a00000, 0x0000000089a00000, 0x0000000089b00000|  0%| F|  |TAMS 0x0000000089a00000, 0x0000000089a00000| Untracked 
| 155|0x0000000089b00000, 0x0000000089b00000, 0x0000000089c00000|  0%| F|  |TAMS 0x0000000089b00000, 0x0000000089b00000| Untracked 
| 156|0x0000000089c00000, 0x0000000089c00000, 0x0000000089d00000|  0%| F|  |TAMS 0x0000000089c00000, 0x0000000089c00000| Untracked 
| 157|0x0000000089d00000, 0x0000000089d00000, 0x0000000089e00000|  0%| F|  |TAMS 0x0000000089d00000, 0x0000000089d00000| Untracked 
| 158|0x0000000089e00000, 0x0000000089e00000, 0x0000000089f00000|  0%| F|  |TAMS 0x0000000089e00000, 0x0000000089e00000| Untracked 
| 159|0x0000000089f00000, 0x0000000089f00000, 0x000000008a000000|  0%| F|  |TAMS 0x0000000089f00000, 0x0000000089f00000| Untracked 
| 160|0x000000008a000000, 0x000000008a000000, 0x000000008a100000|  0%| F|  |TAMS 0x000000008a000000, 0x000000008a000000| Untracked 
| 161|0x000000008a100000, 0x000000008a100000, 0x000000008a200000|  0%| F|  |TAMS 0x000000008a100000, 0x000000008a100000| Untracked 
| 162|0x000000008a200000, 0x000000008a200000, 0x000000008a300000|  0%| F|  |TAMS 0x000000008a200000, 0x000000008a200000| Untracked 
| 163|0x000000008a300000, 0x000000008a300000, 0x000000008a400000|  0%| F|  |TAMS 0x000000008a300000, 0x000000008a300000| Untracked 
| 164|0x000000008a400000, 0x000000008a400000, 0x000000008a500000|  0%| F|  |TAMS 0x000000008a400000, 0x000000008a400000| Untracked 
| 165|0x000000008a500000, 0x000000008a500000, 0x000000008a600000|  0%| F|  |TAMS 0x000000008a500000, 0x000000008a500000| Untracked 
| 166|0x000000008a600000, 0x000000008a600000, 0x000000008a700000|  0%| F|  |TAMS 0x000000008a600000, 0x000000008a600000| Untracked 
| 167|0x000000008a700000, 0x000000008a700000, 0x000000008a800000|  0%| F|  |TAMS 0x000000008a700000, 0x000000008a700000| Untracked 
| 168|0x000000008a800000, 0x000000008a800000, 0x000000008a900000|  0%| F|  |TAMS 0x000000008a800000, 0x000000008a800000| Untracked 
| 169|0x000000008a900000, 0x000000008a920310, 0x000000008aa00000| 12%| S|CS|TAMS 0x000000008a900000, 0x000000008a900000| Complete 
| 170|0x000000008aa00000, 0x000000008aa00000, 0x000000008ab00000|  0%| F|  |TAMS 0x000000008aa00000, 0x000000008aa00000| Untracked 
| 171|0x000000008ab00000, 0x000000008ab00000, 0x000000008ac00000|  0%| F|  |TAMS 0x000000008ab00000, 0x000000008ab00000| Untracked 
| 172|0x000000008ac00000, 0x000000008ad00000, 0x000000008ad00000|100%| S|CS|TAMS 0x000000008ac00000, 0x000000008ac00000| Complete 
| 173|0x000000008ad00000, 0x000000008ad00000, 0x000000008ae00000|  0%| F|  |TAMS 0x000000008ad00000, 0x000000008ad00000| Untracked 
| 174|0x000000008ae00000, 0x000000008af00000, 0x000000008af00000|100%| S|CS|TAMS 0x000000008ae00000, 0x000000008ae00000| Complete 
| 175|0x000000008af00000, 0x000000008af00000, 0x000000008b000000|  0%| F|  |TAMS 0x000000008af00000, 0x000000008af00000| Untracked 
| 176|0x000000008b000000, 0x000000008b000000, 0x000000008b100000|  0%| F|  |TAMS 0x000000008b000000, 0x000000008b000000| Untracked 
| 177|0x000000008b100000, 0x000000008b100000, 0x000000008b200000|  0%| F|  |TAMS 0x000000008b100000, 0x000000008b100000| Untracked 
| 178|0x000000008b200000, 0x000000008b200000, 0x000000008b300000|  0%| F|  |TAMS 0x000000008b200000, 0x000000008b200000| Untracked 
| 179|0x000000008b300000, 0x000000008b300000, 0x000000008b400000|  0%| F|  |TAMS 0x000000008b300000, 0x000000008b300000| Untracked 
| 180|0x000000008b400000, 0x000000008b400000, 0x000000008b500000|  0%| F|  |TAMS 0x000000008b400000, 0x000000008b400000| Untracked 
| 181|0x000000008b500000, 0x000000008b500000, 0x000000008b600000|  0%| F|  |TAMS 0x000000008b500000, 0x000000008b500000| Untracked 
| 182|0x000000008b600000, 0x000000008b600000, 0x000000008b700000|  0%| F|  |TAMS 0x000000008b600000, 0x000000008b600000| Untracked 
| 183|0x000000008b700000, 0x000000008b700000, 0x000000008b800000|  0%| F|  |TAMS 0x000000008b700000, 0x000000008b700000| Untracked 
| 184|0x000000008b800000, 0x000000008b800000, 0x000000008b900000|  0%| F|  |TAMS 0x000000008b800000, 0x000000008b800000| Untracked 
| 185|0x000000008b900000, 0x000000008b900000, 0x000000008ba00000|  0%| F|  |TAMS 0x000000008b900000, 0x000000008b900000| Untracked 
| 186|0x000000008ba00000, 0x000000008ba00000, 0x000000008bb00000|  0%| F|  |TAMS 0x000000008ba00000, 0x000000008ba00000| Untracked 
| 187|0x000000008bb00000, 0x000000008bb00000, 0x000000008bc00000|  0%| F|  |TAMS 0x000000008bb00000, 0x000000008bb00000| Untracked 
| 188|0x000000008bc00000, 0x000000008bc00000, 0x000000008bd00000|  0%| F|  |TAMS 0x000000008bc00000, 0x000000008bc00000| Untracked 
| 189|0x000000008bd00000, 0x000000008bd00000, 0x000000008be00000|  0%| F|  |TAMS 0x000000008bd00000, 0x000000008bd00000| Untracked 
| 190|0x000000008be00000, 0x000000008be00000, 0x000000008bf00000|  0%| F|  |TAMS 0x000000008be00000, 0x000000008be00000| Untracked 
| 191|0x000000008bf00000, 0x000000008bf00000, 0x000000008c000000|  0%| F|  |TAMS 0x000000008bf00000, 0x000000008bf00000| Untracked 
| 192|0x000000008c000000, 0x000000008c000000, 0x000000008c100000|  0%| F|  |TAMS 0x000000008c000000, 0x000000008c000000| Untracked 
| 193|0x000000008c100000, 0x000000008c100000, 0x000000008c200000|  0%| F|  |TAMS 0x000000008c100000, 0x000000008c100000| Untracked 
| 194|0x000000008c200000, 0x000000008c200000, 0x000000008c300000|  0%| F|  |TAMS 0x000000008c200000, 0x000000008c200000| Untracked 
| 195|0x000000008c300000, 0x000000008c300000, 0x000000008c400000|  0%| F|  |TAMS 0x000000008c300000, 0x000000008c300000| Untracked 
| 196|0x000000008c400000, 0x000000008c400000, 0x000000008c500000|  0%| F|  |TAMS 0x000000008c400000, 0x000000008c400000| Untracked 
| 197|0x000000008c500000, 0x000000008c500000, 0x000000008c600000|  0%| F|  |TAMS 0x000000008c500000, 0x000000008c500000| Untracked 
| 198|0x000000008c600000, 0x000000008c600000, 0x000000008c700000|  0%| F|  |TAMS 0x000000008c600000, 0x000000008c600000| Untracked 
| 199|0x000000008c700000, 0x000000008c700000, 0x000000008c800000|  0%| F|  |TAMS 0x000000008c700000, 0x000000008c700000| Untracked 
| 200|0x000000008c800000, 0x000000008c800000, 0x000000008c900000|  0%| F|  |TAMS 0x000000008c800000, 0x000000008c800000| Untracked 
| 201|0x000000008c900000, 0x000000008c900000, 0x000000008ca00000|  0%| F|  |TAMS 0x000000008c900000, 0x000000008c900000| Untracked 
| 202|0x000000008ca00000, 0x000000008ca00000, 0x000000008cb00000|  0%| F|  |TAMS 0x000000008ca00000, 0x000000008ca00000| Untracked 
| 203|0x000000008cb00000, 0x000000008cb00000, 0x000000008cc00000|  0%| F|  |TAMS 0x000000008cb00000, 0x000000008cb00000| Untracked 
| 204|0x000000008cc00000, 0x000000008cc00000, 0x000000008cd00000|  0%| F|  |TAMS 0x000000008cc00000, 0x000000008cc00000| Untracked 
| 205|0x000000008cd00000, 0x000000008cd00000, 0x000000008ce00000|  0%| F|  |TAMS 0x000000008cd00000, 0x000000008cd00000| Untracked 
| 206|0x000000008ce00000, 0x000000008ce00000, 0x000000008cf00000|  0%| F|  |TAMS 0x000000008ce00000, 0x000000008ce00000| Untracked 
| 207|0x000000008cf00000, 0x000000008cf00000, 0x000000008d000000|  0%| F|  |TAMS 0x000000008cf00000, 0x000000008cf00000| Untracked 
| 208|0x000000008d000000, 0x000000008d000000, 0x000000008d100000|  0%| F|  |TAMS 0x000000008d000000, 0x000000008d000000| Untracked 
| 209|0x000000008d100000, 0x000000008d100000, 0x000000008d200000|  0%| F|  |TAMS 0x000000008d100000, 0x000000008d100000| Untracked 
| 210|0x000000008d200000, 0x000000008d200000, 0x000000008d300000|  0%| F|  |TAMS 0x000000008d200000, 0x000000008d200000| Untracked 
| 211|0x000000008d300000, 0x000000008d300000, 0x000000008d400000|  0%| F|  |TAMS 0x000000008d300000, 0x000000008d300000| Untracked 
| 212|0x000000008d400000, 0x000000008d400000, 0x000000008d500000|  0%| F|  |TAMS 0x000000008d400000, 0x000000008d400000| Untracked 
| 213|0x000000008d500000, 0x000000008d500000, 0x000000008d600000|  0%| F|  |TAMS 0x000000008d500000, 0x000000008d500000| Untracked 
| 214|0x000000008d600000, 0x000000008d600000, 0x000000008d700000|  0%| F|  |TAMS 0x000000008d600000, 0x000000008d600000| Untracked 
| 215|0x000000008d700000, 0x000000008d700000, 0x000000008d800000|  0%| F|  |TAMS 0x000000008d700000, 0x000000008d700000| Untracked 
| 216|0x000000008d800000, 0x000000008d800000, 0x000000008d900000|  0%| F|  |TAMS 0x000000008d800000, 0x000000008d800000| Untracked 
| 217|0x000000008d900000, 0x000000008d900000, 0x000000008da00000|  0%| F|  |TAMS 0x000000008d900000, 0x000000008d900000| Untracked 
| 218|0x000000008da00000, 0x000000008da00000, 0x000000008db00000|  0%| F|  |TAMS 0x000000008da00000, 0x000000008da00000| Untracked 
| 219|0x000000008db00000, 0x000000008db00000, 0x000000008dc00000|  0%| F|  |TAMS 0x000000008db00000, 0x000000008db00000| Untracked 
| 220|0x000000008dc00000, 0x000000008dc00000, 0x000000008dd00000|  0%| F|  |TAMS 0x000000008dc00000, 0x000000008dc00000| Untracked 
| 221|0x000000008dd00000, 0x000000008dd00000, 0x000000008de00000|  0%| F|  |TAMS 0x000000008dd00000, 0x000000008dd00000| Untracked 

Card table byte_map: [0x000001a3cd6b0000,0x000001a3cdab0000] _byte_map_base: 0x000001a3cd2b0000

Marking Bits (Prev, Next): (CMBitMap*) 0x000001a3ba7dcce8, (CMBitMap*) 0x000001a3ba7dcd20
 Prev Bits: [0x000001a3cdeb0000, 0x000001a3cfeb0000)
 Next Bits: [0x000001a3cfeb0000, 0x000001a3d1eb0000)

Polling page: 0x000001a3b8540000

Metaspace:

Usage:
  Non-class:    110.75 MB capacity,   108.89 MB ( 98%) used,     1.47 MB (  1%) free+waste,   400.00 KB ( <1%) overhead. 
      Class:     16.42 MB capacity,    15.26 MB ( 93%) used,  1020.70 KB (  6%) free+waste,   173.63 KB (  1%) overhead. 
       Both:    127.17 MB capacity,   124.14 MB ( 98%) used,     2.47 MB (  2%) free+waste,   573.63 KB ( <1%) overhead. 

Virtual space:
  Non-class space:      112.00 MB reserved,     110.98 MB (>99%) committed 
      Class space:        1.00 GB reserved,      16.45 MB (  2%) committed 
             Both:        1.11 GB reserved,     127.43 MB ( 11%) committed 

Chunk freelists:
   Non-Class:  0 bytes
       Class:  15.00 KB
        Both:  15.00 KB

MaxMetaspaceSize: 17179869184.00 GB
CompressedClassSpaceSize: 1.00 GB
Initial GC threshold: 20.80 MB
Current GC threshold: 209.27 MB
CDS: off

CodeHeap 'non-profiled nmethods': size=120064Kb used=11561Kb max_used=11561Kb free=108503Kb
 bounds [0x000001a3c5d70000, 0x000001a3c68c0000, 0x000001a3cd2b0000]
CodeHeap 'profiled nmethods': size=120000Kb used=45090Kb max_used=45090Kb free=74909Kb
 bounds [0x000001a3be840000, 0x000001a3c1450000, 0x000001a3c5d70000]
CodeHeap 'non-nmethods': size=5696Kb used=2445Kb max_used=2502Kb free=3250Kb
 bounds [0x000001a3be2b0000, 0x000001a3be530000, 0x000001a3be840000]
 total_blobs=19919 nmethods=18941 adapters=889
 compilation: enabled
              stopped_count=0, restarted_count=0
 full_count=0

Compilation events (20 events):
Event: 40.558 Thread 0x000001a3d43c1800 19451       4       com.android.tools.r8.internal.Nn::a (308 bytes)
Event: 40.558 Thread 0x000001a3d43c6800 nmethod 19918 0x000001a3c1447e10 code [0x000001a3c1448040, 0x000001a3c1448378]
Event: 40.558 Thread 0x000001a3d43c6800 19914       2       com.android.tools.r8.internal.Nk::b (18 bytes)
Event: 40.558 Thread 0x000001a3d43c6800 nmethod 19914 0x000001a3c1448710 code [0x000001a3c14488c0, 0x000001a3c1448a28]
Event: 40.558 Thread 0x000001a3d43c6800 19915       2       com.android.tools.r8.internal.Pk$$Lambda$2073/0x000000010105f440::accept (12 bytes)
Event: 40.558 Thread 0x000001a3d43c6800 nmethod 19915 0x000001a3c1448b10 code [0x000001a3c1448cc0, 0x000001a3c1448e08]
Event: 40.558 Thread 0x000001a3d43c6800 19916       2       com.android.tools.r8.internal.Pk::a (55 bytes)
Event: 40.559 Thread 0x000001a3d43c6800 nmethod 19916 0x000001a3c1448f10 code [0x000001a3c1449140, 0x000001a3c14494a8]
Event: 40.562 Thread 0x000001a3d43c6800 19920       2       com.android.tools.r8.internal.C4::a (285 bytes)
Event: 40.563 Thread 0x000001a3d43c6800 nmethod 19920 0x000001a3c1449810 code [0x000001a3c1449ae0, 0x000001a3c144a208]
Event: 40.577 Thread 0x000001a3d43c6800 19922       2       com.android.tools.r8.internal.sR::a (55 bytes)
Event: 40.578 Thread 0x000001a3d43c6800 nmethod 19922 0x000001a3c144a690 code [0x000001a3c144a8e0, 0x000001a3c144ae88]
Event: 40.580 Thread 0x000001a3d43c1800 nmethod 19451 0x000001a3c68b7490 code [0x000001a3c68b7740, 0x000001a3c68b8d40]
Event: 40.580 Thread 0x000001a3d43c1800 19154       4       com.android.tools.r8.internal.Yn::a (185 bytes)
Event: 40.581 Thread 0x000001a3d43c1800 nmethod 19154 0x000001a3c68b9810 code [0x000001a3c68b99c0, 0x000001a3c68b9ad8]
Event: 40.582 Thread 0x000001a3d43c1800 19445       4       com.android.tools.r8.internal.F8::a (48 bytes)
Event: 40.583 Thread 0x000001a3d43c1800 nmethod 19445 0x000001a3c68b9c10 code [0x000001a3c68b9dc0, 0x000001a3c68b9f98]
Event: 40.583 Thread 0x000001a3d43c1800 19450       4       com.android.tools.r8.internal.Vq::a (22 bytes)
Event: 40.584 Thread 0x000001a3d43c1800 nmethod 19450 0x000001a3c68ba110 code [0x000001a3c68ba2a0, 0x000001a3c68ba358]
Event: 40.584 Thread 0x000001a3d43c1800 19550       4       com.android.tools.r8.graph.s0::b (19 bytes)

GC Heap History (20 events):
Event: 38.095 GC heap after
{Heap after GC invocations=37 (full 0):
 garbage-first heap   total 227328K, used 148480K [0x0000000080000000, 0x0000000100000000)
  region size 1024K, 7 young (7168K), 7 survivors (7168K)
 Metaspace       used 119367K, capacity 122082K, committed 122556K, reserved 1157120K
  class space    used 14649K, capacity 15698K, committed 15820K, reserved 1048576K
}
Event: 38.552 GC heap before
{Heap before GC invocations=38 (full 0):
 garbage-first heap   total 227328K, used 185344K [0x0000000080000000, 0x0000000100000000)
  region size 1024K, 44 young (45056K), 7 survivors (7168K)
 Metaspace       used 122803K, capacity 125733K, committed 126012K, reserved 1159168K
  class space    used 15241K, capacity 16368K, committed 16460K, reserved 1048576K
}
Event: 38.565 GC heap after
{Heap after GC invocations=39 (full 0):
 garbage-first heap   total 227328K, used 152901K [0x0000000080000000, 0x0000000100000000)
  region size 1024K, 4 young (4096K), 4 survivors (4096K)
 Metaspace       used 122803K, capacity 125733K, committed 126012K, reserved 1159168K
  class space    used 15241K, capacity 16368K, committed 16460K, reserved 1048576K
}
Event: 38.632 GC heap before
{Heap before GC invocations=39 (full 0):
 garbage-first heap   total 227328K, used 160069K [0x0000000080000000, 0x0000000100000000)
  region size 1024K, 11 young (11264K), 4 survivors (4096K)
 Metaspace       used 123123K, capacity 126092K, committed 126268K, reserved 1159168K
  class space    used 15277K, capacity 16419K, committed 16460K, reserved 1048576K
}
Event: 38.639 GC heap after
{Heap after GC invocations=40 (full 0):
 garbage-first heap   total 227328K, used 149081K [0x0000000080000000, 0x0000000100000000)
  region size 1024K, 1 young (1024K), 1 survivors (1024K)
 Metaspace       used 123123K, capacity 126092K, committed 126268K, reserved 1159168K
  class space    used 15277K, capacity 16419K, committed 16460K, reserved 1048576K
}
Event: 39.037 GC heap before
{Heap before GC invocations=40 (full 0):
 garbage-first heap   total 227328K, used 186969K [0x0000000080000000, 0x0000000100000000)
  region size 1024K, 38 young (38912K), 1 survivors (1024K)
 Metaspace       used 124658K, capacity 127737K, committed 128060K, reserved 1161216K
  class space    used 15420K, capacity 16598K, committed 16716K, reserved 1048576K
}
Event: 39.040 GC heap after
{Heap after GC invocations=41 (full 0):
 garbage-first heap   total 227328K, used 149238K [0x0000000080000000, 0x0000000100000000)
  region size 1024K, 1 young (1024K), 1 survivors (1024K)
 Metaspace       used 124658K, capacity 127737K, committed 128060K, reserved 1161216K
  class space    used 15420K, capacity 16598K, committed 16716K, reserved 1048576K
}
Event: 39.480 GC heap before
{Heap before GC invocations=42 (full 0):
 garbage-first heap   total 227328K, used 189174K [0x0000000080000000, 0x0000000100000000)
  region size 1024K, 40 young (40960K), 1 survivors (1024K)
 Metaspace       used 125422K, capacity 128452K, committed 128828K, reserved 1161216K
  class space    used 15444K, capacity 16585K, committed 16716K, reserved 1048576K
}
Event: 39.486 GC heap after
{Heap after GC invocations=43 (full 0):
 garbage-first heap   total 227328K, used 149437K [0x0000000080000000, 0x0000000100000000)
  region size 1024K, 1 young (1024K), 1 survivors (1024K)
 Metaspace       used 125422K, capacity 128452K, committed 128828K, reserved 1161216K
  class space    used 15444K, capacity 16585K, committed 16716K, reserved 1048576K
}
Event: 39.514 GC heap before
{Heap before GC invocations=43 (full 0):
 garbage-first heap   total 227328K, used 159677K [0x0000000080000000, 0x0000000100000000)
  region size 1024K, 11 young (11264K), 1 survivors (1024K)
 Metaspace       used 125438K, capacity 128465K, committed 128828K, reserved 1161216K
  class space    used 15446K, capacity 16590K, committed 16716K, reserved 1048576K
}
Event: 39.522 GC heap after
{Heap after GC invocations=44 (full 0):
 garbage-first heap   total 227328K, used 143076K [0x0000000080000000, 0x0000000100000000)
  region size 1024K, 2 young (2048K), 2 survivors (2048K)
 Metaspace       used 125438K, capacity 128465K, committed 128828K, reserved 1161216K
  class space    used 15446K, capacity 16590K, committed 16716K, reserved 1048576K
}
Event: 39.769 GC heap before
{Heap before GC invocations=44 (full 0):
 garbage-first heap   total 227328K, used 186084K [0x0000000080000000, 0x0000000100000000)
  region size 1024K, 44 young (45056K), 2 survivors (2048K)
 Metaspace       used 126106K, capacity 129145K, committed 129340K, reserved 1163264K
  class space    used 15527K, capacity 16664K, committed 16716K, reserved 1048576K
}
Event: 39.772 GC heap after
{Heap after GC invocations=45 (full 0):
 garbage-first heap   total 227328K, used 143340K [0x0000000080000000, 0x0000000100000000)
  region size 1024K, 2 young (2048K), 2 survivors (2048K)
 Metaspace       used 126106K, capacity 129145K, committed 129340K, reserved 1163264K
  class space    used 15527K, capacity 16664K, committed 16716K, reserved 1048576K
}
Event: 39.940 GC heap before
{Heap before GC invocations=45 (full 0):
 garbage-first heap   total 227328K, used 188396K [0x0000000080000000, 0x0000000100000000)
  region size 1024K, 46 young (47104K), 2 survivors (2048K)
 Metaspace       used 126472K, capacity 129528K, committed 129724K, reserved 1163264K
  class space    used 15566K, capacity 16726K, committed 16844K, reserved 1048576K
}
Event: 39.945 GC heap after
{Heap after GC invocations=46 (full 0):
 garbage-first heap   total 227328K, used 144273K [0x0000000080000000, 0x0000000100000000)
  region size 1024K, 3 young (3072K), 3 survivors (3072K)
 Metaspace       used 126472K, capacity 129528K, committed 129724K, reserved 1163264K
  class space    used 15566K, capacity 16726K, committed 16844K, reserved 1048576K
}
Event: 40.173 GC heap before
{Heap before GC invocations=46 (full 0):
 garbage-first heap   total 227328K, used 190353K [0x0000000080000000, 0x0000000100000000)
  region size 1024K, 48 young (49152K), 3 survivors (3072K)
 Metaspace       used 126767K, capacity 129858K, committed 129980K, reserved 1163264K
  class space    used 15605K, capacity 16771K, committed 16844K, reserved 1048576K
}
Event: 40.177 GC heap after
{Heap after GC invocations=47 (full 0):
 garbage-first heap   total 227328K, used 144017K [0x0000000080000000, 0x0000000100000000)
  region size 1024K, 2 young (2048K), 2 survivors (2048K)
 Metaspace       used 126767K, capacity 129858K, committed 129980K, reserved 1163264K
  class space    used 15605K, capacity 16771K, committed 16844K, reserved 1048576K
}
Event: 40.380 GC heap before
{Heap before GC invocations=47 (full 0):
 garbage-first heap   total 227328K, used 192145K [0x0000000080000000, 0x0000000100000000)
  region size 1024K, 49 young (50176K), 2 survivors (2048K)
 Metaspace       used 126835K, capacity 129937K, committed 130236K, reserved 1163264K
  class space    used 15607K, capacity 16774K, committed 16844K, reserved 1048576K
}
Event: 40.384 GC heap after
{Heap after GC invocations=48 (full 0):
 garbage-first heap   total 227328K, used 144999K [0x0000000080000000, 0x0000000100000000)
  region size 1024K, 3 young (3072K), 3 survivors (3072K)
 Metaspace       used 126835K, capacity 129937K, committed 130236K, reserved 1163264K
  class space    used 15607K, capacity 16774K, committed 16844K, reserved 1048576K
}
Event: 40.585 GC heap before
{Heap before GC invocations=48 (full 0):
 garbage-first heap   total 227328K, used 192103K [0x0000000080000000, 0x0000000100000000)
  region size 1024K, 50 young (51200K), 3 survivors (3072K)
 Metaspace       used 127121K, capacity 130223K, committed 130492K, reserved 1163264K
  class space    used 15622K, capacity 16817K, committed 16844K, reserved 1048576K
}

Deoptimization events (20 events):
Event: 40.433 Thread 0x000001a3ddbcf800 DEOPT PACKING pc=0x000001a3c6851d70 sp=0x000000218e7f9a10
Event: 40.433 Thread 0x000001a3ddbcf800 DEOPT UNPACKING pc=0x000001a3be2fa1af sp=0x000000218e7f99f8 mode 2
Event: 40.433 Thread 0x000001a3ddbcf800 Uncommon trap: trap_request=0xffffffde fr.pc=0x000001a3c6851d70 relative=0x0000000000002fb0
Event: 40.433 Thread 0x000001a3ddbcf800 Uncommon trap: reason=class_check action=maybe_recompile pc=0x000001a3c6851d70 method=com.android.tools.r8.internal.CW.b(Lcom/android/tools/r8/internal/Vq;)V @ 284 c2
Event: 40.433 Thread 0x000001a3ddbcf800 DEOPT PACKING pc=0x000001a3c6851d70 sp=0x000000218e7f9a10
Event: 40.433 Thread 0x000001a3ddbcf800 DEOPT UNPACKING pc=0x000001a3be2fa1af sp=0x000000218e7f99f8 mode 2
Event: 40.437 Thread 0x000001a3ddbcf800 Uncommon trap: trap_request=0xffffffde fr.pc=0x000001a3c684c29c relative=0x00000000000005bc
Event: 40.438 Thread 0x000001a3ddbcf800 Uncommon trap: reason=class_check action=maybe_recompile pc=0x000001a3c684c29c method=com.android.tools.r8.internal.Xq.f()Lcom/android/tools/r8/internal/Vq; @ 3 c2
Event: 40.438 Thread 0x000001a3ddbcf800 DEOPT PACKING pc=0x000001a3c684c29c sp=0x000000218e7f9610
Event: 40.438 Thread 0x000001a3ddbcf800 DEOPT UNPACKING pc=0x000001a3be2fa1af sp=0x000000218e7f95d0 mode 2
Event: 40.444 Thread 0x000001a3e2766000 DEOPT PACKING pc=0x000001a3c10a943c sp=0x0000002190df5030
Event: 40.444 Thread 0x000001a3e2766000 DEOPT UNPACKING pc=0x000001a3be2fa95e sp=0x0000002190df44b8 mode 0
Event: 40.447 Thread 0x000001a3ddbcf800 Uncommon trap: trap_request=0xffffffc6 fr.pc=0x000001a3c5f989d8 relative=0x00000000000001f8
Event: 40.447 Thread 0x000001a3ddbcf800 Uncommon trap: reason=bimorphic_or_optimized_type_check action=maybe_recompile pc=0x000001a3c5f989d8 method=com.android.tools.r8.internal.Ao.iterator()Ljava/util/Iterator; @ 1 c2
Event: 40.447 Thread 0x000001a3ddbcf800 DEOPT PACKING pc=0x000001a3c5f989d8 sp=0x000000218e7fb0c0
Event: 40.447 Thread 0x000001a3ddbcf800 DEOPT UNPACKING pc=0x000001a3be2fa1af sp=0x000000218e7fb080 mode 2
Event: 40.447 Thread 0x000001a3ddbcf800 Uncommon trap: trap_request=0xffffffc6 fr.pc=0x000001a3c5f989d8 relative=0x00000000000001f8
Event: 40.447 Thread 0x000001a3ddbcf800 Uncommon trap: reason=bimorphic_or_optimized_type_check action=maybe_recompile pc=0x000001a3c5f989d8 method=com.android.tools.r8.internal.Ao.iterator()Ljava/util/Iterator; @ 1 c2
Event: 40.447 Thread 0x000001a3ddbcf800 DEOPT PACKING pc=0x000001a3c5f989d8 sp=0x000000218e7fb0c0
Event: 40.447 Thread 0x000001a3ddbcf800 DEOPT UNPACKING pc=0x000001a3be2fa1af sp=0x000000218e7fb080 mode 2

Classes redefined (0 events):
No events

Internal exceptions (20 events):
Event: 38.193 Thread 0x000001a3ddbc8000 Exception <a 'java/lang/IncompatibleClassChangeError'{0x000000008ccd3768}: Found class java.lang.Object, but interface was expected> (0x000000008ccd3768) thrown at [./src/hotspot/share/interpreter/linkResolver.cpp, line 839]
Event: 38.193 Thread 0x000001a3ddbcd800 Exception <a 'java/lang/IncompatibleClassChangeError'{0x000000008cd79208}: Found class java.lang.Object, but interface was expected> (0x000000008cd79208) thrown at [./src/hotspot/share/interpreter/linkResolver.cpp, line 839]
Event: 38.193 Thread 0x000001a3ddbc8000 Exception <a 'java/lang/IncompatibleClassChangeError'{0x000000008ccd7130}: Found class java.lang.Object, but interface was expected> (0x000000008ccd7130) thrown at [./src/hotspot/share/interpreter/linkResolver.cpp, line 839]
Event: 38.193 Thread 0x000001a3ddbcf800 Exception <a 'java/lang/IncompatibleClassChangeError'{0x000000008cc424c0}: Found class java.lang.Object, but interface was expected> (0x000000008cc424c0) thrown at [./src/hotspot/share/interpreter/linkResolver.cpp, line 839]
Event: 38.193 Thread 0x000001a3e2766000 Exception <a 'java/lang/IncompatibleClassChangeError'{0x000000008cc91500}: Found class java.lang.Object, but interface was expected> (0x000000008cc91500) thrown at [./src/hotspot/share/interpreter/linkResolver.cpp, line 839]
Event: 38.288 Thread 0x000001a3ddbcd800 Exception <a 'java/lang/NoSuchMethodError'{0x000000008c704c10}: 'void java.lang.invoke.DirectMethodHandle$Holder.invokeSpecial(java.lang.Object, java.lang.Object, int, java.lang.Object)'> (0x000000008c704c10) thrown at [./src/hotspot/share/interpreter/linkResolver.cpp, line 773]
Event: 38.569 Thread 0x000001a3ddbc8000 Exception <a 'java/lang/NoSuchMethodError'{0x000000008dd52d48}: 'java.lang.Object java.lang.invoke.DirectMethodHandle$Holder.invokeInterface(java.lang.Object, java.lang.Object, int)'> (0x000000008dd52d48) thrown at [./src/hotspot/share/interpreter/linkResolver.cpp, line 773]
Event: 38.639 Thread 0x000001a3ddbc8000 Implicit null exception at 0x000001a3c5f472eb to 0x000001a3c5f4730c
Event: 38.811 Thread 0x000001a3ddbc8000 Exception <a 'java/lang/NoSuchMethodError'{0x000000008cc14710}: 'java.lang.Object java.lang.invoke.DirectMethodHandle$Holder.invokeSpecial(java.lang.Object, java.lang.Object, java.lang.Object, java.lang.Object, java.lang.Object, java.lang.Object, java.lang.Object, java.lang.Object, java.lang.Object, java.lang.Object, java.lang.Object)'> (0x000000008cc14710) thrown at [./src/hotspot/share/interpreter/linkResolver.cpp, line 773]
Event: 38.811 Thread 0x000001a3ddbc8000 Exception <a 'java/lang/NoSuchMethodError'{0x000000008c85b9e8}: 'java.lang.Object java.lang.invoke.Invokers$Holder.linkToTargetMethod(java.lang.Object, java.lang.Object, java.lang.Object, java.lang.Object, java.lang.Object, java.lang.Object, java.lang.Object, java.lang.Object, java.lang.Object, java.lang.Object)'> (0x000000008c85b9e8) thrown at [./src/hotspot/share/interpreter/linkResolver.cpp, line 773]
Event: 38.825 Thread 0x000001a3ddbc8000 Exception <a 'java/lang/IncompatibleClassChangeError'{0x000000008c71b168}: Found class java.lang.Object, but interface was expected> (0x000000008c71b168) thrown at [./src/hotspot/share/interpreter/linkResolver.cpp, line 839]
Event: 39.190 Thread 0x000001a3ddbc8000 Exception <a 'java/lang/NoSuchMethodError'{0x000000008d3c4ca0}: 'java.lang.Object java.lang.invoke.Invokers$Holder.linkToTargetMethod(java.lang.Object, int, java.lang.Object, java.lang.Object, java.lang.Object, java.lang.Object)'> (0x000000008d3c4ca0) thrown at [./src/hotspot/share/interpreter/linkResolver.cpp, line 773]
Event: 39.330 Thread 0x000001a3e2766000 Implicit null exception at 0x000001a3c5dee510 to 0x000001a3c5dee61c
Event: 39.434 Thread 0x000001a3ddbc8000 Exception <a 'java/lang/NoSuchMethodError'{0x000000008b9e87f8}: 'void java.lang.invoke.DirectMethodHandle$Holder.invokeStatic(java.lang.Object, java.lang.Object, java.lang.Object, java.lang.Object, java.lang.Object, java.lang.Object, java.lang.Object, java.lang.Object)'> (0x000000008b9e87f8) thrown at [./src/hotspot/share/interpreter/linkResolver.cpp, line 773]
Event: 39.759 Thread 0x000001a3ddbc8000 Exception <a 'java/lang/IncompatibleClassChangeError'{0x000000008b2ed728}: Found class java.lang.Object, but interface was expected> (0x000000008b2ed728) thrown at [./src/hotspot/share/interpreter/linkResolver.cpp, line 839]
Event: 39.838 Thread 0x000001a3e2766000 Implicit null exception at 0x000001a3c5ebe8f8 to 0x000001a3c5ec1f34
Event: 40.011 Thread 0x000001a3ddbc8000 Exception <a 'java/lang/NoSuchMethodError'{0x000000008d254b70}: 'void java.lang.invoke.DirectMethodHandle$Holder.invokeSpecial(java.lang.Object, java.lang.Object, int)'> (0x000000008d254b70) thrown at [./src/hotspot/share/interpreter/linkResolver.cpp, line 773]
Event: 40.048 Thread 0x000001a3ddbc8000 Exception <a 'sun/nio/fs/WindowsException'{0x000000008cf01920}> (0x000000008cf01920) thrown at [./src/hotspot/share/prims/jni.cpp, line 616]
Event: 40.329 Thread 0x000001a3e2766000 Exception <a 'java/lang/NoSuchMethodError'{0x000000008b6233a8}: 'int java.lang.invoke.DirectMethodHandle$Holder.invokeInterface(java.lang.Object, java.lang.Object, int)'> (0x000000008b6233a8) thrown at [./src/hotspot/share/interpreter/linkResolver.cpp, line 773]
Event: 40.559 Thread 0x000001a3ddbcf800 Exception <a 'sun/nio/fs/WindowsException'{0x000000008b6d89b0}> (0x000000008b6d89b0) thrown at [./src/hotspot/share/prims/jni.cpp, line 616]

Events (20 events):
Event: 40.554 loading class com/android/tools/r8/graph/N2 done
Event: 40.577 loading class com/android/tools/r8/internal/z
Event: 40.577 loading class com/android/tools/r8/internal/z done
Event: 40.578 loading class com/android/tools/r8/internal/pr
Event: 40.578 loading class com/android/tools/r8/internal/pr done
Event: 40.578 loading class com/android/tools/r8/internal/dr
Event: 40.578 loading class com/android/tools/r8/internal/dr done
Event: 40.578 loading class com/android/tools/r8/internal/or
Event: 40.578 loading class com/android/tools/r8/internal/or done
Event: 40.579 loading class com/android/tools/r8/internal/vr
Event: 40.579 loading class com/android/tools/r8/internal/vr done
Event: 40.580 loading class com/android/tools/r8/internal/rr
Event: 40.580 loading class com/android/tools/r8/internal/rr done
Event: 40.580 loading class com/android/tools/r8/internal/wr
Event: 40.580 loading class com/android/tools/r8/internal/wr done
Event: 40.580 loading class com/android/tools/r8/internal/ur
Event: 40.580 loading class com/android/tools/r8/internal/ur done
Event: 40.581 loading class com/android/tools/r8/internal/nr
Event: 40.581 loading class com/android/tools/r8/internal/nr done
Event: 40.585 Executing VM operation: G1CollectForAllocation


Dynamic libraries:
0x00007ff6c7e70000 - 0x00007ff6c7e7a000 	F:\ \jre\bin\java.exe
0x00007ffe437a0000 - 0x00007ffe43990000 	C:\Windows\SYSTEM32\ntdll.dll
0x00007ffe42470000 - 0x00007ffe42522000 	C:\Windows\System32\KERNEL32.DLL
0x00007ffe40750000 - 0x00007ffe409f3000 	C:\Windows\System32\KERNELBASE.dll
0x00007ffe416c0000 - 0x00007ffe417ba000 	C:\Windows\System32\ucrtbase.dll
0x00007ffe35800000 - 0x00007ffe35819000 	F:\ \jre\bin\jli.dll
0x00007ffe357c0000 - 0x00007ffe357d7000 	F:\ \jre\bin\VCRUNTIME140.dll
0x00007ffe42120000 - 0x00007ffe422b4000 	C:\Windows\System32\USER32.dll
0x00007ffe417c0000 - 0x00007ffe417e1000 	C:\Windows\System32\win32u.dll
0x00007ffe2ee70000 - 0x00007ffe2f0f5000 	C:\Windows\WinSxS\amd64_microsoft.windows.common-controls_6595b64144ccf1df_6.0.18362.449_none_e6c7b265130c70a7\COMCTL32.dll
0x00007ffe436f0000 - 0x00007ffe43716000 	C:\Windows\System32\GDI32.dll
0x00007ffe41d80000 - 0x00007ffe41e1e000 	C:\Windows\System32\msvcrt.dll
0x00007ffe412d0000 - 0x00007ffe41464000 	C:\Windows\System32\gdi32full.dll
0x00007ffe41920000 - 0x00007ffe41c56000 	C:\Windows\System32\combase.dll
0x00007ffe40a00000 - 0x00007ffe40a9e000 	C:\Windows\System32\msvcp_win.dll
0x00007ffe41c60000 - 0x00007ffe41d80000 	C:\Windows\System32\RPCRT4.dll
0x00007ffe40aa0000 - 0x00007ffe40b20000 	C:\Windows\System32\bcryptPrimitives.dll
0x00007ffe43720000 - 0x00007ffe4374e000 	C:\Windows\System32\IMM32.DLL
0x00007ffe19100000 - 0x00007ffe1919d000 	F:\ \jre\bin\msvcp140.dll
0x00007ffe1ab20000 - 0x00007ffe1b622000 	F:\ \jre\bin\server\jvm.dll
0x00007ffe41e40000 - 0x00007ffe41ee3000 	C:\Windows\System32\ADVAPI32.dll
0x00007ffe43650000 - 0x00007ffe436e7000 	C:\Windows\System32\sechost.dll
0x00007ffe43750000 - 0x00007ffe43758000 	C:\Windows\System32\PSAPI.DLL
0x00007ffe3e790000 - 0x00007ffe3e799000 	C:\Windows\SYSTEM32\WSOCK32.dll
0x00007ffe3e620000 - 0x00007ffe3e644000 	C:\Windows\SYSTEM32\WINMM.dll
0x00007ffe42c90000 - 0x00007ffe42cff000 	C:\Windows\System32\WS2_32.dll
0x00007ffe393b0000 - 0x00007ffe393ba000 	C:\Windows\SYSTEM32\VERSION.dll
0x00007ffe3e5f0000 - 0x00007ffe3e61d000 	C:\Windows\SYSTEM32\winmmbase.dll
0x00007ffe415c0000 - 0x00007ffe4160a000 	C:\Windows\System32\cfgmgr32.dll
0x00007ffe40680000 - 0x00007ffe40691000 	C:\Windows\System32\kernel.appcore.dll
0x00007ffe3e770000 - 0x00007ffe3e781000 	F:\ \jre\bin\verify.dll
0x00007ffe3a0b0000 - 0x00007ffe3a2a4000 	C:\Windows\SYSTEM32\DBGHELP.DLL
0x00007ffe20ae0000 - 0x00007ffe20b0a000 	C:\Windows\SYSTEM32\dbgcore.DLL
0x00007ffe3e740000 - 0x00007ffe3e769000 	F:\ \jre\bin\java.dll
0x00007ffe3e730000 - 0x00007ffe3e73b000 	F:\ \jre\bin\jimage.dll
0x00007ffe3d000000 - 0x00007ffe3d018000 	F:\ \jre\bin\zip.dll
0x00007ffe42540000 - 0x00007ffe42c25000 	C:\Windows\System32\SHELL32.dll
0x00007ffe435a0000 - 0x00007ffe43649000 	C:\Windows\System32\shcore.dll
0x00007ffe40b50000 - 0x00007ffe412ce000 	C:\Windows\System32\windows.storage.dll
0x00007ffe406a0000 - 0x00007ffe406bf000 	C:\Windows\System32\profapi.dll
0x00007ffe406c0000 - 0x00007ffe4070a000 	C:\Windows\System32\powrprof.dll
0x00007ffe40670000 - 0x00007ffe40680000 	C:\Windows\System32\UMPDC.dll
0x00007ffe42410000 - 0x00007ffe42462000 	C:\Windows\System32\shlwapi.dll
0x00007ffe40730000 - 0x00007ffe40747000 	C:\Windows\System32\cryptsp.dll
0x00007ffe3bb10000 - 0x00007ffe3bb2a000 	F:\ \jre\bin\net.dll
0x00007ffe3b4f0000 - 0x00007ffe3b5e0000 	C:\Windows\SYSTEM32\WINHTTP.dll
0x00007ffe3fee0000 - 0x00007ffe3ff47000 	C:\Windows\system32\mswsock.dll
0x00007ffe35c10000 - 0x00007ffe35c24000 	F:\ \jre\bin\nio.dll
0x00007ffe340a0000 - 0x00007ffe340c7000 	C:\Users\69\.gradle\native\e1d6ef7f7dcc3fd88c89a11ec53ec762bb8ba0a96d01ffa2cd45eb1d1d8dd5c5\windows-amd64\native-platform.dll
0x00007ffe18540000 - 0x00007ffe18684000 	C:\Users\69\.gradle\native\0d407fdbe67a94daf76414ababcb853783967236a71b16ec16e742cd7a986fd3\windows-amd64\native-platform-file-events.dll
0x00007ffe3e7f0000 - 0x00007ffe3e7fa000 	F:\ \jre\bin\management.dll
0x00007ffe3e7e0000 - 0x00007ffe3e7ed000 	F:\ \jre\bin\management_ext.dll
0x00007ffe3fa50000 - 0x00007ffe3fa83000 	C:\Windows\system32\rsaenh.dll
0x00007ffe40b20000 - 0x00007ffe40b46000 	C:\Windows\System32\bcrypt.dll
0x00007ffe40590000 - 0x00007ffe405b5000 	C:\Windows\SYSTEM32\USERENV.dll
0x00007ffe400b0000 - 0x00007ffe400bc000 	C:\Windows\SYSTEM32\CRYPTBASE.dll
0x00007ffe3fbf0000 - 0x00007ffe3fc2a000 	C:\Windows\SYSTEM32\IPHLPAPI.DLL
0x00007ffe43450000 - 0x00007ffe43458000 	C:\Windows\System32\NSI.dll
0x00007ffe3a070000 - 0x00007ffe3a086000 	C:\Windows\SYSTEM32\dhcpcsvc6.DLL
0x00007ffe3abe0000 - 0x00007ffe3abfc000 	C:\Windows\SYSTEM32\dhcpcsvc.DLL
0x00007ffe3fc30000 - 0x00007ffe3fcfa000 	C:\Windows\SYSTEM32\DNSAPI.dll
0x00007ffe3f6d0000 - 0x00007ffe3f701000 	C:\Windows\SYSTEM32\ntmarta.dll
0x00007ffe2ecb0000 - 0x00007ffe2ecce000 	C:\Users\69\AppData\Local\Temp\native-platform539895638362113695dir\native-platform.dll

dbghelp: loaded successfully - version: 4.0.5 - missing functions: none
symbol engine: initialized successfully - sym options: 0x614 - pdb path: .;F:\ \jre\bin;C:\Windows\SYSTEM32;C:\Windows\WinSxS\amd64_microsoft.windows.common-controls_6595b64144ccf1df_6.0.18362.449_none_e6c7b265130c70a7;F:\ \jre\bin\server;C:\Users\69\.gradle\native\e1d6ef7f7dcc3fd88c89a11ec53ec762bb8ba0a96d01ffa2cd45eb1d1d8dd5c5\windows-amd64;C:\Users\69\.gradle\native\0d407fdbe67a94daf76414ababcb853783967236a71b16ec16e742cd7a986fd3\windows-amd64;C:\Users\69\AppData\Local\Temp\native-platform539895638362113695dir

VM Arguments:
jvm_args: --add-opens=java.base/java.util=ALL-UNNAMED --add-opens=java.base/java.lang=ALL-UNNAMED --add-opens=java.base/java.lang.invoke=ALL-UNNAMED --add-opens=java.base/java.util=ALL-UNNAMED --add-opens=java.prefs/java.util.prefs=ALL-UNNAMED --add-opens=java.prefs/java.util.prefs=ALL-UNNAMED --add-opens=java.base/java.nio.charset=ALL-UNNAMED --add-opens=java.base/java.net=ALL-UNNAMED --add-opens=java.base/java.util.concurrent.atomic=ALL-UNNAMED -Xmx2048m -Dfile.encoding=UTF-8 -Duser.country=RU -Duser.language=ru -Duser.variant 
java_command: org.gradle.launcher.daemon.bootstrap.GradleDaemon 7.4
java_class_path (initial): C:\Users\69\.gradle\wrapper\dists\gradle-7.4-bin\c0gwcg53nkjbqw7r0h0umtfvt\gradle-7.4\lib\gradle-launcher-7.4.jar
Launcher Type: SUN_STANDARD

[Global flags]
     intx CICompilerCount                          = 3                                         {product} {ergonomic}
     uint ConcGCThreads                            = 1                                         {product} {ergonomic}
     uint G1ConcRefinementThreads                  = 4                                         {product} {ergonomic}
   size_t G1HeapRegionSize                         = 1048576                                   {product} {ergonomic}
    uintx GCDrainStackTargetSize                   = 64                                        {product} {ergonomic}
   size_t InitialHeapSize                          = 134217728                                 {product} {ergonomic}
   size_t MarkStackSize                            = 4194304                                   {product} {ergonomic}
   size_t MaxHeapSize                              = 2147483648                                {product} {command line}
   size_t MaxNewSize                               = 1287651328                                {product} {ergonomic}
   size_t MinHeapDeltaBytes                        = 1048576                                   {product} {ergonomic}
    uintx NonNMethodCodeHeapSize                   = 5830732                                {pd product} {ergonomic}
    uintx NonProfiledCodeHeapSize                  = 122913754                              {pd product} {ergonomic}
    uintx ProfiledCodeHeapSize                     = 122913754                              {pd product} {ergonomic}
    uintx ReservedCodeCacheSize                    = 251658240                              {pd product} {ergonomic}
     bool SegmentedCodeCache                       = true                                      {product} {ergonomic}
     bool UseCompressedClassPointers               = true                                 {lp64_product} {ergonomic}
     bool UseCompressedOops                        = true                                 {lp64_product} {ergonomic}
     bool UseG1GC                                  = true                                      {product} {ergonomic}
     bool UseLargePagesIndividualAllocation        = false                                  {pd product} {ergonomic}

Logging:
Log output configuration:
 #0: stdout all=warning uptime,level,tags
 #1: stderr all=off uptime,level,tags

Environment Variables:
PATH=C:\Program Files (x86)\Common Files\Oracle\Java\javapath;C:\Windows\system32;C:\Windows;C:\Windows\System32\Wbem;C:\Windows\System32\WindowsPowerShell\v1.0\;C:\Windows\System32\OpenSSH\;C:\Program Files\Git\cmd;C:\Users\69\AppData\Local\Microsoft\WindowsApps;F:\Microsoft VS Code\bin;C:\Program Files\heroku\bin;C:\Users\69\AppData\Local\GitHubDesktop\bin;F:\IntelliJ IDEA Community Edition 2022.2.2\bin;
USERNAME=69
OS=Windows_NT
PROCESSOR_IDENTIFIER=Intel64 Family 6 Model 158 Stepping 10, GenuineIntel



---------------  S Y S T E M  ---------------

OS: Windows 10 , 64 bit Build 18362 (10.0.18362.329)
OS uptime: 22 days 7:00 hours

CPU:total 4 (initial active 4) (4 cores per cpu, 1 threads per core) family 6 model 158 stepping 10 microcode 0xb4, cmov, cx8, fxsr, mmx, sse, sse2, sse3, ssse3, sse4.1, sse4.2, popcnt, avx, avx2, aes, clmul, erms, 3dnowpref, lzcnt, tsc, tscinvbit, bmi1, bmi2, adx, fma

Memory: 4k page, system-wide physical 8134M (440M free)
TotalPageFile size 12230M (AvailPageFile size 38M)
current process WorkingSet (physical memory assigned to process): 603M, peak: 610M
current process commit charge ("private bytes"): 654M, peak: 699M

vm_info: OpenJDK 64-Bit Server VM (11.0.13+0-b1751.21-8125866) for windows-amd64 JRE (11.0.13+0-b1751.21-8125866), built on Feb  2 2022 03:00:22 by "builder" with MS VC++ 14.0 (VS2015)

END.
