#
# There is insufficient memory for the Java Runtime Environment to continue.
# Native memory allocation (mmap) failed to map 59768832 bytes for Failed to commit area from 0x000000008de00000 to 0x0000000091700000 of length 59768832.
# Possible reasons:
#   The system is out of physical RAM or swap space
#   The process is running with CompressedOops enabled, and the Java Heap may be blocking the growth of the native heap
# Possible solutions:
#   Reduce memory load on the system
#   Increase physical memory or swap space
#   Check if swap backing store is full
#   Decrease Java heap size (-Xmx/-Xms)
#   Decrease number of Java threads
#   Decrease Java thread stack sizes (-Xss)
#   Set larger code cache with -XX:ReservedCodeCacheSize=
#   JVM is running with Unscaled Compressed Oops mode in which the Java heap is
#     placed in the first 4GB address space. The Java Heap base address is the
#     maximum limit for the native heap growth. Please use -XX:HeapBaseMinAddress
#     to set the Java Heap base and to place the Java Heap above 4GB virtual address.
# This output file may be truncated or incomplete.
#
#  Out of Memory Error (./src/hotspot/os/windows/os_windows.cpp:3619), pid=7544, tid=7500
#
# JRE version: OpenJDK Runtime Environment (11.0.13) (build 11.0.13+0-b1751.21-8125866)
# Java VM: OpenJDK 64-Bit Server VM (11.0.13+0-b1751.21-8125866, mixed mode, tiered, compressed oops, g1 gc, windows-amd64)
# No core dump will be written. Minidumps are not enabled by default on client versions of Windows
#

---------------  S U M M A R Y ------------

Command Line: --add-opens=java.base/java.util=ALL-UNNAMED --add-opens=java.base/java.lang=ALL-UNNAMED --add-opens=java.base/java.lang.invoke=ALL-UNNAMED --add-opens=java.base/java.util=ALL-UNNAMED --add-opens=java.prefs/java.util.prefs=ALL-UNNAMED --add-opens=java.prefs/java.util.prefs=ALL-UNNAMED --add-opens=java.base/java.nio.charset=ALL-UNNAMED --add-opens=java.base/java.net=ALL-UNNAMED --add-opens=java.base/java.util.concurrent.atomic=ALL-UNNAMED -Xmx2048m -Dfile.encoding=UTF-8 -Duser.country=RU -Duser.language=ru -Duser.variant org.gradle.launcher.daemon.bootstrap.GradleDaemon 7.4

Host: Intel(R) Core(TM) i3-9100F CPU @ 3.60GHz, 4 cores, 7G,  Windows 10 , 64 bit Build 18362 (10.0.18362.329)
Time: Tue Oct 11 21:41:58 2022 RTZ 2 (ceia) elapsed time: 21.364689 seconds (0d 0h 0m 21s)

---------------  T H R E A D  ---------------

Current thread (0x0000025bd06d9800):  VMThread "VM Thread" [stack: 0x000000bfe1100000,0x000000bfe1200000] [id=7500]

Stack: [0x000000bfe1100000,0x000000bfe1200000]
[error occurred during error reporting (printing stack bounds), id 0xc0000005, EXCEPTION_ACCESS_VIOLATION (0xc0000005) at pc=0x0000025bba5f112d]

Native frames: (J=compiled Java code, j=interpreted, Vv=VM code, C=native code)
V  [jvm.dll+0x6100fa]
V  [jvm.dll+0x747090]
V  [jvm.dll+0x7486ad]
V  [jvm.dll+0x748ce5]
V  [jvm.dll+0x748c9b]
V  [jvm.dll+0x60f224]
V  [jvm.dll+0x60f9b8]
C  [ntdll.dll+0xa11ff]
C  [ntdll.dll+0x6a289]
C  [ntdll.dll+0x9fe6e]
C  0x0000025bba5f112d

VM_Operation (0x000000bfe56f8880): G1CollectForAllocation, mode: safepoint, requested by thread 0x0000025bd62b2000


---------------  P R O C E S S  ---------------

Threads class SMR info:
_java_thread_list=0x0000025bd127f6f0, length=88, elements={
0x0000025bb6adb800, 0x0000025bd06dd800, 0x0000025bd06df000, 0x0000025bd06fa000,
0x0000025bd06fd000, 0x0000025bd06fe000, 0x0000025bd0703800, 0x0000025bd0707000,
0x0000025bd10b5000, 0x0000025bd11db800, 0x0000025bd6619800, 0x0000025bd77fe000,
0x0000025bd6938000, 0x0000025bd6939000, 0x0000025bd6ade800, 0x0000025bd6adf000,
0x0000025bd6b7d000, 0x0000025bd6b7e000, 0x0000025bd73ef000, 0x0000025bd73e9800,
0x0000025bd7656800, 0x0000025bd7654000, 0x0000025bd7655800, 0x0000025bd7657800,
0x0000025bd7658000, 0x0000025bd7653800, 0x0000025bd7659000, 0x0000025bd765a000,
0x0000025bd7655000, 0x0000025bd7ec5800, 0x0000025bd7ecc000, 0x0000025bd7eca000,
0x0000025bd7ecb000, 0x0000025bd7ec7000, 0x0000025bd7ec6000, 0x0000025bd7ecc800,
0x0000025bd7ed0800, 0x0000025bd7ecf000, 0x0000025bd7ed1800, 0x0000025bd7ed2800,
0x0000025bd7ed0000, 0x0000025bd7ed3000, 0x0000025bd7ecd800, 0x0000025bd7ed4000,
0x0000025bd7ece800, 0x0000025bd6dcb800, 0x0000025bd6dd1000, 0x0000025bd6dce800,
0x0000025bd6dcd800, 0x0000025bd6dcf800, 0x0000025bd6dd0000, 0x0000025bd6dd2000,
0x0000025bd6dcc000, 0x0000025bd6dd2800, 0x0000025bd6dcd000, 0x0000025bd6dd7800,
0x0000025bd6dd5000, 0x0000025bd6dd3800, 0x0000025bd6dda000, 0x0000025bd6dd8800,
0x0000025bd6dd6000, 0x0000025bd6dd9000, 0x0000025bd6dd6800, 0x0000025bd6dd4000,
0x0000025bd62b2000, 0x0000025bd62b4000, 0x0000025bd62b0800, 0x0000025bd62b3000,
0x0000025bd62ae000, 0x0000025bd62b4800, 0x0000025bd62b1800, 0x0000025bd62af000,
0x0000025bd62b5800, 0x0000025bd62af800, 0x0000025bd62b9800, 0x0000025bd62ba800,
0x0000025bd62b7000, 0x0000025bd62b6000, 0x0000025bd62b8800, 0x0000025bd62bb000,
0x0000025bd62bc000, 0x0000025bddf8b000, 0x0000025bddf8b800, 0x0000025bddf8d800,
0x0000025bddf8a000, 0x0000025bddf90800, 0x0000025bd5821800, 0x0000025bddf8e000
}

Java Threads: ( => current thread )
  0x0000025bb6adb800 JavaThread "main" [_thread_blocked, id=13132, stack(0x000000bfe0b00000,0x000000bfe0c00000)]
  0x0000025bd06dd800 JavaThread "Reference Handler" daemon [_thread_blocked, id=484, stack(0x000000bfe1200000,0x000000bfe1300000)]
  0x0000025bd06df000 JavaThread "Finalizer" daemon [_thread_blocked, id=14444, stack(0x000000bfe1300000,0x000000bfe1400000)]
  0x0000025bd06fa000 JavaThread "Signal Dispatcher" daemon [_thread_blocked, id=8956, stack(0x000000bfe1400000,0x000000bfe1500000)]
  0x0000025bd06fd000 JavaThread "Attach Listener" daemon [_thread_blocked, id=14988, stack(0x000000bfe1500000,0x000000bfe1600000)]
  0x0000025bd06fe000 JavaThread "Service Thread" daemon [_thread_blocked, id=11048, stack(0x000000bfe1600000,0x000000bfe1700000)]
  0x0000025bd0703800 JavaThread "C2 CompilerThread0" daemon [_thread_in_native, id=4956, stack(0x000000bfe1700000,0x000000bfe1800000)]
  0x0000025bd0707000 JavaThread "C1 CompilerThread0" daemon [_thread_blocked, id=8280, stack(0x000000bfe1800000,0x000000bfe1900000)]
  0x0000025bd10b5000 JavaThread "Sweeper thread" daemon [_thread_blocked, id=14952, stack(0x000000bfe1900000,0x000000bfe1a00000)]
  0x0000025bd11db800 JavaThread "Common-Cleaner" daemon [_thread_blocked, id=10712, stack(0x000000bfe1a00000,0x000000bfe1b00000)]
  0x0000025bd6619800 JavaThread "Daemon health stats" [_thread_blocked, id=8712, stack(0x000000bfe1f00000,0x000000bfe2000000)]
  0x0000025bd77fe000 JavaThread "Incoming local TCP Connector on port 50553" [_thread_in_native, id=7664, stack(0x000000bfe1c00000,0x000000bfe1d00000)]
  0x0000025bd6938000 JavaThread "Daemon periodic checks" [_thread_blocked, id=12576, stack(0x000000bfe2000000,0x000000bfe2100000)]
  0x0000025bd6939000 JavaThread "Daemon" [_thread_blocked, id=2988, stack(0x000000bfe2100000,0x000000bfe2200000)]
  0x0000025bd6ade800 JavaThread "Handler for socket connection from /127.0.0.1:50553 to /127.0.0.1:50554" [_thread_in_native, id=12824, stack(0x000000bfe2200000,0x000000bfe2300000)]
  0x0000025bd6adf000 JavaThread "Cancel handler" [_thread_blocked, id=15340, stack(0x000000bfe2300000,0x000000bfe2400000)]
  0x0000025bd6b7d000 JavaThread "Daemon worker" [_thread_blocked, id=7836, stack(0x000000bfe2400000,0x000000bfe2500000)]
  0x0000025bd6b7e000 JavaThread "Asynchronous log dispatcher for DefaultDaemonConnection: socket connection from /127.0.0.1:50553 to /127.0.0.1:50554" [_thread_blocked, id=3000, stack(0x000000bfe2500000,0x000000bfe2600000)]
  0x0000025bd73ef000 JavaThread "Stdin handler" [_thread_blocked, id=12720, stack(0x000000bfe2600000,0x000000bfe2700000)]
  0x0000025bd73e9800 JavaThread "Daemon client event forwarder" [_thread_blocked, id=7888, stack(0x000000bfe2700000,0x000000bfe2800000)]
  0x0000025bd7656800 JavaThread "Cache worker for journal cache (C:\Users\нубмастер69\.gradle\caches\journal-1)" [_thread_blocked, id=14024, stack(0x000000bfe2900000,0x000000bfe2a00000)]
  0x0000025bd7654000 JavaThread "File lock request listener" [_thread_in_native, id=12800, stack(0x000000bfe2a00000,0x000000bfe2b00000)]
  0x0000025bd7655800 JavaThread "Cache worker for file hash cache (C:\Users\нубмастер69\.gradle\caches\7.4\fileHashes)" [_thread_blocked, id=4176, stack(0x000000bfe2b00000,0x000000bfe2c00000)]
  0x0000025bd7657800 JavaThread "File watcher server" daemon [_thread_blocked, id=4400, stack(0x000000bfe2d00000,0x000000bfe2e00000)]
  0x0000025bd7658000 JavaThread "File watcher consumer" daemon [_thread_blocked, id=14584, stack(0x000000bfe2e00000,0x000000bfe2f00000)]
  0x0000025bd7653800 JavaThread "Cache worker for checksums cache (F:\PROJ\.gradle\7.4\checksums)" [_thread_blocked, id=10892, stack(0x000000bfe2f00000,0x000000bfe3000000)]
  0x0000025bd7659000 JavaThread "Cache worker for cache directory md-rule (C:\Users\нубмастер69\.gradle\caches\7.4\md-rule)" [_thread_blocked, id=10136, stack(0x000000bfe3000000,0x000000bfe3100000)]
  0x0000025bd765a000 JavaThread "Cache worker for file hash cache (F:\PROJ\.gradle\7.4\fileHashes)" [_thread_blocked, id=15320, stack(0x000000bfe3100000,0x000000bfe3200000)]
  0x0000025bd7655000 JavaThread "Cache worker for cache directory md-supplier (C:\Users\нубмастер69\.gradle\caches\7.4\md-supplier)" [_thread_blocked, id=9856, stack(0x000000bfe3200000,0x000000bfe3300000)]
  0x0000025bd7ec5800 JavaThread "Cache worker for execution history cache (C:\Users\нубмастер69\.gradle\caches\7.4\executionHistory)" [_thread_blocked, id=14752, stack(0x000000bfe3300000,0x000000bfe3400000)]
  0x0000025bd7ecc000 JavaThread "jar transforms" [_thread_blocked, id=11164, stack(0x000000bfe3400000,0x000000bfe3500000)]
  0x0000025bd7eca000 JavaThread "Cache worker for file content cache (C:\Users\нубмастер69\.gradle\caches\7.4\fileContent)" [_thread_blocked, id=5256, stack(0x000000bfe3500000,0x000000bfe3600000)]
  0x0000025bd7ecb000 JavaThread "jar transforms Thread 2" [_thread_blocked, id=5392, stack(0x000000bfe3600000,0x000000bfe3700000)]
  0x0000025bd7ec7000 JavaThread "Cache worker for dependencies-accessors (F:\PROJ\.gradle\7.4\dependencies-accessors)" [_thread_blocked, id=12200, stack(0x000000bfe3700000,0x000000bfe3800000)]
  0x0000025bd7ec6000 JavaThread "jar transforms Thread 3" [_thread_blocked, id=2548, stack(0x000000bfe3800000,0x000000bfe3900000)]
  0x0000025bd7ecc800 JavaThread "Cache worker for Build Output Cleanup Cache (F:\PROJ\.gradle\buildOutputCleanup)" [_thread_blocked, id=6164, stack(0x000000bfe3900000,0x000000bfe3a00000)]
  0x0000025bd7ed0800 JavaThread "Unconstrained build operations" [_thread_blocked, id=5592, stack(0x000000bfe3a00000,0x000000bfe3b00000)]
  0x0000025bd7ecf000 JavaThread "Unconstrained build operations Thread 2" [_thread_blocked, id=1304, stack(0x000000bfe3b00000,0x000000bfe3c00000)]
  0x0000025bd7ed1800 JavaThread "Unconstrained build operations Thread 3" [_thread_blocked, id=2004, stack(0x000000bfe3c00000,0x000000bfe3d00000)]
  0x0000025bd7ed2800 JavaThread "Unconstrained build operations Thread 4" [_thread_blocked, id=8852, stack(0x000000bfe3d00000,0x000000bfe3e00000)]
  0x0000025bd7ed0000 JavaThread "Unconstrained build operations Thread 5" [_thread_blocked, id=7460, stack(0x000000bfe3e00000,0x000000bfe3f00000)]
  0x0000025bd7ed3000 JavaThread "Unconstrained build operations Thread 6" [_thread_blocked, id=8416, stack(0x000000bfe3f00000,0x000000bfe4000000)]
  0x0000025bd7ecd800 JavaThread "Unconstrained build operations Thread 7" [_thread_blocked, id=4328, stack(0x000000bfe4000000,0x000000bfe4100000)]
  0x0000025bd7ed4000 JavaThread "Unconstrained build operations Thread 8" [_thread_blocked, id=4072, stack(0x000000bfe4100000,0x000000bfe4200000)]
  0x0000025bd7ece800 JavaThread "Unconstrained build operations Thread 9" [_thread_blocked, id=6780, stack(0x000000bfe4200000,0x000000bfe4300000)]
  0x0000025bd6dcb800 JavaThread "Unconstrained build operations Thread 10" [_thread_blocked, id=2484, stack(0x000000bfe4300000,0x000000bfe4400000)]
  0x0000025bd6dd1000 JavaThread "Unconstrained build operations Thread 11" [_thread_blocked, id=5652, stack(0x000000bfe4400000,0x000000bfe4500000)]
  0x0000025bd6dce800 JavaThread "Unconstrained build operations Thread 12" [_thread_blocked, id=2956, stack(0x000000bfe4500000,0x000000bfe4600000)]
  0x0000025bd6dcd800 JavaThread "Unconstrained build operations Thread 13" [_thread_blocked, id=14924, stack(0x000000bfe4600000,0x000000bfe4700000)]
  0x0000025bd6dcf800 JavaThread "Unconstrained build operations Thread 14" [_thread_blocked, id=12528, stack(0x000000bfe4700000,0x000000bfe4800000)]
  0x0000025bd6dd0000 JavaThread "Unconstrained build operations Thread 15" [_thread_blocked, id=11312, stack(0x000000bfe4800000,0x000000bfe4900000)]
  0x0000025bd6dd2000 JavaThread "Unconstrained build operations Thread 16" [_thread_blocked, id=10908, stack(0x000000bfe4900000,0x000000bfe4a00000)]
  0x0000025bd6dcc000 JavaThread "Unconstrained build operations Thread 17" [_thread_blocked, id=3156, stack(0x000000bfe4a00000,0x000000bfe4b00000)]
  0x0000025bd6dd2800 JavaThread "Unconstrained build operations Thread 18" [_thread_blocked, id=4108, stack(0x000000bfe4b00000,0x000000bfe4c00000)]
  0x0000025bd6dcd000 JavaThread "Unconstrained build operations Thread 19" [_thread_blocked, id=2384, stack(0x000000bfe4c00000,0x000000bfe4d00000)]
  0x0000025bd6dd7800 JavaThread "Unconstrained build operations Thread 20" [_thread_blocked, id=12308, stack(0x000000bfe4d00000,0x000000bfe4e00000)]
  0x0000025bd6dd5000 JavaThread "Unconstrained build operations Thread 21" [_thread_blocked, id=10028, stack(0x000000bfe4e00000,0x000000bfe4f00000)]
  0x0000025bd6dd3800 JavaThread "Unconstrained build operations Thread 22" [_thread_blocked, id=3368, stack(0x000000bfe4f00000,0x000000bfe5000000)]
  0x0000025bd6dda000 JavaThread "Unconstrained build operations Thread 23" [_thread_blocked, id=13416, stack(0x000000bfe5000000,0x000000bfe5100000)]
  0x0000025bd6dd8800 JavaThread "Unconstrained build operations Thread 24" [_thread_blocked, id=14388, stack(0x000000bfe5100000,0x000000bfe5200000)]
  0x0000025bd6dd6000 JavaThread "Unconstrained build operations Thread 25" [_thread_blocked, id=3396, stack(0x000000bfe5200000,0x000000bfe5300000)]
  0x0000025bd6dd9000 JavaThread "Unconstrained build operations Thread 26" [_thread_blocked, id=1168, stack(0x000000bfe5300000,0x000000bfe5400000)]
  0x0000025bd6dd6800 JavaThread "Unconstrained build operations Thread 27" [_thread_blocked, id=4112, stack(0x000000bfe5400000,0x000000bfe5500000)]
  0x0000025bd6dd4000 JavaThread "Unconstrained build operations Thread 28" [_thread_blocked, id=14700, stack(0x000000bfe5500000,0x000000bfe5600000)]
  0x0000025bd62b2000 JavaThread "Unconstrained build operations Thread 29" [_thread_blocked, id=1868, stack(0x000000bfe5600000,0x000000bfe5700000)]
  0x0000025bd62b4000 JavaThread "Unconstrained build operations Thread 30" [_thread_blocked, id=11692, stack(0x000000bfe5700000,0x000000bfe5800000)]
  0x0000025bd62b0800 JavaThread "Unconstrained build operations Thread 31" [_thread_blocked, id=10596, stack(0x000000bfe5800000,0x000000bfe5900000)]
  0x0000025bd62b3000 JavaThread "Unconstrained build operations Thread 32" [_thread_blocked, id=2920, stack(0x000000bfe5900000,0x000000bfe5a00000)]
  0x0000025bd62ae000 JavaThread "Unconstrained build operations Thread 33" [_thread_blocked, id=2080, stack(0x000000bfe5a00000,0x000000bfe5b00000)]
  0x0000025bd62b4800 JavaThread "Unconstrained build operations Thread 34" [_thread_blocked, id=6556, stack(0x000000bfe5b00000,0x000000bfe5c00000)]
  0x0000025bd62b1800 JavaThread "Unconstrained build operations Thread 35" [_thread_blocked, id=11028, stack(0x000000bfe5c00000,0x000000bfe5d00000)]
  0x0000025bd62af000 JavaThread "Unconstrained build operations Thread 36" [_thread_blocked, id=10680, stack(0x000000bfe5d00000,0x000000bfe5e00000)]
  0x0000025bd62b5800 JavaThread "Unconstrained build operations Thread 37" [_thread_blocked, id=11424, stack(0x000000bfe5e00000,0x000000bfe5f00000)]
  0x0000025bd62af800 JavaThread "Unconstrained build operations Thread 38" [_thread_blocked, id=13440, stack(0x000000bfe5f00000,0x000000bfe6000000)]
  0x0000025bd62b9800 JavaThread "Unconstrained build operations Thread 39" [_thread_blocked, id=6976, stack(0x000000bfe6000000,0x000000bfe6100000)]
  0x0000025bd62ba800 JavaThread "Unconstrained build operations Thread 40" [_thread_blocked, id=15080, stack(0x000000bfe6100000,0x000000bfe6200000)]
  0x0000025bd62b7000 JavaThread "jar transforms Thread 4" [_thread_blocked, id=4776, stack(0x000000bfe6200000,0x000000bfe6300000)]
  0x0000025bd62b6000 JavaThread "Memory manager" [_thread_blocked, id=4896, stack(0x000000bfe6300000,0x000000bfe6400000)]
  0x0000025bd62b8800 JavaThread "build event listener" [_thread_blocked, id=15204, stack(0x000000bfe6400000,0x000000bfe6500000)]
  0x0000025bd62bb000 JavaThread "pool-3-thread-1" [_thread_blocked, id=4840, stack(0x000000bfe6500000,0x000000bfe6600000)]
  0x0000025bd62bc000 JavaThread "build event listener" [_thread_blocked, id=14892, stack(0x000000bfe6600000,0x000000bfe6700000)]
  0x0000025bddf8b000 JavaThread "included builds" [_thread_blocked, id=2020, stack(0x000000bfe6700000,0x000000bfe6800000)]
  0x0000025bddf8b800 JavaThread "Execution worker for ':'" [_thread_blocked, id=12048, stack(0x000000bfe6800000,0x000000bfe6900000)]
  0x0000025bddf8d800 JavaThread "Execution worker for ':' Thread 2" [_thread_blocked, id=3888, stack(0x000000bfe6900000,0x000000bfe6a00000)]
  0x0000025bddf8a000 JavaThread "Execution worker for ':' Thread 3" [_thread_blocked, id=1188, stack(0x000000bfe6a00000,0x000000bfe6b00000)]
  0x0000025bddf90800 JavaThread "Cache worker for execution history cache (F:\PROJ\.gradle\7.4\executionHistory)" [_thread_blocked, id=11256, stack(0x000000bfe6b00000,0x000000bfe6c00000)]
  0x0000025bd5821800 JavaThread "C2 CompilerThread1" daemon [_thread_blocked, id=14912, stack(0x000000bfe2c00000,0x000000bfe2d00000)]
  0x0000025bddf8e000 JavaThread "WorkerExecutor Queue" [_thread_blocked, id=7220, stack(0x000000bfe6c00000,0x000000bfe6d00000)]

Other Threads:
=>0x0000025bd06d9800 VMThread "VM Thread" [stack: 0x000000bfe1100000,0x000000bfe1200000] [id=7500]
  0x0000025bd11e4000 WatcherThread [stack: 0x000000bfe1b00000,0x000000bfe1c00000] [id=3196]
  0x0000025bb6af4800 GCTaskThread "GC Thread#0" [stack: 0x000000bfe0c00000,0x000000bfe0d00000] [id=9944]
  0x0000025bd1484000 GCTaskThread "GC Thread#1" [stack: 0x000000bfe1d00000,0x000000bfe1e00000] [id=14216]
  0x0000025bd128d000 GCTaskThread "GC Thread#2" [stack: 0x000000bfe1e00000,0x000000bfe1f00000] [id=13568]
  0x0000025bd730c000 GCTaskThread "GC Thread#3" [stack: 0x000000bfe2800000,0x000000bfe2900000] [id=11292]
  0x0000025bb6b26000 ConcurrentGCThread "G1 Main Marker" [stack: 0x000000bfe0d00000,0x000000bfe0e00000] [id=3036]
  0x0000025bb6b28000 ConcurrentGCThread "G1 Conc#0" [stack: 0x000000bfe0e00000,0x000000bfe0f00000] [id=11056]
  0x0000025bb6ba7800 ConcurrentGCThread "G1 Refine#0" [stack: 0x000000bfe0f00000,0x000000bfe1000000] [id=1596]
  0x0000025bd0530800 ConcurrentGCThread "G1 Young RemSet Sampling" [stack: 0x000000bfe1000000,0x000000bfe1100000] [id=6604]

Threads with active compile tasks:
C2 CompilerThread0  21375 14786       4       com.android.tools.r8.ir.regalloc.b::c (4031 bytes)
C2 CompilerThread1  21375 15294       4       com.android.tools.r8.graph.Y::a (1046 bytes)

VM state:at safepoint (normal execution)

VM Mutex/Monitor currently owned by a thread:  ([mutex/lock_event])
[0x0000025bb6ad8620] Threads_lock - owner thread: 0x0000025bd06d9800
[0x0000025bb6ad88f0] Heap_lock - owner thread: 0x0000025bd62b2000

Heap address: 0x0000000080000000, size: 2048 MB, Compressed Oops mode: 32-bit
Narrow klass base: 0x0000000000000000, Narrow klass shift: 3
Compressed class space size: 1073741824 Address: 0x0000000100000000

Heap:
 garbage-first heap   total 285696K, used 125795K [0x0000000080000000, 0x0000000100000000)
  region size 1024K, 1 young (1024K), 1 survivors (1024K)
 Metaspace       used 108627K, capacity 111274K, committed 111360K, reserved 1146880K
  class space    used 13802K, capacity 14875K, committed 14880K, reserved 1048576K
Heap Regions: E=young(eden), S=young(survivor), O=old, HS=humongous(starts), HC=humongous(continues), CS=collection set, F=free, A=archive, TAMS=top-at-mark-start (previous, next)
|   0|0x0000000080000000, 0x0000000080100000, 0x0000000080100000|100%|HS|  |TAMS 0x0000000080100000, 0x0000000080100000| Complete 
|   1|0x0000000080100000, 0x0000000080200000, 0x0000000080200000|100%|HC|  |TAMS 0x0000000080200000, 0x0000000080200000| Complete 
|   2|0x0000000080200000, 0x0000000080300000, 0x0000000080300000|100%|HC|  |TAMS 0x0000000080300000, 0x0000000080300000| Complete 
|   3|0x0000000080300000, 0x0000000080400000, 0x0000000080400000|100%| O|  |TAMS 0x0000000080400000, 0x0000000080400000| Untracked 
|   4|0x0000000080400000, 0x0000000080500000, 0x0000000080500000|100%| O|  |TAMS 0x0000000080500000, 0x0000000080500000| Untracked 
|   5|0x0000000080500000, 0x0000000080600000, 0x0000000080600000|100%| O|  |TAMS 0x0000000080600000, 0x0000000080600000| Untracked 
|   6|0x0000000080600000, 0x0000000080700000, 0x0000000080700000|100%| O|  |TAMS 0x0000000080700000, 0x0000000080700000| Untracked 
|   7|0x0000000080700000, 0x0000000080800000, 0x0000000080800000|100%| O|  |TAMS 0x0000000080800000, 0x0000000080800000| Untracked 
|   8|0x0000000080800000, 0x0000000080900000, 0x0000000080900000|100%| O|  |TAMS 0x0000000080900000, 0x0000000080900000| Untracked 
|   9|0x0000000080900000, 0x0000000080a00000, 0x0000000080a00000|100%| O|  |TAMS 0x0000000080a00000, 0x0000000080a00000| Untracked 
|  10|0x0000000080a00000, 0x0000000080b00000, 0x0000000080b00000|100%| O|  |TAMS 0x0000000080b00000, 0x0000000080b00000| Untracked 
|  11|0x0000000080b00000, 0x0000000080c00000, 0x0000000080c00000|100%| O|  |TAMS 0x0000000080c00000, 0x0000000080c00000| Untracked 
|  12|0x0000000080c00000, 0x0000000080d00000, 0x0000000080d00000|100%| O|  |TAMS 0x0000000080d00000, 0x0000000080d00000| Untracked 
|  13|0x0000000080d00000, 0x0000000080e00000, 0x0000000080e00000|100%| O|  |TAMS 0x0000000080e00000, 0x0000000080e00000| Untracked 
|  14|0x0000000080e00000, 0x0000000080f00000, 0x0000000080f00000|100%| O|  |TAMS 0x0000000080f00000, 0x0000000080f00000| Untracked 
|  15|0x0000000080f00000, 0x0000000081000000, 0x0000000081000000|100%| O|  |TAMS 0x0000000081000000, 0x0000000081000000| Untracked 
|  16|0x0000000081000000, 0x0000000081100000, 0x0000000081100000|100%|HS|  |TAMS 0x0000000081100000, 0x0000000081100000| Complete 
|  17|0x0000000081100000, 0x0000000081200000, 0x0000000081200000|100%| O|  |TAMS 0x0000000081200000, 0x0000000081200000| Untracked 
|  18|0x0000000081200000, 0x0000000081300000, 0x0000000081300000|100%| O|  |TAMS 0x0000000081300000, 0x0000000081300000| Untracked 
|  19|0x0000000081300000, 0x0000000081400000, 0x0000000081400000|100%| O|  |TAMS 0x0000000081400000, 0x0000000081400000| Untracked 
|  20|0x0000000081400000, 0x0000000081500000, 0x0000000081500000|100%| O|  |TAMS 0x0000000081500000, 0x0000000081500000| Untracked 
|  21|0x0000000081500000, 0x0000000081600000, 0x0000000081600000|100%| O|  |TAMS 0x0000000081600000, 0x0000000081600000| Untracked 
|  22|0x0000000081600000, 0x0000000081700000, 0x0000000081700000|100%| O|  |TAMS 0x0000000081700000, 0x0000000081700000| Untracked 
|  23|0x0000000081700000, 0x0000000081800000, 0x0000000081800000|100%| O|  |TAMS 0x0000000081800000, 0x0000000081800000| Untracked 
|  24|0x0000000081800000, 0x0000000081900000, 0x0000000081900000|100%|HS|  |TAMS 0x0000000081900000, 0x0000000081900000| Complete 
|  25|0x0000000081900000, 0x0000000081a00000, 0x0000000081a00000|100%|HS|  |TAMS 0x0000000081a00000, 0x0000000081a00000| Complete 
|  26|0x0000000081a00000, 0x0000000081b00000, 0x0000000081b00000|100%|HS|  |TAMS 0x0000000081b00000, 0x0000000081b00000| Complete 
|  27|0x0000000081b00000, 0x0000000081c00000, 0x0000000081c00000|100%|HC|  |TAMS 0x0000000081c00000, 0x0000000081c00000| Complete 
|  28|0x0000000081c00000, 0x0000000081d00000, 0x0000000081d00000|100%|HC|  |TAMS 0x0000000081d00000, 0x0000000081d00000| Complete 
|  29|0x0000000081d00000, 0x0000000081e00000, 0x0000000081e00000|100%| O|  |TAMS 0x0000000081e00000, 0x0000000081e00000| Untracked 
|  30|0x0000000081e00000, 0x0000000081f00000, 0x0000000081f00000|100%|HS|  |TAMS 0x0000000081f00000, 0x0000000081f00000| Complete 
|  31|0x0000000081f00000, 0x0000000082000000, 0x0000000082000000|100%|HC|  |TAMS 0x0000000082000000, 0x0000000082000000| Complete 
|  32|0x0000000082000000, 0x0000000082100000, 0x0000000082100000|100%| O|  |TAMS 0x0000000082100000, 0x0000000082100000| Untracked 
|  33|0x0000000082100000, 0x0000000082200000, 0x0000000082200000|100%| O|  |TAMS 0x0000000082200000, 0x0000000082200000| Untracked 
|  34|0x0000000082200000, 0x0000000082300000, 0x0000000082300000|100%| O|  |TAMS 0x0000000082300000, 0x0000000082300000| Untracked 
|  35|0x0000000082300000, 0x0000000082400000, 0x0000000082400000|100%| O|  |TAMS 0x0000000082400000, 0x0000000082400000| Untracked 
|  36|0x0000000082400000, 0x0000000082500000, 0x0000000082500000|100%| O|  |TAMS 0x0000000082500000, 0x0000000082500000| Untracked 
|  37|0x0000000082500000, 0x0000000082600000, 0x0000000082600000|100%| O|  |TAMS 0x0000000082600000, 0x0000000082600000| Untracked 
|  38|0x0000000082600000, 0x0000000082700000, 0x0000000082700000|100%| O|  |TAMS 0x0000000082700000, 0x0000000082700000| Untracked 
|  39|0x0000000082700000, 0x0000000082800000, 0x0000000082800000|100%| O|  |TAMS 0x0000000082800000, 0x0000000082800000| Untracked 
|  40|0x0000000082800000, 0x0000000082900000, 0x0000000082900000|100%| O|  |TAMS 0x0000000082900000, 0x0000000082900000| Untracked 
|  41|0x0000000082900000, 0x0000000082a00000, 0x0000000082a00000|100%| O|  |TAMS 0x0000000082a00000, 0x0000000082a00000| Untracked 
|  42|0x0000000082a00000, 0x0000000082b00000, 0x0000000082b00000|100%| O|  |TAMS 0x0000000082b00000, 0x0000000082b00000| Untracked 
|  43|0x0000000082b00000, 0x0000000082c00000, 0x0000000082c00000|100%| O|  |TAMS 0x0000000082c00000, 0x0000000082c00000| Untracked 
|  44|0x0000000082c00000, 0x0000000082d00000, 0x0000000082d00000|100%| O|  |TAMS 0x0000000082d00000, 0x0000000082d00000| Untracked 
|  45|0x0000000082d00000, 0x0000000082e00000, 0x0000000082e00000|100%| O|  |TAMS 0x0000000082e00000, 0x0000000082e00000| Untracked 
|  46|0x0000000082e00000, 0x0000000082f00000, 0x0000000082f00000|100%| O|  |TAMS 0x0000000082f00000, 0x0000000082f00000| Untracked 
|  47|0x0000000082f00000, 0x0000000083000000, 0x0000000083000000|100%| O|  |TAMS 0x0000000083000000, 0x0000000083000000| Untracked 
|  48|0x0000000083000000, 0x0000000083100000, 0x0000000083100000|100%| O|  |TAMS 0x0000000083100000, 0x0000000083100000| Untracked 
|  49|0x0000000083100000, 0x0000000083200000, 0x0000000083200000|100%| O|  |TAMS 0x0000000083200000, 0x0000000083200000| Untracked 
|  50|0x0000000083200000, 0x0000000083300000, 0x0000000083300000|100%| O|  |TAMS 0x0000000083300000, 0x0000000083300000| Untracked 
|  51|0x0000000083300000, 0x0000000083400000, 0x0000000083400000|100%| O|  |TAMS 0x0000000083400000, 0x0000000083400000| Untracked 
|  52|0x0000000083400000, 0x0000000083500000, 0x0000000083500000|100%| O|  |TAMS 0x0000000083500000, 0x0000000083500000| Untracked 
|  53|0x0000000083500000, 0x0000000083600000, 0x0000000083600000|100%| O|  |TAMS 0x0000000083600000, 0x0000000083600000| Untracked 
|  54|0x0000000083600000, 0x0000000083700000, 0x0000000083700000|100%| O|  |TAMS 0x0000000083700000, 0x0000000083700000| Untracked 
|  55|0x0000000083700000, 0x0000000083800000, 0x0000000083800000|100%| O|  |TAMS 0x0000000083800000, 0x0000000083800000| Untracked 
|  56|0x0000000083800000, 0x0000000083900000, 0x0000000083900000|100%| O|  |TAMS 0x0000000083900000, 0x0000000083900000| Untracked 
|  57|0x0000000083900000, 0x0000000083a00000, 0x0000000083a00000|100%| O|  |TAMS 0x0000000083a00000, 0x0000000083a00000| Untracked 
|  58|0x0000000083a00000, 0x0000000083b00000, 0x0000000083b00000|100%| O|  |TAMS 0x0000000083b00000, 0x0000000083b00000| Untracked 
|  59|0x0000000083b00000, 0x0000000083c00000, 0x0000000083c00000|100%| O|  |TAMS 0x0000000083c00000, 0x0000000083c00000| Untracked 
|  60|0x0000000083c00000, 0x0000000083d00000, 0x0000000083d00000|100%| O|  |TAMS 0x0000000083d00000, 0x0000000083d00000| Untracked 
|  61|0x0000000083d00000, 0x0000000083e00000, 0x0000000083e00000|100%| O|  |TAMS 0x0000000083e00000, 0x0000000083e00000| Untracked 
|  62|0x0000000083e00000, 0x0000000083f00000, 0x0000000083f00000|100%| O|  |TAMS 0x0000000083f00000, 0x0000000083f00000| Untracked 
|  63|0x0000000083f00000, 0x0000000084000000, 0x0000000084000000|100%| O|  |TAMS 0x0000000084000000, 0x0000000084000000| Untracked 
|  64|0x0000000084000000, 0x0000000084100000, 0x0000000084100000|100%| O|  |TAMS 0x0000000084100000, 0x0000000084100000| Untracked 
|  65|0x0000000084100000, 0x0000000084200000, 0x0000000084200000|100%| O|  |TAMS 0x0000000084200000, 0x0000000084200000| Untracked 
|  66|0x0000000084200000, 0x0000000084300000, 0x0000000084300000|100%| O|  |TAMS 0x0000000084300000, 0x0000000084300000| Untracked 
|  67|0x0000000084300000, 0x0000000084400000, 0x0000000084400000|100%| O|  |TAMS 0x0000000084400000, 0x0000000084400000| Untracked 
|  68|0x0000000084400000, 0x0000000084500000, 0x0000000084500000|100%| O|  |TAMS 0x0000000084500000, 0x0000000084500000| Untracked 
|  69|0x0000000084500000, 0x0000000084600000, 0x0000000084600000|100%| O|  |TAMS 0x0000000084600000, 0x0000000084600000| Untracked 
|  70|0x0000000084600000, 0x0000000084700000, 0x0000000084700000|100%| O|  |TAMS 0x0000000084700000, 0x0000000084700000| Untracked 
|  71|0x0000000084700000, 0x0000000084800000, 0x0000000084800000|100%| O|  |TAMS 0x0000000084800000, 0x0000000084800000| Untracked 
|  72|0x0000000084800000, 0x0000000084900000, 0x0000000084900000|100%| O|  |TAMS 0x0000000084900000, 0x0000000084900000| Untracked 
|  73|0x0000000084900000, 0x0000000084a00000, 0x0000000084a00000|100%| O|  |TAMS 0x0000000084a00000, 0x0000000084a00000| Untracked 
|  74|0x0000000084a00000, 0x0000000084b00000, 0x0000000084b00000|100%| O|  |TAMS 0x0000000084b00000, 0x0000000084b00000| Untracked 
|  75|0x0000000084b00000, 0x0000000084c00000, 0x0000000084c00000|100%| O|  |TAMS 0x0000000084c00000, 0x0000000084c00000| Untracked 
|  76|0x0000000084c00000, 0x0000000084d00000, 0x0000000084d00000|100%| O|  |TAMS 0x0000000084d00000, 0x0000000084d00000| Untracked 
|  77|0x0000000084d00000, 0x0000000084e00000, 0x0000000084e00000|100%| O|  |TAMS 0x0000000084e00000, 0x0000000084e00000| Untracked 
|  78|0x0000000084e00000, 0x0000000084f00000, 0x0000000084f00000|100%| O|  |TAMS 0x0000000084f00000, 0x0000000084f00000| Untracked 
|  79|0x0000000084f00000, 0x0000000085000000, 0x0000000085000000|100%| O|  |TAMS 0x0000000085000000, 0x0000000085000000| Untracked 
|  80|0x0000000085000000, 0x0000000085100000, 0x0000000085100000|100%| O|  |TAMS 0x0000000085100000, 0x0000000085100000| Untracked 
|  81|0x0000000085100000, 0x0000000085200000, 0x0000000085200000|100%| O|  |TAMS 0x0000000085200000, 0x0000000085200000| Untracked 
|  82|0x0000000085200000, 0x0000000085300000, 0x0000000085300000|100%| O|  |TAMS 0x0000000085300000, 0x0000000085300000| Untracked 
|  83|0x0000000085300000, 0x0000000085400000, 0x0000000085400000|100%| O|  |TAMS 0x0000000085400000, 0x0000000085400000| Untracked 
|  84|0x0000000085400000, 0x0000000085500000, 0x0000000085500000|100%| O|  |TAMS 0x0000000085500000, 0x0000000085500000| Untracked 
|  85|0x0000000085500000, 0x0000000085600000, 0x0000000085600000|100%| O|  |TAMS 0x0000000085600000, 0x0000000085600000| Untracked 
|  86|0x0000000085600000, 0x0000000085700000, 0x0000000085700000|100%| O|  |TAMS 0x0000000085700000, 0x0000000085700000| Untracked 
|  87|0x0000000085700000, 0x0000000085800000, 0x0000000085800000|100%| O|  |TAMS 0x0000000085800000, 0x0000000085800000| Untracked 
|  88|0x0000000085800000, 0x0000000085900000, 0x0000000085900000|100%| O|  |TAMS 0x0000000085900000, 0x0000000085900000| Untracked 
|  89|0x0000000085900000, 0x0000000085a00000, 0x0000000085a00000|100%| O|  |TAMS 0x0000000085a00000, 0x0000000085a00000| Untracked 
|  90|0x0000000085a00000, 0x0000000085b00000, 0x0000000085b00000|100%| O|  |TAMS 0x0000000085b00000, 0x0000000085b00000| Untracked 
|  91|0x0000000085b00000, 0x0000000085c00000, 0x0000000085c00000|100%| O|  |TAMS 0x0000000085c00000, 0x0000000085c00000| Untracked 
|  92|0x0000000085c00000, 0x0000000085d00000, 0x0000000085d00000|100%| O|  |TAMS 0x0000000085d00000, 0x0000000085d00000| Untracked 
|  93|0x0000000085d00000, 0x0000000085e00000, 0x0000000085e00000|100%| O|  |TAMS 0x0000000085e00000, 0x0000000085e00000| Untracked 
|  94|0x0000000085e00000, 0x0000000085f00000, 0x0000000085f00000|100%| O|  |TAMS 0x0000000085f00000, 0x0000000085f00000| Untracked 
|  95|0x0000000085f00000, 0x0000000086000000, 0x0000000086000000|100%| O|  |TAMS 0x0000000086000000, 0x0000000086000000| Untracked 
|  96|0x0000000086000000, 0x0000000086100000, 0x0000000086100000|100%| O|  |TAMS 0x0000000086100000, 0x0000000086100000| Untracked 
|  97|0x0000000086100000, 0x0000000086100000, 0x0000000086200000|  0%| F|  |TAMS 0x0000000086100000, 0x0000000086100000| Untracked 
|  98|0x0000000086200000, 0x0000000086200000, 0x0000000086300000|  0%| F|  |TAMS 0x0000000086200000, 0x0000000086200000| Untracked 
|  99|0x0000000086300000, 0x0000000086300000, 0x0000000086400000|  0%| F|  |TAMS 0x0000000086300000, 0x0000000086300000| Untracked 
| 100|0x0000000086400000, 0x0000000086500000, 0x0000000086500000|100%| O|  |TAMS 0x0000000086500000, 0x0000000086500000| Untracked 
| 101|0x0000000086500000, 0x0000000086600000, 0x0000000086600000|100%| O|  |TAMS 0x00000000865c5400, 0x0000000086600000| Untracked 
| 102|0x0000000086600000, 0x0000000086700000, 0x0000000086700000|100%| O|  |TAMS 0x0000000086700000, 0x0000000086700000| Untracked 
| 103|0x0000000086700000, 0x0000000086800000, 0x0000000086800000|100%| O|  |TAMS 0x0000000086800000, 0x0000000086800000| Untracked 
| 104|0x0000000086800000, 0x0000000086900000, 0x0000000086900000|100%| O|  |TAMS 0x0000000086900000, 0x0000000086900000| Untracked 
| 105|0x0000000086900000, 0x0000000086a00000, 0x0000000086a00000|100%| O|  |TAMS 0x0000000086a00000, 0x0000000086a00000| Untracked 
| 106|0x0000000086a00000, 0x0000000086b00000, 0x0000000086b00000|100%| O|  |TAMS 0x0000000086b00000, 0x0000000086b00000| Untracked 
| 107|0x0000000086b00000, 0x0000000086c00000, 0x0000000086c00000|100%| O|  |TAMS 0x0000000086c00000, 0x0000000086c00000| Untracked 
| 108|0x0000000086c00000, 0x0000000086d00000, 0x0000000086d00000|100%| O|  |TAMS 0x0000000086d00000, 0x0000000086d00000| Untracked 
| 109|0x0000000086d00000, 0x0000000086e00000, 0x0000000086e00000|100%| O|  |TAMS 0x0000000086d00000, 0x0000000086e00000| Untracked 
| 110|0x0000000086e00000, 0x0000000086f00000, 0x0000000086f00000|100%| O|  |TAMS 0x0000000086e00000, 0x0000000086f00000| Untracked 
| 111|0x0000000086f00000, 0x0000000087000000, 0x0000000087000000|100%| O|  |TAMS 0x0000000086f00000, 0x0000000087000000| Untracked 
| 112|0x0000000087000000, 0x0000000087100000, 0x0000000087100000|100%| O|  |TAMS 0x0000000087000000, 0x0000000087100000| Untracked 
| 113|0x0000000087100000, 0x0000000087200000, 0x0000000087200000|100%| O|  |TAMS 0x0000000087100000, 0x0000000087200000| Untracked 
| 114|0x0000000087200000, 0x0000000087300000, 0x0000000087300000|100%| O|  |TAMS 0x0000000087200000, 0x0000000087300000| Untracked 
| 115|0x0000000087300000, 0x0000000087400000, 0x0000000087400000|100%| O|  |TAMS 0x0000000087300000, 0x0000000087400000| Untracked 
| 116|0x0000000087400000, 0x0000000087500000, 0x0000000087500000|100%| O|  |TAMS 0x0000000087400000, 0x0000000087500000| Untracked 
| 117|0x0000000087500000, 0x0000000087600000, 0x0000000087600000|100%| O|  |TAMS 0x0000000087500000, 0x0000000087600000| Untracked 
| 118|0x0000000087600000, 0x0000000087700000, 0x0000000087700000|100%| O|  |TAMS 0x0000000087600000, 0x0000000087700000| Untracked 
| 119|0x0000000087700000, 0x0000000087800000, 0x0000000087800000|100%| O|  |TAMS 0x0000000087700000, 0x0000000087800000| Untracked 
| 120|0x0000000087800000, 0x0000000087900000, 0x0000000087900000|100%| O|  |TAMS 0x0000000087800000, 0x0000000087900000| Untracked 
| 121|0x0000000087900000, 0x0000000087a00000, 0x0000000087a00000|100%| O|  |TAMS 0x0000000087900000, 0x0000000087a00000| Untracked 
| 122|0x0000000087a00000, 0x0000000087b00000, 0x0000000087b00000|100%| O|  |TAMS 0x0000000087a00000, 0x0000000087b00000| Untracked 
| 123|0x0000000087b00000, 0x0000000087c00000, 0x0000000087c00000|100%| O|  |TAMS 0x0000000087b00000, 0x0000000087c00000| Untracked 
| 124|0x0000000087c00000, 0x0000000087ce7600, 0x0000000087d00000| 90%| O|  |TAMS 0x0000000087c00000, 0x0000000087ce7600| Untracked 
| 125|0x0000000087d00000, 0x0000000087d00000, 0x0000000087e00000|  0%| F|  |TAMS 0x0000000087d00000, 0x0000000087d00000| Untracked 
| 126|0x0000000087e00000, 0x0000000087e00000, 0x0000000087f00000|  0%| F|  |TAMS 0x0000000087e00000, 0x0000000087e00000| Untracked 
| 127|0x0000000087f00000, 0x0000000087f00000, 0x0000000088000000|  0%| F|  |TAMS 0x0000000087f00000, 0x0000000087f00000| Untracked 
| 128|0x0000000088000000, 0x0000000088000000, 0x0000000088100000|  0%| F|  |TAMS 0x0000000088000000, 0x0000000088000000| Untracked 
| 129|0x0000000088100000, 0x0000000088100000, 0x0000000088200000|  0%| F|  |TAMS 0x0000000088100000, 0x0000000088100000| Untracked 
| 130|0x0000000088200000, 0x0000000088200000, 0x0000000088300000|  0%| F|  |TAMS 0x0000000088200000, 0x0000000088200000| Untracked 
| 131|0x0000000088300000, 0x0000000088300000, 0x0000000088400000|  0%| F|  |TAMS 0x0000000088300000, 0x0000000088300000| Untracked 
| 132|0x0000000088400000, 0x0000000088400000, 0x0000000088500000|  0%| F|  |TAMS 0x0000000088400000, 0x0000000088400000| Untracked 
| 133|0x0000000088500000, 0x0000000088500000, 0x0000000088600000|  0%| F|  |TAMS 0x0000000088500000, 0x0000000088500000| Untracked 
| 134|0x0000000088600000, 0x0000000088600000, 0x0000000088700000|  0%| F|  |TAMS 0x0000000088600000, 0x0000000088600000| Untracked 
| 135|0x0000000088700000, 0x0000000088700000, 0x0000000088800000|  0%| F|  |TAMS 0x0000000088700000, 0x0000000088700000| Untracked 
| 136|0x0000000088800000, 0x0000000088800000, 0x0000000088900000|  0%| F|  |TAMS 0x0000000088800000, 0x0000000088800000| Untracked 
| 137|0x0000000088900000, 0x0000000088900000, 0x0000000088a00000|  0%| F|  |TAMS 0x0000000088900000, 0x0000000088900000| Untracked 
| 138|0x0000000088a00000, 0x0000000088a00000, 0x0000000088b00000|  0%| F|  |TAMS 0x0000000088a00000, 0x0000000088a00000| Untracked 
| 139|0x0000000088b00000, 0x0000000088b00000, 0x0000000088c00000|  0%| F|  |TAMS 0x0000000088b00000, 0x0000000088b00000| Untracked 
| 140|0x0000000088c00000, 0x0000000088c00000, 0x0000000088d00000|  0%| F|  |TAMS 0x0000000088c00000, 0x0000000088c00000| Untracked 
| 141|0x0000000088d00000, 0x0000000088d00000, 0x0000000088e00000|  0%| F|  |TAMS 0x0000000088d00000, 0x0000000088d00000| Untracked 
| 142|0x0000000088e00000, 0x0000000088e00000, 0x0000000088f00000|  0%| F|  |TAMS 0x0000000088e00000, 0x0000000088e00000| Untracked 
| 143|0x0000000088f00000, 0x0000000088f00000, 0x0000000089000000|  0%| F|  |TAMS 0x0000000088f00000, 0x0000000088f00000| Untracked 
| 144|0x0000000089000000, 0x0000000089000000, 0x0000000089100000|  0%| F|  |TAMS 0x0000000089000000, 0x0000000089000000| Untracked 
| 145|0x0000000089100000, 0x0000000089100000, 0x0000000089200000|  0%| F|  |TAMS 0x0000000089100000, 0x0000000089100000| Untracked 
| 146|0x0000000089200000, 0x0000000089200000, 0x0000000089300000|  0%| F|  |TAMS 0x0000000089200000, 0x0000000089200000| Untracked 
| 147|0x0000000089300000, 0x0000000089300000, 0x0000000089400000|  0%| F|  |TAMS 0x0000000089300000, 0x0000000089300000| Untracked 
| 148|0x0000000089400000, 0x0000000089400000, 0x0000000089500000|  0%| F|  |TAMS 0x0000000089400000, 0x0000000089400000| Untracked 
| 149|0x0000000089500000, 0x0000000089500000, 0x0000000089600000|  0%| F|  |TAMS 0x0000000089500000, 0x0000000089500000| Untracked 
| 150|0x0000000089600000, 0x0000000089600000, 0x0000000089700000|  0%| F|  |TAMS 0x0000000089600000, 0x0000000089600000| Untracked 
| 151|0x0000000089700000, 0x0000000089700000, 0x0000000089800000|  0%| F|  |TAMS 0x0000000089700000, 0x0000000089700000| Untracked 
| 152|0x0000000089800000, 0x0000000089800000, 0x0000000089900000|  0%| F|  |TAMS 0x0000000089800000, 0x0000000089800000| Untracked 
| 153|0x0000000089900000, 0x0000000089900000, 0x0000000089a00000|  0%| F|  |TAMS 0x0000000089900000, 0x0000000089900000| Untracked 
| 154|0x0000000089a00000, 0x0000000089a00000, 0x0000000089b00000|  0%| F|  |TAMS 0x0000000089a00000, 0x0000000089a00000| Untracked 
| 155|0x0000000089b00000, 0x0000000089b00000, 0x0000000089c00000|  0%| F|  |TAMS 0x0000000089b00000, 0x0000000089b00000| Untracked 
| 156|0x0000000089c00000, 0x0000000089c00000, 0x0000000089d00000|  0%| F|  |TAMS 0x0000000089c00000, 0x0000000089c00000| Untracked 
| 157|0x0000000089d00000, 0x0000000089d00000, 0x0000000089e00000|  0%| F|  |TAMS 0x0000000089d00000, 0x0000000089d00000| Untracked 
| 158|0x0000000089e00000, 0x0000000089ef1810, 0x0000000089f00000| 94%| S|CS|TAMS 0x0000000089e00000, 0x0000000089e00000| Complete 
| 159|0x0000000089f00000, 0x0000000089f00000, 0x000000008a000000|  0%| F|  |TAMS 0x0000000089f00000, 0x0000000089f00000| Untracked 
| 160|0x000000008a000000, 0x000000008a000000, 0x000000008a100000|  0%| F|  |TAMS 0x000000008a000000, 0x000000008a000000| Untracked 
| 161|0x000000008a100000, 0x000000008a100000, 0x000000008a200000|  0%| F|  |TAMS 0x000000008a100000, 0x000000008a100000| Untracked 
| 162|0x000000008a200000, 0x000000008a200000, 0x000000008a300000|  0%| F|  |TAMS 0x000000008a200000, 0x000000008a200000| Untracked 
| 163|0x000000008a300000, 0x000000008a300000, 0x000000008a400000|  0%| F|  |TAMS 0x000000008a300000, 0x000000008a300000| Untracked 
| 164|0x000000008a400000, 0x000000008a400000, 0x000000008a500000|  0%| F|  |TAMS 0x000000008a400000, 0x000000008a400000| Untracked 
| 165|0x000000008a500000, 0x000000008a500000, 0x000000008a600000|  0%| F|  |TAMS 0x000000008a500000, 0x000000008a500000| Untracked 
| 166|0x000000008a600000, 0x000000008a600000, 0x000000008a700000|  0%| F|  |TAMS 0x000000008a600000, 0x000000008a600000| Untracked 
| 167|0x000000008a700000, 0x000000008a700000, 0x000000008a800000|  0%| F|  |TAMS 0x000000008a700000, 0x000000008a700000| Untracked 
| 168|0x000000008a800000, 0x000000008a800000, 0x000000008a900000|  0%| F|  |TAMS 0x000000008a800000, 0x000000008a800000| Untracked 
| 169|0x000000008a900000, 0x000000008a900000, 0x000000008aa00000|  0%| F|  |TAMS 0x000000008a900000, 0x000000008a900000| Untracked 
| 170|0x000000008aa00000, 0x000000008aa00000, 0x000000008ab00000|  0%| F|  |TAMS 0x000000008aa00000, 0x000000008aa00000| Untracked 
| 171|0x000000008ab00000, 0x000000008ab00000, 0x000000008ac00000|  0%| F|  |TAMS 0x000000008ab00000, 0x000000008ab00000| Untracked 
| 172|0x000000008ac00000, 0x000000008ac00000, 0x000000008ad00000|  0%| F|  |TAMS 0x000000008ac00000, 0x000000008ac00000| Untracked 
| 173|0x000000008ad00000, 0x000000008ad00000, 0x000000008ae00000|  0%| F|  |TAMS 0x000000008ad00000, 0x000000008ad00000| Untracked 
| 174|0x000000008ae00000, 0x000000008ae00000, 0x000000008af00000|  0%| F|  |TAMS 0x000000008ae00000, 0x000000008ae00000| Untracked 
| 175|0x000000008af00000, 0x000000008af00000, 0x000000008b000000|  0%| F|  |TAMS 0x000000008af00000, 0x000000008af00000| Untracked 
| 176|0x000000008b000000, 0x000000008b000000, 0x000000008b100000|  0%| F|  |TAMS 0x000000008b000000, 0x000000008b000000| Untracked 
| 177|0x000000008b100000, 0x000000008b100000, 0x000000008b200000|  0%| F|  |TAMS 0x000000008b100000, 0x000000008b100000| Untracked 
| 178|0x000000008b200000, 0x000000008b200000, 0x000000008b300000|  0%| F|  |TAMS 0x000000008b200000, 0x000000008b200000| Untracked 
| 179|0x000000008b300000, 0x000000008b300000, 0x000000008b400000|  0%| F|  |TAMS 0x000000008b300000, 0x000000008b300000| Untracked 
| 180|0x000000008b400000, 0x000000008b400000, 0x000000008b500000|  0%| F|  |TAMS 0x000000008b400000, 0x000000008b400000| Untracked 
| 181|0x000000008b500000, 0x000000008b500000, 0x000000008b600000|  0%| F|  |TAMS 0x000000008b500000, 0x000000008b500000| Untracked 
| 182|0x000000008b600000, 0x000000008b600000, 0x000000008b700000|  0%| F|  |TAMS 0x000000008b600000, 0x000000008b600000| Untracked 
| 183|0x000000008b700000, 0x000000008b700000, 0x000000008b800000|  0%| F|  |TAMS 0x000000008b700000, 0x000000008b700000| Untracked 
| 184|0x000000008b800000, 0x000000008b800000, 0x000000008b900000|  0%| F|  |TAMS 0x000000008b800000, 0x000000008b800000| Untracked 
| 185|0x000000008b900000, 0x000000008b900000, 0x000000008ba00000|  0%| F|  |TAMS 0x000000008b900000, 0x000000008b900000| Untracked 
| 186|0x000000008ba00000, 0x000000008ba00000, 0x000000008bb00000|  0%| F|  |TAMS 0x000000008ba00000, 0x000000008ba00000| Untracked 
| 187|0x000000008bb00000, 0x000000008bb00000, 0x000000008bc00000|  0%| F|  |TAMS 0x000000008bb00000, 0x000000008bb00000| Untracked 
| 188|0x000000008bc00000, 0x000000008bc00000, 0x000000008bd00000|  0%| F|  |TAMS 0x000000008bc00000, 0x000000008bc00000| Untracked 
| 189|0x000000008bd00000, 0x000000008bd00000, 0x000000008be00000|  0%| F|  |TAMS 0x000000008bd00000, 0x000000008bd00000| Untracked 
| 190|0x000000008be00000, 0x000000008be00000, 0x000000008bf00000|  0%| F|  |TAMS 0x000000008be00000, 0x000000008be00000| Untracked 
| 191|0x000000008bf00000, 0x000000008bf00000, 0x000000008c000000|  0%| F|  |TAMS 0x000000008bf00000, 0x000000008bf00000| Untracked 
| 192|0x000000008c000000, 0x000000008c000000, 0x000000008c100000|  0%| F|  |TAMS 0x000000008c000000, 0x000000008c000000| Untracked 
| 193|0x000000008c100000, 0x000000008c100000, 0x000000008c200000|  0%| F|  |TAMS 0x000000008c100000, 0x000000008c100000| Untracked 
| 194|0x000000008c200000, 0x000000008c200000, 0x000000008c300000|  0%| F|  |TAMS 0x000000008c200000, 0x000000008c200000| Untracked 
| 195|0x000000008c300000, 0x000000008c300000, 0x000000008c400000|  0%| F|  |TAMS 0x000000008c300000, 0x000000008c300000| Untracked 
| 196|0x000000008c400000, 0x000000008c400000, 0x000000008c500000|  0%| F|  |TAMS 0x000000008c400000, 0x000000008c400000| Untracked 
| 197|0x000000008c500000, 0x000000008c500000, 0x000000008c600000|  0%| F|  |TAMS 0x000000008c500000, 0x000000008c500000| Untracked 
| 198|0x000000008c600000, 0x000000008c600000, 0x000000008c700000|  0%| F|  |TAMS 0x000000008c600000, 0x000000008c600000| Untracked 
| 199|0x000000008c700000, 0x000000008c700000, 0x000000008c800000|  0%| F|  |TAMS 0x000000008c700000, 0x000000008c700000| Untracked 
| 200|0x000000008c800000, 0x000000008c800000, 0x000000008c900000|  0%| F|  |TAMS 0x000000008c800000, 0x000000008c800000| Untracked 
| 201|0x000000008c900000, 0x000000008c900000, 0x000000008ca00000|  0%| F|  |TAMS 0x000000008c900000, 0x000000008c900000| Untracked 
| 202|0x000000008ca00000, 0x000000008ca00000, 0x000000008cb00000|  0%| F|  |TAMS 0x000000008ca00000, 0x000000008ca00000| Untracked 
| 203|0x000000008cb00000, 0x000000008cb00000, 0x000000008cc00000|  0%| F|  |TAMS 0x000000008cb00000, 0x000000008cb00000| Untracked 
| 204|0x000000008cc00000, 0x000000008cc00000, 0x000000008cd00000|  0%| F|  |TAMS 0x000000008cc00000, 0x000000008cc00000| Untracked 
| 205|0x000000008cd00000, 0x000000008cd00000, 0x000000008ce00000|  0%| F|  |TAMS 0x000000008cd00000, 0x000000008cd00000| Untracked 
| 206|0x000000008ce00000, 0x000000008ce00000, 0x000000008cf00000|  0%| F|  |TAMS 0x000000008ce00000, 0x000000008ce00000| Untracked 
| 207|0x000000008cf00000, 0x000000008cf00000, 0x000000008d000000|  0%| F|  |TAMS 0x000000008cf00000, 0x000000008cf00000| Untracked 
| 208|0x000000008d000000, 0x000000008d000000, 0x000000008d100000|  0%| F|  |TAMS 0x000000008d000000, 0x000000008d000000| Untracked 
| 209|0x000000008d100000, 0x000000008d100000, 0x000000008d200000|  0%| F|  |TAMS 0x000000008d100000, 0x000000008d100000| Untracked 
| 210|0x000000008d200000, 0x000000008d200000, 0x000000008d300000|  0%| F|  |TAMS 0x000000008d200000, 0x000000008d200000| Untracked 
| 211|0x000000008d300000, 0x000000008d300000, 0x000000008d400000|  0%| F|  |TAMS 0x000000008d300000, 0x000000008d300000| Untracked 
| 212|0x000000008d400000, 0x000000008d400000, 0x000000008d500000|  0%| F|  |TAMS 0x000000008d400000, 0x000000008d400000| Untracked 
| 213|0x000000008d500000, 0x000000008d500000, 0x000000008d600000|  0%| F|  |TAMS 0x000000008d500000, 0x000000008d500000| Untracked 
| 214|0x000000008d600000, 0x000000008d600000, 0x000000008d700000|  0%| F|  |TAMS 0x000000008d600000, 0x000000008d600000| Untracked 
| 215|0x000000008d700000, 0x000000008d700000, 0x000000008d800000|  0%| F|  |TAMS 0x000000008d700000, 0x000000008d700000| Untracked 
| 216|0x000000008d800000, 0x000000008d800000, 0x000000008d900000|  0%| F|  |TAMS 0x000000008d800000, 0x000000008d800000| Untracked 
| 217|0x000000008d900000, 0x000000008d900000, 0x000000008da00000|  0%| F|  |TAMS 0x000000008d900000, 0x000000008d900000| Untracked 
| 218|0x000000008da00000, 0x000000008da00000, 0x000000008db00000|  0%| F|  |TAMS 0x000000008da00000, 0x000000008da00000| Untracked 
| 219|0x000000008db00000, 0x000000008db00000, 0x000000008dc00000|  0%| F|  |TAMS 0x000000008db00000, 0x000000008db00000| Untracked 
| 220|0x000000008dc00000, 0x000000008dc00000, 0x000000008dd00000|  0%| F|  |TAMS 0x000000008dc00000, 0x000000008dc00000| Untracked 
| 221|0x000000008dd00000, 0x000000008dd00000, 0x000000008de00000|  0%| F|  |TAMS 0x000000008dd00000, 0x000000008dd00000| Untracked 

Card table byte_map: [0x0000025bc99f0000,0x0000025bc9df0000] _byte_map_base: 0x0000025bc95f0000

Marking Bits (Prev, Next): (CMBitMap*) 0x0000025bb6b1cf80, (CMBitMap*) 0x0000025bb6b1cf48
 Prev Bits: [0x0000025bcc1f0000, 0x0000025bce1f0000)
 Next Bits: [0x0000025bca1f0000, 0x0000025bcc1f0000)

Polling page: 0x0000025bb4960000

Metaspace:

Usage:
  Non-class:     94.14 MB capacity,    92.60 MB ( 98%) used,     1.21 MB (  1%) free+waste,   340.31 KB ( <1%) overhead. 
      Class:     14.53 MB capacity,    13.48 MB ( 93%) used,   923.21 KB (  6%) free+waste,   149.13 KB (  1%) overhead. 
       Both:    108.67 MB capacity,   106.08 MB ( 98%) used,     2.11 MB (  2%) free+waste,   489.44 KB ( <1%) overhead. 

Virtual space:
  Non-class space:       96.00 MB reserved,      94.22 MB ( 98%) committed 
      Class space:        1.00 GB reserved,      14.53 MB (  1%) committed 
             Both:        1.09 GB reserved,     108.75 MB ( 10%) committed 

Chunk freelists:
   Non-Class:  17.00 KB
       Class:  5.00 KB
        Both:  22.00 KB

MaxMetaspaceSize: 17179869184.00 GB
CompressedClassSpaceSize: 1.00 GB
Initial GC threshold: 20.80 MB
Current GC threshold: 181.25 MB
CDS: off

CodeHeap 'non-profiled nmethods': size=120064Kb used=9598Kb max_used=9598Kb free=110465Kb
 bounds [0x0000025bc20b0000, 0x0000025bc2a10000, 0x0000025bc95f0000]
CodeHeap 'profiled nmethods': size=120000Kb used=35668Kb max_used=35668Kb free=84331Kb
 bounds [0x0000025bbab80000, 0x0000025bbce60000, 0x0000025bc20b0000]
CodeHeap 'non-nmethods': size=5696Kb used=2403Kb max_used=2467Kb free=3292Kb
 bounds [0x0000025bba5f0000, 0x0000025bba870000, 0x0000025bbab80000]
 total_blobs=16134 nmethods=15203 adapters=840
 compilation: enabled
              stopped_count=0, restarted_count=0
 full_count=0

Compilation events (20 events):
Event: 21.312 Thread 0x0000025bd0707000 15357       3       com.android.tools.r8.internal.Rh::<init> (354 bytes)
Event: 21.313 Thread 0x0000025bd0707000 nmethod 15357 0x0000025bbce4eb10 code [0x0000025bbce4efc0, 0x0000025bbce51838]
Event: 21.337 Thread 0x0000025bd0707000 15359       2       com.android.tools.r8.graph.l0::R0 (40 bytes)
Event: 21.337 Thread 0x0000025bd0707000 nmethod 15359 0x0000025bbce52610 code [0x0000025bbce527c0, 0x0000025bbce528d8]
Event: 21.342 Thread 0x0000025bd0707000 15360       1       org.gradle.internal.snapshot.AbstractListChildMap::isEmpty (2 bytes)
Event: 21.342 Thread 0x0000025bd0707000 nmethod 15360 0x0000025bc2a0f890 code [0x0000025bc2a0fa40, 0x0000025bc2a0faf8]
Event: 21.343 Thread 0x0000025bd0707000 15361       2       com.google.gson.TypeAdapter::<init> (5 bytes)
Event: 21.343 Thread 0x0000025bd0707000 nmethod 15361 0x0000025bbce52990 code [0x0000025bbce52b40, 0x0000025bbce52c38]
Event: 21.344 Thread 0x0000025bd0707000 15362       2       com.android.tools.r8.internal.bt::<init> (7 bytes)
Event: 21.344 Thread 0x0000025bd0707000 nmethod 15362 0x0000025bbce52d10 code [0x0000025bbce52ec0, 0x0000025bbce52fc8]
Event: 21.345 Thread 0x0000025bd0707000 15363       2       com.android.tools.r8.synthesis.y::e (13 bytes)
Event: 21.345 Thread 0x0000025bd0707000 nmethod 15363 0x0000025bbce53090 code [0x0000025bbce53240, 0x0000025bbce53338]
Event: 21.345 Thread 0x0000025bd0707000 15364       2       com.android.tools.r8.synthesis.z$b::<init> (15 bytes)
Event: 21.345 Thread 0x0000025bd0707000 nmethod 15364 0x0000025bbce53410 code [0x0000025bbce535c0, 0x0000025bbce53718]
Event: 21.345 Thread 0x0000025bd0707000 15366       2       java.lang.Integer::toString (8 bytes)
Event: 21.345 Thread 0x0000025bd0707000 nmethod 15366 0x0000025bbce53790 code [0x0000025bbce53940, 0x0000025bbce53a48]
Event: 21.345 Thread 0x0000025bd0707000 15365       2       com.android.tools.r8.synthesis.y::a (48 bytes)
Event: 21.345 Thread 0x0000025bd0707000 nmethod 15365 0x0000025bbce53b10 code [0x0000025bbce53d40, 0x0000025bbce54358]
Event: 21.354 Thread 0x0000025bd0707000 15367       2       java.util.concurrent.ConcurrentHashMap::get (162 bytes)
Event: 21.354 Thread 0x0000025bd0707000 nmethod 15367 0x0000025bbce54710 code [0x0000025bbce54920, 0x0000025bbce54eb8]

GC Heap History (20 events):
Event: 18.459 GC heap after
{Heap after GC invocations=35 (full 0):
 garbage-first heap   total 227328K, used 111616K [0x0000000080000000, 0x0000000100000000)
  region size 1024K, 2 young (2048K), 2 survivors (2048K)
 Metaspace       used 107244K, capacity 109693K, committed 110080K, reserved 1144832K
  class space    used 13653K, capacity 14656K, committed 14880K, reserved 1048576K
}
Event: 18.912 GC heap before
{Heap before GC invocations=36 (full 0):
 garbage-first heap   total 227328K, used 183296K [0x0000000080000000, 0x0000000100000000)
  region size 1024K, 72 young (73728K), 2 survivors (2048K)
 Metaspace       used 107977K, capacity 110481K, committed 110592K, reserved 1144832K
  class space    used 13750K, capacity 14786K, committed 14880K, reserved 1048576K
}
Event: 18.918 GC heap after
{Heap after GC invocations=37 (full 0):
 garbage-first heap   total 227328K, used 112437K [0x0000000080000000, 0x0000000100000000)
  region size 1024K, 3 young (3072K), 3 survivors (3072K)
 Metaspace       used 107977K, capacity 110481K, committed 110592K, reserved 1144832K
  class space    used 13750K, capacity 14786K, committed 14880K, reserved 1048576K
}
Event: 19.166 GC heap before
{Heap before GC invocations=37 (full 0):
 garbage-first heap   total 227328K, used 185141K [0x0000000080000000, 0x0000000100000000)
  region size 1024K, 74 young (75776K), 3 survivors (3072K)
 Metaspace       used 108320K, capacity 110861K, committed 111104K, reserved 1146880K
  class space    used 13792K, capacity 14840K, committed 14880K, reserved 1048576K
}
Event: 19.172 GC heap after
{Heap after GC invocations=38 (full 0):
 garbage-first heap   total 227328K, used 111953K [0x0000000080000000, 0x0000000100000000)
  region size 1024K, 3 young (3072K), 3 survivors (3072K)
 Metaspace       used 108320K, capacity 110861K, committed 111104K, reserved 1146880K
  class space    used 13792K, capacity 14840K, committed 14880K, reserved 1048576K
}
Event: 19.636 GC heap before
{Heap before GC invocations=39 (full 0):
 garbage-first heap   total 227328K, used 186705K [0x0000000080000000, 0x0000000100000000)
  region size 1024K, 76 young (77824K), 3 survivors (3072K)
 Metaspace       used 108346K, capacity 110893K, committed 111104K, reserved 1146880K
  class space    used 13798K, capacity 14872K, committed 14880K, reserved 1048576K
}
Event: 19.646 GC heap after
{Heap after GC invocations=40 (full 0):
 garbage-first heap   total 227328K, used 112051K [0x0000000080000000, 0x0000000100000000)
  region size 1024K, 3 young (3072K), 3 survivors (3072K)
 Metaspace       used 108346K, capacity 110893K, committed 111104K, reserved 1146880K
  class space    used 13798K, capacity 14872K, committed 14880K, reserved 1048576K
}
Event: 19.893 GC heap before
{Heap before GC invocations=40 (full 0):
 garbage-first heap   total 227328K, used 187827K [0x0000000080000000, 0x0000000100000000)
  region size 1024K, 77 young (78848K), 3 survivors (3072K)
 Metaspace       used 108436K, capacity 110979K, committed 111104K, reserved 1146880K
  class space    used 13798K, capacity 14872K, committed 14880K, reserved 1048576K
}
Event: 19.898 GC heap after
{Heap after GC invocations=41 (full 0):
 garbage-first heap   total 227328K, used 112872K [0x0000000080000000, 0x0000000100000000)
  region size 1024K, 4 young (4096K), 4 survivors (4096K)
 Metaspace       used 108436K, capacity 110979K, committed 111104K, reserved 1146880K
  class space    used 13798K, capacity 14872K, committed 14880K, reserved 1048576K
}
Event: 20.438 GC heap before
{Heap before GC invocations=42 (full 0):
 garbage-first heap   total 227328K, used 190696K [0x0000000080000000, 0x0000000100000000)
  region size 1024K, 79 young (80896K), 4 survivors (4096K)
 Metaspace       used 108535K, capacity 111069K, committed 111104K, reserved 1146880K
  class space    used 13802K, capacity 14874K, committed 14880K, reserved 1048576K
}
Event: 20.443 GC heap after
{Heap after GC invocations=43 (full 0):
 garbage-first heap   total 227328K, used 112038K [0x0000000080000000, 0x0000000100000000)
  region size 1024K, 3 young (3072K), 3 survivors (3072K)
 Metaspace       used 108535K, capacity 111069K, committed 111104K, reserved 1146880K
  class space    used 13802K, capacity 14874K, committed 14880K, reserved 1048576K
}
Event: 20.474 GC heap before
{Heap before GC invocations=43 (full 0):
 garbage-first heap   total 227328K, used 119206K [0x0000000080000000, 0x0000000100000000)
  region size 1024K, 11 young (11264K), 3 survivors (3072K)
 Metaspace       used 108538K, capacity 111069K, committed 111104K, reserved 1146880K
  class space    used 13802K, capacity 14874K, committed 14880K, reserved 1048576K
}
Event: 20.480 GC heap after
{Heap after GC invocations=44 (full 0):
 garbage-first heap   total 227328K, used 111697K [0x0000000080000000, 0x0000000100000000)
  region size 1024K, 2 young (2048K), 2 survivors (2048K)
 Metaspace       used 108538K, capacity 111069K, committed 111104K, reserved 1146880K
  class space    used 13802K, capacity 14874K, committed 14880K, reserved 1048576K
}
Event: 20.700 GC heap before
{Heap before GC invocations=44 (full 0):
 garbage-first heap   total 227328K, used 191569K [0x0000000080000000, 0x0000000100000000)
  region size 1024K, 80 young (81920K), 2 survivors (2048K)
 Metaspace       used 108583K, capacity 111206K, committed 111360K, reserved 1146880K
  class space    used 13802K, capacity 14874K, committed 14880K, reserved 1048576K
}
Event: 20.725 GC heap after
{Heap after GC invocations=45 (full 0):
 garbage-first heap   total 227328K, used 121621K [0x0000000080000000, 0x0000000100000000)
  region size 1024K, 10 young (10240K), 10 survivors (10240K)
 Metaspace       used 108583K, capacity 111206K, committed 111360K, reserved 1146880K
  class space    used 13802K, capacity 14874K, committed 14880K, reserved 1048576K
}
Event: 21.116 GC heap before
{Heap before GC invocations=46 (full 0):
 garbage-first heap   total 227328K, used 190229K [0x0000000080000000, 0x0000000100000000)
  region size 1024K, 77 young (78848K), 10 survivors (10240K)
 Metaspace       used 108614K, capacity 111206K, committed 111360K, reserved 1146880K
  class space    used 13802K, capacity 14874K, committed 14880K, reserved 1048576K
}
Event: 21.128 GC heap after
{Heap after GC invocations=47 (full 0):
 garbage-first heap   total 227328K, used 128388K [0x0000000080000000, 0x0000000100000000)
  region size 1024K, 9 young (9216K), 9 survivors (9216K)
 Metaspace       used 108614K, capacity 111206K, committed 111360K, reserved 1146880K
  class space    used 13802K, capacity 14874K, committed 14880K, reserved 1048576K
}
Event: 21.133 GC heap before
{Heap before GC invocations=47 (full 0):
 garbage-first heap   total 227328K, used 130436K [0x0000000080000000, 0x0000000100000000)
  region size 1024K, 11 young (11264K), 9 survivors (9216K)
 Metaspace       used 108614K, capacity 111206K, committed 111360K, reserved 1146880K
  class space    used 13802K, capacity 14874K, committed 14880K, reserved 1048576K
}
Event: 21.139 GC heap after
{Heap after GC invocations=48 (full 0):
 garbage-first heap   total 227328K, used 125853K [0x0000000080000000, 0x0000000100000000)
  region size 1024K, 1 young (1024K), 1 survivors (1024K)
 Metaspace       used 108614K, capacity 111206K, committed 111360K, reserved 1146880K
  class space    used 13802K, capacity 14874K, committed 14880K, reserved 1048576K
}
Event: 21.359 GC heap before
{Heap before GC invocations=48 (full 0):
 garbage-first heap   total 227328K, used 189341K [0x0000000080000000, 0x0000000100000000)
  region size 1024K, 63 young (64512K), 1 survivors (1024K)
 Metaspace       used 108627K, capacity 111274K, committed 111360K, reserved 1146880K
  class space    used 13802K, capacity 14875K, committed 14880K, reserved 1048576K
}

Deoptimization events (20 events):
Event: 21.075 Thread 0x0000025bd62b2000 DEOPT PACKING pc=0x0000025bbcdd99d5 sp=0x000000bfe56fa500
Event: 21.075 Thread 0x0000025bd62b2000 DEOPT UNPACKING pc=0x0000025bba63a95e sp=0x000000bfe56f9a20 mode 0
Event: 21.080 Thread 0x0000025bd62b2000 DEOPT PACKING pc=0x0000025bbcdd99d5 sp=0x000000bfe56f8f40
Event: 21.080 Thread 0x0000025bd62b2000 DEOPT UNPACKING pc=0x0000025bba63a95e sp=0x000000bfe56f8460 mode 0
Event: 21.146 Thread 0x0000025bddf8a000 DEOPT PACKING pc=0x0000025bbc885180 sp=0x000000bfe6af5ae0
Event: 21.146 Thread 0x0000025bddf8a000 DEOPT UNPACKING pc=0x0000025bba63a95e sp=0x000000bfe6af52a0 mode 0
Event: 21.189 Thread 0x0000025bddf8a000 DEOPT PACKING pc=0x0000025bbc885180 sp=0x000000bfe6af5ae0
Event: 21.189 Thread 0x0000025bddf8a000 DEOPT UNPACKING pc=0x0000025bba63a95e sp=0x000000bfe6af52a0 mode 0
Event: 21.215 Thread 0x0000025bddf8a000 DEOPT PACKING pc=0x0000025bbc885180 sp=0x000000bfe6af5ae0
Event: 21.215 Thread 0x0000025bddf8a000 DEOPT UNPACKING pc=0x0000025bba63a95e sp=0x000000bfe6af52a0 mode 0
Event: 21.267 Thread 0x0000025bddf8a000 DEOPT PACKING pc=0x0000025bbc6ef911 sp=0x000000bfe6af5a40
Event: 21.267 Thread 0x0000025bddf8a000 DEOPT UNPACKING pc=0x0000025bba63a95e sp=0x000000bfe6af52d0 mode 0
Event: 21.341 Thread 0x0000025bd62b2000 Uncommon trap: trap_request=0xffffffde fr.pc=0x0000025bc2713bb4 relative=0x0000000000000274
Event: 21.341 Thread 0x0000025bd62b2000 Uncommon trap: reason=class_check action=maybe_recompile pc=0x0000025bc2713bb4 method=java.util.concurrent.ConcurrentHashMap.get(Ljava/lang/Object;)Ljava/lang/Object; @ 93 c2
Event: 21.341 Thread 0x0000025bd62b2000 DEOPT PACKING pc=0x0000025bc2713bb4 sp=0x000000bfe56fdad0
Event: 21.341 Thread 0x0000025bd62b2000 DEOPT UNPACKING pc=0x0000025bba63a1af sp=0x000000bfe56fda28 mode 2
Event: 21.344 Thread 0x0000025bd62b2000 DEOPT PACKING pc=0x0000025bbcdd99d5 sp=0x000000bfe56fa190
Event: 21.344 Thread 0x0000025bd62b2000 DEOPT UNPACKING pc=0x0000025bba63a95e sp=0x000000bfe56f96b0 mode 0
Event: 21.346 Thread 0x0000025bd62b2000 DEOPT PACKING pc=0x0000025bbcdd99d5 sp=0x000000bfe56f9000
Event: 21.346 Thread 0x0000025bd62b2000 DEOPT UNPACKING pc=0x0000025bba63a95e sp=0x000000bfe56f8520 mode 0

Classes redefined (0 events):
No events

Internal exceptions (20 events):
Event: 15.337 Thread 0x0000025bddf8a000 Exception <a 'java/lang/IncompatibleClassChangeError'{0x000000008b8f70f8}: Found class java.lang.Object, but interface was expected> (0x000000008b8f70f8) thrown at [./src/hotspot/share/interpreter/linkResolver.cpp, line 839]
Event: 15.544 Thread 0x0000025bd6dd6800 Exception <a 'java/lang/NoSuchMethodError'{0x0000000089fedf60}: 'java.lang.Object java.lang.invoke.DirectMethodHandle$Holder.invokeStatic(java.lang.Object, int, java.lang.Object, java.lang.Object)'> (0x0000000089fedf60) thrown at [./src/hotspot/share/interpreter/linkResolver.cpp, line 773]
Event: 15.544 Thread 0x0000025bddf8a000 Exception <a 'java/lang/NoSuchMethodError'{0x0000000089fa6cb8}: 'java.lang.Object java.lang.invoke.DirectMethodHandle$Holder.invokeStatic(java.lang.Object, int, java.lang.Object, java.lang.Object)'> (0x0000000089fa6cb8) thrown at [./src/hotspot/share/interpreter/linkResolver.cpp, line 773]
Event: 15.779 Thread 0x0000025bd62b2000 Exception <a 'java/lang/IncompatibleClassChangeError'{0x000000008ac61098}: Found class java.lang.Object, but interface was expected> (0x000000008ac61098) thrown at [./src/hotspot/share/interpreter/linkResolver.cpp, line 839]
Event: 15.779 Thread 0x0000025bd62b2000 Exception <a 'java/lang/IncompatibleClassChangeError'{0x000000008ac6a4e8}: Found class java.lang.Object, but interface was expected> (0x000000008ac6a4e8) thrown at [./src/hotspot/share/interpreter/linkResolver.cpp, line 839]
Event: 15.982 Thread 0x0000025bddf8a000 Exception <a 'java/lang/NoSuchMethodError'{0x0000000089e3ea28}: 'void java.lang.invoke.DirectMethodHandle$Holder.invokeSpecial(java.lang.Object, java.lang.Object, int, java.lang.Object)'> (0x0000000089e3ea28) thrown at [./src/hotspot/share/interpreter/linkResolver.cpp, line 773]
Event: 16.149 Thread 0x0000025bd62b2000 Exception <a 'java/lang/NoSuchMethodError'{0x0000000089290a88}: 'java.lang.Object java.lang.invoke.DirectMethodHandle$Holder.invokeInterface(java.lang.Object, java.lang.Object, int)'> (0x0000000089290a88) thrown at [./src/hotspot/share/interpreter/linkResolver.cpp, line 773]
Event: 17.603 Thread 0x0000025bd62b2000 Exception <a 'java/lang/NoSuchMethodError'{0x000000008dcdb248}: 'int java.lang.invoke.DirectMethodHandle$Holder.invokeInterface(java.lang.Object, java.lang.Object, int)'> (0x000000008dcdb248) thrown at [./src/hotspot/share/interpreter/linkResolver.cpp, line 773]
Event: 18.284 Thread 0x0000025bd6dd6800 Exception <a 'java/lang/NoSuchMethodError'{0x000000008b183358}: 'java.lang.Object java.lang.invoke.Invokers$Holder.linkToTargetMethod(java.lang.Object, int, java.lang.Object, java.lang.Object, java.lang.Object, java.lang.Object)'> (0x000000008b183358) thrown at [./src/hotspot/share/interpreter/linkResolver.cpp, line 773]
Event: 18.300 Thread 0x0000025bd6dd6800 Exception <a 'java/lang/NoSuchMethodError'{0x000000008b1ac518}: 'void java.lang.invoke.DirectMethodHandle$Holder.invokeStatic(java.lang.Object, java.lang.Object, java.lang.Object, java.lang.Object, java.lang.Object, java.lang.Object, java.lang.Object, java.lang.Object)'> (0x000000008b1ac518) thrown at [./src/hotspot/share/interpreter/linkResolver.cpp, line 773]
Event: 18.711 Thread 0x0000025bd6dd6800 Exception <a 'java/lang/IncompatibleClassChangeError'{0x000000008c0f7660}: Found class java.lang.Object, but interface was expected> (0x000000008c0f7660) thrown at [./src/hotspot/share/interpreter/linkResolver.cpp, line 839]
Event: 19.025 Thread 0x0000025bd6dd6800 Exception <a 'java/lang/NoSuchMethodError'{0x000000008be40ee8}: 'void java.lang.invoke.DirectMethodHandle$Holder.invokeSpecial(java.lang.Object, java.lang.Object, int)'> (0x000000008be40ee8) thrown at [./src/hotspot/share/interpreter/linkResolver.cpp, line 773]
Event: 19.057 Thread 0x0000025bd6dd6800 Exception <a 'sun/nio/fs/WindowsException'{0x000000008bca02d0}> (0x000000008bca02d0) thrown at [./src/hotspot/share/prims/jni.cpp, line 616]
Event: 20.034 Thread 0x0000025bd62b2000 Exception <a 'sun/nio/fs/WindowsException'{0x000000008cfc6b30}> (0x000000008cfc6b30) thrown at [./src/hotspot/share/prims/jni.cpp, line 616]
Event: 20.526 Thread 0x0000025bd62b2000 Exception <a 'sun/nio/fs/WindowsException'{0x000000008ccff348}> (0x000000008ccff348) thrown at [./src/hotspot/share/prims/jni.cpp, line 616]
Event: 20.535 Thread 0x0000025bd6dd6800 Exception <a 'sun/nio/fs/WindowsException'{0x000000008c5e3210}> (0x000000008c5e3210) thrown at [./src/hotspot/share/prims/jni.cpp, line 616]
Event: 20.619 Thread 0x0000025bd62b2000 Exception <a 'sun/nio/fs/WindowsException'{0x000000008a90f808}> (0x000000008a90f808) thrown at [./src/hotspot/share/prims/jni.cpp, line 616]
Event: 21.074 Thread 0x0000025bd62b2000 Exception <a 'sun/nio/fs/WindowsException'{0x000000008a71cef0}> (0x000000008a71cef0) thrown at [./src/hotspot/share/prims/jni.cpp, line 616]
Event: 21.160 Thread 0x0000025bd62b2000 Exception <a 'sun/nio/fs/WindowsException'{0x000000008d3b48a0}> (0x000000008d3b48a0) thrown at [./src/hotspot/share/prims/jni.cpp, line 616]
Event: 21.344 Thread 0x0000025bd62b2000 Exception <a 'sun/nio/fs/WindowsException'{0x000000008a24c6a8}> (0x000000008a24c6a8) thrown at [./src/hotspot/share/prims/jni.cpp, line 616]

Events (20 events):
Event: 20.172 loading class com/android/tools/r8/code/L2 done
Event: 20.173 loading class com/android/tools/r8/internal/vI
Event: 20.173 loading class com/android/tools/r8/internal/vI done
Event: 20.437 Executing VM operation: G1CollectForAllocation
Event: 20.443 Executing VM operation: G1CollectForAllocation done
Event: 20.474 Executing VM operation: G1CollectForAllocation
Event: 20.480 Executing VM operation: G1CollectForAllocation done
Event: 20.699 Executing VM operation: G1CollectForAllocation
Event: 20.725 Executing VM operation: G1CollectForAllocation done
Event: 20.859 Executing VM operation: CGC_Operation
Event: 20.870 Executing VM operation: CGC_Operation done
Event: 20.943 Executing VM operation: CGC_Operation
Event: 20.944 Executing VM operation: CGC_Operation done
Event: 21.116 Executing VM operation: G1CollectForAllocation
Event: 21.128 Executing VM operation: G1CollectForAllocation done
Event: 21.132 Executing VM operation: G1CollectForAllocation
Event: 21.140 Executing VM operation: G1CollectForAllocation done
Event: 21.336 loading class com/android/tools/r8/internal/p7
Event: 21.336 loading class com/android/tools/r8/internal/p7 done
Event: 21.358 Executing VM operation: G1CollectForAllocation


Dynamic libraries:
0x00007ff6c7e70000 - 0x00007ff6c7e7a000 	F:\ \jre\bin\java.exe
0x00007ffe437a0000 - 0x00007ffe43990000 	C:\Windows\SYSTEM32\ntdll.dll
0x00007ffe42470000 - 0x00007ffe42522000 	C:\Windows\System32\KERNEL32.DLL
0x00007ffe40750000 - 0x00007ffe409f3000 	C:\Windows\System32\KERNELBASE.dll
0x00007ffe416c0000 - 0x00007ffe417ba000 	C:\Windows\System32\ucrtbase.dll
0x00007ffe35800000 - 0x00007ffe35819000 	F:\ \jre\bin\jli.dll
0x00007ffe42120000 - 0x00007ffe422b4000 	C:\Windows\System32\USER32.dll
0x00007ffe417c0000 - 0x00007ffe417e1000 	C:\Windows\System32\win32u.dll
0x00007ffe436f0000 - 0x00007ffe43716000 	C:\Windows\System32\GDI32.dll
0x00007ffe412d0000 - 0x00007ffe41464000 	C:\Windows\System32\gdi32full.dll
0x00007ffe40a00000 - 0x00007ffe40a9e000 	C:\Windows\System32\msvcp_win.dll
0x00007ffe357c0000 - 0x00007ffe357d7000 	F:\ \jre\bin\VCRUNTIME140.dll
0x00007ffe2ee70000 - 0x00007ffe2f0f5000 	C:\Windows\WinSxS\amd64_microsoft.windows.common-controls_6595b64144ccf1df_6.0.18362.449_none_e6c7b265130c70a7\COMCTL32.dll
0x00007ffe41d80000 - 0x00007ffe41e1e000 	C:\Windows\System32\msvcrt.dll
0x00007ffe41920000 - 0x00007ffe41c56000 	C:\Windows\System32\combase.dll
0x00007ffe41c60000 - 0x00007ffe41d80000 	C:\Windows\System32\RPCRT4.dll
0x00007ffe40aa0000 - 0x00007ffe40b20000 	C:\Windows\System32\bcryptPrimitives.dll
0x00007ffe43720000 - 0x00007ffe4374e000 	C:\Windows\System32\IMM32.DLL
0x00007ffe19100000 - 0x00007ffe1919d000 	F:\ \jre\bin\msvcp140.dll
0x00007ffe1ab20000 - 0x00007ffe1b622000 	F:\ \jre\bin\server\jvm.dll
0x00007ffe41e40000 - 0x00007ffe41ee3000 	C:\Windows\System32\ADVAPI32.dll
0x00007ffe43650000 - 0x00007ffe436e7000 	C:\Windows\System32\sechost.dll
0x00007ffe43750000 - 0x00007ffe43758000 	C:\Windows\System32\PSAPI.DLL
0x00007ffe3e790000 - 0x00007ffe3e799000 	C:\Windows\SYSTEM32\WSOCK32.dll
0x00007ffe42c90000 - 0x00007ffe42cff000 	C:\Windows\System32\WS2_32.dll
0x00007ffe3e620000 - 0x00007ffe3e644000 	C:\Windows\SYSTEM32\WINMM.dll
0x00007ffe393b0000 - 0x00007ffe393ba000 	C:\Windows\SYSTEM32\VERSION.dll
0x00007ffe3e5f0000 - 0x00007ffe3e61d000 	C:\Windows\SYSTEM32\WINMMBASE.dll
0x00007ffe415c0000 - 0x00007ffe4160a000 	C:\Windows\System32\cfgmgr32.dll
0x00007ffe40680000 - 0x00007ffe40691000 	C:\Windows\System32\kernel.appcore.dll
0x00007ffe3e770000 - 0x00007ffe3e781000 	F:\ \jre\bin\verify.dll
0x00007ffe3a0b0000 - 0x00007ffe3a2a4000 	C:\Windows\SYSTEM32\DBGHELP.DLL
0x00007ffe20ae0000 - 0x00007ffe20b0a000 	C:\Windows\SYSTEM32\dbgcore.DLL
0x00007ffe3e740000 - 0x00007ffe3e769000 	F:\ \jre\bin\java.dll
0x00007ffe3e730000 - 0x00007ffe3e73b000 	F:\ \jre\bin\jimage.dll
0x00007ffe3d000000 - 0x00007ffe3d018000 	F:\ \jre\bin\zip.dll
0x00007ffe42540000 - 0x00007ffe42c25000 	C:\Windows\System32\SHELL32.dll
0x00007ffe435a0000 - 0x00007ffe43649000 	C:\Windows\System32\shcore.dll
0x00007ffe40b50000 - 0x00007ffe412ce000 	C:\Windows\System32\windows.storage.dll
0x00007ffe406a0000 - 0x00007ffe406bf000 	C:\Windows\System32\profapi.dll
0x00007ffe406c0000 - 0x00007ffe4070a000 	C:\Windows\System32\powrprof.dll
0x00007ffe40670000 - 0x00007ffe40680000 	C:\Windows\System32\UMPDC.dll
0x00007ffe42410000 - 0x00007ffe42462000 	C:\Windows\System32\shlwapi.dll
0x00007ffe40730000 - 0x00007ffe40747000 	C:\Windows\System32\cryptsp.dll
0x00007ffe3bb10000 - 0x00007ffe3bb2a000 	F:\ \jre\bin\net.dll
0x00007ffe3b4f0000 - 0x00007ffe3b5e0000 	C:\Windows\SYSTEM32\WINHTTP.dll
0x00007ffe3fee0000 - 0x00007ffe3ff47000 	C:\Windows\system32\mswsock.dll
0x00007ffe35c10000 - 0x00007ffe35c24000 	F:\ \jre\bin\nio.dll
0x00007ffe340a0000 - 0x00007ffe340c7000 	C:\Users\69\.gradle\native\e1d6ef7f7dcc3fd88c89a11ec53ec762bb8ba0a96d01ffa2cd45eb1d1d8dd5c5\windows-amd64\native-platform.dll
0x00007ffe18540000 - 0x00007ffe18684000 	C:\Users\69\.gradle\native\0d407fdbe67a94daf76414ababcb853783967236a71b16ec16e742cd7a986fd3\windows-amd64\native-platform-file-events.dll
0x00007ffe3e7f0000 - 0x00007ffe3e7fa000 	F:\ \jre\bin\management.dll
0x00007ffe3e7e0000 - 0x00007ffe3e7ed000 	F:\ \jre\bin\management_ext.dll
0x00007ffe3fa50000 - 0x00007ffe3fa83000 	C:\Windows\system32\rsaenh.dll
0x00007ffe40b20000 - 0x00007ffe40b46000 	C:\Windows\System32\bcrypt.dll
0x00007ffe40590000 - 0x00007ffe405b5000 	C:\Windows\SYSTEM32\USERENV.dll
0x00007ffe400b0000 - 0x00007ffe400bc000 	C:\Windows\SYSTEM32\CRYPTBASE.dll
0x00007ffe3fbf0000 - 0x00007ffe3fc2a000 	C:\Windows\SYSTEM32\IPHLPAPI.DLL
0x00007ffe43450000 - 0x00007ffe43458000 	C:\Windows\System32\NSI.dll
0x00007ffe3a070000 - 0x00007ffe3a086000 	C:\Windows\SYSTEM32\dhcpcsvc6.DLL
0x00007ffe3abe0000 - 0x00007ffe3abfc000 	C:\Windows\SYSTEM32\dhcpcsvc.DLL
0x00007ffe3fc30000 - 0x00007ffe3fcfa000 	C:\Windows\SYSTEM32\DNSAPI.dll

dbghelp: loaded successfully - version: 4.0.5 - missing functions: none
symbol engine: initialized successfully - sym options: 0x614 - pdb path: .;F:\ \jre\bin;C:\Windows\SYSTEM32;C:\Windows\WinSxS\amd64_microsoft.windows.common-controls_6595b64144ccf1df_6.0.18362.449_none_e6c7b265130c70a7;F:\ \jre\bin\server;C:\Users\69\.gradle\native\e1d6ef7f7dcc3fd88c89a11ec53ec762bb8ba0a96d01ffa2cd45eb1d1d8dd5c5\windows-amd64;C:\Users\69\.gradle\native\0d407fdbe67a94daf76414ababcb853783967236a71b16ec16e742cd7a986fd3\windows-amd64

VM Arguments:
jvm_args: --add-opens=java.base/java.util=ALL-UNNAMED --add-opens=java.base/java.lang=ALL-UNNAMED --add-opens=java.base/java.lang.invoke=ALL-UNNAMED --add-opens=java.base/java.util=ALL-UNNAMED --add-opens=java.prefs/java.util.prefs=ALL-UNNAMED --add-opens=java.prefs/java.util.prefs=ALL-UNNAMED --add-opens=java.base/java.nio.charset=ALL-UNNAMED --add-opens=java.base/java.net=ALL-UNNAMED --add-opens=java.base/java.util.concurrent.atomic=ALL-UNNAMED -Xmx2048m -Dfile.encoding=UTF-8 -Duser.country=RU -Duser.language=ru -Duser.variant 
java_command: org.gradle.launcher.daemon.bootstrap.GradleDaemon 7.4
java_class_path (initial): C:\Users\69\.gradle\wrapper\dists\gradle-7.4-bin\c0gwcg53nkjbqw7r0h0umtfvt\gradle-7.4\lib\gradle-launcher-7.4.jar
Launcher Type: SUN_STANDARD

[Global flags]
     intx CICompilerCount                          = 3                                         {product} {ergonomic}
     uint ConcGCThreads                            = 1                                         {product} {ergonomic}
     uint G1ConcRefinementThreads                  = 4                                         {product} {ergonomic}
   size_t G1HeapRegionSize                         = 1048576                                   {product} {ergonomic}
    uintx GCDrainStackTargetSize                   = 64                                        {product} {ergonomic}
   size_t InitialHeapSize                          = 134217728                                 {product} {ergonomic}
   size_t MarkStackSize                            = 4194304                                   {product} {ergonomic}
   size_t MaxHeapSize                              = 2147483648                                {product} {command line}
   size_t MaxNewSize                               = 1287651328                                {product} {ergonomic}
   size_t MinHeapDeltaBytes                        = 1048576                                   {product} {ergonomic}
    uintx NonNMethodCodeHeapSize                   = 5830732                                {pd product} {ergonomic}
    uintx NonProfiledCodeHeapSize                  = 122913754                              {pd product} {ergonomic}
    uintx ProfiledCodeHeapSize                     = 122913754                              {pd product} {ergonomic}
    uintx ReservedCodeCacheSize                    = 251658240                              {pd product} {ergonomic}
     bool SegmentedCodeCache                       = true                                      {product} {ergonomic}
     bool UseCompressedClassPointers               = true                                 {lp64_product} {ergonomic}
     bool UseCompressedOops                        = true                                 {lp64_product} {ergonomic}
     bool UseG1GC                                  = true                                      {product} {ergonomic}
     bool UseLargePagesIndividualAllocation        = false                                  {pd product} {ergonomic}

Logging:
Log output configuration:
 #0: stdout all=warning uptime,level,tags
 #1: stderr all=off uptime,level,tags

Environment Variables:
PATH=C:\Program Files (x86)\Common Files\Oracle\Java\javapath;C:\Windows\system32;C:\Windows;C:\Windows\System32\Wbem;C:\Windows\System32\WindowsPowerShell\v1.0\;C:\Windows\System32\OpenSSH\;C:\Program Files\Git\cmd;C:\Users\69\AppData\Local\Microsoft\WindowsApps;F:\Microsoft VS Code\bin;C:\Program Files\heroku\bin;C:\Users\69\AppData\Local\GitHubDesktop\bin;F:\IntelliJ IDEA Community Edition 2022.2.2\bin;
USERNAME=69
OS=Windows_NT
PROCESSOR_IDENTIFIER=Intel64 Family 6 Model 158 Stepping 10, GenuineIntel



---------------  S Y S T E M  ---------------

OS: Windows 10 , 64 bit Build 18362 (10.0.18362.329)
OS uptime: 22 days 7:01 hours

CPU:total 4 (initial active 4) (4 cores per cpu, 1 threads per core) family 6 model 158 stepping 10 microcode 0xb4, cmov, cx8, fxsr, mmx, sse, sse2, sse3, ssse3, sse4.1, sse4.2, popcnt, avx, avx2, aes, clmul, erms, 3dnowpref, lzcnt, tsc, tscinvbit, bmi1, bmi2, adx, fma

Memory: 4k page, system-wide physical 8134M (470M free)
TotalPageFile size 12230M (AvailPageFile size 34M)
current process WorkingSet (physical memory assigned to process): 589M, peak: 590M
current process commit charge ("private bytes"): 631M, peak: 688M

vm_info: OpenJDK 64-Bit Server VM (11.0.13+0-b1751.21-8125866) for windows-amd64 JRE (11.0.13+0-b1751.21-8125866), built on Feb  2 2022 03:00:22 by "builder" with MS VC++ 14.0 (VS2015)

END.
