#
# There is insufficient memory for the Java Runtime Environment to continue.
# Native memory allocation (mmap) failed to map 134217728 bytes for Failed to commit area from 0x0000000080e00000 to 0x0000000088e00000 of length 134217728.
# Possible reasons:
#   The system is out of physical RAM or swap space
#   The process is running with CompressedOops enabled, and the Java Heap may be blocking the growth of the native heap
# Possible solutions:
#   Reduce memory load on the system
#   Increase physical memory or swap space
#   Check if swap backing store is full
#   Decrease Java heap size (-Xmx/-Xms)
#   Decrease number of Java threads
#   Decrease Java thread stack sizes (-Xss)
#   Set larger code cache with -XX:ReservedCodeCacheSize=
# This output file may be truncated or incomplete.
#
#  Out of Memory Error (./src/hotspot/os/windows/os_windows.cpp:3619), pid=14288, tid=10512
#
# JRE version:  (11.0.13) (build )
# Java VM: OpenJDK 64-Bit Server VM (11.0.13+0-b1751.21-8125866, mixed mode, sharing, tiered, compressed oops, g1 gc, windows-amd64)
# No core dump will be written. Minidumps are not enabled by default on client versions of Windows
#

---------------  S U M M A R Y ------------

Command Line: org.jetbrains.kotlin.cli.jvm.K2JVMCompiler @F:\PROJ\app\build\20221011_5589195025138549344.compiler.options

Host: Intel(R) Core(TM) i3-9100F CPU @ 3.60GHz, 4 cores, 7G,  Windows 10 , 64 bit Build 18362 (10.0.18362.329)
Time: Tue Oct 11 21:41:12 2022 RTZ 2 (ceia) elapsed time: 0.007923 seconds (0d 0h 0m 0s)

---------------  T H R E A D  ---------------

Current thread (0x000001c328fda000):  JavaThread "Unknown thread" [_thread_in_vm, id=10512, stack(0x0000000ae7000000,0x0000000ae7100000)]

Stack: [0x0000000ae7000000,0x0000000ae7100000]
Native frames: (J=compiled Java code, j=interpreted, Vv=VM code, C=native code)
V  [jvm.dll+0x6100fa]
V  [jvm.dll+0x747090]
V  [jvm.dll+0x7486ad]
V  [jvm.dll+0x748d83]
V  [jvm.dll+0x24ab48]
V  [jvm.dll+0x60d164]
V  [jvm.dll+0x601e75]
V  [jvm.dll+0x308bdb]
V  [jvm.dll+0x308b4a]
V  [jvm.dll+0x308a22]
V  [jvm.dll+0x30d986]
V  [jvm.dll+0x357093]
V  [jvm.dll+0x357796]
V  [jvm.dll+0x357193]
V  [jvm.dll+0x2e3448]
V  [jvm.dll+0x2e45f7]
V  [jvm.dll+0x7242e7]
V  [jvm.dll+0x725adc]
V  [jvm.dll+0x364629]
V  [jvm.dll+0x707cee]
V  [jvm.dll+0x3d2633]
V  [jvm.dll+0x3d4a21]
C  [jli.dll+0x536b]
C  [ucrtbase.dll+0x20e72]
C  [KERNEL32.DLL+0x17bd4]
C  [ntdll.dll+0x6ced1]


---------------  P R O C E S S  ---------------

Threads class SMR info:
_java_thread_list=0x000001c328ec4e70, length=0, elements={
}

Java Threads: ( => current thread )

Other Threads:
  0x000001c328ff3000 GCTaskThread "GC Thread#0" [stack: 0x0000000ae7100000,0x0000000ae7200000] [id=10884]
  0x000001c329026000 ConcurrentGCThread "G1 Main Marker" [stack: 0x0000000ae7200000,0x0000000ae7300000] [id=10956]
  0x000001c329028000 ConcurrentGCThread "G1 Conc#0" [stack: 0x0000000ae7300000,0x0000000ae7400000] [id=8784]

[error occurred during error reporting (printing all threads), id 0xc0000005, EXCEPTION_ACCESS_VIOLATION (0xc0000005) at pc=0x00007ffe1ae13dd7]

VM state:not at safepoint (not fully initialized)

VM Mutex/Monitor currently owned by a thread:  ([mutex/lock_event])
[0x000001c328fd7640] Heap_lock - owner thread: 0x000001c328fda000

Heap address: 0x0000000080e00000, size: 2034 MB, Compressed Oops mode: Non-zero based: 0x0000000080e00000
Narrow klass base: 0x0000000000000000, Narrow klass shift: 0

GC Heap History (0 events):
No events

Deoptimization events (0 events):
No events

Classes redefined (0 events):
No events

Internal exceptions (0 events):
No events

Events (1 events):
Event: 0.004 Loaded shared library F:\Новая папка\jre\bin\zip.dll


Dynamic libraries:
0x00007ff6c7e70000 - 0x00007ff6c7e7a000 	F:\Новая папка\jre\bin\java.exe
0x00007ffe437a0000 - 0x00007ffe43990000 	C:\Windows\SYSTEM32\ntdll.dll
0x00007ffe42470000 - 0x00007ffe42522000 	C:\Windows\System32\KERNEL32.DLL
0x00007ffe40750000 - 0x00007ffe409f3000 	C:\Windows\System32\KERNELBASE.dll
0x00007ffe416c0000 - 0x00007ffe417ba000 	C:\Windows\System32\ucrtbase.dll
0x00007ffe35800000 - 0x00007ffe35819000 	F:\Новая папка\jre\bin\jli.dll
0x00007ffe357c0000 - 0x00007ffe357d7000 	F:\Новая папка\jre\bin\VCRUNTIME140.dll
0x00007ffe42120000 - 0x00007ffe422b4000 	C:\Windows\System32\USER32.dll
0x00007ffe417c0000 - 0x00007ffe417e1000 	C:\Windows\System32\win32u.dll
0x00007ffe2ee70000 - 0x00007ffe2f0f5000 	C:\Windows\WinSxS\amd64_microsoft.windows.common-controls_6595b64144ccf1df_6.0.18362.449_none_e6c7b265130c70a7\COMCTL32.dll
0x00007ffe436f0000 - 0x00007ffe43716000 	C:\Windows\System32\GDI32.dll
0x00007ffe41d80000 - 0x00007ffe41e1e000 	C:\Windows\System32\msvcrt.dll
0x00007ffe412d0000 - 0x00007ffe41464000 	C:\Windows\System32\gdi32full.dll
0x00007ffe41920000 - 0x00007ffe41c56000 	C:\Windows\System32\combase.dll
0x00007ffe40a00000 - 0x00007ffe40a9e000 	C:\Windows\System32\msvcp_win.dll
0x00007ffe41c60000 - 0x00007ffe41d80000 	C:\Windows\System32\RPCRT4.dll
0x00007ffe40aa0000 - 0x00007ffe40b20000 	C:\Windows\System32\bcryptPrimitives.dll
0x00007ffe43720000 - 0x00007ffe4374e000 	C:\Windows\System32\IMM32.DLL
0x00007ffe19100000 - 0x00007ffe1919d000 	F:\Новая папка\jre\bin\msvcp140.dll
0x00007ffe1ab20000 - 0x00007ffe1b622000 	F:\Новая папка\jre\bin\server\jvm.dll
0x00007ffe41e40000 - 0x00007ffe41ee3000 	C:\Windows\System32\ADVAPI32.dll
0x00007ffe43650000 - 0x00007ffe436e7000 	C:\Windows\System32\sechost.dll
0x00007ffe43750000 - 0x00007ffe43758000 	C:\Windows\System32\PSAPI.DLL
0x00007ffe3e790000 - 0x00007ffe3e799000 	C:\Windows\SYSTEM32\WSOCK32.dll
0x00007ffe42c90000 - 0x00007ffe42cff000 	C:\Windows\System32\WS2_32.dll
0x00007ffe3e620000 - 0x00007ffe3e644000 	C:\Windows\SYSTEM32\WINMM.dll
0x00007ffe393b0000 - 0x00007ffe393ba000 	C:\Windows\SYSTEM32\VERSION.dll
0x00007ffe3e5f0000 - 0x00007ffe3e61d000 	C:\Windows\SYSTEM32\WINMMBASE.dll
0x00007ffe415c0000 - 0x00007ffe4160a000 	C:\Windows\System32\cfgmgr32.dll
0x00007ffe40680000 - 0x00007ffe40691000 	C:\Windows\System32\kernel.appcore.dll
0x00007ffe3e770000 - 0x00007ffe3e781000 	F:\Новая папка\jre\bin\verify.dll
0x00007ffe3a0b0000 - 0x00007ffe3a2a4000 	C:\Windows\SYSTEM32\DBGHELP.DLL
0x00007ffe20ae0000 - 0x00007ffe20b0a000 	C:\Windows\SYSTEM32\dbgcore.DLL
0x00007ffe3e740000 - 0x00007ffe3e769000 	F:\Новая папка\jre\bin\java.dll
0x00007ffe3e730000 - 0x00007ffe3e73b000 	F:\Новая папка\jre\bin\jimage.dll
0x00007ffe3d000000 - 0x00007ffe3d018000 	F:\Новая папка\jre\bin\zip.dll

dbghelp: loaded successfully - version: 4.0.5 - missing functions: none
symbol engine: initialized successfully - sym options: 0x614 - pdb path: .;F:\Новая папка\jre\bin;C:\Windows\SYSTEM32;C:\Windows\WinSxS\amd64_microsoft.windows.common-controls_6595b64144ccf1df_6.0.18362.449_none_e6c7b265130c70a7;F:\Новая папка\jre\bin\server

VM Arguments:
java_command: org.jetbrains.kotlin.cli.jvm.K2JVMCompiler @F:\PROJ\app\build\20221011_5589195025138549344.compiler.options
java_class_path (initial): C:\Users\нубмастер69\.gradle\caches\modules-2\files-2.1\org.jetbrains.kotlin\kotlin-compiler-embeddable\1.7.10\909803167c98606fcf22b4c848647c68e351d48d\kotlin-compiler-embeddable-1.7.10.jar;C:\Users\нубмастер69\.gradle\caches\modules-2\files-2.1\org.jetbrains.kotlin\kotlin-reflect\1.7.10\165e600dfea6185cf5efa700756294cc4904dbeb\kotlin-reflect-1.7.10.jar;C:\Users\нубмастер69\.gradle\caches\modules-2\files-2.1\org.jetbrains.kotlin\kotlin-stdlib\1.7.10\d2abf9e77736acc4450dc4a3f707fa2c10f5099d\kotlin-stdlib-1.7.10.jar;C:\Users\нубмастер69\.gradle\caches\modules-2\files-2.1\org.jetbrains.kotlin\kotlin-script-runtime\1.7.10\c99c87a6988d8fd8d5142e9ed5c9f34a7cf561ee\kotlin-script-runtime-1.7.10.jar;C:\Users\нубмастер69\.gradle\caches\modules-2\files-2.1\org.jetbrains.kotlin\kotlin-daemon-embeddable\1.7.10\3a9f7aef7080d3ae63126cbba4f827ed664f32fa\kotlin-daemon-embeddable-1.7.10.jar;C:\Users\нубмастер69\.gradle\caches\modules-2\files-2.1\org.jetbrains.intellij.deps\trove4j\1.0.20200330\3afb14d5f9ceb459d724e907a21145e8ff394f02\trove4j-1.0.20200330.jar;C:\Users\нубмастер69\.gradle\caches\modules-2\files-2.1\net.java.dev.jna\jna\5.6.0\330f2244e9030119ab3030fc3fededc86713d9cc\jna-5.6.0.jar;C:\Users\нубмастер69\.gradle\caches\modules-2\files-2.1\org.jetbrains.kotlin\kotlin-stdlib-common\1.7.10\bac80c520d0a9e3f3673bc2658c6ed02ef45a76a\kotlin-stdlib-common-1.7.10.jar;C:\Users\нубмастер69\.gradle\caches\modules-2\files-2.1\org.jetbrains\annotations\13.0\919f0dfe192fb4e063e7dacadee7f8bb9a2672a9\annotations-13.0.jar
Launcher Type: SUN_STANDARD

[Global flags]
     intx CICompilerCount                          = 3                                         {product} {ergonomic}
     uint ConcGCThreads                            = 1                                         {product} {ergonomic}
     uint G1ConcRefinementThreads                  = 4                                         {product} {ergonomic}
   size_t G1HeapRegionSize                         = 1048576                                   {product} {ergonomic}
    uintx GCDrainStackTargetSize                   = 64                                        {product} {ergonomic}
   size_t InitialHeapSize                          = 134217728                                 {product} {ergonomic}
   size_t MarkStackSize                            = 4194304                                   {product} {ergonomic}
   size_t MaxHeapSize                              = 2132803584                                {product} {ergonomic}
   size_t MinHeapDeltaBytes                        = 1048576                                   {product} {ergonomic}
    uintx NonNMethodCodeHeapSize                   = 5830732                                {pd product} {ergonomic}
    uintx NonProfiledCodeHeapSize                  = 122913754                              {pd product} {ergonomic}
    uintx ProfiledCodeHeapSize                     = 122913754                              {pd product} {ergonomic}
    uintx ReservedCodeCacheSize                    = 251658240                              {pd product} {ergonomic}
     bool SegmentedCodeCache                       = true                                      {product} {ergonomic}
     bool UseCompressedClassPointers               = true                                 {lp64_product} {ergonomic}
     bool UseCompressedOops                        = true                                 {lp64_product} {ergonomic}
     bool UseG1GC                                  = true                                      {product} {ergonomic}
     bool UseLargePagesIndividualAllocation        = false                                  {pd product} {ergonomic}

Logging:
Log output configuration:
 #0: stdout all=warning uptime,level,tags
 #1: stderr all=off uptime,level,tags

Environment Variables:
PATH=C:\Program Files (x86)\Common Files\Oracle\Java\javapath;C:\Windows\system32;C:\Windows;C:\Windows\System32\Wbem;C:\Windows\System32\WindowsPowerShell\v1.0\;C:\Windows\System32\OpenSSH\;C:\Program Files\Git\cmd;C:\Users\нубмастер69\AppData\Local\Microsoft\WindowsApps;F:\Microsoft VS Code\bin;C:\Program Files\heroku\bin;C:\Users\нубмастер69\AppData\Local\GitHubDesktop\bin;F:\IntelliJ IDEA Community Edition 2022.2.2\bin;
USERNAME=нубмастер69
OS=Windows_NT
PROCESSOR_IDENTIFIER=Intel64 Family 6 Model 158 Stepping 10, GenuineIntel



---------------  S Y S T E M  ---------------

OS: Windows 10 , 64 bit Build 18362 (10.0.18362.329)
OS uptime: 22 days 7:00 hours

CPU:total 4 (initial active 4) (4 cores per cpu, 1 threads per core) family 6 model 158 stepping 10 microcode 0xb4, cmov, cx8, fxsr, mmx, sse, sse2, sse3, ssse3, sse4.1, sse4.2, popcnt, avx, avx2, aes, clmul, erms, 3dnowpref, lzcnt, tsc, tscinvbit, bmi1, bmi2, adx, fma

Memory: 4k page, system-wide physical 8134M (474M free)
TotalPageFile size 12230M (AvailPageFile size 77M)
current process WorkingSet (physical memory assigned to process): 9M, peak: 9M
current process commit charge ("private bytes"): 51M, peak: 179M

vm_info: OpenJDK 64-Bit Server VM (11.0.13+0-b1751.21-8125866) for windows-amd64 JRE (11.0.13+0-b1751.21-8125866), built on Feb  2 2022 03:00:22 by "builder" with MS VC++ 14.0 (VS2015)

END.
