#
# There is insufficient memory for the Java Runtime Environment to continue.
# Native memory allocation (malloc) failed to allocate 32744 bytes for ChunkPool::allocate
# Possible reasons:
#   The system is out of physical RAM or swap space
#   The process is running with CompressedOops enabled, and the Java Heap may be blocking the growth of the native heap
# Possible solutions:
#   Reduce memory load on the system
#   Increase physical memory or swap space
#   Check if swap backing store is full
#   Decrease Java heap size (-Xmx/-Xms)
#   Decrease number of Java threads
#   Decrease Java thread stack sizes (-Xss)
#   Set larger code cache with -XX:ReservedCodeCacheSize=
#   JVM is running with Unscaled Compressed Oops mode in which the Java heap is
#     placed in the first 4GB address space. The Java Heap base address is the
#     maximum limit for the native heap growth. Please use -XX:HeapBaseMinAddress
#     to set the Java Heap base and to place the Java Heap above 4GB virtual address.
# This output file may be truncated or incomplete.
#
#  Out of Memory Error (./src/hotspot/share/memory/arena.cpp:81), pid=13072, tid=1672
#
# JRE version: OpenJDK Runtime Environment (11.0.13) (build 11.0.13+0-b1751.21-8125866)
# Java VM: OpenJDK 64-Bit Server VM (11.0.13+0-b1751.21-8125866, mixed mode, tiered, compressed oops, g1 gc, windows-amd64)
# No core dump will be written. Minidumps are not enabled by default on client versions of Windows
#

---------------  S U M M A R Y ------------

Command Line: --add-opens=java.base/java.util=ALL-UNNAMED --add-opens=java.base/java.lang=ALL-UNNAMED --add-opens=java.base/java.lang.invoke=ALL-UNNAMED --add-opens=java.base/java.util=ALL-UNNAMED --add-opens=java.prefs/java.util.prefs=ALL-UNNAMED --add-opens=java.prefs/java.util.prefs=ALL-UNNAMED --add-opens=java.base/java.nio.charset=ALL-UNNAMED --add-opens=java.base/java.net=ALL-UNNAMED --add-opens=java.base/java.util.concurrent.atomic=ALL-UNNAMED -Xmx2048m -Dfile.encoding=UTF-8 -Duser.country=RU -Duser.language=ru -Duser.variant org.gradle.launcher.daemon.bootstrap.GradleDaemon 7.4

Host: Intel(R) Core(TM) i3-9100F CPU @ 3.60GHz, 4 cores, 7G,  Windows 10 , 64 bit Build 18362 (10.0.18362.329)
Time: Tue Oct 11 21:42:36 2022 RTZ 2 (ceia) elapsed time: 26.946867 seconds (0d 0h 0m 26s)

---------------  T H R E A D  ---------------

Current thread (0x000002817378a800):  JavaThread "C2 CompilerThread1" daemon [_thread_in_native, id=1672, stack(0x000000c580c00000,0x000000c580d00000)]


Current CompileTask:
C2:  26946 14957       4       com.android.tools.r8.graph.y2::a (2719 bytes)

Stack: [0x000000c580c00000,0x000000c580d00000]
Native frames: (J=compiled Java code, j=interpreted, Vv=VM code, C=native code)
V  [jvm.dll+0x6100fa]
V  [jvm.dll+0x747090]
V  [jvm.dll+0x7486ad]
V  [jvm.dll+0x748d83]
V  [jvm.dll+0x24ab48]
V  [jvm.dll+0xc075b]
V  [jvm.dll+0xc0a0c]
V  [jvm.dll+0x363ece]
V  [jvm.dll+0x35ebce]
V  [jvm.dll+0x32b833]
V  [jvm.dll+0x32ad2a]
V  [jvm.dll+0x2032b2]
V  [jvm.dll+0x202437]
V  [jvm.dll+0x188e01]
V  [jvm.dll+0x21106b]
V  [jvm.dll+0x20f8c1]
V  [jvm.dll+0x70de0f]
V  [jvm.dll+0x706a75]
V  [jvm.dll+0x60ed66]
C  [ucrtbase.dll+0x20e72]
C  [KERNEL32.DLL+0x17bd4]
C  [ntdll.dll+0x6ced1]


---------------  P R O C E S S  ---------------

Threads class SMR info:
_java_thread_list=0x000002817be09d60, length=95, elements={
0x0000028153fcc000, 0x000002816dbcd800, 0x000002816dbd1000, 0x000002816dbea800,
0x000002816dbeb800, 0x000002816dbed000, 0x000002816dbf0000, 0x000002816dbf5000,
0x000002816e5b2800, 0x000002816e6c3000, 0x00000281744e5800, 0x00000281740a1800,
0x0000028173a00000, 0x0000028173287000, 0x00000281740f1000, 0x0000028173e01800,
0x0000028174ce3000, 0x00000281744a6800, 0x00000281743da800, 0x00000281746e1000,
0x0000028174363000, 0x0000028174362000, 0x0000028174367000, 0x0000028174363800,
0x0000028174366000, 0x0000028174361800, 0x0000028174364800, 0x0000028174365800,
0x0000028174368000, 0x0000028175f4b000, 0x0000028175f49800, 0x0000028175f4c000,
0x0000028175f46800, 0x0000028175f4d000, 0x0000028175f4a800, 0x0000028175f47000,
0x0000028175f4d800, 0x0000028175f48000, 0x0000028175f4e800, 0x0000028175f51800,
0x0000028175f4f800, 0x0000028175f55000, 0x0000028175f50000, 0x0000028175f51000,
0x0000028175f52800, 0x0000028175f53800, 0x0000028175f54000, 0x0000028174ac4800,
0x0000028174ac8000, 0x0000028174ac3000, 0x0000028174ac4000, 0x0000028174ac5800,
0x0000028174ac7000, 0x0000028174ac2800, 0x0000028174acb800, 0x0000028174ac9000,
0x0000028174acc000, 0x0000028174ac9800, 0x0000028174aca800, 0x0000028174ac6800,
0x0000028174ace800, 0x0000028174ad0000, 0x0000028174acd000, 0x0000028174ad1000,
0x0000028174acd800, 0x0000028174acf800, 0x000002816e75a000, 0x000002816e75c800,
0x000002816e75b800, 0x000002816e75d000, 0x000002816e75e000, 0x000002816e75e800,
0x000002816e759000, 0x000002816e75f800, 0x000002816e760800, 0x000002816e75a800,
0x000002816e761000, 0x000002816e763000, 0x000002816e764800, 0x000002816e766000,
0x000002816e765000, 0x000002816e767000, 0x000002816e767800, 0x000002816e762000,
0x0000028179ad9800, 0x0000028179ad6800, 0x0000028179add000, 0x000002817378a800,
0x0000028179ada800, 0x0000028179adb000, 0x0000028179adc000, 0x0000028179ad7000,
0x0000028179add800, 0x0000028179ad8000, 0x0000028179ade800
}

Java Threads: ( => current thread )
  0x0000028153fcc000 JavaThread "main" [_thread_blocked, id=1700, stack(0x000000c5fdd00000,0x000000c5fde00000)]
  0x000002816dbcd800 JavaThread "Reference Handler" daemon [_thread_blocked, id=7056, stack(0x000000c5fe400000,0x000000c5fe500000)]
  0x000002816dbd1000 JavaThread "Finalizer" daemon [_thread_blocked, id=13028, stack(0x000000c5fe500000,0x000000c5fe600000)]
  0x000002816dbea800 JavaThread "Signal Dispatcher" daemon [_thread_blocked, id=9208, stack(0x000000c5fe600000,0x000000c5fe700000)]
  0x000002816dbeb800 JavaThread "Attach Listener" daemon [_thread_blocked, id=4620, stack(0x000000c5fe700000,0x000000c5fe800000)]
  0x000002816dbed000 JavaThread "Service Thread" daemon [_thread_blocked, id=2460, stack(0x000000c5fe800000,0x000000c5fe900000)]
  0x000002816dbf0000 JavaThread "C2 CompilerThread0" daemon [_thread_in_native, id=10416, stack(0x000000c5fe900000,0x000000c5fea00000)]
  0x000002816dbf5000 JavaThread "C1 CompilerThread0" daemon [_thread_blocked, id=8988, stack(0x000000c5fea00000,0x000000c5feb00000)]
  0x000002816e5b2800 JavaThread "Sweeper thread" daemon [_thread_blocked, id=8512, stack(0x000000c5feb00000,0x000000c5fec00000)]
  0x000002816e6c3000 JavaThread "Common-Cleaner" daemon [_thread_blocked, id=14532, stack(0x000000c5fec00000,0x000000c5fed00000)]
  0x00000281744e5800 JavaThread "Daemon health stats" [_thread_blocked, id=1088, stack(0x000000c5ff100000,0x000000c5ff200000)]
  0x00000281740a1800 JavaThread "Incoming local TCP Connector on port 50576" [_thread_in_native, id=9976, stack(0x000000c5fee00000,0x000000c5fef00000)]
  0x0000028173a00000 JavaThread "Daemon periodic checks" [_thread_blocked, id=10396, stack(0x000000c5ff200000,0x000000c5ff300000)]
  0x0000028173287000 JavaThread "Daemon" [_thread_blocked, id=6564, stack(0x000000c5ff300000,0x000000c5ff400000)]
  0x00000281740f1000 JavaThread "Handler for socket connection from /127.0.0.1:50576 to /127.0.0.1:50577" [_thread_in_native, id=10432, stack(0x000000c5ff400000,0x000000c5ff500000)]
  0x0000028173e01800 JavaThread "Cancel handler" [_thread_blocked, id=11988, stack(0x000000c5ff500000,0x000000c5ff600000)]
  0x0000028174ce3000 JavaThread "Daemon worker" [_thread_blocked, id=3032, stack(0x000000c5ff700000,0x000000c5ff800000)]
  0x00000281744a6800 JavaThread "Asynchronous log dispatcher for DefaultDaemonConnection: socket connection from /127.0.0.1:50576 to /127.0.0.1:50577" [_thread_blocked, id=13964, stack(0x000000c5ff900000,0x000000c5ffa00000)]
  0x00000281743da800 JavaThread "Stdin handler" [_thread_blocked, id=14668, stack(0x000000c5ffa00000,0x000000c5ffb00000)]
  0x00000281746e1000 JavaThread "Daemon client event forwarder" [_thread_blocked, id=4608, stack(0x000000c5ffb00000,0x000000c5ffc00000)]
  0x0000028174363000 JavaThread "Cache worker for journal cache (C:\Users\нубмастер69\.gradle\caches\journal-1)" [_thread_blocked, id=7724, stack(0x000000c5ffc00000,0x000000c5ffd00000)]
  0x0000028174362000 JavaThread "File lock request listener" [_thread_in_native, id=5156, stack(0x000000c5ffd00000,0x000000c5ffe00000)]
  0x0000028174367000 JavaThread "Cache worker for file hash cache (C:\Users\нубмастер69\.gradle\caches\7.4\fileHashes)" [_thread_blocked, id=11492, stack(0x000000c5ffe00000,0x000000c5fff00000)]
  0x0000028174363800 JavaThread "File watcher server" daemon [_thread_blocked, id=9784, stack(0x000000c5fff00000,0x000000c600000000)]
  0x0000028174366000 JavaThread "File watcher consumer" daemon [_thread_blocked, id=9088, stack(0x000000c580000000,0x000000c580100000)]
  0x0000028174361800 JavaThread "Cache worker for checksums cache (F:\PROJ\.gradle\7.4\checksums)" [_thread_blocked, id=13296, stack(0x000000c580100000,0x000000c580200000)]
  0x0000028174364800 JavaThread "Cache worker for cache directory md-rule (C:\Users\нубмастер69\.gradle\caches\7.4\md-rule)" [_thread_blocked, id=14488, stack(0x000000c580200000,0x000000c580300000)]
  0x0000028174365800 JavaThread "Cache worker for file hash cache (F:\PROJ\.gradle\7.4\fileHashes)" [_thread_blocked, id=9956, stack(0x000000c580300000,0x000000c580400000)]
  0x0000028174368000 JavaThread "Cache worker for cache directory md-supplier (C:\Users\нубмастер69\.gradle\caches\7.4\md-supplier)" [_thread_blocked, id=13368, stack(0x000000c580400000,0x000000c580500000)]
  0x0000028175f4b000 JavaThread "Cache worker for execution history cache (C:\Users\нубмастер69\.gradle\caches\7.4\executionHistory)" [_thread_blocked, id=14716, stack(0x000000c580500000,0x000000c580600000)]
  0x0000028175f49800 JavaThread "jar transforms" [_thread_blocked, id=2976, stack(0x000000c580700000,0x000000c580800000)]
  0x0000028175f4c000 JavaThread "Cache worker for file content cache (C:\Users\нубмастер69\.gradle\caches\7.4\fileContent)" [_thread_blocked, id=8756, stack(0x000000c580800000,0x000000c580900000)]
  0x0000028175f46800 JavaThread "jar transforms Thread 2" [_thread_blocked, id=14040, stack(0x000000c580900000,0x000000c580a00000)]
  0x0000028175f4d000 JavaThread "Cache worker for dependencies-accessors (F:\PROJ\.gradle\7.4\dependencies-accessors)" [_thread_blocked, id=8292, stack(0x000000c580a00000,0x000000c580b00000)]
  0x0000028175f4a800 JavaThread "jar transforms Thread 3" [_thread_blocked, id=9720, stack(0x000000c580b00000,0x000000c580c00000)]
  0x0000028175f47000 JavaThread "Cache worker for Build Output Cleanup Cache (F:\PROJ\.gradle\buildOutputCleanup)" [_thread_blocked, id=216, stack(0x000000c580600000,0x000000c580700000)]
  0x0000028175f4d800 JavaThread "Unconstrained build operations" [_thread_blocked, id=2768, stack(0x000000c580d00000,0x000000c580e00000)]
  0x0000028175f48000 JavaThread "Unconstrained build operations Thread 2" [_thread_blocked, id=14300, stack(0x000000c580e00000,0x000000c580f00000)]
  0x0000028175f4e800 JavaThread "Unconstrained build operations Thread 3" [_thread_blocked, id=2316, stack(0x000000c580f00000,0x000000c581000000)]
  0x0000028175f51800 JavaThread "Unconstrained build operations Thread 4" [_thread_blocked, id=5684, stack(0x000000c581000000,0x000000c581100000)]
  0x0000028175f4f800 JavaThread "Unconstrained build operations Thread 5" [_thread_blocked, id=11992, stack(0x000000c581100000,0x000000c581200000)]
  0x0000028175f55000 JavaThread "Unconstrained build operations Thread 6" [_thread_blocked, id=11176, stack(0x000000c581200000,0x000000c581300000)]
  0x0000028175f50000 JavaThread "Unconstrained build operations Thread 7" [_thread_blocked, id=8568, stack(0x000000c581300000,0x000000c581400000)]
  0x0000028175f51000 JavaThread "Unconstrained build operations Thread 8" [_thread_blocked, id=9384, stack(0x000000c581400000,0x000000c581500000)]
  0x0000028175f52800 JavaThread "Unconstrained build operations Thread 9" [_thread_blocked, id=7796, stack(0x000000c581500000,0x000000c581600000)]
  0x0000028175f53800 JavaThread "Unconstrained build operations Thread 10" [_thread_blocked, id=7752, stack(0x000000c581600000,0x000000c581700000)]
  0x0000028175f54000 JavaThread "Unconstrained build operations Thread 11" [_thread_blocked, id=1676, stack(0x000000c581700000,0x000000c581800000)]
  0x0000028174ac4800 JavaThread "Unconstrained build operations Thread 12" [_thread_blocked, id=10392, stack(0x000000c581800000,0x000000c581900000)]
  0x0000028174ac8000 JavaThread "Unconstrained build operations Thread 13" [_thread_blocked, id=8688, stack(0x000000c581900000,0x000000c581a00000)]
  0x0000028174ac3000 JavaThread "Unconstrained build operations Thread 14" [_thread_blocked, id=13336, stack(0x000000c581a00000,0x000000c581b00000)]
  0x0000028174ac4000 JavaThread "Unconstrained build operations Thread 15" [_thread_blocked, id=1756, stack(0x000000c581b00000,0x000000c581c00000)]
  0x0000028174ac5800 JavaThread "Unconstrained build operations Thread 16" [_thread_blocked, id=9840, stack(0x000000c581c00000,0x000000c581d00000)]
  0x0000028174ac7000 JavaThread "Unconstrained build operations Thread 17" [_thread_blocked, id=14460, stack(0x000000c581d00000,0x000000c581e00000)]
  0x0000028174ac2800 JavaThread "Unconstrained build operations Thread 18" [_thread_blocked, id=10376, stack(0x000000c581e00000,0x000000c581f00000)]
  0x0000028174acb800 JavaThread "Unconstrained build operations Thread 19" [_thread_blocked, id=12220, stack(0x000000c581f00000,0x000000c582000000)]
  0x0000028174ac9000 JavaThread "Unconstrained build operations Thread 20" [_thread_blocked, id=7640, stack(0x000000c582000000,0x000000c582100000)]
  0x0000028174acc000 JavaThread "Unconstrained build operations Thread 21" [_thread_blocked, id=10720, stack(0x000000c582100000,0x000000c582200000)]
  0x0000028174ac9800 JavaThread "Unconstrained build operations Thread 22" [_thread_blocked, id=4116, stack(0x000000c582200000,0x000000c582300000)]
  0x0000028174aca800 JavaThread "Unconstrained build operations Thread 23" [_thread_blocked, id=14472, stack(0x000000c582300000,0x000000c582400000)]
  0x0000028174ac6800 JavaThread "Unconstrained build operations Thread 24" [_thread_blocked, id=4920, stack(0x000000c582400000,0x000000c582500000)]
  0x0000028174ace800 JavaThread "Unconstrained build operations Thread 25" [_thread_blocked, id=13960, stack(0x000000c582500000,0x000000c582600000)]
  0x0000028174ad0000 JavaThread "Unconstrained build operations Thread 26" [_thread_blocked, id=13200, stack(0x000000c582600000,0x000000c582700000)]
  0x0000028174acd000 JavaThread "Unconstrained build operations Thread 27" [_thread_blocked, id=14168, stack(0x000000c582700000,0x000000c582800000)]
  0x0000028174ad1000 JavaThread "Unconstrained build operations Thread 28" [_thread_blocked, id=7788, stack(0x000000c582800000,0x000000c582900000)]
  0x0000028174acd800 JavaThread "Unconstrained build operations Thread 29" [_thread_blocked, id=6808, stack(0x000000c582900000,0x000000c582a00000)]
  0x0000028174acf800 JavaThread "Unconstrained build operations Thread 30" [_thread_blocked, id=10648, stack(0x000000c582a00000,0x000000c582b00000)]
  0x000002816e75a000 JavaThread "Unconstrained build operations Thread 31" [_thread_blocked, id=8520, stack(0x000000c582b00000,0x000000c582c00000)]
  0x000002816e75c800 JavaThread "Unconstrained build operations Thread 32" [_thread_blocked, id=11544, stack(0x000000c582c00000,0x000000c582d00000)]
  0x000002816e75b800 JavaThread "Unconstrained build operations Thread 33" [_thread_blocked, id=7312, stack(0x000000c582d00000,0x000000c582e00000)]
  0x000002816e75d000 JavaThread "Unconstrained build operations Thread 34" [_thread_blocked, id=6484, stack(0x000000c582e00000,0x000000c582f00000)]
  0x000002816e75e000 JavaThread "Unconstrained build operations Thread 35" [_thread_blocked, id=8036, stack(0x000000c582f00000,0x000000c583000000)]
  0x000002816e75e800 JavaThread "Unconstrained build operations Thread 36" [_thread_blocked, id=9112, stack(0x000000c583000000,0x000000c583100000)]
  0x000002816e759000 JavaThread "Unconstrained build operations Thread 37" [_thread_blocked, id=13940, stack(0x000000c583100000,0x000000c583200000)]
  0x000002816e75f800 JavaThread "Unconstrained build operations Thread 38" [_thread_blocked, id=7992, stack(0x000000c583200000,0x000000c583300000)]
  0x000002816e760800 JavaThread "Unconstrained build operations Thread 39" [_thread_blocked, id=10784, stack(0x000000c583300000,0x000000c583400000)]
  0x000002816e75a800 JavaThread "Unconstrained build operations Thread 40" [_thread_blocked, id=8020, stack(0x000000c583400000,0x000000c583500000)]
  0x000002816e761000 JavaThread "jar transforms Thread 4" [_thread_blocked, id=3652, stack(0x000000c583500000,0x000000c583600000)]
  0x000002816e763000 JavaThread "Memory manager" [_thread_blocked, id=13128, stack(0x000000c583600000,0x000000c583700000)]
  0x000002816e764800 JavaThread "build event listener" [_thread_blocked, id=8376, stack(0x000000c583700000,0x000000c583800000)]
  0x000002816e766000 JavaThread "pool-3-thread-1" [_thread_blocked, id=8364, stack(0x000000c583800000,0x000000c583900000)]
  0x000002816e765000 JavaThread "build event listener" [_thread_blocked, id=12408, stack(0x000000c583900000,0x000000c583a00000)]
  0x000002816e767000 JavaThread "included builds" [_thread_blocked, id=8052, stack(0x000000c583a00000,0x000000c583b00000)]
  0x000002816e767800 JavaThread "Execution worker for ':'" [_thread_blocked, id=8668, stack(0x000000c583b00000,0x000000c583c00000)]
  0x000002816e762000 JavaThread "Execution worker for ':' Thread 2" [_thread_blocked, id=12548, stack(0x000000c583c00000,0x000000c583d00000)]
  0x0000028179ad9800 JavaThread "Execution worker for ':' Thread 3" [_thread_blocked, id=2124, stack(0x000000c583d00000,0x000000c583e00000)]
  0x0000028179ad6800 JavaThread "Cache worker for execution history cache (F:\PROJ\.gradle\7.4\executionHistory)" [_thread_blocked, id=11572, stack(0x000000c583e00000,0x000000c583f00000)]
  0x0000028179add000 JavaThread "WorkerExecutor Queue" [_thread_blocked, id=13540, stack(0x000000c583f00000,0x000000c584000000)]
=>0x000002817378a800 JavaThread "C2 CompilerThread1" daemon [_thread_in_native, id=1672, stack(0x000000c580c00000,0x000000c580d00000)]
  0x0000028179ada800 JavaThread "WorkerExecutor Queue Thread 2" [_thread_blocked, id=12188, stack(0x000000c584000000,0x000000c584100000)]
  0x0000028179adb000 JavaThread "WorkerExecutor Queue Thread 3" [_thread_blocked, id=9644, stack(0x000000c584100000,0x000000c584200000)]
  0x0000028179adc000 JavaThread "WorkerExecutor Queue Thread 4" [_thread_blocked, id=7420, stack(0x000000c584200000,0x000000c584300000)]
  0x0000028179ad7000 JavaThread "WorkerExecutor Queue Thread 5" [_thread_blocked, id=5248, stack(0x000000c584300000,0x000000c584400000)]
  0x0000028179add800 JavaThread "pool-4-thread-1" [_thread_blocked, id=2812, stack(0x000000c584400000,0x000000c584500000)]
  0x0000028179ad8000 JavaThread "stderr" [_thread_in_native, id=9776, stack(0x000000c584500000,0x000000c584600000)]
  0x0000028179ade800 JavaThread "stdout" [_thread_in_native, id=13716, stack(0x000000c584600000,0x000000c584700000)]

Other Threads:
  0x000002816dbc9000 VMThread "VM Thread" [stack: 0x000000c5fe300000,0x000000c5fe400000] [id=10056]
  0x000002816e6c8800 WatcherThread [stack: 0x000000c5fed00000,0x000000c5fee00000] [id=8808]
  0x0000028153fe5000 GCTaskThread "GC Thread#0" [stack: 0x000000c5fde00000,0x000000c5fdf00000] [id=10192]
  0x000002816eadd000 GCTaskThread "GC Thread#1" [stack: 0x000000c5fef00000,0x000000c5ff000000] [id=480]
  0x000002816eb19800 GCTaskThread "GC Thread#2" [stack: 0x000000c5ff000000,0x000000c5ff100000] [id=4004]
  0x00000281740f2000 GCTaskThread "GC Thread#3" [stack: 0x000000c5ff600000,0x000000c5ff700000] [id=760]
  0x0000028154015800 ConcurrentGCThread "G1 Main Marker" [stack: 0x000000c5fdf00000,0x000000c5fe000000] [id=11704]
  0x0000028154018000 ConcurrentGCThread "G1 Conc#0" [stack: 0x000000c5fe000000,0x000000c5fe100000] [id=9780]
  0x000002816da20800 ConcurrentGCThread "G1 Refine#0" [stack: 0x000000c5fe100000,0x000000c5fe200000] [id=6676]
  0x0000028154096000 ConcurrentGCThread "G1 Young RemSet Sampling" [stack: 0x000000c5fe200000,0x000000c5fe300000] [id=7932]

Threads with active compile tasks:
C2 CompilerThread0  27000 14854 %     4       com.android.tools.r8.internal.Pa::a @ 80 (6176 bytes)
C2 CompilerThread1  27001 14957       4       com.android.tools.r8.graph.y2::a (2719 bytes)

VM state:at safepoint (normal execution)

VM Mutex/Monitor currently owned by a thread:  ([mutex/lock_event])
[0x0000028153fc9b50] Threads_lock - owner thread: 0x000002816dbc9000
[0x0000028153fc9520] Heap_lock - owner thread: 0x000002816e767800

Heap address: 0x0000000080000000, size: 2048 MB, Compressed Oops mode: 32-bit
Narrow klass base: 0x0000000000000000, Narrow klass shift: 3
Compressed class space size: 1073741824 Address: 0x0000000100000000

Heap:
 garbage-first heap   total 227328K, used 112787K [0x0000000080000000, 0x0000000100000000)
  region size 1024K, 5 young (5120K), 5 survivors (5120K)
 Metaspace       used 111153K, capacity 113631K, committed 113744K, reserved 1157120K
  class space    used 13809K, capacity 14785K, committed 14848K, reserved 1048576K
Heap Regions: E=young(eden), S=young(survivor), O=old, HS=humongous(starts), HC=humongous(continues), CS=collection set, F=free, A=archive, TAMS=top-at-mark-start (previous, next)
|   0|0x0000000080000000, 0x0000000080100000, 0x0000000080100000|100%|HS|  |TAMS 0x0000000080100000, 0x0000000080100000| Complete 
|   1|0x0000000080100000, 0x0000000080200000, 0x0000000080200000|100%|HC|  |TAMS 0x0000000080200000, 0x0000000080200000| Complete 
|   2|0x0000000080200000, 0x0000000080300000, 0x0000000080300000|100%|HC|  |TAMS 0x0000000080300000, 0x0000000080300000| Complete 
|   3|0x0000000080300000, 0x0000000080400000, 0x0000000080400000|100%| O|  |TAMS 0x0000000080400000, 0x0000000080400000| Untracked 
|   4|0x0000000080400000, 0x0000000080500000, 0x0000000080500000|100%| O|  |TAMS 0x0000000080500000, 0x0000000080500000| Untracked 
|   5|0x0000000080500000, 0x0000000080600000, 0x0000000080600000|100%| O|  |TAMS 0x0000000080600000, 0x0000000080600000| Untracked 
|   6|0x0000000080600000, 0x0000000080700000, 0x0000000080700000|100%| O|  |TAMS 0x0000000080700000, 0x0000000080700000| Untracked 
|   7|0x0000000080700000, 0x0000000080800000, 0x0000000080800000|100%| O|  |TAMS 0x0000000080800000, 0x0000000080800000| Untracked 
|   8|0x0000000080800000, 0x0000000080900000, 0x0000000080900000|100%| O|  |TAMS 0x0000000080900000, 0x0000000080900000| Untracked 
|   9|0x0000000080900000, 0x0000000080a00000, 0x0000000080a00000|100%| O|  |TAMS 0x0000000080a00000, 0x0000000080a00000| Untracked 
|  10|0x0000000080a00000, 0x0000000080b00000, 0x0000000080b00000|100%| O|  |TAMS 0x0000000080b00000, 0x0000000080b00000| Untracked 
|  11|0x0000000080b00000, 0x0000000080c00000, 0x0000000080c00000|100%| O|  |TAMS 0x0000000080c00000, 0x0000000080c00000| Untracked 
|  12|0x0000000080c00000, 0x0000000080d00000, 0x0000000080d00000|100%| O|  |TAMS 0x0000000080d00000, 0x0000000080d00000| Untracked 
|  13|0x0000000080d00000, 0x0000000080e00000, 0x0000000080e00000|100%| O|  |TAMS 0x0000000080e00000, 0x0000000080e00000| Untracked 
|  14|0x0000000080e00000, 0x0000000080f00000, 0x0000000080f00000|100%| O|  |TAMS 0x0000000080f00000, 0x0000000080f00000| Untracked 
|  15|0x0000000080f00000, 0x0000000081000000, 0x0000000081000000|100%| O|  |TAMS 0x0000000081000000, 0x0000000081000000| Untracked 
|  16|0x0000000081000000, 0x0000000081100000, 0x0000000081100000|100%| O|  |TAMS 0x0000000081100000, 0x0000000081100000| Untracked 
|  17|0x0000000081100000, 0x0000000081200000, 0x0000000081200000|100%|HS|  |TAMS 0x0000000081200000, 0x0000000081200000| Complete 
|  18|0x0000000081200000, 0x0000000081300000, 0x0000000081300000|100%| O|  |TAMS 0x0000000081300000, 0x0000000081300000| Untracked 
|  19|0x0000000081300000, 0x0000000081400000, 0x0000000081400000|100%| O|  |TAMS 0x0000000081400000, 0x0000000081400000| Untracked 
|  20|0x0000000081400000, 0x0000000081500000, 0x0000000081500000|100%| O|  |TAMS 0x0000000081500000, 0x0000000081500000| Untracked 
|  21|0x0000000081500000, 0x0000000081600000, 0x0000000081600000|100%| O|  |TAMS 0x0000000081600000, 0x0000000081600000| Untracked 
|  22|0x0000000081600000, 0x0000000081700000, 0x0000000081700000|100%| O|  |TAMS 0x0000000081700000, 0x0000000081700000| Untracked 
|  23|0x0000000081700000, 0x0000000081800000, 0x0000000081800000|100%| O|  |TAMS 0x0000000081800000, 0x0000000081800000| Untracked 
|  24|0x0000000081800000, 0x0000000081900000, 0x0000000081900000|100%| O|  |TAMS 0x0000000081900000, 0x0000000081900000| Untracked 
|  25|0x0000000081900000, 0x0000000081a00000, 0x0000000081a00000|100%| O|  |TAMS 0x0000000081a00000, 0x0000000081a00000| Untracked 
|  26|0x0000000081a00000, 0x0000000081b00000, 0x0000000081b00000|100%| O|  |TAMS 0x0000000081b00000, 0x0000000081b00000| Untracked 
|  27|0x0000000081b00000, 0x0000000081c00000, 0x0000000081c00000|100%| O|  |TAMS 0x0000000081c00000, 0x0000000081c00000| Untracked 
|  28|0x0000000081c00000, 0x0000000081d00000, 0x0000000081d00000|100%|HS|  |TAMS 0x0000000081d00000, 0x0000000081d00000| Complete 
|  29|0x0000000081d00000, 0x0000000081e00000, 0x0000000081e00000|100%|HS|  |TAMS 0x0000000081e00000, 0x0000000081e00000| Complete 
|  30|0x0000000081e00000, 0x0000000081f00000, 0x0000000081f00000|100%|HS|  |TAMS 0x0000000081f00000, 0x0000000081f00000| Complete 
|  31|0x0000000081f00000, 0x0000000082000000, 0x0000000082000000|100%|HC|  |TAMS 0x0000000082000000, 0x0000000082000000| Complete 
|  32|0x0000000082000000, 0x0000000082100000, 0x0000000082100000|100%|HC|  |TAMS 0x0000000082100000, 0x0000000082100000| Complete 
|  33|0x0000000082100000, 0x0000000082200000, 0x0000000082200000|100%| O|  |TAMS 0x0000000082200000, 0x0000000082200000| Untracked 
|  34|0x0000000082200000, 0x0000000082300000, 0x0000000082300000|100%|HS|  |TAMS 0x0000000082300000, 0x0000000082300000| Complete 
|  35|0x0000000082300000, 0x0000000082400000, 0x0000000082400000|100%|HC|  |TAMS 0x0000000082400000, 0x0000000082400000| Complete 
|  36|0x0000000082400000, 0x0000000082500000, 0x0000000082500000|100%| O|  |TAMS 0x0000000082500000, 0x0000000082500000| Untracked 
|  37|0x0000000082500000, 0x0000000082600000, 0x0000000082600000|100%| O|  |TAMS 0x0000000082600000, 0x0000000082600000| Untracked 
|  38|0x0000000082600000, 0x0000000082700000, 0x0000000082700000|100%| O|  |TAMS 0x0000000082700000, 0x0000000082700000| Untracked 
|  39|0x0000000082700000, 0x0000000082800000, 0x0000000082800000|100%| O|  |TAMS 0x0000000082800000, 0x0000000082800000| Untracked 
|  40|0x0000000082800000, 0x0000000082900000, 0x0000000082900000|100%| O|  |TAMS 0x0000000082900000, 0x0000000082900000| Untracked 
|  41|0x0000000082900000, 0x0000000082a00000, 0x0000000082a00000|100%| O|  |TAMS 0x0000000082a00000, 0x0000000082a00000| Untracked 
|  42|0x0000000082a00000, 0x0000000082b00000, 0x0000000082b00000|100%| O|  |TAMS 0x0000000082b00000, 0x0000000082b00000| Untracked 
|  43|0x0000000082b00000, 0x0000000082c00000, 0x0000000082c00000|100%| O|  |TAMS 0x0000000082c00000, 0x0000000082c00000| Untracked 
|  44|0x0000000082c00000, 0x0000000082d00000, 0x0000000082d00000|100%| O|  |TAMS 0x0000000082d00000, 0x0000000082d00000| Untracked 
|  45|0x0000000082d00000, 0x0000000082e00000, 0x0000000082e00000|100%| O|  |TAMS 0x0000000082e00000, 0x0000000082e00000| Untracked 
|  46|0x0000000082e00000, 0x0000000082f00000, 0x0000000082f00000|100%| O|  |TAMS 0x0000000082f00000, 0x0000000082f00000| Untracked 
|  47|0x0000000082f00000, 0x0000000083000000, 0x0000000083000000|100%| O|  |TAMS 0x0000000083000000, 0x0000000083000000| Untracked 
|  48|0x0000000083000000, 0x0000000083100000, 0x0000000083100000|100%| O|  |TAMS 0x0000000083100000, 0x0000000083100000| Untracked 
|  49|0x0000000083100000, 0x0000000083200000, 0x0000000083200000|100%| O|  |TAMS 0x0000000083200000, 0x0000000083200000| Untracked 
|  50|0x0000000083200000, 0x0000000083300000, 0x0000000083300000|100%| O|  |TAMS 0x0000000083300000, 0x0000000083300000| Untracked 
|  51|0x0000000083300000, 0x0000000083400000, 0x0000000083400000|100%| O|  |TAMS 0x0000000083400000, 0x0000000083400000| Untracked 
|  52|0x0000000083400000, 0x0000000083500000, 0x0000000083500000|100%| O|  |TAMS 0x0000000083500000, 0x0000000083500000| Untracked 
|  53|0x0000000083500000, 0x0000000083600000, 0x0000000083600000|100%| O|  |TAMS 0x0000000083600000, 0x0000000083600000| Untracked 
|  54|0x0000000083600000, 0x0000000083700000, 0x0000000083700000|100%| O|  |TAMS 0x0000000083700000, 0x0000000083700000| Untracked 
|  55|0x0000000083700000, 0x0000000083800000, 0x0000000083800000|100%| O|  |TAMS 0x0000000083800000, 0x0000000083800000| Untracked 
|  56|0x0000000083800000, 0x0000000083900000, 0x0000000083900000|100%| O|  |TAMS 0x0000000083900000, 0x0000000083900000| Untracked 
|  57|0x0000000083900000, 0x0000000083a00000, 0x0000000083a00000|100%| O|  |TAMS 0x0000000083a00000, 0x0000000083a00000| Untracked 
|  58|0x0000000083a00000, 0x0000000083b00000, 0x0000000083b00000|100%| O|  |TAMS 0x0000000083b00000, 0x0000000083b00000| Untracked 
|  59|0x0000000083b00000, 0x0000000083c00000, 0x0000000083c00000|100%| O|  |TAMS 0x0000000083c00000, 0x0000000083c00000| Untracked 
|  60|0x0000000083c00000, 0x0000000083d00000, 0x0000000083d00000|100%| O|  |TAMS 0x0000000083d00000, 0x0000000083d00000| Untracked 
|  61|0x0000000083d00000, 0x0000000083e00000, 0x0000000083e00000|100%| O|  |TAMS 0x0000000083e00000, 0x0000000083e00000| Untracked 
|  62|0x0000000083e00000, 0x0000000083f00000, 0x0000000083f00000|100%| O|  |TAMS 0x0000000083f00000, 0x0000000083f00000| Untracked 
|  63|0x0000000083f00000, 0x0000000084000000, 0x0000000084000000|100%| O|  |TAMS 0x0000000084000000, 0x0000000084000000| Untracked 
|  64|0x0000000084000000, 0x0000000084100000, 0x0000000084100000|100%| O|  |TAMS 0x0000000084100000, 0x0000000084100000| Untracked 
|  65|0x0000000084100000, 0x0000000084200000, 0x0000000084200000|100%| O|  |TAMS 0x0000000084200000, 0x0000000084200000| Untracked 
|  66|0x0000000084200000, 0x0000000084300000, 0x0000000084300000|100%| O|  |TAMS 0x0000000084300000, 0x0000000084300000| Untracked 
|  67|0x0000000084300000, 0x0000000084400000, 0x0000000084400000|100%| O|  |TAMS 0x0000000084400000, 0x0000000084400000| Untracked 
|  68|0x0000000084400000, 0x0000000084500000, 0x0000000084500000|100%| O|  |TAMS 0x0000000084500000, 0x0000000084500000| Untracked 
|  69|0x0000000084500000, 0x0000000084600000, 0x0000000084600000|100%| O|  |TAMS 0x0000000084600000, 0x0000000084600000| Untracked 
|  70|0x0000000084600000, 0x0000000084700000, 0x0000000084700000|100%| O|  |TAMS 0x0000000084700000, 0x0000000084700000| Untracked 
|  71|0x0000000084700000, 0x0000000084800000, 0x0000000084800000|100%| O|  |TAMS 0x0000000084800000, 0x0000000084800000| Untracked 
|  72|0x0000000084800000, 0x0000000084900000, 0x0000000084900000|100%| O|  |TAMS 0x0000000084900000, 0x0000000084900000| Untracked 
|  73|0x0000000084900000, 0x0000000084a00000, 0x0000000084a00000|100%| O|  |TAMS 0x0000000084a00000, 0x0000000084a00000| Untracked 
|  74|0x0000000084a00000, 0x0000000084b00000, 0x0000000084b00000|100%| O|  |TAMS 0x0000000084b00000, 0x0000000084b00000| Untracked 
|  75|0x0000000084b00000, 0x0000000084c00000, 0x0000000084c00000|100%| O|  |TAMS 0x0000000084c00000, 0x0000000084c00000| Untracked 
|  76|0x0000000084c00000, 0x0000000084d00000, 0x0000000084d00000|100%| O|  |TAMS 0x0000000084c00000, 0x0000000084d00000| Untracked 
|  77|0x0000000084d00000, 0x0000000084e00000, 0x0000000084e00000|100%| O|  |TAMS 0x0000000084d00000, 0x0000000084e00000| Untracked 
|  78|0x0000000084e00000, 0x0000000084f00000, 0x0000000084f00000|100%| O|  |TAMS 0x0000000084f00000, 0x0000000084f00000| Untracked 
|  79|0x0000000084f00000, 0x0000000085000000, 0x0000000085000000|100%| O|  |TAMS 0x0000000085000000, 0x0000000085000000| Untracked 
|  80|0x0000000085000000, 0x0000000085100000, 0x0000000085100000|100%| O|  |TAMS 0x0000000085100000, 0x0000000085100000| Untracked 
|  81|0x0000000085100000, 0x0000000085200000, 0x0000000085200000|100%| O|  |TAMS 0x0000000085200000, 0x0000000085200000| Untracked 
|  82|0x0000000085200000, 0x0000000085300000, 0x0000000085300000|100%| O|  |TAMS 0x0000000085200000, 0x0000000085300000| Untracked 
|  83|0x0000000085300000, 0x0000000085400000, 0x0000000085400000|100%| O|  |TAMS 0x0000000085300000, 0x0000000085400000| Untracked 
|  84|0x0000000085400000, 0x0000000085500000, 0x0000000085500000|100%| O|  |TAMS 0x00000000854ad400, 0x0000000085500000| Untracked 
|  85|0x0000000085500000, 0x0000000085600000, 0x0000000085600000|100%| O|  |TAMS 0x0000000085500000, 0x0000000085600000| Untracked 
|  86|0x0000000085600000, 0x0000000085700000, 0x0000000085700000|100%| O|  |TAMS 0x0000000085600000, 0x0000000085700000| Untracked 
|  87|0x0000000085700000, 0x0000000085800000, 0x0000000085800000|100%| O|  |TAMS 0x0000000085800000, 0x0000000085800000| Untracked 
|  88|0x0000000085800000, 0x0000000085900000, 0x0000000085900000|100%| O|  |TAMS 0x0000000085800000, 0x0000000085900000| Untracked 
|  89|0x0000000085900000, 0x0000000085a00000, 0x0000000085a00000|100%| O|  |TAMS 0x0000000085900000, 0x0000000085a00000| Untracked 
|  90|0x0000000085a00000, 0x0000000085b00000, 0x0000000085b00000|100%| O|  |TAMS 0x0000000085a00000, 0x0000000085b00000| Untracked 
|  91|0x0000000085b00000, 0x0000000085c00000, 0x0000000085c00000|100%| O|  |TAMS 0x0000000085b00000, 0x0000000085c00000| Untracked 
|  92|0x0000000085c00000, 0x0000000085d00000, 0x0000000085d00000|100%| O|  |TAMS 0x0000000085c00000, 0x0000000085d00000| Untracked 
|  93|0x0000000085d00000, 0x0000000085e00000, 0x0000000085e00000|100%| O|  |TAMS 0x0000000085e00000, 0x0000000085e00000| Untracked 
|  94|0x0000000085e00000, 0x0000000085f00000, 0x0000000085f00000|100%| O|  |TAMS 0x0000000085f00000, 0x0000000085f00000| Untracked 
|  95|0x0000000085f00000, 0x0000000086000000, 0x0000000086000000|100%| O|  |TAMS 0x0000000086000000, 0x0000000086000000| Untracked 
|  96|0x0000000086000000, 0x0000000086100000, 0x0000000086100000|100%| O|  |TAMS 0x0000000086100000, 0x0000000086100000| Untracked 
|  97|0x0000000086100000, 0x0000000086200000, 0x0000000086200000|100%| O|  |TAMS 0x0000000086200000, 0x0000000086200000| Untracked 
|  98|0x0000000086200000, 0x0000000086300000, 0x0000000086300000|100%| O|  |TAMS 0x0000000086300000, 0x0000000086300000| Untracked 
|  99|0x0000000086300000, 0x0000000086400000, 0x0000000086400000|100%| O|  |TAMS 0x0000000086300000, 0x0000000086400000| Untracked 
| 100|0x0000000086400000, 0x0000000086500000, 0x0000000086500000|100%| O|  |TAMS 0x0000000086400000, 0x0000000086500000| Untracked 
| 101|0x0000000086500000, 0x0000000086600000, 0x0000000086600000|100%| O|  |TAMS 0x0000000086500000, 0x0000000086600000| Untracked 
| 102|0x0000000086600000, 0x0000000086700000, 0x0000000086700000|100%| O|  |TAMS 0x0000000086600000, 0x0000000086700000| Untracked 
| 103|0x0000000086700000, 0x0000000086800000, 0x0000000086800000|100%| O|  |TAMS 0x0000000086700000, 0x0000000086800000| Untracked 
| 104|0x0000000086800000, 0x0000000086900000, 0x0000000086900000|100%| O|  |TAMS 0x0000000086800000, 0x0000000086900000| Untracked 
| 105|0x0000000086900000, 0x0000000086946600, 0x0000000086a00000| 27%| O|  |TAMS 0x0000000086900000, 0x0000000086946600| Untracked 
| 106|0x0000000086a00000, 0x0000000086a00000, 0x0000000086b00000|  0%| F|  |TAMS 0x0000000086a00000, 0x0000000086a00000| Untracked 
| 107|0x0000000086b00000, 0x0000000086b00000, 0x0000000086c00000|  0%| F|  |TAMS 0x0000000086b00000, 0x0000000086b00000| Untracked 
| 108|0x0000000086c00000, 0x0000000086c00000, 0x0000000086d00000|  0%| F|  |TAMS 0x0000000086c00000, 0x0000000086c00000| Untracked 
| 109|0x0000000086d00000, 0x0000000086d00000, 0x0000000086e00000|  0%| F|  |TAMS 0x0000000086d00000, 0x0000000086d00000| Untracked 
| 110|0x0000000086e00000, 0x0000000086e00000, 0x0000000086f00000|  0%| F|  |TAMS 0x0000000086e00000, 0x0000000086e00000| Untracked 
| 111|0x0000000086f00000, 0x0000000086f00000, 0x0000000087000000|  0%| F|  |TAMS 0x0000000086f00000, 0x0000000086f00000| Untracked 
| 112|0x0000000087000000, 0x0000000087000000, 0x0000000087100000|  0%| F|  |TAMS 0x0000000087000000, 0x0000000087000000| Untracked 
| 113|0x0000000087100000, 0x0000000087100000, 0x0000000087200000|  0%| F|  |TAMS 0x0000000087100000, 0x0000000087100000| Untracked 
| 114|0x0000000087200000, 0x0000000087200000, 0x0000000087300000|  0%| F|  |TAMS 0x0000000087200000, 0x0000000087200000| Untracked 
| 115|0x0000000087300000, 0x0000000087300000, 0x0000000087400000|  0%| F|  |TAMS 0x0000000087300000, 0x0000000087300000| Untracked 
| 116|0x0000000087400000, 0x0000000087400000, 0x0000000087500000|  0%| F|  |TAMS 0x0000000087400000, 0x0000000087400000| Untracked 
| 117|0x0000000087500000, 0x0000000087500000, 0x0000000087600000|  0%| F|  |TAMS 0x0000000087500000, 0x0000000087500000| Untracked 
| 118|0x0000000087600000, 0x0000000087600000, 0x0000000087700000|  0%| F|  |TAMS 0x0000000087600000, 0x0000000087600000| Untracked 
| 119|0x0000000087700000, 0x0000000087700000, 0x0000000087800000|  0%| F|  |TAMS 0x0000000087700000, 0x0000000087700000| Untracked 
| 120|0x0000000087800000, 0x0000000087800000, 0x0000000087900000|  0%| F|  |TAMS 0x0000000087800000, 0x0000000087800000| Untracked 
| 121|0x0000000087900000, 0x0000000087900000, 0x0000000087a00000|  0%| F|  |TAMS 0x0000000087900000, 0x0000000087900000| Untracked 
| 122|0x0000000087a00000, 0x0000000087a00000, 0x0000000087b00000|  0%| F|  |TAMS 0x0000000087a00000, 0x0000000087a00000| Untracked 
| 123|0x0000000087b00000, 0x0000000087b00000, 0x0000000087c00000|  0%| F|  |TAMS 0x0000000087b00000, 0x0000000087b00000| Untracked 
| 124|0x0000000087c00000, 0x0000000087c00000, 0x0000000087d00000|  0%| F|  |TAMS 0x0000000087c00000, 0x0000000087c00000| Untracked 
| 125|0x0000000087d00000, 0x0000000087d00000, 0x0000000087e00000|  0%| F|  |TAMS 0x0000000087d00000, 0x0000000087d00000| Untracked 
| 126|0x0000000087e00000, 0x0000000087e00000, 0x0000000087f00000|  0%| F|  |TAMS 0x0000000087e00000, 0x0000000087e00000| Untracked 
| 127|0x0000000087f00000, 0x0000000087f00000, 0x0000000088000000|  0%| F|  |TAMS 0x0000000087f00000, 0x0000000087f00000| Untracked 
| 128|0x0000000088000000, 0x0000000088000000, 0x0000000088100000|  0%| F|  |TAMS 0x0000000088000000, 0x0000000088000000| Untracked 
| 129|0x0000000088100000, 0x0000000088100000, 0x0000000088200000|  0%| F|  |TAMS 0x0000000088100000, 0x0000000088100000| Untracked 
| 130|0x0000000088200000, 0x0000000088200000, 0x0000000088300000|  0%| F|  |TAMS 0x0000000088200000, 0x0000000088200000| Untracked 
| 131|0x0000000088300000, 0x0000000088300000, 0x0000000088400000|  0%| F|  |TAMS 0x0000000088300000, 0x0000000088300000| Untracked 
| 132|0x0000000088400000, 0x0000000088400000, 0x0000000088500000|  0%| F|  |TAMS 0x0000000088400000, 0x0000000088400000| Untracked 
| 133|0x0000000088500000, 0x0000000088500000, 0x0000000088600000|  0%| F|  |TAMS 0x0000000088500000, 0x0000000088500000| Untracked 
| 134|0x0000000088600000, 0x0000000088600000, 0x0000000088700000|  0%| F|  |TAMS 0x0000000088600000, 0x0000000088600000| Untracked 
| 135|0x0000000088700000, 0x0000000088700000, 0x0000000088800000|  0%| F|  |TAMS 0x0000000088700000, 0x0000000088700000| Untracked 
| 136|0x0000000088800000, 0x0000000088800000, 0x0000000088900000|  0%| F|  |TAMS 0x0000000088800000, 0x0000000088800000| Untracked 
| 137|0x0000000088900000, 0x0000000088900000, 0x0000000088a00000|  0%| F|  |TAMS 0x0000000088900000, 0x0000000088900000| Untracked 
| 138|0x0000000088a00000, 0x0000000088a00000, 0x0000000088b00000|  0%| F|  |TAMS 0x0000000088a00000, 0x0000000088a00000| Untracked 
| 139|0x0000000088b00000, 0x0000000088b00000, 0x0000000088c00000|  0%| F|  |TAMS 0x0000000088b00000, 0x0000000088b00000| Untracked 
| 140|0x0000000088c00000, 0x0000000088c00000, 0x0000000088d00000|  0%| F|  |TAMS 0x0000000088c00000, 0x0000000088c00000| Untracked 
| 141|0x0000000088d00000, 0x0000000088d00000, 0x0000000088e00000|  0%| F|  |TAMS 0x0000000088d00000, 0x0000000088d00000| Untracked 
| 142|0x0000000088e00000, 0x0000000088e00000, 0x0000000088f00000|  0%| F|  |TAMS 0x0000000088e00000, 0x0000000088e00000| Untracked 
| 143|0x0000000088f00000, 0x0000000088f00000, 0x0000000089000000|  0%| F|  |TAMS 0x0000000088f00000, 0x0000000088f00000| Untracked 
| 144|0x0000000089000000, 0x0000000089000000, 0x0000000089100000|  0%| F|  |TAMS 0x0000000089000000, 0x0000000089000000| Untracked 
| 145|0x0000000089100000, 0x0000000089100000, 0x0000000089200000|  0%| F|  |TAMS 0x0000000089100000, 0x0000000089100000| Untracked 
| 146|0x0000000089200000, 0x0000000089200000, 0x0000000089300000|  0%| F|  |TAMS 0x0000000089200000, 0x0000000089200000| Untracked 
| 147|0x0000000089300000, 0x0000000089300000, 0x0000000089400000|  0%| F|  |TAMS 0x0000000089300000, 0x0000000089300000| Untracked 
| 148|0x0000000089400000, 0x0000000089400000, 0x0000000089500000|  0%| F|  |TAMS 0x0000000089400000, 0x0000000089400000| Untracked 
| 149|0x0000000089500000, 0x0000000089500000, 0x0000000089600000|  0%| F|  |TAMS 0x0000000089500000, 0x0000000089500000| Untracked 
| 150|0x0000000089600000, 0x0000000089600000, 0x0000000089700000|  0%| F|  |TAMS 0x0000000089600000, 0x0000000089600000| Untracked 
| 151|0x0000000089700000, 0x0000000089700000, 0x0000000089800000|  0%| F|  |TAMS 0x0000000089700000, 0x0000000089700000| Untracked 
| 152|0x0000000089800000, 0x0000000089800000, 0x0000000089900000|  0%| F|  |TAMS 0x0000000089800000, 0x0000000089800000| Untracked 
| 153|0x0000000089900000, 0x0000000089900000, 0x0000000089a00000|  0%| F|  |TAMS 0x0000000089900000, 0x0000000089900000| Untracked 
| 154|0x0000000089a00000, 0x0000000089a00000, 0x0000000089b00000|  0%| F|  |TAMS 0x0000000089a00000, 0x0000000089a00000| Untracked 
| 155|0x0000000089b00000, 0x0000000089b00000, 0x0000000089c00000|  0%| F|  |TAMS 0x0000000089b00000, 0x0000000089b00000| Untracked 
| 156|0x0000000089c00000, 0x0000000089c00000, 0x0000000089d00000|  0%| F|  |TAMS 0x0000000089c00000, 0x0000000089c00000| Untracked 
| 157|0x0000000089d00000, 0x0000000089d00000, 0x0000000089e00000|  0%| F|  |TAMS 0x0000000089d00000, 0x0000000089d00000| Untracked 
| 158|0x0000000089e00000, 0x0000000089e00000, 0x0000000089f00000|  0%| F|  |TAMS 0x0000000089e00000, 0x0000000089e00000| Untracked 
| 159|0x0000000089f00000, 0x0000000089f00000, 0x000000008a000000|  0%| F|  |TAMS 0x0000000089f00000, 0x0000000089f00000| Untracked 
| 160|0x000000008a000000, 0x000000008a000000, 0x000000008a100000|  0%| F|  |TAMS 0x000000008a000000, 0x000000008a000000| Untracked 
| 161|0x000000008a100000, 0x000000008a100000, 0x000000008a200000|  0%| F|  |TAMS 0x000000008a100000, 0x000000008a100000| Untracked 
| 162|0x000000008a200000, 0x000000008a200000, 0x000000008a300000|  0%| F|  |TAMS 0x000000008a200000, 0x000000008a200000| Untracked 
| 163|0x000000008a300000, 0x000000008a300000, 0x000000008a400000|  0%| F|  |TAMS 0x000000008a300000, 0x000000008a300000| Untracked 
| 164|0x000000008a400000, 0x000000008a400000, 0x000000008a500000|  0%| F|  |TAMS 0x000000008a400000, 0x000000008a400000| Untracked 
| 165|0x000000008a500000, 0x000000008a500000, 0x000000008a600000|  0%| F|  |TAMS 0x000000008a500000, 0x000000008a500000| Untracked 
| 166|0x000000008a600000, 0x000000008a600000, 0x000000008a700000|  0%| F|  |TAMS 0x000000008a600000, 0x000000008a600000| Untracked 
| 167|0x000000008a700000, 0x000000008a700000, 0x000000008a800000|  0%| F|  |TAMS 0x000000008a700000, 0x000000008a700000| Untracked 
| 168|0x000000008a800000, 0x000000008a800000, 0x000000008a900000|  0%| F|  |TAMS 0x000000008a800000, 0x000000008a800000| Untracked 
| 169|0x000000008a900000, 0x000000008a900000, 0x000000008aa00000|  0%| F|  |TAMS 0x000000008a900000, 0x000000008a900000| Untracked 
| 170|0x000000008aa00000, 0x000000008aa00000, 0x000000008ab00000|  0%| F|  |TAMS 0x000000008aa00000, 0x000000008aa00000| Untracked 
| 171|0x000000008ab00000, 0x000000008ab00000, 0x000000008ac00000|  0%| F|  |TAMS 0x000000008ab00000, 0x000000008ab00000| Untracked 
| 172|0x000000008ac00000, 0x000000008ac00000, 0x000000008ad00000|  0%| F|  |TAMS 0x000000008ac00000, 0x000000008ac00000| Untracked 
| 173|0x000000008ad00000, 0x000000008ad00000, 0x000000008ae00000|  0%| F|  |TAMS 0x000000008ad00000, 0x000000008ad00000| Untracked 
| 174|0x000000008ae00000, 0x000000008ae00000, 0x000000008af00000|  0%| F|  |TAMS 0x000000008ae00000, 0x000000008ae00000| Untracked 
| 175|0x000000008af00000, 0x000000008af00000, 0x000000008b000000|  0%| F|  |TAMS 0x000000008af00000, 0x000000008af00000| Untracked 
| 176|0x000000008b000000, 0x000000008b000000, 0x000000008b100000|  0%| F|  |TAMS 0x000000008b000000, 0x000000008b000000| Untracked 
| 177|0x000000008b100000, 0x000000008b100000, 0x000000008b200000|  0%| F|  |TAMS 0x000000008b100000, 0x000000008b100000| Untracked 
| 178|0x000000008b200000, 0x000000008b200000, 0x000000008b300000|  0%| F|  |TAMS 0x000000008b200000, 0x000000008b200000| Untracked 
| 179|0x000000008b300000, 0x000000008b300000, 0x000000008b400000|  0%| F|  |TAMS 0x000000008b300000, 0x000000008b300000| Untracked 
| 180|0x000000008b400000, 0x000000008b400000, 0x000000008b500000|  0%| F|  |TAMS 0x000000008b400000, 0x000000008b400000| Untracked 
| 181|0x000000008b500000, 0x000000008b500000, 0x000000008b600000|  0%| F|  |TAMS 0x000000008b500000, 0x000000008b500000| Untracked 
| 182|0x000000008b600000, 0x000000008b600000, 0x000000008b700000|  0%| F|  |TAMS 0x000000008b600000, 0x000000008b600000| Untracked 
| 183|0x000000008b700000, 0x000000008b700000, 0x000000008b800000|  0%| F|  |TAMS 0x000000008b700000, 0x000000008b700000| Untracked 
| 184|0x000000008b800000, 0x000000008b800000, 0x000000008b900000|  0%| F|  |TAMS 0x000000008b800000, 0x000000008b800000| Untracked 
| 185|0x000000008b900000, 0x000000008b900000, 0x000000008ba00000|  0%| F|  |TAMS 0x000000008b900000, 0x000000008b900000| Untracked 
| 186|0x000000008ba00000, 0x000000008ba00000, 0x000000008bb00000|  0%| F|  |TAMS 0x000000008ba00000, 0x000000008ba00000| Untracked 
| 187|0x000000008bb00000, 0x000000008bb00000, 0x000000008bc00000|  0%| F|  |TAMS 0x000000008bb00000, 0x000000008bb00000| Untracked 
| 188|0x000000008bc00000, 0x000000008bc00000, 0x000000008bd00000|  0%| F|  |TAMS 0x000000008bc00000, 0x000000008bc00000| Untracked 
| 189|0x000000008bd00000, 0x000000008bd00000, 0x000000008be00000|  0%| F|  |TAMS 0x000000008bd00000, 0x000000008bd00000| Untracked 
| 190|0x000000008be00000, 0x000000008be00000, 0x000000008bf00000|  0%| F|  |TAMS 0x000000008be00000, 0x000000008be00000| Untracked 
| 191|0x000000008bf00000, 0x000000008bf00000, 0x000000008c000000|  0%| F|  |TAMS 0x000000008bf00000, 0x000000008bf00000| Untracked 
| 192|0x000000008c000000, 0x000000008c000000, 0x000000008c100000|  0%| F|  |TAMS 0x000000008c000000, 0x000000008c000000| Untracked 
| 193|0x000000008c100000, 0x000000008c100000, 0x000000008c200000|  0%| F|  |TAMS 0x000000008c100000, 0x000000008c100000| Untracked 
| 194|0x000000008c200000, 0x000000008c2de6c0, 0x000000008c300000| 86%| S|CS|TAMS 0x000000008c200000, 0x000000008c200000| Complete 
| 195|0x000000008c300000, 0x000000008c400000, 0x000000008c400000|100%| S|CS|TAMS 0x000000008c300000, 0x000000008c300000| Complete 
| 196|0x000000008c400000, 0x000000008c500000, 0x000000008c500000|100%| S|CS|TAMS 0x000000008c400000, 0x000000008c400000| Complete 
| 197|0x000000008c500000, 0x000000008c600000, 0x000000008c600000|100%| S|CS|TAMS 0x000000008c500000, 0x000000008c500000| Complete 
| 198|0x000000008c600000, 0x000000008c700000, 0x000000008c700000|100%| S|CS|TAMS 0x000000008c600000, 0x000000008c600000| Complete 
| 199|0x000000008c700000, 0x000000008c700000, 0x000000008c800000|  0%| F|  |TAMS 0x000000008c700000, 0x000000008c700000| Untracked 
| 200|0x000000008c800000, 0x000000008c800000, 0x000000008c900000|  0%| F|  |TAMS 0x000000008c800000, 0x000000008c800000| Untracked 
| 201|0x000000008c900000, 0x000000008c900000, 0x000000008ca00000|  0%| F|  |TAMS 0x000000008c900000, 0x000000008c900000| Untracked 
| 202|0x000000008ca00000, 0x000000008ca00000, 0x000000008cb00000|  0%| F|  |TAMS 0x000000008ca00000, 0x000000008ca00000| Untracked 
| 203|0x000000008cb00000, 0x000000008cb00000, 0x000000008cc00000|  0%| F|  |TAMS 0x000000008cb00000, 0x000000008cb00000| Untracked 
| 204|0x000000008cc00000, 0x000000008cc00000, 0x000000008cd00000|  0%| F|  |TAMS 0x000000008cc00000, 0x000000008cc00000| Untracked 
| 205|0x000000008cd00000, 0x000000008cd00000, 0x000000008ce00000|  0%| F|  |TAMS 0x000000008cd00000, 0x000000008cd00000| Untracked 
| 206|0x000000008ce00000, 0x000000008ce00000, 0x000000008cf00000|  0%| F|  |TAMS 0x000000008ce00000, 0x000000008ce00000| Untracked 
| 207|0x000000008cf00000, 0x000000008cf00000, 0x000000008d000000|  0%| F|  |TAMS 0x000000008cf00000, 0x000000008cf00000| Untracked 
| 208|0x000000008d000000, 0x000000008d000000, 0x000000008d100000|  0%| F|  |TAMS 0x000000008d000000, 0x000000008d000000| Untracked 
| 209|0x000000008d100000, 0x000000008d100000, 0x000000008d200000|  0%| F|  |TAMS 0x000000008d100000, 0x000000008d100000| Untracked 
| 210|0x000000008d200000, 0x000000008d200000, 0x000000008d300000|  0%| F|  |TAMS 0x000000008d200000, 0x000000008d200000| Untracked 
| 211|0x000000008d300000, 0x000000008d300000, 0x000000008d400000|  0%| F|  |TAMS 0x000000008d300000, 0x000000008d300000| Untracked 
| 212|0x000000008d400000, 0x000000008d400000, 0x000000008d500000|  0%| F|  |TAMS 0x000000008d400000, 0x000000008d400000| Untracked 
| 213|0x000000008d500000, 0x000000008d500000, 0x000000008d600000|  0%| F|  |TAMS 0x000000008d500000, 0x000000008d500000| Untracked 
| 214|0x000000008d600000, 0x000000008d600000, 0x000000008d700000|  0%| F|  |TAMS 0x000000008d600000, 0x000000008d600000| Untracked 
| 215|0x000000008d700000, 0x000000008d700000, 0x000000008d800000|  0%| F|  |TAMS 0x000000008d700000, 0x000000008d700000| Untracked 
| 216|0x000000008d800000, 0x000000008d800000, 0x000000008d900000|  0%| F|  |TAMS 0x000000008d800000, 0x000000008d800000| Untracked 
| 217|0x000000008d900000, 0x000000008d900000, 0x000000008da00000|  0%| F|  |TAMS 0x000000008d900000, 0x000000008d900000| Untracked 
| 218|0x000000008da00000, 0x000000008da00000, 0x000000008db00000|  0%| F|  |TAMS 0x000000008da00000, 0x000000008da00000| Untracked 
| 219|0x000000008db00000, 0x000000008db00000, 0x000000008dc00000|  0%| F|  |TAMS 0x000000008db00000, 0x000000008db00000| Untracked 
| 220|0x000000008dc00000, 0x000000008dc00000, 0x000000008dd00000|  0%| F|  |TAMS 0x000000008dc00000, 0x000000008dc00000| Untracked 
| 221|0x000000008dd00000, 0x000000008dd00000, 0x000000008de00000|  0%| F|  |TAMS 0x000000008dd00000, 0x000000008dd00000| Untracked 

Card table byte_map: [0x0000028166ee0000,0x00000281672e0000] _byte_map_base: 0x0000028166ae0000

Marking Bits (Prev, Next): (CMBitMap*) 0x000002815400ca40, (CMBitMap*) 0x000002815400ca08
 Prev Bits: [0x00000281696e0000, 0x000002816b6e0000)
 Next Bits: [0x00000281676e0000, 0x00000281696e0000)

Polling page: 0x0000028151fb0000

Metaspace:

Usage:
  Non-class:     96.53 MB capacity,    95.06 MB ( 98%) used,     1.16 MB (  1%) free+waste,   311.25 KB ( <1%) overhead. 
      Class:     14.44 MB capacity,    13.49 MB ( 93%) used,   836.13 KB (  6%) free+waste,   139.63 KB ( <1%) overhead. 
       Both:    110.97 MB capacity,   108.55 MB ( 98%) used,     1.98 MB (  2%) free+waste,   450.88 KB ( <1%) overhead. 

Virtual space:
  Non-class space:      106.00 MB reserved,      96.58 MB ( 91%) committed 
      Class space:        1.00 GB reserved,      14.50 MB (  1%) committed 
             Both:        1.10 GB reserved,     111.08 MB ( 10%) committed 

Chunk freelists:
   Non-Class:  50.00 KB
       Class:  31.00 KB
        Both:  81.00 KB

MaxMetaspaceSize: 17179869184.00 GB
CompressedClassSpaceSize: 1.00 GB
Initial GC threshold: 20.80 MB
Current GC threshold: 171.50 MB
CDS: off

CodeHeap 'non-profiled nmethods': size=120064Kb used=9883Kb max_used=10502Kb free=110180Kb
 bounds [0x000002815f5a0000, 0x000002815fff0000, 0x0000028166ae0000]
CodeHeap 'profiled nmethods': size=120000Kb used=32792Kb max_used=33658Kb free=87207Kb
 bounds [0x0000028158070000, 0x000002815a1b0000, 0x000002815f5a0000]
CodeHeap 'non-nmethods': size=5696Kb used=2411Kb max_used=2441Kb free=3284Kb
 bounds [0x0000028157ae0000, 0x0000028157d60000, 0x0000028158070000]
 total_blobs=15043 nmethods=14104 adapters=851
 compilation: enabled
              stopped_count=0, restarted_count=0
 full_count=0

Compilation events (20 events):
Event: 26.881 Thread 0x000002816dbf5000 14961   !   3       com.android.tools.r8.graph.z2::A0 (240 bytes)
Event: 26.882 Thread 0x000002816dbf5000 nmethod 14961 0x00000281582d3d90 code [0x00000281582d4020, 0x00000281582d4c68]
Event: 26.885 Thread 0x000002816dbf5000 14963       3       com.android.tools.r8.graph.K2::g (97 bytes)
Event: 26.886 Thread 0x000002816dbf5000 nmethod 14963 0x00000281583af490 code [0x00000281583af6c0, 0x00000281583afff8]
Event: 26.886 Thread 0x000002816dbf5000 14964       3       com.android.tools.r8.internal.iN::b (4 bytes)
Event: 26.886 Thread 0x000002816dbf5000 nmethod 14964 0x0000028158af4310 code [0x0000028158af44c0, 0x0000028158af45b8]
Event: 26.887 Thread 0x000002816dbf5000 14965       3       com.android.tools.r8.graph.M2::a (13 bytes)
Event: 26.887 Thread 0x000002816dbf5000 nmethod 14965 0x000002815865e810 code [0x000002815865ea20, 0x000002815865f0c8]
Event: 26.890 Thread 0x000002816dbf5000 14967       3       com.android.tools.r8.internal.Lu::M (25 bytes)
Event: 26.890 Thread 0x000002816dbf5000 nmethod 14967 0x000002815865e210 code [0x000002815865e3c0, 0x000002815865e638]
Event: 26.890 Thread 0x000002816dbf5000 14968       3       com.android.tools.r8.internal.GB::<init> (19 bytes)
Event: 26.890 Thread 0x000002816dbf5000 nmethod 14968 0x00000281586d4210 code [0x00000281586d43c0, 0x00000281586d4538]
Event: 26.890 Thread 0x000002816dbf5000 14969       3       com.android.tools.r8.internal.Pa::a (12 bytes)
Event: 26.890 Thread 0x000002816dbf5000 nmethod 14969 0x00000281586d3d90 code [0x00000281586d3f40, 0x00000281586d4128]
Event: 26.891 Thread 0x000002816dbf5000 14970       3       com.android.tools.r8.graph.W0::g (16 bytes)
Event: 26.892 Thread 0x000002816dbf5000 nmethod 14970 0x000002815810e990 code [0x000002815810ec60, 0x000002815810fc88]
Event: 26.892 Thread 0x000002816dbf5000 14971       3       com.android.tools.r8.graph.W0$$Lambda$1327/0x0000000100e59440::get$Lambda (10 bytes)
Event: 26.892 Thread 0x000002816dbf5000 nmethod 14971 0x00000281586d3810 code [0x00000281586d39e0, 0x00000281586d3c98]
Event: 26.892 Thread 0x000002816dbf5000 14972       3       com.android.tools.r8.internal.Yn$$Lambda$1323/0x0000000100e58440::accept (16 bytes)
Event: 26.893 Thread 0x000002816dbf5000 nmethod 14972 0x00000281580c6c90 code [0x00000281580c6fc0, 0x00000281580c8478]

GC Heap History (20 events):
Event: 22.056 GC heap before
{Heap before GC invocations=28 (full 0):
 garbage-first heap   total 189440K, used 161280K [0x0000000080000000, 0x0000000100000000)
  region size 1024K, 42 young (43008K), 7 survivors (7168K)
 Metaspace       used 94046K, capacity 96221K, committed 96464K, reserved 1132544K
  class space    used 11835K, capacity 12653K, committed 12672K, reserved 1048576K
}
Event: 22.072 GC heap after
{Heap after GC invocations=29 (full 0):
 garbage-first heap   total 189440K, used 117760K [0x0000000080000000, 0x0000000100000000)
  region size 1024K, 6 young (6144K), 6 survivors (6144K)
 Metaspace       used 94046K, capacity 96221K, committed 96464K, reserved 1132544K
  class space    used 11835K, capacity 12653K, committed 12672K, reserved 1048576K
}
Event: 22.585 GC heap before
{Heap before GC invocations=29 (full 0):
 garbage-first heap   total 189440K, used 152576K [0x0000000080000000, 0x0000000100000000)
  region size 1024K, 40 young (40960K), 6 survivors (6144K)
 Metaspace       used 96271K, capacity 98461K, committed 98768K, reserved 1134592K
  class space    used 12017K, capacity 12845K, committed 12928K, reserved 1048576K
}
Event: 22.599 GC heap after
{Heap after GC invocations=30 (full 0):
 garbage-first heap   total 189440K, used 123904K [0x0000000080000000, 0x0000000100000000)
  region size 1024K, 5 young (5120K), 5 survivors (5120K)
 Metaspace       used 96271K, capacity 98461K, committed 98768K, reserved 1134592K
  class space    used 12017K, capacity 12845K, committed 12928K, reserved 1048576K
}
Event: 22.961 GC heap before
{Heap before GC invocations=31 (full 0):
 garbage-first heap   total 189440K, used 141312K [0x0000000080000000, 0x0000000100000000)
  region size 1024K, 35 young (35840K), 5 survivors (5120K)
 Metaspace       used 96469K, capacity 98599K, committed 98768K, reserved 1134592K
  class space    used 12025K, capacity 12845K, committed 12928K, reserved 1048576K
}
Event: 22.969 GC heap after
{Heap after GC invocations=32 (full 0):
 garbage-first heap   total 189440K, used 111117K [0x0000000080000000, 0x0000000100000000)
  region size 1024K, 2 young (2048K), 2 survivors (2048K)
 Metaspace       used 96469K, capacity 98599K, committed 98768K, reserved 1134592K
  class space    used 12025K, capacity 12845K, committed 12928K, reserved 1048576K
}
Event: 23.035 GC heap before
{Heap before GC invocations=32 (full 0):
 garbage-first heap   total 189440K, used 117261K [0x0000000080000000, 0x0000000100000000)
  region size 1024K, 9 young (9216K), 2 survivors (2048K)
 Metaspace       used 96501K, capacity 98663K, committed 99024K, reserved 1136640K
  class space    used 12027K, capacity 12845K, committed 12928K, reserved 1048576K
}
Event: 23.041 GC heap after
{Heap after GC invocations=33 (full 0):
 garbage-first heap   total 189440K, used 98704K [0x0000000080000000, 0x0000000100000000)
  region size 1024K, 1 young (1024K), 1 survivors (1024K)
 Metaspace       used 96501K, capacity 98663K, committed 99024K, reserved 1136640K
  class space    used 12027K, capacity 12845K, committed 12928K, reserved 1048576K
}
Event: 24.127 GC heap before
{Heap before GC invocations=33 (full 0):
 garbage-first heap   total 189440K, used 140688K [0x0000000080000000, 0x0000000100000000)
  region size 1024K, 43 young (44032K), 1 survivors (1024K)
 Metaspace       used 98183K, capacity 100350K, committed 100432K, reserved 1136640K
  class space    used 12189K, capacity 13042K, committed 13056K, reserved 1048576K
}
Event: 24.131 GC heap after
{Heap after GC invocations=34 (full 0):
 garbage-first heap   total 189440K, used 99119K [0x0000000080000000, 0x0000000100000000)
  region size 1024K, 2 young (2048K), 2 survivors (2048K)
 Metaspace       used 98183K, capacity 100350K, committed 100432K, reserved 1136640K
  class space    used 12189K, capacity 13042K, committed 13056K, reserved 1048576K
}
Event: 24.669 GC heap before
{Heap before GC invocations=35 (full 0):
 garbage-first heap   total 189440K, used 140079K [0x0000000080000000, 0x0000000100000000)
  region size 1024K, 46 young (47104K), 2 survivors (2048K)
 Metaspace       used 99881K, capacity 102022K, committed 102224K, reserved 1138688K
  class space    used 12393K, capacity 13248K, committed 13312K, reserved 1048576K
}
Event: 24.675 GC heap after
{Heap after GC invocations=36 (full 0):
 garbage-first heap   total 189440K, used 96948K [0x0000000080000000, 0x0000000100000000)
  region size 1024K, 3 young (3072K), 3 survivors (3072K)
 Metaspace       used 99881K, capacity 102022K, committed 102224K, reserved 1138688K
  class space    used 12393K, capacity 13248K, committed 13312K, reserved 1048576K
}
Event: 24.712 GC heap before
{Heap before GC invocations=36 (full 0):
 garbage-first heap   total 189440K, used 103092K [0x0000000080000000, 0x0000000100000000)
  region size 1024K, 9 young (9216K), 3 survivors (3072K)
 Metaspace       used 100311K, capacity 102470K, committed 102480K, reserved 1138688K
  class space    used 12446K, capacity 13312K, committed 13312K, reserved 1048576K
}
Event: 24.715 GC heap after
{Heap after GC invocations=37 (full 0):
 garbage-first heap   total 189440K, used 90037K [0x0000000080000000, 0x0000000100000000)
  region size 1024K, 1 young (1024K), 1 survivors (1024K)
 Metaspace       used 100311K, capacity 102470K, committed 102480K, reserved 1138688K
  class space    used 12446K, capacity 13312K, committed 13312K, reserved 1048576K
}
Event: 25.198 GC heap before
{Heap before GC invocations=37 (full 0):
 garbage-first heap   total 189440K, used 140213K [0x0000000080000000, 0x0000000100000000)
  region size 1024K, 51 young (52224K), 1 survivors (1024K)
 Metaspace       used 102854K, capacity 105055K, committed 105168K, reserved 1140736K
  class space    used 12735K, capacity 13608K, committed 13696K, reserved 1048576K
}
Event: 25.206 GC heap after
{Heap after GC invocations=38 (full 0):
 garbage-first heap   total 227328K, used 93004K [0x0000000080000000, 0x0000000100000000)
  region size 1024K, 4 young (4096K), 4 survivors (4096K)
 Metaspace       used 102854K, capacity 105055K, committed 105168K, reserved 1140736K
  class space    used 12735K, capacity 13608K, committed 13696K, reserved 1048576K
}
Event: 25.916 GC heap before
{Heap before GC invocations=39 (full 0):
 garbage-first heap   total 227328K, used 161612K [0x0000000080000000, 0x0000000100000000)
  region size 1024K, 72 young (73728K), 4 survivors (4096K)
 Metaspace       used 104643K, capacity 106896K, committed 107088K, reserved 1142784K
  class space    used 12945K, capacity 13794K, committed 13824K, reserved 1048576K
}
Event: 25.924 GC heap after
{Heap after GC invocations=40 (full 0):
 garbage-first heap   total 227328K, used 100297K [0x0000000080000000, 0x0000000100000000)
  region size 1024K, 9 young (9216K), 9 survivors (9216K)
 Metaspace       used 104643K, capacity 106896K, committed 107088K, reserved 1142784K
  class space    used 12945K, capacity 13794K, committed 13824K, reserved 1048576K
}
Event: 26.748 GC heap before
{Heap before GC invocations=40 (full 0):
 garbage-first heap   total 227328K, used 167881K [0x0000000080000000, 0x0000000100000000)
  region size 1024K, 76 young (77824K), 9 survivors (9216K)
 Metaspace       used 110195K, capacity 112617K, committed 112720K, reserved 1146880K
  class space    used 13642K, capacity 14548K, committed 14592K, reserved 1048576K
}
Event: 26.761 GC heap after
{Heap after GC invocations=41 (full 0):
 garbage-first heap   total 227328K, used 108978K [0x0000000080000000, 0x0000000100000000)
  region size 1024K, 10 young (10240K), 10 survivors (10240K)
 Metaspace       used 110195K, capacity 112617K, committed 112720K, reserved 1146880K
  class space    used 13642K, capacity 14548K, committed 14592K, reserved 1048576K
}

Deoptimization events (20 events):
Event: 26.411 Thread 0x0000028179ada800 Uncommon trap: trap_request=0xffffffde fr.pc=0x000002815ff17460 relative=0x0000000000000500
Event: 26.412 Thread 0x0000028179ada800 Uncommon trap: reason=class_check action=maybe_recompile pc=0x000002815ff17460 method=java.io.BufferedOutputStream.write([BII)V @ 20 c2
Event: 26.412 Thread 0x0000028179ada800 DEOPT PACKING pc=0x000002815ff17460 sp=0x000000c5840fd780
Event: 26.412 Thread 0x0000028179ada800 DEOPT UNPACKING pc=0x0000028157b2a1af sp=0x000000c5840fd718 mode 2
Event: 26.412 Thread 0x0000028179ada800 Uncommon trap: trap_request=0xffffffde fr.pc=0x000002815ff17460 relative=0x0000000000000500
Event: 26.412 Thread 0x0000028179ada800 Uncommon trap: reason=class_check action=maybe_recompile pc=0x000002815ff17460 method=java.io.BufferedOutputStream.write([BII)V @ 20 c2
Event: 26.412 Thread 0x0000028179ada800 DEOPT PACKING pc=0x000002815ff17460 sp=0x000000c5840fd780
Event: 26.412 Thread 0x0000028179ada800 DEOPT UNPACKING pc=0x0000028157b2a1af sp=0x000000c5840fd718 mode 2
Event: 26.475 Thread 0x000002816e75f800 Uncommon trap: trap_request=0xffffff4d fr.pc=0x000002815f5c1a94 relative=0x00000000000013d4
Event: 26.475 Thread 0x000002816e75f800 Uncommon trap: reason=unstable_if action=reinterpret pc=0x000002815f5c1a94 method=com.android.tools.r8.internal.Ef.e(Ljava/lang/String;)[Ljava/lang/String; @ 27 c2
Event: 26.475 Thread 0x000002816e75f800 DEOPT PACKING pc=0x000002815f5c1a94 sp=0x000000c5832f9660
Event: 26.475 Thread 0x000002816e75f800 DEOPT UNPACKING pc=0x0000028157b2a1af sp=0x000000c5832f9620 mode 2
Event: 26.664 Thread 0x000002816e75f800 DEOPT PACKING pc=0x000002815a1433a3 sp=0x000000c5832f9a40
Event: 26.664 Thread 0x000002816e75f800 DEOPT UNPACKING pc=0x0000028157b2a95e sp=0x000000c5832f8f60 mode 0
Event: 26.831 Thread 0x000002816e767800 Uncommon trap: trap_request=0xffffff4d fr.pc=0x000002815f80b854 relative=0x0000000000000774
Event: 26.831 Thread 0x000002816e767800 Uncommon trap: reason=unstable_if action=reinterpret pc=0x000002815f80b854 method=com.android.tools.r8.graph.y2.b(Ljava/lang/Object;)Lcom/android/tools/r8/internal/h7; @ 147 c2
Event: 26.831 Thread 0x000002816e767800 DEOPT PACKING pc=0x000002815f80b854 sp=0x000000c583bf60a0
Event: 26.831 Thread 0x000002816e767800 DEOPT UNPACKING pc=0x0000028157b2a1af sp=0x000000c583bf6058 mode 2
Event: 26.854 Thread 0x000002816e75f800 DEOPT PACKING pc=0x0000028158b11ac4 sp=0x000000c5832f9f50
Event: 26.854 Thread 0x000002816e75f800 DEOPT UNPACKING pc=0x0000028157b2a95e sp=0x000000c5832f9250 mode 0

Classes redefined (0 events):
No events

Internal exceptions (20 events):
Event: 25.691 Thread 0x000002816e762000 Exception <a 'java/lang/NoSuchMethodError'{0x000000008b2a0fa0}: <clinit>> (0x000000008b2a0fa0) thrown at [./src/hotspot/share/prims/jni.cpp, line 1366]
Event: 25.691 Thread 0x000002816e762000 Exception <a 'java/lang/NoSuchMethodError'{0x000000008b2b3cc8}: <clinit>> (0x000000008b2b3cc8) thrown at [./src/hotspot/share/prims/jni.cpp, line 1366]
Event: 25.808 Thread 0x0000028179ada800 Exception <a 'java/lang/NoSuchMethodError'{0x000000008afb0f80}: 'void java.lang.invoke.DirectMethodHandle$Holder.invokeStatic(java.lang.Object, long)'> (0x000000008afb0f80) thrown at [./src/hotspot/share/interpreter/linkResolver.cpp, line 773]
Event: 25.809 Thread 0x0000028179ada800 Exception <a 'java/lang/NoSuchMethodError'{0x000000008afb6440}: 'java.lang.Object java.lang.invoke.DirectMethodHandle$Holder.invokeStatic(java.lang.Object, long)'> (0x000000008afb6440) thrown at [./src/hotspot/share/interpreter/linkResolver.cpp, line 773]
Event: 25.810 Thread 0x0000028179ada800 Exception <a 'java/lang/NoSuchMethodError'{0x000000008ab98e90}: 'java.lang.Object java.lang.invoke.DirectMethodHandle$Holder.invokeStaticInit(java.lang.Object, java.lang.Object, long, java.lang.Object)'> (0x000000008ab98e90) thrown at [./src/hotspot/share/interpreter/linkResolver.cpp, line 773]
Event: 25.811 Thread 0x0000028179ada800 Exception <a 'java/lang/NoSuchMethodError'{0x000000008ab9f028}: 'java.lang.Object java.lang.invoke.DirectMethodHandle$Holder.invokeStatic(java.lang.Object, java.lang.Object, long)'> (0x000000008ab9f028) thrown at [./src/hotspot/share/interpreter/linkResolver.cpp, line 773]
Event: 25.811 Thread 0x0000028179ada800 Exception <a 'java/lang/NoSuchMethodError'{0x000000008aba55a0}: 'java.lang.Object java.lang.invoke.Invokers$Holder.linkToTargetMethod(java.lang.Object, long, java.lang.Object)'> (0x000000008aba55a0) thrown at [./src/hotspot/share/interpreter/linkResolver.cpp, line 773]
Event: 25.893 Thread 0x000002816e767800 Exception <a 'sun/nio/fs/WindowsException'{0x000000008a3ca880}> (0x000000008a3ca880) thrown at [./src/hotspot/share/prims/jni.cpp, line 616]
Event: 25.935 Thread 0x000002816e75f800 Exception <a 'sun/nio/fs/WindowsException'{0x000000008d8c8f80}> (0x000000008d8c8f80) thrown at [./src/hotspot/share/prims/jni.cpp, line 616]
Event: 25.969 Thread 0x000002816e767800 Exception <a 'java/lang/NoSuchMethodError'{0x000000008d63c9b0}: 'java.lang.Object java.lang.invoke.DirectMethodHandle$Holder.newInvokeSpecial(java.lang.Object, int)'> (0x000000008d63c9b0) thrown at [./src/hotspot/share/interpreter/linkResolver.cpp, line 773]
Event: 25.970 Thread 0x000002816e75f800 Exception <a 'java/lang/NoSuchMethodError'{0x000000008d8cb248}: 'java.lang.Object java.lang.invoke.DirectMethodHandle$Holder.newInvokeSpecial(java.lang.Object, int)'> (0x000000008d8cb248) thrown at [./src/hotspot/share/interpreter/linkResolver.cpp, line 773]
Event: 26.137 Thread 0x000002816e767800 Exception <a 'java/lang/NoSuchMethodError'{0x000000008cf40750}: 'java.lang.Object java.lang.invoke.DirectMethodHandle$Holder.invokeStaticInit(java.lang.Object, java.lang.Object, java.lang.Object, java.lang.Object, java.lang.Object, java.lang.Object, java.lang.Object, java.lang.Object, java.lang.Object, java.lang.Object, java.lang.Object, java.lang.Object, java.lang.Object, java.lang.Object, java.lang.Object, java.lang.Object, java.lang.Object, java.lang.Object, int, java.lang.Object, java.lang.Object)'> (0
Event: 26.172 Thread 0x000002816e75f800 Exception <a 'java/lang/IncompatibleClassChangeError'{0x000000008d0c4400}: Found class java.lang.Object, but interface was expected> (0x000000008d0c4400) thrown at [./src/hotspot/share/interpreter/linkResolver.cpp, line 839]
Event: 26.172 Thread 0x000002816e767800 Exception <a 'java/lang/IncompatibleClassChangeError'{0x000000008ceab6f8}: Found class java.lang.Object, but interface was expected> (0x000000008ceab6f8) thrown at [./src/hotspot/share/interpreter/linkResolver.cpp, line 839]
Event: 26.406 Thread 0x0000028179ada800 Exception <a 'java/lang/NoSuchMethodError'{0x000000008bc506a8}: 'int java.lang.invoke.DirectMethodHandle$Holder.invokeSpecialIFC(java.lang.Object, java.lang.Object, java.lang.Object)'> (0x000000008bc506a8) thrown at [./src/hotspot/share/interpreter/linkResolver.cpp, line 773]
Event: 26.456 Thread 0x000002816e767800 Exception <a 'java/lang/NoSuchMethodError'{0x000000008b817050}: 'void java.lang.invoke.DirectMethodHandle$Holder.invokeStatic(java.lang.Object, java.lang.Object, java.lang.Object, int)'> (0x000000008b817050) thrown at [./src/hotspot/share/interpreter/linkResolver.cpp, line 773]
Event: 26.471 Thread 0x000002816e767800 Exception <a 'java/lang/IncompatibleClassChangeError'{0x000000008b823330}: Found class java.lang.Object, but interface was expected> (0x000000008b823330) thrown at [./src/hotspot/share/interpreter/linkResolver.cpp, line 839]
Event: 26.777 Thread 0x000002816e75f800 Exception <a 'java/lang/NoSuchMethodError'{0x000000008dba22e0}: 'java.lang.Object java.lang.invoke.DirectMethodHandle$Holder.invokeStatic(java.lang.Object, int, java.lang.Object, java.lang.Object)'> (0x000000008dba22e0) thrown at [./src/hotspot/share/interpreter/linkResolver.cpp, line 773]
Event: 26.902 Thread 0x000002816e767800 Exception <a 'java/lang/IncompatibleClassChangeError'{0x000000008cbb9058}: Found class java.lang.Object, but interface was expected> (0x000000008cbb9058) thrown at [./src/hotspot/share/interpreter/linkResolver.cpp, line 839]
Event: 26.903 Thread 0x000002816e767800 Exception <a 'java/lang/IncompatibleClassChangeError'{0x000000008cbc4780}: Found class java.lang.Object, but interface was expected> (0x000000008cbc4780) thrown at [./src/hotspot/share/interpreter/linkResolver.cpp, line 839]

Events (20 events):
Event: 26.907 loading class com/android/tools/r8/internal/Lq
Event: 26.907 loading class com/android/tools/r8/internal/Lq done
Event: 26.907 loading class com/android/tools/r8/internal/wI
Event: 26.907 loading class com/android/tools/r8/internal/wI done
Event: 26.907 loading class com/android/tools/r8/internal/X10
Event: 26.907 loading class com/android/tools/r8/internal/X10 done
Event: 26.908 loading class com/android/tools/r8/internal/B1
Event: 26.908 loading class com/android/tools/r8/internal/B1 done
Event: 26.908 loading class com/android/tools/r8/internal/FU
Event: 26.908 loading class com/android/tools/r8/internal/FU done
Event: 26.908 loading class com/android/tools/r8/internal/Pp
Event: 26.908 loading class com/android/tools/r8/internal/Pp done
Event: 26.908 loading class com/android/tools/r8/internal/Q1
Event: 26.908 loading class com/android/tools/r8/internal/Q1 done
Event: 26.909 loading class com/android/tools/r8/internal/Oh
Event: 26.909 loading class com/android/tools/r8/internal/Oh done
Event: 26.909 loading class com/android/tools/r8/internal/xH
Event: 26.909 loading class com/android/tools/r8/internal/xH done
Event: 26.909 loading class com/android/tools/r8/internal/II
Event: 26.909 loading class com/android/tools/r8/internal/II done


Dynamic libraries:
0x00007ff6c7e70000 - 0x00007ff6c7e7a000 	F:\ \jre\bin\java.exe
0x00007ffe437a0000 - 0x00007ffe43990000 	C:\Windows\SYSTEM32\ntdll.dll
0x00007ffe42470000 - 0x00007ffe42522000 	C:\Windows\System32\KERNEL32.DLL
0x00007ffe40750000 - 0x00007ffe409f3000 	C:\Windows\System32\KERNELBASE.dll
0x00007ffe416c0000 - 0x00007ffe417ba000 	C:\Windows\System32\ucrtbase.dll
0x00007ffe35800000 - 0x00007ffe35819000 	F:\ \jre\bin\jli.dll
0x00007ffe42120000 - 0x00007ffe422b4000 	C:\Windows\System32\USER32.dll
0x00007ffe417c0000 - 0x00007ffe417e1000 	C:\Windows\System32\win32u.dll
0x00007ffe436f0000 - 0x00007ffe43716000 	C:\Windows\System32\GDI32.dll
0x00007ffe412d0000 - 0x00007ffe41464000 	C:\Windows\System32\gdi32full.dll
0x00007ffe40a00000 - 0x00007ffe40a9e000 	C:\Windows\System32\msvcp_win.dll
0x00007ffe357c0000 - 0x00007ffe357d7000 	F:\ \jre\bin\VCRUNTIME140.dll
0x00007ffe2ee70000 - 0x00007ffe2f0f5000 	C:\Windows\WinSxS\amd64_microsoft.windows.common-controls_6595b64144ccf1df_6.0.18362.449_none_e6c7b265130c70a7\COMCTL32.dll
0x00007ffe41d80000 - 0x00007ffe41e1e000 	C:\Windows\System32\msvcrt.dll
0x00007ffe41920000 - 0x00007ffe41c56000 	C:\Windows\System32\combase.dll
0x00007ffe41c60000 - 0x00007ffe41d80000 	C:\Windows\System32\RPCRT4.dll
0x00007ffe40aa0000 - 0x00007ffe40b20000 	C:\Windows\System32\bcryptPrimitives.dll
0x00007ffe43720000 - 0x00007ffe4374e000 	C:\Windows\System32\IMM32.DLL
0x00007ffe19100000 - 0x00007ffe1919d000 	F:\ \jre\bin\msvcp140.dll
0x00007ffe1ab20000 - 0x00007ffe1b622000 	F:\ \jre\bin\server\jvm.dll
0x00007ffe41e40000 - 0x00007ffe41ee3000 	C:\Windows\System32\ADVAPI32.dll
0x00007ffe43650000 - 0x00007ffe436e7000 	C:\Windows\System32\sechost.dll
0x00007ffe43750000 - 0x00007ffe43758000 	C:\Windows\System32\PSAPI.DLL
0x00007ffe3e790000 - 0x00007ffe3e799000 	C:\Windows\SYSTEM32\WSOCK32.dll
0x00007ffe42c90000 - 0x00007ffe42cff000 	C:\Windows\System32\WS2_32.dll
0x00007ffe3e620000 - 0x00007ffe3e644000 	C:\Windows\SYSTEM32\WINMM.dll
0x00007ffe393b0000 - 0x00007ffe393ba000 	C:\Windows\SYSTEM32\VERSION.dll
0x00007ffe3e5f0000 - 0x00007ffe3e61d000 	C:\Windows\SYSTEM32\WINMMBASE.dll
0x00007ffe415c0000 - 0x00007ffe4160a000 	C:\Windows\System32\cfgmgr32.dll
0x00007ffe40680000 - 0x00007ffe40691000 	C:\Windows\System32\kernel.appcore.dll
0x00007ffe3e770000 - 0x00007ffe3e781000 	F:\ \jre\bin\verify.dll
0x00007ffe3a0b0000 - 0x00007ffe3a2a4000 	C:\Windows\SYSTEM32\DBGHELP.DLL
0x00007ffe20ae0000 - 0x00007ffe20b0a000 	C:\Windows\SYSTEM32\dbgcore.DLL
0x00007ffe3e740000 - 0x00007ffe3e769000 	F:\ \jre\bin\java.dll
0x00007ffe3e730000 - 0x00007ffe3e73b000 	F:\ \jre\bin\jimage.dll
0x00007ffe3d000000 - 0x00007ffe3d018000 	F:\ \jre\bin\zip.dll
0x00007ffe42540000 - 0x00007ffe42c25000 	C:\Windows\System32\SHELL32.dll
0x00007ffe435a0000 - 0x00007ffe43649000 	C:\Windows\System32\shcore.dll
0x00007ffe40b50000 - 0x00007ffe412ce000 	C:\Windows\System32\windows.storage.dll
0x00007ffe406a0000 - 0x00007ffe406bf000 	C:\Windows\System32\profapi.dll
0x00007ffe406c0000 - 0x00007ffe4070a000 	C:\Windows\System32\powrprof.dll
0x00007ffe40670000 - 0x00007ffe40680000 	C:\Windows\System32\UMPDC.dll
0x00007ffe42410000 - 0x00007ffe42462000 	C:\Windows\System32\shlwapi.dll
0x00007ffe40730000 - 0x00007ffe40747000 	C:\Windows\System32\cryptsp.dll
0x00007ffe3bb10000 - 0x00007ffe3bb2a000 	F:\ \jre\bin\net.dll
0x00007ffe3b4f0000 - 0x00007ffe3b5e0000 	C:\Windows\SYSTEM32\WINHTTP.dll
0x00007ffe3fee0000 - 0x00007ffe3ff47000 	C:\Windows\system32\mswsock.dll
0x00007ffe35c10000 - 0x00007ffe35c24000 	F:\ \jre\bin\nio.dll
0x00007ffe340a0000 - 0x00007ffe340c7000 	C:\Users\69\.gradle\native\e1d6ef7f7dcc3fd88c89a11ec53ec762bb8ba0a96d01ffa2cd45eb1d1d8dd5c5\windows-amd64\native-platform.dll
0x00007ffe18540000 - 0x00007ffe18684000 	C:\Users\69\.gradle\native\0d407fdbe67a94daf76414ababcb853783967236a71b16ec16e742cd7a986fd3\windows-amd64\native-platform-file-events.dll
0x00007ffe3e7f0000 - 0x00007ffe3e7fa000 	F:\ \jre\bin\management.dll
0x00007ffe3e7e0000 - 0x00007ffe3e7ed000 	F:\ \jre\bin\management_ext.dll
0x00007ffe3fa50000 - 0x00007ffe3fa83000 	C:\Windows\system32\rsaenh.dll
0x00007ffe40b20000 - 0x00007ffe40b46000 	C:\Windows\System32\bcrypt.dll
0x00007ffe40590000 - 0x00007ffe405b5000 	C:\Windows\SYSTEM32\USERENV.dll
0x00007ffe400b0000 - 0x00007ffe400bc000 	C:\Windows\SYSTEM32\CRYPTBASE.dll
0x00007ffe3fbf0000 - 0x00007ffe3fc2a000 	C:\Windows\SYSTEM32\IPHLPAPI.DLL
0x00007ffe43450000 - 0x00007ffe43458000 	C:\Windows\System32\NSI.dll
0x00007ffe3a070000 - 0x00007ffe3a086000 	C:\Windows\SYSTEM32\dhcpcsvc6.DLL
0x00007ffe3abe0000 - 0x00007ffe3abfc000 	C:\Windows\SYSTEM32\dhcpcsvc.DLL
0x00007ffe3fc30000 - 0x00007ffe3fcfa000 	C:\Windows\SYSTEM32\DNSAPI.dll
0x00007ffe3f6d0000 - 0x00007ffe3f701000 	C:\Windows\SYSTEM32\ntmarta.dll

dbghelp: loaded successfully - version: 4.0.5 - missing functions: none
symbol engine: initialized successfully - sym options: 0x614 - pdb path: .;F:\ \jre\bin;C:\Windows\SYSTEM32;C:\Windows\WinSxS\amd64_microsoft.windows.common-controls_6595b64144ccf1df_6.0.18362.449_none_e6c7b265130c70a7;F:\ \jre\bin\server;C:\Users\69\.gradle\native\e1d6ef7f7dcc3fd88c89a11ec53ec762bb8ba0a96d01ffa2cd45eb1d1d8dd5c5\windows-amd64;C:\Users\69\.gradle\native\0d407fdbe67a94daf76414ababcb853783967236a71b16ec16e742cd7a986fd3\windows-amd64

VM Arguments:
jvm_args: --add-opens=java.base/java.util=ALL-UNNAMED --add-opens=java.base/java.lang=ALL-UNNAMED --add-opens=java.base/java.lang.invoke=ALL-UNNAMED --add-opens=java.base/java.util=ALL-UNNAMED --add-opens=java.prefs/java.util.prefs=ALL-UNNAMED --add-opens=java.prefs/java.util.prefs=ALL-UNNAMED --add-opens=java.base/java.nio.charset=ALL-UNNAMED --add-opens=java.base/java.net=ALL-UNNAMED --add-opens=java.base/java.util.concurrent.atomic=ALL-UNNAMED -Xmx2048m -Dfile.encoding=UTF-8 -Duser.country=RU -Duser.language=ru -Duser.variant 
java_command: org.gradle.launcher.daemon.bootstrap.GradleDaemon 7.4
java_class_path (initial): C:\Users\69\.gradle\wrapper\dists\gradle-7.4-bin\c0gwcg53nkjbqw7r0h0umtfvt\gradle-7.4\lib\gradle-launcher-7.4.jar
Launcher Type: SUN_STANDARD

[Global flags]
     intx CICompilerCount                          = 3                                         {product} {ergonomic}
     uint ConcGCThreads                            = 1                                         {product} {ergonomic}
     uint G1ConcRefinementThreads                  = 4                                         {product} {ergonomic}
   size_t G1HeapRegionSize                         = 1048576                                   {product} {ergonomic}
    uintx GCDrainStackTargetSize                   = 64                                        {product} {ergonomic}
   size_t InitialHeapSize                          = 134217728                                 {product} {ergonomic}
   size_t MarkStackSize                            = 4194304                                   {product} {ergonomic}
   size_t MaxHeapSize                              = 2147483648                                {product} {command line}
   size_t MaxNewSize                               = 1287651328                                {product} {ergonomic}
   size_t MinHeapDeltaBytes                        = 1048576                                   {product} {ergonomic}
    uintx NonNMethodCodeHeapSize                   = 5830732                                {pd product} {ergonomic}
    uintx NonProfiledCodeHeapSize                  = 122913754                              {pd product} {ergonomic}
    uintx ProfiledCodeHeapSize                     = 122913754                              {pd product} {ergonomic}
    uintx ReservedCodeCacheSize                    = 251658240                              {pd product} {ergonomic}
     bool SegmentedCodeCache                       = true                                      {product} {ergonomic}
     bool UseCompressedClassPointers               = true                                 {lp64_product} {ergonomic}
     bool UseCompressedOops                        = true                                 {lp64_product} {ergonomic}
     bool UseG1GC                                  = true                                      {product} {ergonomic}
     bool UseLargePagesIndividualAllocation        = false                                  {pd product} {ergonomic}

Logging:
Log output configuration:
 #0: stdout all=warning uptime,level,tags
 #1: stderr all=off uptime,level,tags

Environment Variables:
PATH=C:\Program Files (x86)\Common Files\Oracle\Java\javapath;C:\Windows\system32;C:\Windows;C:\Windows\System32\Wbem;C:\Windows\System32\WindowsPowerShell\v1.0\;C:\Windows\System32\OpenSSH\;C:\Program Files\Git\cmd;C:\Users\69\AppData\Local\Microsoft\WindowsApps;F:\Microsoft VS Code\bin;C:\Program Files\heroku\bin;C:\Users\69\AppData\Local\GitHubDesktop\bin;F:\IntelliJ IDEA Community Edition 2022.2.2\bin;
USERNAME=69
OS=Windows_NT
PROCESSOR_IDENTIFIER=Intel64 Family 6 Model 158 Stepping 10, GenuineIntel



---------------  S Y S T E M  ---------------

OS: Windows 10 , 64 bit Build 18362 (10.0.18362.329)
OS uptime: 22 days 7:01 hours

CPU:total 4 (initial active 4) (4 cores per cpu, 1 threads per core) family 6 model 158 stepping 10 microcode 0xb4, cmov, cx8, fxsr, mmx, sse, sse2, sse3, ssse3, sse4.1, sse4.2, popcnt, avx, avx2, aes, clmul, erms, 3dnowpref, lzcnt, tsc, tscinvbit, bmi1, bmi2, adx, fma

Memory: 4k page, system-wide physical 8134M (459M free)
TotalPageFile size 12230M (AvailPageFile size 4M)
current process WorkingSet (physical memory assigned to process): 550M, peak: 550M
current process commit charge ("private bytes"): 588M, peak: 589M

vm_info: OpenJDK 64-Bit Server VM (11.0.13+0-b1751.21-8125866) for windows-amd64 JRE (11.0.13+0-b1751.21-8125866), built on Feb  2 2022 03:00:22 by "builder" with MS VC++ 14.0 (VS2015)

END.
