#
# There is insufficient memory for the Java Runtime Environment to continue.
# Native memory allocation (malloc) failed to allocate 1399376 bytes for Chunk::new
# Possible reasons:
#   The system is out of physical RAM or swap space
#   The process is running with CompressedOops enabled, and the Java Heap may be blocking the growth of the native heap
# Possible solutions:
#   Reduce memory load on the system
#   Increase physical memory or swap space
#   Check if swap backing store is full
#   Decrease Java heap size (-Xmx/-Xms)
#   Decrease number of Java threads
#   Decrease Java thread stack sizes (-Xss)
#   Set larger code cache with -XX:ReservedCodeCacheSize=
#   JVM is running with Unscaled Compressed Oops mode in which the Java heap is
#     placed in the first 4GB address space. The Java Heap base address is the
#     maximum limit for the native heap growth. Please use -XX:HeapBaseMinAddress
#     to set the Java Heap base and to place the Java Heap above 4GB virtual address.
# This output file may be truncated or incomplete.
#
#  Out of Memory Error (./src/hotspot/share/memory/arena.cpp:197), pid=1156, tid=9612
#
# JRE version: OpenJDK Runtime Environment (11.0.13) (build 11.0.13+0-b1751.21-8125866)
# Java VM: OpenJDK 64-Bit Server VM (11.0.13+0-b1751.21-8125866, mixed mode, tiered, compressed oops, g1 gc, windows-amd64)
# No core dump will be written. Minidumps are not enabled by default on client versions of Windows
#

---------------  S U M M A R Y ------------

Command Line: --add-opens=java.base/java.util=ALL-UNNAMED --add-opens=java.base/java.lang=ALL-UNNAMED --add-opens=java.base/java.lang.invoke=ALL-UNNAMED --add-opens=java.base/java.util=ALL-UNNAMED --add-opens=java.prefs/java.util.prefs=ALL-UNNAMED --add-opens=java.prefs/java.util.prefs=ALL-UNNAMED --add-opens=java.base/java.nio.charset=ALL-UNNAMED --add-opens=java.base/java.net=ALL-UNNAMED --add-opens=java.base/java.util.concurrent.atomic=ALL-UNNAMED -Xmx2048m -Dfile.encoding=UTF-8 -Duser.country=RU -Duser.language=ru -Duser.variant org.gradle.launcher.daemon.bootstrap.GradleDaemon 7.4

Host: Intel(R) Core(TM) i3-9100F CPU @ 3.60GHz, 4 cores, 7G,  Windows 10 , 64 bit Build 18362 (10.0.18362.329)
Time: Tue Oct 11 21:40:42 2022 RTZ 2 (ceia) elapsed time: 11.519896 seconds (0d 0h 0m 11s)

---------------  T H R E A D  ---------------

Current thread (0x0000027014b9d800):  JavaThread "C2 CompilerThread1" daemon [_thread_in_native, id=9612, stack(0x0000009f52300000,0x0000009f52400000)]


Current CompileTask:
C2:  11519 7435 %     4       org.gradle.internal.instantiation.generator.AbstractClassGenerator::inspectType @ 250 (560 bytes)

Stack: [0x0000009f52300000,0x0000009f52400000]
Native frames: (J=compiled Java code, j=interpreted, Vv=VM code, C=native code)
V  [jvm.dll+0x6100fa]
V  [jvm.dll+0x747090]
V  [jvm.dll+0x7486ad]
V  [jvm.dll+0x748d83]
V  [jvm.dll+0x24ab48]
V  [jvm.dll+0xc04dc]
V  [jvm.dll+0xc0a0c]
V  [jvm.dll+0x2bfab4]
V  [jvm.dll+0x524238]
V  [jvm.dll+0x20b193]
V  [jvm.dll+0x204ca0]
V  [jvm.dll+0x2023c2]
V  [jvm.dll+0x188e01]
V  [jvm.dll+0x21106b]
V  [jvm.dll+0x20f8c1]
V  [jvm.dll+0x70de0f]
V  [jvm.dll+0x706a75]
V  [jvm.dll+0x60ed66]
C  [ucrtbase.dll+0x20e72]
C  [KERNEL32.DLL+0x17bd4]
C  [ntdll.dll+0x6ced1]


---------------  P R O C E S S  ---------------

Threads class SMR info:
_java_thread_list=0x000002701abf5910, length=79, elements={
0x000002707329c800, 0x000002707fdee800, 0x000002707fdf0000, 0x000002707fe0c000,
0x000002707fe0d000, 0x000002707fe0e000, 0x000002707fe13800, 0x000002700f894000,
0x000002700f89c000, 0x000002700f9b6800, 0x000002701622a800, 0x000002700fb99800,
0x0000027014070800, 0x0000027015daa000, 0x0000027015c12800, 0x0000027015f9c800,
0x0000027015c9e000, 0x000002701625f800, 0x00000270153c7800, 0x00000270153c8800,
0x0000027015a15000, 0x0000027015a16800, 0x0000027015a17800, 0x0000027015a18800,
0x0000027015a16000, 0x0000027015a19000, 0x0000027015a14800, 0x0000027015a1a000,
0x0000027015a1b000, 0x000002701683c800, 0x000002701683d000, 0x000002701683e000,
0x000002701683f800, 0x000002701683b800, 0x000002701683f000, 0x000002701683a000,
0x000002700fb0f000, 0x000002700fb0c800, 0x000002700fb0d800, 0x000002700fb0e800,
0x000002700fb0c000, 0x000002700fb10000, 0x000002700fb11000, 0x000002700fb0b000,
0x000002700fb12800, 0x000002700fb13000, 0x000002700fb14000, 0x000002700fb15000,
0x000002700fb16800, 0x000002700fb15800, 0x000002700fb17800, 0x000002700fb11800,
0x000002700fb18000, 0x000002700fb19000, 0x000002700fb1a000, 0x000002701666e800,
0x0000027016672800, 0x0000027016670000, 0x0000027016671800, 0x0000027016673000,
0x0000027016674000, 0x0000027016675000, 0x000002701666f000, 0x0000027016675800,
0x0000027016671000, 0x0000027016678000, 0x000002701667a800, 0x000002701667c000,
0x000002701667b800, 0x0000027016676800, 0x0000027016679000, 0x000002701667a000,
0x000002701667d000, 0x0000027016677800, 0x00000270147b0000, 0x00000270147b4800,
0x00000270147b3800, 0x00000270147b2000, 0x0000027014b9d800
}

Java Threads: ( => current thread )
  0x000002707329c800 JavaThread "main" [_thread_blocked, id=7752, stack(0x0000009f50200000,0x0000009f50300000)]
  0x000002707fdee800 JavaThread "Reference Handler" daemon [_thread_blocked, id=9720, stack(0x0000009f50900000,0x0000009f50a00000)]
  0x000002707fdf0000 JavaThread "Finalizer" daemon [_thread_blocked, id=14428, stack(0x0000009f50a00000,0x0000009f50b00000)]
  0x000002707fe0c000 JavaThread "Signal Dispatcher" daemon [_thread_blocked, id=216, stack(0x0000009f50b00000,0x0000009f50c00000)]
  0x000002707fe0d000 JavaThread "Attach Listener" daemon [_thread_blocked, id=12940, stack(0x0000009f50c00000,0x0000009f50d00000)]
  0x000002707fe0e000 JavaThread "Service Thread" daemon [_thread_blocked, id=2768, stack(0x0000009f50d00000,0x0000009f50e00000)]
  0x000002707fe13800 JavaThread "C2 CompilerThread0" daemon [_thread_in_native, id=14300, stack(0x0000009f50e00000,0x0000009f50f00000)]
  0x000002700f894000 JavaThread "C1 CompilerThread0" daemon [_thread_in_native, id=2316, stack(0x0000009f50f00000,0x0000009f51000000)]
  0x000002700f89c000 JavaThread "Sweeper thread" daemon [_thread_blocked, id=5684, stack(0x0000009f51000000,0x0000009f51100000)]
  0x000002700f9b6800 JavaThread "Common-Cleaner" daemon [_thread_blocked, id=11992, stack(0x0000009f51100000,0x0000009f51200000)]
  0x000002701622a800 JavaThread "Daemon health stats" [_thread_blocked, id=7796, stack(0x0000009f51600000,0x0000009f51700000)]
  0x000002700fb99800 JavaThread "Incoming local TCP Connector on port 50506" [_thread_in_native, id=8688, stack(0x0000009f51300000,0x0000009f51400000)]
  0x0000027014070800 JavaThread "Daemon periodic checks" [_thread_blocked, id=10392, stack(0x0000009f51800000,0x0000009f51900000)]
  0x0000027015daa000 JavaThread "Daemon" [_thread_blocked, id=13336, stack(0x0000009f51900000,0x0000009f51a00000)]
  0x0000027015c12800 JavaThread "Handler for socket connection from /127.0.0.1:50506 to /127.0.0.1:50507" [_thread_in_native, id=1756, stack(0x0000009f51a00000,0x0000009f51b00000)]
  0x0000027015f9c800 JavaThread "Cancel handler" [_thread_blocked, id=9840, stack(0x0000009f51b00000,0x0000009f51c00000)]
  0x0000027015c9e000 JavaThread "Daemon worker" [_thread_in_vm, id=14460, stack(0x0000009f51c00000,0x0000009f51d00000)]
  0x000002701625f800 JavaThread "Asynchronous log dispatcher for DefaultDaemonConnection: socket connection from /127.0.0.1:50506 to /127.0.0.1:50507" [_thread_blocked, id=12220, stack(0x0000009f51d00000,0x0000009f51e00000)]
  0x00000270153c7800 JavaThread "Stdin handler" [_thread_blocked, id=10376, stack(0x0000009f51e00000,0x0000009f51f00000)]
  0x00000270153c8800 JavaThread "Daemon client event forwarder" [_thread_blocked, id=6484, stack(0x0000009f51f00000,0x0000009f52000000)]
  0x0000027015a15000 JavaThread "Cache worker for journal cache (C:\Users\нубмастер69\.gradle\caches\journal-1)" [_thread_blocked, id=7640, stack(0x0000009f52000000,0x0000009f52100000)]
  0x0000027015a16800 JavaThread "File lock request listener" [_thread_in_native, id=10720, stack(0x0000009f52100000,0x0000009f52200000)]
  0x0000027015a17800 JavaThread "Cache worker for file hash cache (C:\Users\нубмастер69\.gradle\caches\7.4\fileHashes)" [_thread_blocked, id=4116, stack(0x0000009f52200000,0x0000009f52300000)]
  0x0000027015a18800 JavaThread "File watcher server" daemon [_thread_in_native, id=14472, stack(0x0000009f52400000,0x0000009f52500000)]
  0x0000027015a16000 JavaThread "File watcher consumer" daemon [_thread_blocked, id=4920, stack(0x0000009f52500000,0x0000009f52600000)]
  0x0000027015a19000 JavaThread "Cache worker for checksums cache (F:\PROJ\.gradle\7.4\checksums)" [_thread_blocked, id=13960, stack(0x0000009f52600000,0x0000009f52700000)]
  0x0000027015a14800 JavaThread "Cache worker for cache directory md-rule (C:\Users\нубмастер69\.gradle\caches\7.4\md-rule)" [_thread_blocked, id=13200, stack(0x0000009f52700000,0x0000009f52800000)]
  0x0000027015a1a000 JavaThread "Cache worker for file hash cache (F:\PROJ\.gradle\7.4\fileHashes)" [_thread_blocked, id=14168, stack(0x0000009f52800000,0x0000009f52900000)]
  0x0000027015a1b000 JavaThread "Cache worker for cache directory md-supplier (C:\Users\нубмастер69\.gradle\caches\7.4\md-supplier)" [_thread_blocked, id=7788, stack(0x0000009f52900000,0x0000009f52a00000)]
  0x000002701683c800 JavaThread "Cache worker for execution history cache (C:\Users\нубмастер69\.gradle\caches\7.4\executionHistory)" [_thread_blocked, id=6808, stack(0x0000009f52a00000,0x0000009f52b00000)]
  0x000002701683d000 JavaThread "jar transforms" [_thread_blocked, id=10648, stack(0x0000009f52b00000,0x0000009f52c00000)]
  0x000002701683e000 JavaThread "Cache worker for file content cache (C:\Users\нубмастер69\.gradle\caches\7.4\fileContent)" [_thread_blocked, id=8520, stack(0x0000009f52c00000,0x0000009f52d00000)]
  0x000002701683f800 JavaThread "jar transforms Thread 2" [_thread_blocked, id=11544, stack(0x0000009f52d00000,0x0000009f52e00000)]
  0x000002701683b800 JavaThread "Cache worker for dependencies-accessors (F:\PROJ\.gradle\7.4\dependencies-accessors)" [_thread_blocked, id=7312, stack(0x0000009f52e00000,0x0000009f52f00000)]
  0x000002701683f000 JavaThread "jar transforms Thread 3" [_thread_blocked, id=8036, stack(0x0000009f52f00000,0x0000009f53000000)]
  0x000002701683a000 JavaThread "Cache worker for Build Output Cleanup Cache (F:\PROJ\.gradle\buildOutputCleanup)" [_thread_blocked, id=9112, stack(0x0000009f53000000,0x0000009f53100000)]
  0x000002700fb0f000 JavaThread "Unconstrained build operations" [_thread_blocked, id=8020, stack(0x0000009f53100000,0x0000009f53200000)]
  0x000002700fb0c800 JavaThread "Unconstrained build operations Thread 2" [_thread_blocked, id=3652, stack(0x0000009f53200000,0x0000009f53300000)]
  0x000002700fb0d800 JavaThread "Unconstrained build operations Thread 3" [_thread_blocked, id=13128, stack(0x0000009f53300000,0x0000009f53400000)]
  0x000002700fb0e800 JavaThread "Unconstrained build operations Thread 4" [_thread_blocked, id=11632, stack(0x0000009f53400000,0x0000009f53500000)]
  0x000002700fb0c000 JavaThread "Unconstrained build operations Thread 5" [_thread_blocked, id=5716, stack(0x0000009f53500000,0x0000009f53600000)]
  0x000002700fb10000 JavaThread "Unconstrained build operations Thread 6" [_thread_blocked, id=1536, stack(0x0000009f53600000,0x0000009f53700000)]
  0x000002700fb11000 JavaThread "Unconstrained build operations Thread 7" [_thread_blocked, id=3272, stack(0x0000009f53700000,0x0000009f53800000)]
  0x000002700fb0b000 JavaThread "Unconstrained build operations Thread 8" [_thread_blocked, id=7200, stack(0x0000009f53800000,0x0000009f53900000)]
  0x000002700fb12800 JavaThread "Unconstrained build operations Thread 9" [_thread_blocked, id=7452, stack(0x0000009f53900000,0x0000009f53a00000)]
  0x000002700fb13000 JavaThread "Unconstrained build operations Thread 10" [_thread_blocked, id=8376, stack(0x0000009f53a00000,0x0000009f53b00000)]
  0x000002700fb14000 JavaThread "Unconstrained build operations Thread 11" [_thread_blocked, id=8364, stack(0x0000009f53b00000,0x0000009f53c00000)]
  0x000002700fb15000 JavaThread "Unconstrained build operations Thread 12" [_thread_blocked, id=10784, stack(0x0000009f53c00000,0x0000009f53d00000)]
  0x000002700fb16800 JavaThread "Unconstrained build operations Thread 13" [_thread_blocked, id=7992, stack(0x0000009f53d00000,0x0000009f53e00000)]
  0x000002700fb15800 JavaThread "Unconstrained build operations Thread 14" [_thread_blocked, id=12408, stack(0x0000009f53e00000,0x0000009f53f00000)]
  0x000002700fb17800 JavaThread "Unconstrained build operations Thread 15" [_thread_blocked, id=8052, stack(0x0000009f53f00000,0x0000009f54000000)]
  0x000002700fb11800 JavaThread "Unconstrained build operations Thread 16" [_thread_blocked, id=8668, stack(0x0000009f54000000,0x0000009f54100000)]
  0x000002700fb18000 JavaThread "Unconstrained build operations Thread 17" [_thread_blocked, id=13940, stack(0x0000009f54100000,0x0000009f54200000)]
  0x000002700fb19000 JavaThread "Unconstrained build operations Thread 18" [_thread_blocked, id=12548, stack(0x0000009f54200000,0x0000009f54300000)]
  0x000002700fb1a000 JavaThread "Unconstrained build operations Thread 19" [_thread_blocked, id=2124, stack(0x0000009f54300000,0x0000009f54400000)]
  0x000002701666e800 JavaThread "Unconstrained build operations Thread 20" [_thread_blocked, id=11572, stack(0x0000009f54400000,0x0000009f54500000)]
  0x0000027016672800 JavaThread "Unconstrained build operations Thread 21" [_thread_blocked, id=13908, stack(0x0000009f54500000,0x0000009f54600000)]
  0x0000027016670000 JavaThread "Unconstrained build operations Thread 22" [_thread_blocked, id=2644, stack(0x0000009f54600000,0x0000009f54700000)]
  0x0000027016671800 JavaThread "Unconstrained build operations Thread 23" [_thread_blocked, id=13540, stack(0x0000009f54700000,0x0000009f54800000)]
  0x0000027016673000 JavaThread "Unconstrained build operations Thread 24" [_thread_blocked, id=1672, stack(0x0000009f54800000,0x0000009f54900000)]
  0x0000027016674000 JavaThread "Unconstrained build operations Thread 25" [_thread_blocked, id=12188, stack(0x0000009f54900000,0x0000009f54a00000)]
  0x0000027016675000 JavaThread "Unconstrained build operations Thread 26" [_thread_blocked, id=9644, stack(0x0000009f54a00000,0x0000009f54b00000)]
  0x000002701666f000 JavaThread "Unconstrained build operations Thread 27" [_thread_blocked, id=7420, stack(0x0000009f54b00000,0x0000009f54c00000)]
  0x0000027016675800 JavaThread "Unconstrained build operations Thread 28" [_thread_blocked, id=2992, stack(0x0000009f54c00000,0x0000009f54d00000)]
  0x0000027016671000 JavaThread "Unconstrained build operations Thread 29" [_thread_blocked, id=296, stack(0x0000009f54d00000,0x0000009f54e00000)]
  0x0000027016678000 JavaThread "Unconstrained build operations Thread 30" [_thread_blocked, id=1464, stack(0x0000009f54e00000,0x0000009f54f00000)]
  0x000002701667a800 JavaThread "Unconstrained build operations Thread 31" [_thread_blocked, id=5632, stack(0x0000009f54f00000,0x0000009f55000000)]
  0x000002701667c000 JavaThread "Unconstrained build operations Thread 32" [_thread_blocked, id=5248, stack(0x0000009f55000000,0x0000009f55100000)]
  0x000002701667b800 JavaThread "Unconstrained build operations Thread 33" [_thread_blocked, id=13048, stack(0x0000009f55100000,0x0000009f55200000)]
  0x0000027016676800 JavaThread "Unconstrained build operations Thread 34" [_thread_blocked, id=9068, stack(0x0000009f55200000,0x0000009f55300000)]
  0x0000027016679000 JavaThread "Unconstrained build operations Thread 35" [_thread_blocked, id=15068, stack(0x0000009f55300000,0x0000009f55400000)]
  0x000002701667a000 JavaThread "Unconstrained build operations Thread 36" [_thread_blocked, id=2812, stack(0x0000009f55400000,0x0000009f55500000)]
  0x000002701667d000 JavaThread "Unconstrained build operations Thread 37" [_thread_blocked, id=4696, stack(0x0000009f55500000,0x0000009f55600000)]
  0x0000027016677800 JavaThread "Unconstrained build operations Thread 38" [_thread_blocked, id=9312, stack(0x0000009f55600000,0x0000009f55700000)]
  0x00000270147b0000 JavaThread "Unconstrained build operations Thread 39" [_thread_blocked, id=9776, stack(0x0000009f55700000,0x0000009f55800000)]
  0x00000270147b4800 JavaThread "Unconstrained build operations Thread 40" [_thread_blocked, id=13716, stack(0x0000009f55800000,0x0000009f55900000)]
  0x00000270147b3800 JavaThread "jar transforms Thread 4" [_thread_blocked, id=12108, stack(0x0000009f55900000,0x0000009f55a00000)]
  0x00000270147b2000 JavaThread "Memory manager" [_thread_blocked, id=12956, stack(0x0000009f55a00000,0x0000009f55b00000)]
=>0x0000027014b9d800 JavaThread "C2 CompilerThread1" daemon [_thread_in_native, id=9612, stack(0x0000009f52300000,0x0000009f52400000)]

Other Threads:
  0x000002707fde7800 VMThread "VM Thread" [stack: 0x0000009f50800000,0x0000009f50900000] [id=8292]
  0x000002700f9d3000 WatcherThread [stack: 0x0000009f51200000,0x0000009f51300000] [id=11176]
  0x00000270732b5800 GCTaskThread "GC Thread#0" [stack: 0x0000009f50300000,0x0000009f50400000] [id=5864]
  0x000002700fc1a800 GCTaskThread "GC Thread#1" [stack: 0x0000009f51400000,0x0000009f51500000] [id=8568]
  0x000002700fdb0800 GCTaskThread "GC Thread#2" [stack: 0x0000009f51500000,0x0000009f51600000] [id=9384]
  0x0000027014787000 GCTaskThread "GC Thread#3" [stack: 0x0000009f51700000,0x0000009f51800000] [id=1676]
  0x00000270732e6000 ConcurrentGCThread "G1 Main Marker" [stack: 0x0000009f50400000,0x0000009f50500000] [id=8752]
  0x00000270732e7800 ConcurrentGCThread "G1 Conc#0" [stack: 0x0000009f50500000,0x0000009f50600000] [id=2976]
  0x000002707fc40800 ConcurrentGCThread "G1 Refine#0" [stack: 0x0000009f50600000,0x0000009f50700000] [id=8756]
  0x000002707fc41800 ConcurrentGCThread "G1 Young RemSet Sampling" [stack: 0x0000009f50700000,0x0000009f50800000] [id=14040]

Threads with active compile tasks:
C2 CompilerThread0  11598 7409       4       com.sun.beans.TypeResolver::resolve (37 bytes)
C1 CompilerThread0  11598 7786       2       org.gradle.internal.instantiation.generator.AbstractClassGenerator$GeneratedClassImpl::<init> (128 bytes)
C2 CompilerThread1  11598 7435 %     4       org.gradle.internal.instantiation.generator.AbstractClassGenerator::inspectType @ 250 (560 bytes)

VM state:not at safepoint (normal execution)

VM Mutex/Monitor currently owned by a thread: None

Heap address: 0x0000000080000000, size: 2048 MB, Compressed Oops mode: 32-bit
Narrow klass base: 0x0000000000000000, Narrow klass shift: 3
Compressed class space size: 1073741824 Address: 0x0000000100000000

Heap:
 garbage-first heap   total 157696K, used 113358K [0x0000000080000000, 0x0000000100000000)
  region size 1024K, 55 young (56320K), 7 survivors (7168K)
 Metaspace       used 78908K, capacity 80575K, committed 80720K, reserved 1120256K
  class space    used 10099K, capacity 10753K, committed 10880K, reserved 1048576K
Heap Regions: E=young(eden), S=young(survivor), O=old, HS=humongous(starts), HC=humongous(continues), CS=collection set, F=free, A=archive, TAMS=top-at-mark-start (previous, next)
|   0|0x0000000080000000, 0x0000000080100000, 0x0000000080100000|100%|HS|  |TAMS 0x0000000080100000, 0x0000000080000000| Complete 
|   1|0x0000000080100000, 0x0000000080200000, 0x0000000080200000|100%|HC|  |TAMS 0x0000000080200000, 0x0000000080100000| Complete 
|   2|0x0000000080200000, 0x0000000080300000, 0x0000000080300000|100%|HC|  |TAMS 0x0000000080300000, 0x0000000080200000| Complete 
|   3|0x0000000080300000, 0x0000000080400000, 0x0000000080400000|100%| O|  |TAMS 0x0000000080400000, 0x0000000080300000| Untracked 
|   4|0x0000000080400000, 0x0000000080500000, 0x0000000080500000|100%| O|  |TAMS 0x0000000080500000, 0x0000000080400000| Untracked 
|   5|0x0000000080500000, 0x0000000080600000, 0x0000000080600000|100%| O|  |TAMS 0x0000000080600000, 0x0000000080500000| Untracked 
|   6|0x0000000080600000, 0x0000000080700000, 0x0000000080700000|100%| O|  |TAMS 0x0000000080700000, 0x0000000080600000| Untracked 
|   7|0x0000000080700000, 0x0000000080800000, 0x0000000080800000|100%| O|  |TAMS 0x0000000080800000, 0x0000000080700000| Untracked 
|   8|0x0000000080800000, 0x0000000080900000, 0x0000000080900000|100%| O|  |TAMS 0x0000000080900000, 0x0000000080800000| Untracked 
|   9|0x0000000080900000, 0x0000000080a00000, 0x0000000080a00000|100%| O|  |TAMS 0x0000000080a00000, 0x0000000080900000| Untracked 
|  10|0x0000000080a00000, 0x0000000080b00000, 0x0000000080b00000|100%| O|  |TAMS 0x0000000080b00000, 0x0000000080a00000| Untracked 
|  11|0x0000000080b00000, 0x0000000080c00000, 0x0000000080c00000|100%| O|  |TAMS 0x0000000080c00000, 0x0000000080b00000| Untracked 
|  12|0x0000000080c00000, 0x0000000080d00000, 0x0000000080d00000|100%| O|  |TAMS 0x0000000080d00000, 0x0000000080c00000| Untracked 
|  13|0x0000000080d00000, 0x0000000080e00000, 0x0000000080e00000|100%| O|  |TAMS 0x0000000080e00000, 0x0000000080d00000| Untracked 
|  14|0x0000000080e00000, 0x0000000080f00000, 0x0000000080f00000|100%| O|  |TAMS 0x0000000080f00000, 0x0000000080e00000| Untracked 
|  15|0x0000000080f00000, 0x0000000081000000, 0x0000000081000000|100%| O|  |TAMS 0x0000000081000000, 0x0000000080f00000| Untracked 
|  16|0x0000000081000000, 0x0000000081100000, 0x0000000081100000|100%| O|  |TAMS 0x0000000081100000, 0x0000000081000000| Untracked 
|  17|0x0000000081100000, 0x0000000081200000, 0x0000000081200000|100%| O|  |TAMS 0x0000000081200000, 0x0000000081100000| Untracked 
|  18|0x0000000081200000, 0x0000000081300000, 0x0000000081300000|100%| O|  |TAMS 0x0000000081300000, 0x0000000081200000| Untracked 
|  19|0x0000000081300000, 0x0000000081400000, 0x0000000081400000|100%| O|  |TAMS 0x0000000081400000, 0x0000000081300000| Untracked 
|  20|0x0000000081400000, 0x0000000081500000, 0x0000000081500000|100%| O|  |TAMS 0x0000000081500000, 0x0000000081400000| Untracked 
|  21|0x0000000081500000, 0x0000000081600000, 0x0000000081600000|100%| O|  |TAMS 0x0000000081600000, 0x0000000081500000| Untracked 
|  22|0x0000000081600000, 0x0000000081700000, 0x0000000081700000|100%| O|  |TAMS 0x0000000081700000, 0x0000000081600000| Untracked 
|  23|0x0000000081700000, 0x0000000081800000, 0x0000000081800000|100%| O|  |TAMS 0x0000000081800000, 0x0000000081700000| Untracked 
|  24|0x0000000081800000, 0x0000000081900000, 0x0000000081900000|100%| O|  |TAMS 0x0000000081900000, 0x0000000081800000| Untracked 
|  25|0x0000000081900000, 0x0000000081a00000, 0x0000000081a00000|100%| O|  |TAMS 0x0000000081a00000, 0x0000000081900000| Untracked 
|  26|0x0000000081a00000, 0x0000000081b00000, 0x0000000081b00000|100%| O|  |TAMS 0x0000000081b00000, 0x0000000081a00000| Untracked 
|  27|0x0000000081b00000, 0x0000000081c00000, 0x0000000081c00000|100%|HS|  |TAMS 0x0000000081c00000, 0x0000000081b00000| Complete 
|  28|0x0000000081c00000, 0x0000000081d00000, 0x0000000081d00000|100%|HS|  |TAMS 0x0000000081d00000, 0x0000000081c00000| Complete 
|  29|0x0000000081d00000, 0x0000000081e00000, 0x0000000081e00000|100%|HS|  |TAMS 0x0000000081e00000, 0x0000000081d00000| Complete 
|  30|0x0000000081e00000, 0x0000000081f00000, 0x0000000081f00000|100%|HS|  |TAMS 0x0000000081f00000, 0x0000000081e00000| Complete 
|  31|0x0000000081f00000, 0x0000000082000000, 0x0000000082000000|100%|HC|  |TAMS 0x0000000082000000, 0x0000000081f00000| Complete 
|  32|0x0000000082000000, 0x0000000082100000, 0x0000000082100000|100%|HC|  |TAMS 0x0000000082100000, 0x0000000082000000| Complete 
|  33|0x0000000082100000, 0x0000000082200000, 0x0000000082200000|100%| O|  |TAMS 0x0000000082200000, 0x0000000082100000| Untracked 
|  34|0x0000000082200000, 0x0000000082300000, 0x0000000082300000|100%|HS|  |TAMS 0x0000000082300000, 0x0000000082200000| Complete 
|  35|0x0000000082300000, 0x0000000082400000, 0x0000000082400000|100%|HC|  |TAMS 0x0000000082400000, 0x0000000082300000| Complete 
|  36|0x0000000082400000, 0x0000000082500000, 0x0000000082500000|100%| O|  |TAMS 0x0000000082500000, 0x0000000082400000| Untracked 
|  37|0x0000000082500000, 0x0000000082600000, 0x0000000082600000|100%| O|  |TAMS 0x0000000082600000, 0x0000000082500000| Untracked 
|  38|0x0000000082600000, 0x0000000082700000, 0x0000000082700000|100%| O|  |TAMS 0x0000000082700000, 0x0000000082600000| Untracked 
|  39|0x0000000082700000, 0x0000000082800000, 0x0000000082800000|100%| O|  |TAMS 0x0000000082800000, 0x0000000082700000| Untracked 
|  40|0x0000000082800000, 0x0000000082900000, 0x0000000082900000|100%| O|  |TAMS 0x0000000082900000, 0x0000000082800000| Untracked 
|  41|0x0000000082900000, 0x0000000082a00000, 0x0000000082a00000|100%| O|  |TAMS 0x0000000082a00000, 0x0000000082900000| Untracked 
|  42|0x0000000082a00000, 0x0000000082b00000, 0x0000000082b00000|100%| O|  |TAMS 0x0000000082b00000, 0x0000000082a00000| Untracked 
|  43|0x0000000082b00000, 0x0000000082c00000, 0x0000000082c00000|100%| O|  |TAMS 0x0000000082c00000, 0x0000000082b00000| Untracked 
|  44|0x0000000082c00000, 0x0000000082d00000, 0x0000000082d00000|100%| O|  |TAMS 0x0000000082d00000, 0x0000000082c00000| Untracked 
|  45|0x0000000082d00000, 0x0000000082e00000, 0x0000000082e00000|100%| O|  |TAMS 0x0000000082e00000, 0x0000000082d00000| Untracked 
|  46|0x0000000082e00000, 0x0000000082f00000, 0x0000000082f00000|100%| O|  |TAMS 0x0000000082f00000, 0x0000000082e00000| Untracked 
|  47|0x0000000082f00000, 0x0000000083000000, 0x0000000083000000|100%| O|  |TAMS 0x0000000083000000, 0x0000000082f00000| Untracked 
|  48|0x0000000083000000, 0x0000000083100000, 0x0000000083100000|100%| O|  |TAMS 0x000000008307f400, 0x0000000083000000| Untracked 
|  49|0x0000000083100000, 0x0000000083200000, 0x0000000083200000|100%| O|  |TAMS 0x0000000083100000, 0x0000000083100000| Untracked 
|  50|0x0000000083200000, 0x0000000083300000, 0x0000000083300000|100%| O|  |TAMS 0x0000000083200000, 0x0000000083200000| Untracked 
|  51|0x0000000083300000, 0x0000000083400000, 0x0000000083400000|100%| O|  |TAMS 0x0000000083300000, 0x0000000083300000| Untracked 
|  52|0x0000000083400000, 0x0000000083500000, 0x0000000083500000|100%| O|  |TAMS 0x0000000083400000, 0x0000000083400000| Untracked 
|  53|0x0000000083500000, 0x0000000083600000, 0x0000000083600000|100%| O|  |TAMS 0x0000000083500000, 0x0000000083500000| Untracked 
|  54|0x0000000083600000, 0x0000000083700000, 0x0000000083700000|100%| O|  |TAMS 0x0000000083600000, 0x0000000083600000| Untracked 
|  55|0x0000000083700000, 0x0000000083800000, 0x0000000083800000|100%| O|  |TAMS 0x0000000083700000, 0x0000000083700000| Untracked 
|  56|0x0000000083800000, 0x00000000838e0200, 0x0000000083900000| 87%| O|  |TAMS 0x0000000083800000, 0x0000000083800000| Untracked 
|  57|0x0000000083900000, 0x0000000083900000, 0x0000000083a00000|  0%| F|  |TAMS 0x0000000083900000, 0x0000000083900000| Untracked 
|  58|0x0000000083a00000, 0x0000000083a00000, 0x0000000083b00000|  0%| F|  |TAMS 0x0000000083a00000, 0x0000000083a00000| Untracked 
|  59|0x0000000083b00000, 0x0000000083b00000, 0x0000000083c00000|  0%| F|  |TAMS 0x0000000083b00000, 0x0000000083b00000| Untracked 
|  60|0x0000000083c00000, 0x0000000083c00000, 0x0000000083d00000|  0%| F|  |TAMS 0x0000000083c00000, 0x0000000083c00000| Untracked 
|  61|0x0000000083d00000, 0x0000000083d00000, 0x0000000083e00000|  0%| F|  |TAMS 0x0000000083d00000, 0x0000000083d00000| Untracked 
|  62|0x0000000083e00000, 0x0000000083e00000, 0x0000000083f00000|  0%| F|  |TAMS 0x0000000083e00000, 0x0000000083e00000| Untracked 
|  63|0x0000000083f00000, 0x0000000083f00000, 0x0000000084000000|  0%| F|  |TAMS 0x0000000083f00000, 0x0000000083f00000| Untracked 
|  64|0x0000000084000000, 0x0000000084000000, 0x0000000084100000|  0%| F|  |TAMS 0x0000000084000000, 0x0000000084000000| Untracked 
|  65|0x0000000084100000, 0x0000000084100000, 0x0000000084200000|  0%| F|  |TAMS 0x0000000084100000, 0x0000000084100000| Untracked 
|  66|0x0000000084200000, 0x0000000084200000, 0x0000000084300000|  0%| F|  |TAMS 0x0000000084200000, 0x0000000084200000| Untracked 
|  67|0x0000000084300000, 0x0000000084300000, 0x0000000084400000|  0%| F|  |TAMS 0x0000000084300000, 0x0000000084300000| Untracked 
|  68|0x0000000084400000, 0x0000000084400000, 0x0000000084500000|  0%| F|  |TAMS 0x0000000084400000, 0x0000000084400000| Untracked 
|  69|0x0000000084500000, 0x0000000084500000, 0x0000000084600000|  0%| F|  |TAMS 0x0000000084500000, 0x0000000084500000| Untracked 
|  70|0x0000000084600000, 0x0000000084600000, 0x0000000084700000|  0%| F|  |TAMS 0x0000000084600000, 0x0000000084600000| Untracked 
|  71|0x0000000084700000, 0x0000000084700000, 0x0000000084800000|  0%| F|  |TAMS 0x0000000084700000, 0x0000000084700000| Untracked 
|  72|0x0000000084800000, 0x0000000084800000, 0x0000000084900000|  0%| F|  |TAMS 0x0000000084800000, 0x0000000084800000| Untracked 
|  73|0x0000000084900000, 0x0000000084900000, 0x0000000084a00000|  0%| F|  |TAMS 0x0000000084900000, 0x0000000084900000| Untracked 
|  74|0x0000000084a00000, 0x0000000084a00000, 0x0000000084b00000|  0%| F|  |TAMS 0x0000000084a00000, 0x0000000084a00000| Untracked 
|  75|0x0000000084b00000, 0x0000000084b00000, 0x0000000084c00000|  0%| F|  |TAMS 0x0000000084b00000, 0x0000000084b00000| Untracked 
|  76|0x0000000084c00000, 0x0000000084c00000, 0x0000000084d00000|  0%| F|  |TAMS 0x0000000084c00000, 0x0000000084c00000| Untracked 
|  77|0x0000000084d00000, 0x0000000084d00000, 0x0000000084e00000|  0%| F|  |TAMS 0x0000000084d00000, 0x0000000084d00000| Untracked 
|  78|0x0000000084e00000, 0x0000000084e00000, 0x0000000084f00000|  0%| F|  |TAMS 0x0000000084e00000, 0x0000000084e00000| Untracked 
|  79|0x0000000084f00000, 0x0000000084f00000, 0x0000000085000000|  0%| F|  |TAMS 0x0000000084f00000, 0x0000000084f00000| Untracked 
|  80|0x0000000085000000, 0x0000000085000000, 0x0000000085100000|  0%| F|  |TAMS 0x0000000085000000, 0x0000000085000000| Untracked 
|  81|0x0000000085100000, 0x0000000085100000, 0x0000000085200000|  0%| F|  |TAMS 0x0000000085100000, 0x0000000085100000| Untracked 
|  82|0x0000000085200000, 0x0000000085200000, 0x0000000085300000|  0%| F|  |TAMS 0x0000000085200000, 0x0000000085200000| Untracked 
|  83|0x0000000085300000, 0x0000000085300000, 0x0000000085400000|  0%| F|  |TAMS 0x0000000085300000, 0x0000000085300000| Untracked 
|  84|0x0000000085400000, 0x0000000085400000, 0x0000000085500000|  0%| F|  |TAMS 0x0000000085400000, 0x0000000085400000| Untracked 
|  85|0x0000000085500000, 0x0000000085500000, 0x0000000085600000|  0%| F|  |TAMS 0x0000000085500000, 0x0000000085500000| Untracked 
|  86|0x0000000085600000, 0x0000000085600000, 0x0000000085700000|  0%| F|  |TAMS 0x0000000085600000, 0x0000000085600000| Untracked 
|  87|0x0000000085700000, 0x0000000085700000, 0x0000000085800000|  0%| F|  |TAMS 0x0000000085700000, 0x0000000085700000| Untracked 
|  88|0x0000000085800000, 0x0000000085800000, 0x0000000085900000|  0%| F|  |TAMS 0x0000000085800000, 0x0000000085800000| Untracked 
|  89|0x0000000085900000, 0x00000000859d3728, 0x0000000085a00000| 82%| S|CS|TAMS 0x0000000085900000, 0x0000000085900000| Complete 
|  90|0x0000000085a00000, 0x0000000085b00000, 0x0000000085b00000|100%| S|CS|TAMS 0x0000000085a00000, 0x0000000085a00000| Complete 
|  91|0x0000000085b00000, 0x0000000085c00000, 0x0000000085c00000|100%| S|CS|TAMS 0x0000000085b00000, 0x0000000085b00000| Complete 
|  92|0x0000000085c00000, 0x0000000085d00000, 0x0000000085d00000|100%| S|CS|TAMS 0x0000000085c00000, 0x0000000085c00000| Complete 
|  93|0x0000000085d00000, 0x0000000085d00000, 0x0000000085e00000|  0%| F|  |TAMS 0x0000000085d00000, 0x0000000085d00000| Untracked 
|  94|0x0000000085e00000, 0x0000000085e00000, 0x0000000085f00000|  0%| F|  |TAMS 0x0000000085e00000, 0x0000000085e00000| Untracked 
|  95|0x0000000085f00000, 0x0000000086000000, 0x0000000086000000|100%| S|CS|TAMS 0x0000000085f00000, 0x0000000085f00000| Complete 
|  96|0x0000000086000000, 0x0000000086000000, 0x0000000086100000|  0%| F|  |TAMS 0x0000000086000000, 0x0000000086000000| Untracked 
|  97|0x0000000086100000, 0x0000000086100000, 0x0000000086200000|  0%| F|  |TAMS 0x0000000086100000, 0x0000000086100000| Untracked 
|  98|0x0000000086200000, 0x0000000086200000, 0x0000000086300000|  0%| F|  |TAMS 0x0000000086200000, 0x0000000086200000| Untracked 
|  99|0x0000000086300000, 0x0000000086300000, 0x0000000086400000|  0%| F|  |TAMS 0x0000000086300000, 0x0000000086300000| Untracked 
| 100|0x0000000086400000, 0x0000000086400000, 0x0000000086500000|  0%| F|  |TAMS 0x0000000086400000, 0x0000000086400000| Untracked 
| 101|0x0000000086500000, 0x0000000086600000, 0x0000000086600000|100%| S|CS|TAMS 0x0000000086500000, 0x0000000086500000| Complete 
| 102|0x0000000086600000, 0x0000000086700000, 0x0000000086700000|100%| S|CS|TAMS 0x0000000086600000, 0x0000000086600000| Complete 
| 103|0x0000000086700000, 0x0000000086700000, 0x0000000086800000|  0%| F|  |TAMS 0x0000000086700000, 0x0000000086700000| Untracked 
| 104|0x0000000086800000, 0x0000000086800000, 0x0000000086900000|  0%| F|  |TAMS 0x0000000086800000, 0x0000000086800000| Untracked 
| 105|0x0000000086900000, 0x0000000086900000, 0x0000000086a00000|  0%| F|  |TAMS 0x0000000086900000, 0x0000000086900000| Untracked 
| 106|0x0000000086a00000, 0x0000000086b00000, 0x0000000086b00000|100%| E|  |TAMS 0x0000000086a00000, 0x0000000086a00000| Complete 
| 107|0x0000000086b00000, 0x0000000086c00000, 0x0000000086c00000|100%| E|CS|TAMS 0x0000000086b00000, 0x0000000086b00000| Complete 
| 108|0x0000000086c00000, 0x0000000086d00000, 0x0000000086d00000|100%| E|CS|TAMS 0x0000000086c00000, 0x0000000086c00000| Complete 
| 109|0x0000000086d00000, 0x0000000086e00000, 0x0000000086e00000|100%| E|CS|TAMS 0x0000000086d00000, 0x0000000086d00000| Complete 
| 110|0x0000000086e00000, 0x0000000086f00000, 0x0000000086f00000|100%| E|CS|TAMS 0x0000000086e00000, 0x0000000086e00000| Complete 
| 111|0x0000000086f00000, 0x0000000087000000, 0x0000000087000000|100%| E|CS|TAMS 0x0000000086f00000, 0x0000000086f00000| Complete 
| 112|0x0000000087000000, 0x0000000087100000, 0x0000000087100000|100%| E|CS|TAMS 0x0000000087000000, 0x0000000087000000| Complete 
| 113|0x0000000087100000, 0x0000000087200000, 0x0000000087200000|100%| E|CS|TAMS 0x0000000087100000, 0x0000000087100000| Complete 
| 114|0x0000000087200000, 0x0000000087300000, 0x0000000087300000|100%| E|CS|TAMS 0x0000000087200000, 0x0000000087200000| Complete 
| 115|0x0000000087300000, 0x0000000087400000, 0x0000000087400000|100%| E|CS|TAMS 0x0000000087300000, 0x0000000087300000| Complete 
| 116|0x0000000087400000, 0x0000000087500000, 0x0000000087500000|100%| E|CS|TAMS 0x0000000087400000, 0x0000000087400000| Complete 
| 117|0x0000000087500000, 0x0000000087600000, 0x0000000087600000|100%| E|CS|TAMS 0x0000000087500000, 0x0000000087500000| Complete 
| 118|0x0000000087600000, 0x0000000087700000, 0x0000000087700000|100%| E|CS|TAMS 0x0000000087600000, 0x0000000087600000| Complete 
| 119|0x0000000087700000, 0x0000000087800000, 0x0000000087800000|100%| E|CS|TAMS 0x0000000087700000, 0x0000000087700000| Complete 
| 120|0x0000000087800000, 0x0000000087900000, 0x0000000087900000|100%| E|CS|TAMS 0x0000000087800000, 0x0000000087800000| Complete 
| 121|0x0000000087900000, 0x0000000087a00000, 0x0000000087a00000|100%| E|CS|TAMS 0x0000000087900000, 0x0000000087900000| Complete 
| 122|0x0000000087a00000, 0x0000000087b00000, 0x0000000087b00000|100%| E|CS|TAMS 0x0000000087a00000, 0x0000000087a00000| Complete 
| 123|0x0000000087b00000, 0x0000000087c00000, 0x0000000087c00000|100%| E|CS|TAMS 0x0000000087b00000, 0x0000000087b00000| Complete 
| 124|0x0000000087c00000, 0x0000000087d00000, 0x0000000087d00000|100%| E|CS|TAMS 0x0000000087c00000, 0x0000000087c00000| Complete 
| 125|0x0000000087d00000, 0x0000000087e00000, 0x0000000087e00000|100%| E|CS|TAMS 0x0000000087d00000, 0x0000000087d00000| Complete 
| 126|0x0000000087e00000, 0x0000000087f00000, 0x0000000087f00000|100%| E|CS|TAMS 0x0000000087e00000, 0x0000000087e00000| Complete 
| 127|0x0000000087f00000, 0x0000000088000000, 0x0000000088000000|100%| E|CS|TAMS 0x0000000087f00000, 0x0000000087f00000| Complete 
| 128|0x0000000088000000, 0x0000000088100000, 0x0000000088100000|100%| E|CS|TAMS 0x0000000088000000, 0x0000000088000000| Complete 
| 129|0x0000000088100000, 0x0000000088200000, 0x0000000088200000|100%| E|CS|TAMS 0x0000000088100000, 0x0000000088100000| Complete 
| 130|0x0000000088200000, 0x0000000088300000, 0x0000000088300000|100%| E|CS|TAMS 0x0000000088200000, 0x0000000088200000| Complete 
| 131|0x0000000088300000, 0x0000000088400000, 0x0000000088400000|100%| E|CS|TAMS 0x0000000088300000, 0x0000000088300000| Complete 
| 132|0x0000000088400000, 0x0000000088500000, 0x0000000088500000|100%| E|CS|TAMS 0x0000000088400000, 0x0000000088400000| Complete 
| 133|0x0000000088500000, 0x0000000088600000, 0x0000000088600000|100%| E|CS|TAMS 0x0000000088500000, 0x0000000088500000| Complete 
| 134|0x0000000088600000, 0x0000000088700000, 0x0000000088700000|100%| E|CS|TAMS 0x0000000088600000, 0x0000000088600000| Complete 
| 135|0x0000000088700000, 0x0000000088800000, 0x0000000088800000|100%| E|CS|TAMS 0x0000000088700000, 0x0000000088700000| Complete 
| 136|0x0000000088800000, 0x0000000088900000, 0x0000000088900000|100%| E|CS|TAMS 0x0000000088800000, 0x0000000088800000| Complete 
| 137|0x0000000088900000, 0x0000000088a00000, 0x0000000088a00000|100%| E|CS|TAMS 0x0000000088900000, 0x0000000088900000| Complete 
| 138|0x0000000088a00000, 0x0000000088b00000, 0x0000000088b00000|100%| E|CS|TAMS 0x0000000088a00000, 0x0000000088a00000| Complete 
| 139|0x0000000088b00000, 0x0000000088c00000, 0x0000000088c00000|100%| E|CS|TAMS 0x0000000088b00000, 0x0000000088b00000| Complete 
| 140|0x0000000088c00000, 0x0000000088d00000, 0x0000000088d00000|100%| E|CS|TAMS 0x0000000088c00000, 0x0000000088c00000| Complete 
| 141|0x0000000088d00000, 0x0000000088e00000, 0x0000000088e00000|100%| E|CS|TAMS 0x0000000088d00000, 0x0000000088d00000| Complete 
| 142|0x0000000088e00000, 0x0000000088f00000, 0x0000000088f00000|100%| E|CS|TAMS 0x0000000088e00000, 0x0000000088e00000| Complete 
| 143|0x0000000088f00000, 0x0000000089000000, 0x0000000089000000|100%| E|CS|TAMS 0x0000000088f00000, 0x0000000088f00000| Complete 
| 144|0x0000000089000000, 0x0000000089100000, 0x0000000089100000|100%| E|CS|TAMS 0x0000000089000000, 0x0000000089000000| Complete 
| 145|0x0000000089100000, 0x0000000089200000, 0x0000000089200000|100%| E|CS|TAMS 0x0000000089100000, 0x0000000089100000| Complete 
| 146|0x0000000089200000, 0x0000000089300000, 0x0000000089300000|100%| E|CS|TAMS 0x0000000089200000, 0x0000000089200000| Complete 
| 147|0x0000000089300000, 0x0000000089400000, 0x0000000089400000|100%| E|CS|TAMS 0x0000000089300000, 0x0000000089300000| Complete 
| 148|0x0000000089400000, 0x0000000089500000, 0x0000000089500000|100%| E|CS|TAMS 0x0000000089400000, 0x0000000089400000| Complete 
| 149|0x0000000089500000, 0x0000000089600000, 0x0000000089600000|100%| E|CS|TAMS 0x0000000089500000, 0x0000000089500000| Complete 
| 150|0x0000000089600000, 0x0000000089700000, 0x0000000089700000|100%| E|CS|TAMS 0x0000000089600000, 0x0000000089600000| Complete 
| 151|0x0000000089700000, 0x0000000089800000, 0x0000000089800000|100%| E|CS|TAMS 0x0000000089700000, 0x0000000089700000| Complete 
| 152|0x0000000089800000, 0x0000000089900000, 0x0000000089900000|100%| E|CS|TAMS 0x0000000089800000, 0x0000000089800000| Complete 
| 153|0x0000000089900000, 0x0000000089a00000, 0x0000000089a00000|100%| E|CS|TAMS 0x0000000089900000, 0x0000000089900000| Complete 

Card table byte_map: [0x0000027078f90000,0x0000027079390000] _byte_map_base: 0x0000027078b90000

Marking Bits (Prev, Next): (CMBitMap*) 0x00000270732dd128, (CMBitMap*) 0x00000270732dd160
 Prev Bits: [0x0000027079790000, 0x000002707b790000)
 Next Bits: [0x000002707b790000, 0x000002707d790000)

Polling page: 0x0000027073050000

Metaspace:

Usage:
  Non-class:     68.19 MB capacity,    67.23 MB ( 99%) used,   783.67 KB (  1%) free+waste,   194.44 KB ( <1%) overhead. 
      Class:     10.50 MB capacity,     9.87 MB ( 94%) used,   561.89 KB (  5%) free+waste,    89.13 KB ( <1%) overhead. 
       Both:     78.69 MB capacity,    77.10 MB ( 98%) used,     1.31 MB (  2%) free+waste,   283.56 KB ( <1%) overhead. 

Virtual space:
  Non-class space:       70.00 MB reserved,      68.20 MB ( 97%) committed 
      Class space:        1.00 GB reserved,      10.63 MB (  1%) committed 
             Both:        1.07 GB reserved,      78.83 MB (  7%) committed 

Chunk freelists:
   Non-Class:  18.00 KB
       Class:  31.00 KB
        Both:  49.00 KB

MaxMetaspaceSize: 17179869184.00 GB
CompressedClassSpaceSize: 1.00 GB
Initial GC threshold: 20.80 MB
Current GC threshold: 107.42 MB
CDS: off

CodeHeap 'non-profiled nmethods': size=120064Kb used=4713Kb max_used=4713Kb free=115350Kb
 bounds [0x0000027007ac0000, 0x0000027007f60000, 0x000002700f000000]
CodeHeap 'profiled nmethods': size=120000Kb used=16821Kb max_used=16821Kb free=103178Kb
 bounds [0x0000027000590000, 0x0000027001600000, 0x0000027007ac0000]
CodeHeap 'non-nmethods': size=5696Kb used=2357Kb max_used=2396Kb free=3338Kb
 bounds [0x0000027000000000, 0x0000027000270000, 0x0000027000590000]
 total_blobs=8636 nmethods=7763 adapters=785
 compilation: enabled
              stopped_count=0, restarted_count=0
 full_count=0

Compilation events (20 events):
Event: 11.501 Thread 0x000002700f894000 7717       2       org.gradle.api.internal.collections.CollectionFilter$1::execute (24 bytes)
Event: 11.501 Thread 0x000002700f894000 nmethod 7717 0x00000270015e3e90 code [0x00000270015e4060, 0x00000270015e41b8]
Event: 11.501 Thread 0x000002700f894000 7718       1       com.android.build.api.component.impl.ComponentImpl::getTaskContainer (5 bytes)
Event: 11.502 Thread 0x000002700f894000 nmethod 7718 0x0000027007f57b10 code [0x0000027007f57cc0, 0x0000027007f57d78]
Event: 11.502 Thread 0x000002700f894000 7719       2       com.google.common.collect.LinkedHashMultimap::create (11 bytes)
Event: 11.502 Thread 0x000002700f894000 nmethod 7719 0x00000270015e4290 code [0x00000270015e4440, 0x00000270015e45a8]
Event: 11.502 Thread 0x000002700f894000 7720       2       com.google.common.collect.LinkedHashMultimap::<init> (52 bytes)
Event: 11.502 Thread 0x000002700f894000 nmethod 7720 0x00000270015e4690 code [0x00000270015e48a0, 0x00000270015e4d58]
Event: 11.502 Thread 0x000002700f894000 7721       2       org.objectweb.asm.SymbolTable::addUninitializedType (103 bytes)
Event: 11.502 Thread 0x000002700f894000 nmethod 7721 0x00000270015e4f90 code [0x00000270015e5180, 0x00000270015e5518]
Event: 11.502 Thread 0x000002700f894000 7722       2       org.gradle.internal.instantiation.generator.AsmBackedClassGenerator$ClassBuilderImpl::addPropertySetterOverloads (132 bytes)
Event: 11.503 Thread 0x000002700f894000 nmethod 7722 0x00000270015e5810 code [0x00000270015e5ae0, 0x00000270015e6138]
Event: 11.505 Thread 0x000002700f894000 7723   !   2       com.sun.proxy.$Proxy1::value (29 bytes)
Event: 11.505 Thread 0x000002700f894000 nmethod 7723 0x00000270015e6610 code [0x00000270015e67e0, 0x00000270015e6a58]
Event: 11.505 Thread 0x000002700f894000 7724       2       org.gradle.internal.instantiation.generator.AbstractClassGenerator$DslMixInPropertyType::addSetMethods (180 bytes)
Event: 11.507 Thread 0x000002700f894000 nmethod 7724 0x00000270015e6c10 code [0x00000270015e6ec0, 0x00000270015e7608]
Event: 11.509 Thread 0x000002700f894000 7725       2       org.gradle.api.internal.file.collections.UnpackingVisitor::add (355 bytes)
Event: 11.510 Thread 0x000002700f894000 nmethod 7725 0x00000270015e7a90 code [0x00000270015e7e00, 0x00000270015e90b8]
Event: 11.511 Thread 0x000002700f894000 7726       2       java.lang.Class::getDeclaredAnnotations (11 bytes)
Event: 11.511 Thread 0x000002700f894000 nmethod 7726 0x00000270015e9610 code [0x00000270015e97e0, 0x00000270015e99a8]

GC Heap History (20 events):
Event: 4.272 GC heap before
{Heap before GC invocations=8 (full 0):
 garbage-first heap   total 131072K, used 37321K [0x0000000080000000, 0x0000000100000000)
  region size 1024K, 22 young (22528K), 5 survivors (5120K)
 Metaspace       used 35156K, capacity 35899K, committed 36048K, reserved 1081344K
  class space    used 4511K, capacity 4790K, committed 4864K, reserved 1048576K
}
Event: 4.278 GC heap after
{Heap after GC invocations=9 (full 0):
 garbage-first heap   total 131072K, used 22896K [0x0000000080000000, 0x0000000100000000)
  region size 1024K, 6 young (6144K), 6 survivors (6144K)
 Metaspace       used 35156K, capacity 35899K, committed 36048K, reserved 1081344K
  class space    used 4511K, capacity 4790K, committed 4864K, reserved 1048576K
}
Event: 4.960 GC heap before
{Heap before GC invocations=10 (full 0):
 garbage-first heap   total 131072K, used 79216K [0x0000000080000000, 0x0000000100000000)
  region size 1024K, 59 young (60416K), 6 survivors (6144K)
 Metaspace       used 39401K, capacity 40269K, committed 40400K, reserved 1085440K
  class space    used 4962K, capacity 5326K, committed 5376K, reserved 1048576K
}
Event: 4.970 GC heap after
{Heap after GC invocations=11 (full 0):
 garbage-first heap   total 157696K, used 27360K [0x0000000080000000, 0x0000000100000000)
  region size 1024K, 8 young (8192K), 8 survivors (8192K)
 Metaspace       used 39401K, capacity 40269K, committed 40400K, reserved 1085440K
  class space    used 4962K, capacity 5326K, committed 5376K, reserved 1048576K
}
Event: 5.903 GC heap before
{Heap before GC invocations=11 (full 0):
 garbage-first heap   total 157696K, used 93920K [0x0000000080000000, 0x0000000100000000)
  region size 1024K, 72 young (73728K), 8 survivors (8192K)
 Metaspace       used 45095K, capacity 46131K, committed 46288K, reserved 1089536K
  class space    used 5709K, capacity 6075K, committed 6144K, reserved 1048576K
}
Event: 5.910 GC heap after
{Heap after GC invocations=12 (full 0):
 garbage-first heap   total 157696K, used 29980K [0x0000000080000000, 0x0000000100000000)
  region size 1024K, 7 young (7168K), 7 survivors (7168K)
 Metaspace       used 45095K, capacity 46131K, committed 46288K, reserved 1089536K
  class space    used 5709K, capacity 6075K, committed 6144K, reserved 1048576K
}
Event: 6.887 GC heap before
{Heap before GC invocations=12 (full 0):
 garbage-first heap   total 157696K, used 97564K [0x0000000080000000, 0x0000000100000000)
  region size 1024K, 74 young (75776K), 7 survivors (7168K)
 Metaspace       used 48687K, capacity 49867K, committed 50128K, reserved 1093632K
  class space    used 6132K, capacity 6593K, committed 6656K, reserved 1048576K
}
Event: 6.893 GC heap after
{Heap after GC invocations=13 (full 0):
 garbage-first heap   total 157696K, used 33028K [0x0000000080000000, 0x0000000100000000)
  region size 1024K, 6 young (6144K), 6 survivors (6144K)
 Metaspace       used 48687K, capacity 49867K, committed 50128K, reserved 1093632K
  class space    used 6132K, capacity 6593K, committed 6656K, reserved 1048576K
}
Event: 7.998 GC heap before
{Heap before GC invocations=13 (full 0):
 garbage-first heap   total 157696K, used 111876K [0x0000000080000000, 0x0000000100000000)
  region size 1024K, 75 young (76800K), 6 survivors (6144K)
 Metaspace       used 55740K, capacity 57132K, committed 57168K, reserved 1099776K
  class space    used 6999K, capacity 7529K, committed 7552K, reserved 1048576K
}
Event: 8.005 GC heap after
{Heap after GC invocations=14 (full 0):
 garbage-first heap   total 157696K, used 49017K [0x0000000080000000, 0x0000000100000000)
  region size 1024K, 10 young (10240K), 10 survivors (10240K)
 Metaspace       used 55740K, capacity 57132K, committed 57168K, reserved 1099776K
  class space    used 6999K, capacity 7529K, committed 7552K, reserved 1048576K
}
Event: 8.461 GC heap before
{Heap before GC invocations=14 (full 0):
 garbage-first heap   total 157696K, used 73593K [0x0000000080000000, 0x0000000100000000)
  region size 1024K, 35 young (35840K), 10 survivors (10240K)
 Metaspace       used 58999K, capacity 60378K, committed 60508K, reserved 1101824K
  class space    used 7382K, capacity 7926K, committed 7936K, reserved 1048576K
}
Event: 8.468 GC heap after
{Heap after GC invocations=15 (full 0):
 garbage-first heap   total 157696K, used 51280K [0x0000000080000000, 0x0000000100000000)
  region size 1024K, 2 young (2048K), 2 survivors (2048K)
 Metaspace       used 58999K, capacity 60378K, committed 60508K, reserved 1101824K
  class space    used 7382K, capacity 7926K, committed 7936K, reserved 1048576K
}
Event: 9.331 GC heap before
{Heap before GC invocations=16 (full 0):
 garbage-first heap   total 157696K, used 108624K [0x0000000080000000, 0x0000000100000000)
  region size 1024K, 52 young (53248K), 2 survivors (2048K)
 Metaspace       used 63994K, capacity 65407K, committed 65616K, reserved 1105920K
  class space    used 7996K, capacity 8550K, committed 8576K, reserved 1048576K
}
Event: 9.337 GC heap after
{Heap after GC invocations=17 (full 0):
 garbage-first heap   total 157696K, used 55654K [0x0000000080000000, 0x0000000100000000)
  region size 1024K, 6 young (6144K), 6 survivors (6144K)
 Metaspace       used 63994K, capacity 65407K, committed 65616K, reserved 1105920K
  class space    used 7996K, capacity 8550K, committed 8576K, reserved 1048576K
}
Event: 9.992 GC heap before
{Heap before GC invocations=18 (full 0):
 garbage-first heap   total 157696K, used 106854K [0x0000000080000000, 0x0000000100000000)
  region size 1024K, 56 young (57344K), 6 survivors (6144K)
 Metaspace       used 68127K, capacity 69648K, committed 69840K, reserved 1110016K
  class space    used 8519K, capacity 9102K, committed 9216K, reserved 1048576K
}
Event: 10.000 GC heap after
{Heap after GC invocations=19 (full 0):
 garbage-first heap   total 157696K, used 58546K [0x0000000080000000, 0x0000000100000000)
  region size 1024K, 3 young (3072K), 3 survivors (3072K)
 Metaspace       used 68127K, capacity 69648K, committed 69840K, reserved 1110016K
  class space    used 8519K, capacity 9102K, committed 9216K, reserved 1048576K
}
Event: 10.336 GC heap before
{Heap before GC invocations=19 (full 0):
 garbage-first heap   total 157696K, used 110770K [0x0000000080000000, 0x0000000100000000)
  region size 1024K, 54 young (55296K), 3 survivors (3072K)
 Metaspace       used 69281K, capacity 70871K, committed 70992K, reserved 1112064K
  class space    used 8648K, capacity 9271K, committed 9344K, reserved 1048576K
}
Event: 10.342 GC heap after
{Heap after GC invocations=20 (full 0):
 garbage-first heap   total 157696K, used 62261K [0x0000000080000000, 0x0000000100000000)
  region size 1024K, 7 young (7168K), 7 survivors (7168K)
 Metaspace       used 69281K, capacity 70871K, committed 70992K, reserved 1112064K
  class space    used 8648K, capacity 9271K, committed 9344K, reserved 1048576K
}
Event: 11.036 GC heap before
{Heap before GC invocations=20 (full 0):
 garbage-first heap   total 157696K, used 114485K [0x0000000080000000, 0x0000000100000000)
  region size 1024K, 58 young (59392K), 7 survivors (7168K)
 Metaspace       used 75054K, capacity 76620K, committed 76752K, reserved 1116160K
  class space    used 9567K, capacity 10180K, committed 10240K, reserved 1048576K
}
Event: 11.044 GC heap after
{Heap after GC invocations=21 (full 0):
 garbage-first heap   total 157696K, used 65230K [0x0000000080000000, 0x0000000100000000)
  region size 1024K, 7 young (7168K), 7 survivors (7168K)
 Metaspace       used 75054K, capacity 76620K, committed 76752K, reserved 1116160K
  class space    used 9567K, capacity 10180K, committed 10240K, reserved 1048576K
}

Deoptimization events (20 events):
Event: 11.426 Thread 0x0000027015c9e000 Uncommon trap: trap_request=0xffffff4d fr.pc=0x0000027007dd1bc4 relative=0x0000000000002964
Event: 11.426 Thread 0x0000027015c9e000 Uncommon trap: reason=unstable_if action=reinterpret pc=0x0000027007dd1bc4 method=java.util.HashMap.getNode(ILjava/lang/Object;)Ljava/util/HashMap$Node; @ 84 c2
Event: 11.426 Thread 0x0000027015c9e000 DEOPT PACKING pc=0x0000027007dd1bc4 sp=0x0000009f51cf8c10
Event: 11.426 Thread 0x0000027015c9e000 DEOPT UNPACKING pc=0x000002700004a1af sp=0x0000009f51cf8af8 mode 2
Event: 11.426 Thread 0x0000027015c9e000 Uncommon trap: trap_request=0xffffff4d fr.pc=0x0000027007e94fc8 relative=0x0000000000000288
Event: 11.426 Thread 0x0000027015c9e000 Uncommon trap: reason=unstable_if action=reinterpret pc=0x0000027007e94fc8 method=java.util.HashMap.getNode(ILjava/lang/Object;)Ljava/util/HashMap$Node; @ 84 c2
Event: 11.426 Thread 0x0000027015c9e000 DEOPT PACKING pc=0x0000027007e94fc8 sp=0x0000009f51cf8bc0
Event: 11.426 Thread 0x0000027015c9e000 DEOPT UNPACKING pc=0x000002700004a1af sp=0x0000009f51cf8ae0 mode 2
Event: 11.426 Thread 0x0000027015c9e000 Uncommon trap: trap_request=0xffffff4d fr.pc=0x0000027007d7366c relative=0x00000000000001ac
Event: 11.426 Thread 0x0000027015c9e000 Uncommon trap: reason=unstable_if action=reinterpret pc=0x0000027007d7366c method=java.util.HashMap.getNode(ILjava/lang/Object;)Ljava/util/HashMap$Node; @ 84 c2
Event: 11.426 Thread 0x0000027015c9e000 DEOPT PACKING pc=0x0000027007d7366c sp=0x0000009f51cf8b60
Event: 11.426 Thread 0x0000027015c9e000 DEOPT UNPACKING pc=0x000002700004a1af sp=0x0000009f51cf8ae8 mode 2
Event: 11.467 Thread 0x0000027015c9e000 Uncommon trap: trap_request=0xffffffbe fr.pc=0x0000027007f450d0 relative=0x0000000000000b70
Event: 11.467 Thread 0x0000027015c9e000 Uncommon trap: reason=profile_predicate action=maybe_recompile pc=0x0000027007f450d0 method=org.objectweb.asm.ByteVector.encodeUtf8(Ljava/lang/String;II)Lorg/objectweb/asm/ByteVector; @ 163 c2
Event: 11.467 Thread 0x0000027015c9e000 DEOPT PACKING pc=0x0000027007f450d0 sp=0x0000009f51cf89b0
Event: 11.467 Thread 0x0000027015c9e000 DEOPT UNPACKING pc=0x000002700004a1af sp=0x0000009f51cf8948 mode 2
Event: 11.505 Thread 0x0000027015c9e000 Uncommon trap: trap_request=0xffffffbe fr.pc=0x0000027007f450d0 relative=0x0000000000000b70
Event: 11.505 Thread 0x0000027015c9e000 Uncommon trap: reason=profile_predicate action=maybe_recompile pc=0x0000027007f450d0 method=org.objectweb.asm.ByteVector.encodeUtf8(Ljava/lang/String;II)Lorg/objectweb/asm/ByteVector; @ 163 c2
Event: 11.505 Thread 0x0000027015c9e000 DEOPT PACKING pc=0x0000027007f450d0 sp=0x0000009f51cf8820
Event: 11.505 Thread 0x0000027015c9e000 DEOPT UNPACKING pc=0x000002700004a1af sp=0x0000009f51cf87b8 mode 2

Classes redefined (0 events):
No events

Internal exceptions (20 events):
Event: 10.330 Thread 0x0000027015c9e000 Exception <a 'java/lang/ClassNotFoundException'{0x000000008684ed70}: org/jetbrains/kotlin/gradle/dsl/KotlinJvmOptionsImplBeanInfo> (0x000000008684ed70) thrown at [./src/hotspot/share/classfile/systemDictionary.cpp, line 231]
Event: 10.331 Thread 0x0000027015c9e000 Exception <a 'java/lang/ClassNotFoundException'{0x000000008686d270}: org/jetbrains/kotlin/gradle/dsl/KotlinJvmOptionsBaseBeanInfo> (0x000000008686d270) thrown at [./src/hotspot/share/classfile/systemDictionary.cpp, line 231]
Event: 10.331 Thread 0x0000027015c9e000 Exception <a 'java/lang/ClassNotFoundException'{0x000000008688bdc8}: org/jetbrains/kotlin/gradle/dsl/KotlinJvmOptionsBaseCustomizer> (0x000000008688bdc8) thrown at [./src/hotspot/share/classfile/systemDictionary.cpp, line 231]
Event: 10.331 Thread 0x0000027015c9e000 Exception <a 'java/lang/ClassNotFoundException'{0x00000000868bc2a0}: org/jetbrains/kotlin/gradle/dsl/KotlinJvmOptionsImplCustomizer> (0x00000000868bc2a0) thrown at [./src/hotspot/share/classfile/systemDictionary.cpp, line 231]
Event: 10.335 Thread 0x0000027015c9e000 Exception <a 'java/lang/ClassNotFoundException'{0x000000008656b1f8}: org/gradle/api/internal/artifacts/dsl/dependencies/DefaultDependencyHandler_DecoratedBeanInfo> (0x000000008656b1f8) thrown at [./src/hotspot/share/classfile/systemDictionary.cpp, line 231]
Event: 10.336 Thread 0x0000027015c9e000 Exception <a 'java/lang/ClassNotFoundException'{0x00000000865bd1a0}: org/gradle/api/internal/artifacts/dsl/dependencies/DefaultDependencyHandlerBeanInfo> (0x00000000865bd1a0) thrown at [./src/hotspot/share/classfile/systemDictionary.cpp, line 231]
Event: 10.342 Thread 0x0000027015c9e000 Exception <a 'java/lang/ClassNotFoundException'{0x00000000899107a8}: org/gradle/api/internal/artifacts/dsl/dependencies/DefaultDependencyHandlerCustomizer> (0x00000000899107a8) thrown at [./src/hotspot/share/classfile/systemDictionary.cpp, line 231]
Event: 10.344 Thread 0x0000027015c9e000 Exception <a 'java/lang/ClassNotFoundException'{0x000000008998cd00}: org/gradle/api/internal/artifacts/dsl/dependencies/DefaultDependencyHandler_DecoratedCustomizer> (0x000000008998cd00) thrown at [./src/hotspot/share/classfile/systemDictionary.cpp, line 231]
Event: 11.068 Thread 0x0000027015c9e000 Exception <a 'java/lang/ClassNotFoundException'{0x0000000089641650}: com/android/build/gradle/internal/api/ApkVariantOutputImpl_DecoratedBeanInfo> (0x0000000089641650) thrown at [./src/hotspot/share/classfile/systemDictionary.cpp, line 231]
Event: 11.069 Thread 0x0000027015c9e000 Exception <a 'java/lang/ClassNotFoundException'{0x000000008965f140}: com/android/build/gradle/internal/api/ApkVariantOutputImplBeanInfo> (0x000000008965f140) thrown at [./src/hotspot/share/classfile/systemDictionary.cpp, line 231]
Event: 11.069 Thread 0x0000027015c9e000 Exception <a 'java/lang/ClassNotFoundException'{0x000000008967d4f0}: com/android/build/gradle/internal/api/BaseVariantOutputImplBeanInfo> (0x000000008967d4f0) thrown at [./src/hotspot/share/classfile/systemDictionary.cpp, line 231]
Event: 11.069 Thread 0x0000027015c9e000 Exception <a 'java/lang/ClassNotFoundException'{0x000000008969bb68}: com/android/build/gradle/internal/api/BaseVariantOutputImplCustomizer> (0x000000008969bb68) thrown at [./src/hotspot/share/classfile/systemDictionary.cpp, line 231]
Event: 11.070 Thread 0x0000027015c9e000 Exception <a 'java/lang/ClassNotFoundException'{0x00000000896cc618}: com/android/build/gradle/internal/api/ApkVariantOutputImplCustomizer> (0x00000000896cc618) thrown at [./src/hotspot/share/classfile/systemDictionary.cpp, line 231]
Event: 11.071 Thread 0x0000027015c9e000 Exception <a 'java/lang/ClassNotFoundException'{0x00000000896f9988}: com/android/build/gradle/internal/api/ApkVariantOutputImpl_DecoratedCustomizer> (0x00000000896f9988) thrown at [./src/hotspot/share/classfile/systemDictionary.cpp, line 231]
Event: 11.112 Thread 0x0000027015c9e000 Exception <a 'java/lang/ClassNotFoundException'{0x00000000893d9078}: com/android/build/gradle/internal/api/ReadOnlyBuildTypeBeanInfo> (0x00000000893d9078) thrown at [./src/hotspot/share/classfile/systemDictionary.cpp, line 231]
Event: 11.112 Thread 0x0000027015c9e000 Exception <a 'java/lang/ClassNotFoundException'{0x00000000893f74c8}: com/android/build/gradle/internal/api/ReadOnlyBaseConfigBeanInfo> (0x00000000893f74c8) thrown at [./src/hotspot/share/classfile/systemDictionary.cpp, line 231]
Event: 11.112 Thread 0x0000027015c9e000 Exception <a 'java/lang/ClassNotFoundException'{0x0000000089216968}: com/android/build/gradle/internal/api/ReadOnlyBaseConfigCustomizer> (0x0000000089216968) thrown at [./src/hotspot/share/classfile/systemDictionary.cpp, line 231]
Event: 11.113 Thread 0x0000027015c9e000 Exception <a 'java/lang/ClassNotFoundException'{0x0000000089245cf8}: com/android/build/gradle/internal/api/ReadOnlyBuildTypeCustomizer> (0x0000000089245cf8) thrown at [./src/hotspot/share/classfile/systemDictionary.cpp, line 231]
Event: 11.307 Thread 0x0000027015c9e000 Implicit null exception at 0x0000027007d54a91 to 0x0000027007d55430
Event: 11.307 Thread 0x0000027015c9e000 Implicit null exception at 0x0000027007d55f16 to 0x0000027007d568a8

Events (20 events):
Event: 11.495 loading class org/gradle/internal/service/scopes/Scopes$Project
Event: 11.495 loading class org/gradle/internal/service/scopes/Scopes$Project done
Event: 11.496 loading class org/gradle/internal/work/DefaultConditionalExecutionQueue
Event: 11.496 loading class org/gradle/internal/work/DefaultConditionalExecutionQueue done
Event: 11.497 loading class org/gradle/internal/work/DefaultConditionalExecutionQueue$QueueState
Event: 11.497 loading class org/gradle/internal/work/DefaultConditionalExecutionQueue$QueueState done
Event: 11.499 loading class org/gradle/api/tasks/InputDirectory
Event: 11.499 loading class org/gradle/api/tasks/InputDirectory done
Event: 11.503 loading class com/android/builder/files/SerializableInputChanges
Event: 11.503 loading class com/android/builder/files/SerializableInputChanges done
Event: 11.504 loading class com/android/build/gradle/internal/tasks/MergeJavaResourceTask$Companion
Event: 11.504 loading class com/android/build/gradle/internal/tasks/MergeJavaResourceTask$Companion done
Event: 11.507 loading class com/android/build/gradle/internal/tasks/MergeJavaResourceTask$Companion$predicate$1
Event: 11.507 loading class com/android/build/gradle/internal/tasks/MergeJavaResourceTask$Companion$predicate$1 done
Event: 11.508 loading class com/android/build/gradle/internal/tasks/MergeJavaResourceTaskKt
Event: 11.508 loading class com/android/build/gradle/internal/tasks/MergeJavaResourceTaskKt done
Event: 11.509 loading class com/android/build/gradle/internal/tasks/MergeJavaResourceTaskKt$getProjectJavaRes$1
Event: 11.509 loading class com/android/build/gradle/internal/tasks/MergeJavaResourceTaskKt$getProjectJavaRes$1 done
Event: 11.510 loading class com/android/build/gradle/internal/tasks/DexMergingTask$SharedParams
Event: 11.510 loading class com/android/build/gradle/internal/tasks/DexMergingTask$SharedParams done


Dynamic libraries:
0x00007ff6c7e70000 - 0x00007ff6c7e7a000 	F:\ \jre\bin\java.exe
0x00007ffe437a0000 - 0x00007ffe43990000 	C:\Windows\SYSTEM32\ntdll.dll
0x00007ffe42470000 - 0x00007ffe42522000 	C:\Windows\System32\KERNEL32.DLL
0x00007ffe40750000 - 0x00007ffe409f3000 	C:\Windows\System32\KERNELBASE.dll
0x00007ffe416c0000 - 0x00007ffe417ba000 	C:\Windows\System32\ucrtbase.dll
0x00007ffe35800000 - 0x00007ffe35819000 	F:\ \jre\bin\jli.dll
0x00007ffe357c0000 - 0x00007ffe357d7000 	F:\ \jre\bin\VCRUNTIME140.dll
0x00007ffe42120000 - 0x00007ffe422b4000 	C:\Windows\System32\USER32.dll
0x00007ffe417c0000 - 0x00007ffe417e1000 	C:\Windows\System32\win32u.dll
0x00007ffe2ee70000 - 0x00007ffe2f0f5000 	C:\Windows\WinSxS\amd64_microsoft.windows.common-controls_6595b64144ccf1df_6.0.18362.449_none_e6c7b265130c70a7\COMCTL32.dll
0x00007ffe41d80000 - 0x00007ffe41e1e000 	C:\Windows\System32\msvcrt.dll
0x00007ffe41920000 - 0x00007ffe41c56000 	C:\Windows\System32\combase.dll
0x00007ffe436f0000 - 0x00007ffe43716000 	C:\Windows\System32\GDI32.dll
0x00007ffe41c60000 - 0x00007ffe41d80000 	C:\Windows\System32\RPCRT4.dll
0x00007ffe40aa0000 - 0x00007ffe40b20000 	C:\Windows\System32\bcryptPrimitives.dll
0x00007ffe412d0000 - 0x00007ffe41464000 	C:\Windows\System32\gdi32full.dll
0x00007ffe40a00000 - 0x00007ffe40a9e000 	C:\Windows\System32\msvcp_win.dll
0x00007ffe43720000 - 0x00007ffe4374e000 	C:\Windows\System32\IMM32.DLL
0x00007ffe19100000 - 0x00007ffe1919d000 	F:\ \jre\bin\msvcp140.dll
0x00007ffe1ab20000 - 0x00007ffe1b622000 	F:\ \jre\bin\server\jvm.dll
0x00007ffe41e40000 - 0x00007ffe41ee3000 	C:\Windows\System32\ADVAPI32.dll
0x00007ffe43650000 - 0x00007ffe436e7000 	C:\Windows\System32\sechost.dll
0x00007ffe43750000 - 0x00007ffe43758000 	C:\Windows\System32\PSAPI.DLL
0x00007ffe3e620000 - 0x00007ffe3e644000 	C:\Windows\SYSTEM32\WINMM.dll
0x00007ffe3e790000 - 0x00007ffe3e799000 	C:\Windows\SYSTEM32\WSOCK32.dll
0x00007ffe42c90000 - 0x00007ffe42cff000 	C:\Windows\System32\WS2_32.dll
0x00007ffe393b0000 - 0x00007ffe393ba000 	C:\Windows\SYSTEM32\VERSION.dll
0x00007ffe3e5f0000 - 0x00007ffe3e61d000 	C:\Windows\SYSTEM32\WINMMBASE.dll
0x00007ffe415c0000 - 0x00007ffe4160a000 	C:\Windows\System32\cfgmgr32.dll
0x00007ffe40680000 - 0x00007ffe40691000 	C:\Windows\System32\kernel.appcore.dll
0x00007ffe3e770000 - 0x00007ffe3e781000 	F:\ \jre\bin\verify.dll
0x00007ffe3a0b0000 - 0x00007ffe3a2a4000 	C:\Windows\SYSTEM32\DBGHELP.DLL
0x00007ffe20ae0000 - 0x00007ffe20b0a000 	C:\Windows\SYSTEM32\dbgcore.DLL
0x00007ffe3e740000 - 0x00007ffe3e769000 	F:\ \jre\bin\java.dll
0x00007ffe3e730000 - 0x00007ffe3e73b000 	F:\ \jre\bin\jimage.dll
0x00007ffe3d000000 - 0x00007ffe3d018000 	F:\ \jre\bin\zip.dll
0x00007ffe42540000 - 0x00007ffe42c25000 	C:\Windows\System32\SHELL32.dll
0x00007ffe435a0000 - 0x00007ffe43649000 	C:\Windows\System32\shcore.dll
0x00007ffe40b50000 - 0x00007ffe412ce000 	C:\Windows\System32\windows.storage.dll
0x00007ffe406a0000 - 0x00007ffe406bf000 	C:\Windows\System32\profapi.dll
0x00007ffe406c0000 - 0x00007ffe4070a000 	C:\Windows\System32\powrprof.dll
0x00007ffe40670000 - 0x00007ffe40680000 	C:\Windows\System32\UMPDC.dll
0x00007ffe42410000 - 0x00007ffe42462000 	C:\Windows\System32\shlwapi.dll
0x00007ffe40730000 - 0x00007ffe40747000 	C:\Windows\System32\cryptsp.dll
0x00007ffe3bb10000 - 0x00007ffe3bb2a000 	F:\ \jre\bin\net.dll
0x00007ffe3b4f0000 - 0x00007ffe3b5e0000 	C:\Windows\SYSTEM32\WINHTTP.dll
0x00007ffe3fee0000 - 0x00007ffe3ff47000 	C:\Windows\system32\mswsock.dll
0x00007ffe35c10000 - 0x00007ffe35c24000 	F:\ \jre\bin\nio.dll
0x00007ffe340a0000 - 0x00007ffe340c7000 	C:\Users\69\.gradle\native\e1d6ef7f7dcc3fd88c89a11ec53ec762bb8ba0a96d01ffa2cd45eb1d1d8dd5c5\windows-amd64\native-platform.dll
0x00007ffe18540000 - 0x00007ffe18684000 	C:\Users\69\.gradle\native\0d407fdbe67a94daf76414ababcb853783967236a71b16ec16e742cd7a986fd3\windows-amd64\native-platform-file-events.dll
0x00007ffe3e7f0000 - 0x00007ffe3e7fa000 	F:\ \jre\bin\management.dll
0x00007ffe3e7e0000 - 0x00007ffe3e7ed000 	F:\ \jre\bin\management_ext.dll
0x00007ffe3fa50000 - 0x00007ffe3fa83000 	C:\Windows\system32\rsaenh.dll
0x00007ffe40b20000 - 0x00007ffe40b46000 	C:\Windows\System32\bcrypt.dll
0x00007ffe40590000 - 0x00007ffe405b5000 	C:\Windows\SYSTEM32\USERENV.dll
0x00007ffe400b0000 - 0x00007ffe400bc000 	C:\Windows\SYSTEM32\CRYPTBASE.dll
0x00007ffe3fbf0000 - 0x00007ffe3fc2a000 	C:\Windows\SYSTEM32\IPHLPAPI.DLL
0x00007ffe43450000 - 0x00007ffe43458000 	C:\Windows\System32\NSI.dll
0x00007ffe3a070000 - 0x00007ffe3a086000 	C:\Windows\SYSTEM32\dhcpcsvc6.DLL
0x00007ffe3abe0000 - 0x00007ffe3abfc000 	C:\Windows\SYSTEM32\dhcpcsvc.DLL
0x00007ffe3fc30000 - 0x00007ffe3fcfa000 	C:\Windows\SYSTEM32\DNSAPI.dll

dbghelp: loaded successfully - version: 4.0.5 - missing functions: none
symbol engine: initialized successfully - sym options: 0x614 - pdb path: .;F:\ \jre\bin;C:\Windows\SYSTEM32;C:\Windows\WinSxS\amd64_microsoft.windows.common-controls_6595b64144ccf1df_6.0.18362.449_none_e6c7b265130c70a7;F:\ \jre\bin\server;C:\Users\69\.gradle\native\e1d6ef7f7dcc3fd88c89a11ec53ec762bb8ba0a96d01ffa2cd45eb1d1d8dd5c5\windows-amd64;C:\Users\69\.gradle\native\0d407fdbe67a94daf76414ababcb853783967236a71b16ec16e742cd7a986fd3\windows-amd64

VM Arguments:
jvm_args: --add-opens=java.base/java.util=ALL-UNNAMED --add-opens=java.base/java.lang=ALL-UNNAMED --add-opens=java.base/java.lang.invoke=ALL-UNNAMED --add-opens=java.base/java.util=ALL-UNNAMED --add-opens=java.prefs/java.util.prefs=ALL-UNNAMED --add-opens=java.prefs/java.util.prefs=ALL-UNNAMED --add-opens=java.base/java.nio.charset=ALL-UNNAMED --add-opens=java.base/java.net=ALL-UNNAMED --add-opens=java.base/java.util.concurrent.atomic=ALL-UNNAMED -Xmx2048m -Dfile.encoding=UTF-8 -Duser.country=RU -Duser.language=ru -Duser.variant 
java_command: org.gradle.launcher.daemon.bootstrap.GradleDaemon 7.4
java_class_path (initial): C:\Users\69\.gradle\wrapper\dists\gradle-7.4-bin\c0gwcg53nkjbqw7r0h0umtfvt\gradle-7.4\lib\gradle-launcher-7.4.jar
Launcher Type: SUN_STANDARD

[Global flags]
     intx CICompilerCount                          = 3                                         {product} {ergonomic}
     uint ConcGCThreads                            = 1                                         {product} {ergonomic}
     uint G1ConcRefinementThreads                  = 4                                         {product} {ergonomic}
   size_t G1HeapRegionSize                         = 1048576                                   {product} {ergonomic}
    uintx GCDrainStackTargetSize                   = 64                                        {product} {ergonomic}
   size_t InitialHeapSize                          = 134217728                                 {product} {ergonomic}
   size_t MarkStackSize                            = 4194304                                   {product} {ergonomic}
   size_t MaxHeapSize                              = 2147483648                                {product} {command line}
   size_t MaxNewSize                               = 1287651328                                {product} {ergonomic}
   size_t MinHeapDeltaBytes                        = 1048576                                   {product} {ergonomic}
    uintx NonNMethodCodeHeapSize                   = 5830732                                {pd product} {ergonomic}
    uintx NonProfiledCodeHeapSize                  = 122913754                              {pd product} {ergonomic}
    uintx ProfiledCodeHeapSize                     = 122913754                              {pd product} {ergonomic}
    uintx ReservedCodeCacheSize                    = 251658240                              {pd product} {ergonomic}
     bool SegmentedCodeCache                       = true                                      {product} {ergonomic}
     bool UseCompressedClassPointers               = true                                 {lp64_product} {ergonomic}
     bool UseCompressedOops                        = true                                 {lp64_product} {ergonomic}
     bool UseG1GC                                  = true                                      {product} {ergonomic}
     bool UseLargePagesIndividualAllocation        = false                                  {pd product} {ergonomic}

Logging:
Log output configuration:
 #0: stdout all=warning uptime,level,tags
 #1: stderr all=off uptime,level,tags

Environment Variables:
PATH=C:\Program Files (x86)\Common Files\Oracle\Java\javapath;C:\Windows\system32;C:\Windows;C:\Windows\System32\Wbem;C:\Windows\System32\WindowsPowerShell\v1.0\;C:\Windows\System32\OpenSSH\;C:\Program Files\Git\cmd;C:\Users\69\AppData\Local\Microsoft\WindowsApps;F:\Microsoft VS Code\bin;C:\Program Files\heroku\bin;C:\Users\69\AppData\Local\GitHubDesktop\bin;F:\IntelliJ IDEA Community Edition 2022.2.2\bin;
USERNAME=69
OS=Windows_NT
PROCESSOR_IDENTIFIER=Intel64 Family 6 Model 158 Stepping 10, GenuineIntel



---------------  S Y S T E M  ---------------

OS: Windows 10 , 64 bit Build 18362 (10.0.18362.329)
OS uptime: 22 days 7:00 hours

CPU:total 4 (initial active 4) (4 cores per cpu, 1 threads per core) family 6 model 158 stepping 10 microcode 0xb4, cmov, cx8, fxsr, mmx, sse, sse2, sse3, ssse3, sse4.1, sse4.2, popcnt, avx, avx2, aes, clmul, erms, 3dnowpref, lzcnt, tsc, tscinvbit, bmi1, bmi2, adx, fma

Memory: 4k page, system-wide physical 8134M (556M free)
TotalPageFile size 12230M (AvailPageFile size 1M)
current process WorkingSet (physical memory assigned to process): 399M, peak: 399M
current process commit charge ("private bytes"): 428M, peak: 428M

vm_info: OpenJDK 64-Bit Server VM (11.0.13+0-b1751.21-8125866) for windows-amd64 JRE (11.0.13+0-b1751.21-8125866), built on Feb  2 2022 03:00:22 by "builder" with MS VC++ 14.0 (VS2015)

END.
